/home/paolo/NAS/Software/ROS2/Madox/madox_ws/install/jetbot_camera/lib/python3.8/site-packages/jetbot_camera/camera0.py
/home/paolo/NAS/Software/ROS2/Madox/madox_ws/install/jetbot_camera/lib/python3.8/site-packages/jetbot_camera/__init__.py
/home/paolo/NAS/Software/ROS2/Madox/madox_ws/install/jetbot_camera/lib/python3.8/site-packages/jetbot_camera/log.py
/home/paolo/NAS/Software/ROS2/Madox/madox_ws/install/jetbot_camera/lib/python3.8/site-packages/jetbot_camera/server.py
/home/paolo/NAS/Software/ROS2/Madox/madox_ws/install/jetbot_camera/lib/python3.8/site-packages/jetbot_camera/debounce.py
/home/paolo/NAS/Software/ROS2/Madox/madox_ws/install/jetbot_camera/lib/python3.8/site-packages/jetbot_camera/server_OLD.py
/home/paolo/NAS/Software/ROS2/Madox/madox_ws/install/jetbot_camera/lib/python3.8/site-packages/jetbot_camera/camera.py
/home/paolo/NAS/Software/ROS2/Madox/madox_ws/install/jetbot_camera/lib/python3.8/site-packages/jetbot_camera/__pycache__/camera0.cpython-38.pyc
/home/paolo/NAS/Software/ROS2/Madox/madox_ws/install/jetbot_camera/lib/python3.8/site-packages/jetbot_camera/__pycache__/__init__.cpython-38.pyc
/home/paolo/NAS/Software/ROS2/Madox/madox_ws/install/jetbot_camera/lib/python3.8/site-packages/jetbot_camera/__pycache__/log.cpython-38.pyc
/home/paolo/NAS/Software/ROS2/Madox/madox_ws/install/jetbot_camera/lib/python3.8/site-packages/jetbot_camera/__pycache__/server.cpython-38.pyc
/home/paolo/NAS/Software/ROS2/Madox/madox_ws/install/jetbot_camera/lib/python3.8/site-packages/jetbot_camera/__pycache__/debounce.cpython-38.pyc
/home/paolo/NAS/Software/ROS2/Madox/madox_ws/install/jetbot_camera/lib/python3.8/site-packages/jetbot_camera/__pycache__/server_OLD.cpython-38.pyc
/home/paolo/NAS/Software/ROS2/Madox/madox_ws/install/jetbot_camera/lib/python3.8/site-packages/jetbot_camera/__pycache__/camera.cpython-38.pyc
/home/paolo/NAS/Software/ROS2/Madox/madox_ws/install/jetbot_camera/share/ament_index/resource_index/packages/jetbot_camera
/home/paolo/NAS/Software/ROS2/Madox/madox_ws/install/jetbot_camera/share/jetbot_camera/package.xml
/home/paolo/NAS/Software/ROS2/Madox/madox_ws/install/jetbot_camera/lib/python3.8/site-packages/jetbot_camera-1.0.0-py3.8.egg-info/requires.txt
/home/paolo/NAS/Software/ROS2/Madox/madox_ws/install/jetbot_camera/lib/python3.8/site-packages/jetbot_camera-1.0.0-py3.8.egg-info/zip-safe
/home/paolo/NAS/Software/ROS2/Madox/madox_ws/install/jetbot_camera/lib/python3.8/site-packages/jetbot_camera-1.0.0-py3.8.egg-info/top_level.txt
/home/paolo/NAS/Software/ROS2/Madox/madox_ws/install/jetbot_camera/lib/python3.8/site-packages/jetbot_camera-1.0.0-py3.8.egg-info/SOURCES.txt
/home/paolo/NAS/Software/ROS2/Madox/madox_ws/install/jetbot_camera/lib/python3.8/site-packages/jetbot_camera-1.0.0-py3.8.egg-info/PKG-INFO
/home/paolo/NAS/Software/ROS2/Madox/madox_ws/install/jetbot_camera/lib/python3.8/site-packages/jetbot_camera-1.0.0-py3.8.egg-info/dependency_links.txt
/home/paolo/NAS/Software/ROS2/Madox/madox_ws/install/jetbot_camera/lib/python3.8/site-packages/jetbot_camera-1.0.0-py3.8.egg-info/entry_points.txt
/home/paolo/NAS/Software/ROS2/Madox/madox_ws/install/jetbot_camera/lib/jetbot_camera/ros2_jetbot_camera
