[2.948s] Invoking command in '/home/robot/Software/ROS2/Scrap/scrap_ws/src/py_drive': PYTHONPATH=/home/robot/Software/ROS2/Scrap/scrap_ws/install/py_drive/lib/python3.8/site-packages:${PYTHONPATH} /usr/bin/python3 setup.py egg_info --egg-base ../../build/py_drive build --build-base /home/robot/Software/ROS2/Scrap/scrap_ws/build/py_drive/build install --prefix /home/robot/Software/ROS2/Scrap/scrap_ws/install/py_drive --record /home/robot/Software/ROS2/Scrap/scrap_ws/build/py_drive/install.log --single-version-externally-managed
[3.778s] running egg_info
[3.783s] writing ../../build/py_drive/py_drive.egg-info/PKG-INFO
[3.796s] writing dependency_links to ../../build/py_drive/py_drive.egg-info/dependency_links.txt
[3.805s] writing entry points to ../../build/py_drive/py_drive.egg-info/entry_points.txt
[3.816s] writing requirements to ../../build/py_drive/py_drive.egg-info/requires.txt
[3.825s] writing top-level names to ../../build/py_drive/py_drive.egg-info/top_level.txt
[4.015s] reading manifest file '../../build/py_drive/py_drive.egg-info/SOURCES.txt'
[4.025s] writing manifest file '../../build/py_drive/py_drive.egg-info/SOURCES.txt'
[4.036s] running build
[4.036s] running build_py
[4.049s] copying py_drive/subscriber_member_function.py -> /home/robot/Software/ROS2/Scrap/scrap_ws/build/py_drive/build/lib/py_drive
[4.078s] running install
[4.082s] running install_lib
[4.099s] copying /home/robot/Software/ROS2/Scrap/scrap_ws/build/py_drive/build/lib/py_drive/subscriber_member_function.py -> /home/robot/Software/ROS2/Scrap/scrap_ws/install/py_drive/lib/python3.8/site-packages/py_drive
[4.132s] byte-compiling /home/robot/Software/ROS2/Scrap/scrap_ws/install/py_drive/lib/python3.8/site-packages/py_drive/subscriber_member_function.py to subscriber_member_function.cpython-38.pyc
[4.158s] running install_data
[4.170s] running install_egg_info
[4.176s] removing '/home/robot/Software/ROS2/Scrap/scrap_ws/install/py_drive/lib/python3.8/site-packages/py_drive-0.0.0-py3.8.egg-info' (and everything under it)
[4.207s] Copying ../../build/py_drive/py_drive.egg-info to /home/robot/Software/ROS2/Scrap/scrap_ws/install/py_drive/lib/python3.8/site-packages/py_drive-0.0.0-py3.8.egg-info
[4.816s] running install_scripts
[4.905s] Installing listener script to /home/robot/Software/ROS2/Scrap/scrap_ws/install/py_drive/lib/py_drive
[4.919s] Installing talker script to /home/robot/Software/ROS2/Scrap/scrap_ws/install/py_drive/lib/py_drive
[4.935s] writing list of installed files to '/home/robot/Software/ROS2/Scrap/scrap_ws/build/py_drive/install.log'
[5.050s] Invoked command in '/home/robot/Software/ROS2/Scrap/scrap_ws/src/py_drive' returned '0': PYTHONPATH=/home/robot/Software/ROS2/Scrap/scrap_ws/install/py_drive/lib/python3.8/site-packages:${PYTHONPATH} /usr/bin/python3 setup.py egg_info --egg-base ../../build/py_drive build --build-base /home/robot/Software/ROS2/Scrap/scrap_ws/build/py_drive/build install --prefix /home/robot/Software/ROS2/Scrap/scrap_ws/install/py_drive --record /home/robot/Software/ROS2/Scrap/scrap_ws/build/py_drive/install.log --single-version-externally-managed
