running egg_info
creating ../../build/jetbot_oled_display/jetbot_oled_display.egg-info
writing ../../build/jetbot_oled_display/jetbot_oled_display.egg-info/PKG-INFO
writing dependency_links to ../../build/jetbot_oled_display/jetbot_oled_display.egg-info/dependency_links.txt
writing entry points to ../../build/jetbot_oled_display/jetbot_oled_display.egg-info/entry_points.txt
writing requirements to ../../build/jetbot_oled_display/jetbot_oled_display.egg-info/requires.txt
writing top-level names to ../../build/jetbot_oled_display/jetbot_oled_display.egg-info/top_level.txt
writing manifest file '../../build/jetbot_oled_display/jetbot_oled_display.egg-info/SOURCES.txt'
reading manifest file '../../build/jetbot_oled_display/jetbot_oled_display.egg-info/SOURCES.txt'
writing manifest file '../../build/jetbot_oled_display/jetbot_oled_display.egg-info/SOURCES.txt'
running build
running build_py
creating /home/robot/Software/ROS2/Madox/madox_ws/build/jetbot_oled_display/build
creating /home/robot/Software/ROS2/Madox/madox_ws/build/jetbot_oled_display/build/lib
creating /home/robot/Software/ROS2/Madox/madox_ws/build/jetbot_oled_display/build/lib/jetbot_oled_display
copying jetbot_oled_display/__init__.py -> /home/robot/Software/ROS2/Madox/madox_ws/build/jetbot_oled_display/build/lib/jetbot_oled_display
copying jetbot_oled_display/ina219.py -> /home/robot/Software/ROS2/Madox/madox_ws/build/jetbot_oled_display/build/lib/jetbot_oled_display
copying jetbot_oled_display/utils.py -> /home/robot/Software/ROS2/Madox/madox_ws/build/jetbot_oled_display/build/lib/jetbot_oled_display
copying jetbot_oled_display/timer.py -> /home/robot/Software/ROS2/Madox/madox_ws/build/jetbot_oled_display/build/lib/jetbot_oled_display
copying jetbot_oled_display/oled.py -> /home/robot/Software/ROS2/Madox/madox_ws/build/jetbot_oled_display/build/lib/jetbot_oled_display
copying jetbot_oled_display/ads1115.py -> /home/robot/Software/ROS2/Madox/madox_ws/build/jetbot_oled_display/build/lib/jetbot_oled_display
running install
running install_lib
creating /home/robot/Software/ROS2/Madox/madox_ws/install/jetbot_oled_display/lib/python3.8/site-packages/jetbot_oled_display
copying /home/robot/Software/ROS2/Madox/madox_ws/build/jetbot_oled_display/build/lib/jetbot_oled_display/ads1115.py -> /home/robot/Software/ROS2/Madox/madox_ws/install/jetbot_oled_display/lib/python3.8/site-packages/jetbot_oled_display
copying /home/robot/Software/ROS2/Madox/madox_ws/build/jetbot_oled_display/build/lib/jetbot_oled_display/ina219.py -> /home/robot/Software/ROS2/Madox/madox_ws/install/jetbot_oled_display/lib/python3.8/site-packages/jetbot_oled_display
copying /home/robot/Software/ROS2/Madox/madox_ws/build/jetbot_oled_display/build/lib/jetbot_oled_display/utils.py -> /home/robot/Software/ROS2/Madox/madox_ws/install/jetbot_oled_display/lib/python3.8/site-packages/jetbot_oled_display
copying /home/robot/Software/ROS2/Madox/madox_ws/build/jetbot_oled_display/build/lib/jetbot_oled_display/__init__.py -> /home/robot/Software/ROS2/Madox/madox_ws/install/jetbot_oled_display/lib/python3.8/site-packages/jetbot_oled_display
copying /home/robot/Software/ROS2/Madox/madox_ws/build/jetbot_oled_display/build/lib/jetbot_oled_display/oled.py -> /home/robot/Software/ROS2/Madox/madox_ws/install/jetbot_oled_display/lib/python3.8/site-packages/jetbot_oled_display
copying /home/robot/Software/ROS2/Madox/madox_ws/build/jetbot_oled_display/build/lib/jetbot_oled_display/timer.py -> /home/robot/Software/ROS2/Madox/madox_ws/install/jetbot_oled_display/lib/python3.8/site-packages/jetbot_oled_display
byte-compiling /home/robot/Software/ROS2/Madox/madox_ws/install/jetbot_oled_display/lib/python3.8/site-packages/jetbot_oled_display/ads1115.py to ads1115.cpython-38.pyc
byte-compiling /home/robot/Software/ROS2/Madox/madox_ws/install/jetbot_oled_display/lib/python3.8/site-packages/jetbot_oled_display/ina219.py to ina219.cpython-38.pyc
byte-compiling /home/robot/Software/ROS2/Madox/madox_ws/install/jetbot_oled_display/lib/python3.8/site-packages/jetbot_oled_display/utils.py to utils.cpython-38.pyc
byte-compiling /home/robot/Software/ROS2/Madox/madox_ws/install/jetbot_oled_display/lib/python3.8/site-packages/jetbot_oled_display/__init__.py to __init__.cpython-38.pyc
byte-compiling /home/robot/Software/ROS2/Madox/madox_ws/install/jetbot_oled_display/lib/python3.8/site-packages/jetbot_oled_display/oled.py to oled.cpython-38.pyc
byte-compiling /home/robot/Software/ROS2/Madox/madox_ws/install/jetbot_oled_display/lib/python3.8/site-packages/jetbot_oled_display/timer.py to timer.cpython-38.pyc
running install_data
creating /home/robot/Software/ROS2/Madox/madox_ws/install/jetbot_oled_display/share/ament_index
creating /home/robot/Software/ROS2/Madox/madox_ws/install/jetbot_oled_display/share/ament_index/resource_index
creating /home/robot/Software/ROS2/Madox/madox_ws/install/jetbot_oled_display/share/ament_index/resource_index/packages
copying resource/jetbot_oled_display -> /home/robot/Software/ROS2/Madox/madox_ws/install/jetbot_oled_display/share/ament_index/resource_index/packages
copying package.xml -> /home/robot/Software/ROS2/Madox/madox_ws/install/jetbot_oled_display/share/jetbot_oled_display
running install_egg_info
Copying ../../build/jetbot_oled_display/jetbot_oled_display.egg-info to /home/robot/Software/ROS2/Madox/madox_ws/install/jetbot_oled_display/lib/python3.8/site-packages/jetbot_oled_display-1.0.0-py3.8.egg-info
running install_scripts
Installing ros2_jetbot_oled_display script to /home/robot/Software/ROS2/Madox/madox_ws/install/jetbot_oled_display/lib/jetbot_oled_display
writing list of installed files to '/home/robot/Software/ROS2/Madox/madox_ws/build/jetbot_oled_display/install.log'
