[1.379s] Invoking command in '/home/robot/Software/ROS2/Scrap/scrap_ws/build/py_drive': PYTHONPATH=/home/robot/Software/ROS2/Scrap/scrap_ws/install/py_drive/lib/python3.8/site-packages:${PYTHONPATH} /usr/bin/python3 setup.py develop --prefix /home/robot/Software/ROS2/Scrap/scrap_ws/install/py_drive --editable --build-directory /home/robot/Software/ROS2/Scrap/scrap_ws/build/py_drive/build --no-deps install_data --install-dir /home/robot/Software/ROS2/Scrap/scrap_ws/install/py_drive
[2.150s] /home/robot/.local/lib/python3.8/site-packages/setuptools/dist.py:642: UserWarning: Usage of dash-separated 'script-dir' will not be supported in future versions. Please use the underscore name 'script_dir' instead
[2.151s]   warnings.warn(
[2.151s] /home/robot/.local/lib/python3.8/site-packages/setuptools/dist.py:642: UserWarning: Usage of dash-separated 'install-scripts' will not be supported in future versions. Please use the underscore name 'install_scripts' instead
[2.151s]   warnings.warn(
[2.347s] running develop
[2.974s] running egg_info
[2.976s] writing py_drive.egg-info/PKG-INFO
[2.991s] writing dependency_links to py_drive.egg-info/dependency_links.txt
[3.006s] writing entry points to py_drive.egg-info/entry_points.txt
[3.028s] writing requirements to py_drive.egg-info/requires.txt
[3.042s] writing top-level names to py_drive.egg-info/top_level.txt
[3.225s] reading manifest file 'py_drive.egg-info/SOURCES.txt'
[3.238s] writing manifest file 'py_drive.egg-info/SOURCES.txt'
[3.404s] running build_ext
[3.404s] Creating /home/robot/Software/ROS2/Scrap/scrap_ws/install/py_drive/lib/python3.8/site-packages/py-drive.egg-link (link to .)
[3.433s] Installing listener script to /home/robot/Software/ROS2/Scrap/scrap_ws/install/py_drive/lib/py_drive
[3.451s] Installing talker script to /home/robot/Software/ROS2/Scrap/scrap_ws/install/py_drive/lib/py_drive
[3.471s] 
[3.472s] Installed /home/robot/Software/ROS2/Scrap/scrap_ws/build/py_drive
[3.473s] running install_data
[3.602s] Invoked command in '/home/robot/Software/ROS2/Scrap/scrap_ws/build/py_drive' returned '0': PYTHONPATH=/home/robot/Software/ROS2/Scrap/scrap_ws/install/py_drive/lib/python3.8/site-packages:${PYTHONPATH} /usr/bin/python3 setup.py develop --prefix /home/robot/Software/ROS2/Scrap/scrap_ws/install/py_drive --editable --build-directory /home/robot/Software/ROS2/Scrap/scrap_ws/build/py_drive/build --no-deps install_data --install-dir /home/robot/Software/ROS2/Scrap/scrap_ws/install/py_drive
