[4.057s] Invoking command in '/home/paolo/NAS/Software/ROS2/Madox/madox_ws/src/jetbot_sys_info': PYTHONPATH=/home/paolo/NAS/Software/ROS2/Madox/madox_ws/install/jetbot_sys_info/lib/python3.8/site-packages:${PYTHONPATH} /usr/bin/python3 setup.py egg_info --egg-base ../../build/jetbot_sys_info build --build-base /home/paolo/NAS/Software/ROS2/Madox/madox_ws/build/jetbot_sys_info/build install --prefix /home/paolo/NAS/Software/ROS2/Madox/madox_ws/install/jetbot_sys_info --record /home/paolo/NAS/Software/ROS2/Madox/madox_ws/build/jetbot_sys_info/install.log --single-version-externally-managed
[4.551s] running egg_info
[4.553s] writing ../../build/jetbot_sys_info/jetbot_sys_info.egg-info/PKG-INFO
[4.575s] writing dependency_links to ../../build/jetbot_sys_info/jetbot_sys_info.egg-info/dependency_links.txt
[4.593s] writing entry points to ../../build/jetbot_sys_info/jetbot_sys_info.egg-info/entry_points.txt
[4.611s] writing requirements to ../../build/jetbot_sys_info/jetbot_sys_info.egg-info/requires.txt
[4.628s] writing top-level names to ../../build/jetbot_sys_info/jetbot_sys_info.egg-info/top_level.txt
[4.797s] reading manifest file '../../build/jetbot_sys_info/jetbot_sys_info.egg-info/SOURCES.txt'
[4.838s] writing manifest file '../../build/jetbot_sys_info/jetbot_sys_info.egg-info/SOURCES.txt'
[4.851s] running build
[4.852s] running build_py
[4.860s] running install
[4.866s] running install_lib
[4.878s] running install_data
[4.885s] running install_egg_info
[4.891s] removing '/home/paolo/NAS/Software/ROS2/Madox/madox_ws/install/jetbot_sys_info/lib/python3.8/site-packages/jetbot_sys_info-1.0.0-py3.8.egg-info' (and everything under it)
[4.942s] Copying ../../build/jetbot_sys_info/jetbot_sys_info.egg-info to /home/paolo/NAS/Software/ROS2/Madox/madox_ws/install/jetbot_sys_info/lib/python3.8/site-packages/jetbot_sys_info-1.0.0-py3.8.egg-info
[5.169s] running install_scripts
[5.281s] Installing ros2_jetbot_sys_info script to /home/paolo/NAS/Software/ROS2/Madox/madox_ws/install/jetbot_sys_info/lib/jetbot_sys_info
[5.299s] writing list of installed files to '/home/paolo/NAS/Software/ROS2/Madox/madox_ws/build/jetbot_sys_info/install.log'
[5.631s] Invoked command in '/home/paolo/NAS/Software/ROS2/Madox/madox_ws/src/jetbot_sys_info' returned '0': PYTHONPATH=/home/paolo/NAS/Software/ROS2/Madox/madox_ws/install/jetbot_sys_info/lib/python3.8/site-packages:${PYTHONPATH} /usr/bin/python3 setup.py egg_info --egg-base ../../build/jetbot_sys_info build --build-base /home/paolo/NAS/Software/ROS2/Madox/madox_ws/build/jetbot_sys_info/build install --prefix /home/paolo/NAS/Software/ROS2/Madox/madox_ws/install/jetbot_sys_info --record /home/paolo/NAS/Software/ROS2/Madox/madox_ws/build/jetbot_sys_info/install.log --single-version-externally-managed
