[4.729s] Invoking command in '/home/robot/Software/ROS2/Madox/madox_ws/src/jetbot_drive': PYTHONPATH=/home/robot/Software/ROS2/Madox/madox_ws/install/jetbot_drive/lib/python3.8/site-packages:${PYTHONPATH} /usr/bin/python3 setup.py egg_info --egg-base ../../build/jetbot_drive build --build-base /home/robot/Software/ROS2/Madox/madox_ws/build/jetbot_drive/build install --prefix /home/robot/Software/ROS2/Madox/madox_ws/install/jetbot_drive --record /home/robot/Software/ROS2/Madox/madox_ws/build/jetbot_drive/install.log --single-version-externally-managed
[5.660s] /home/robot/.local/lib/python3.8/site-packages/setuptools/dist.py:642: UserWarning: Usage of dash-separated 'script-dir' will not be supported in future versions. Please use the underscore name 'script_dir' instead
[5.661s]   warnings.warn(
[5.661s] /home/robot/.local/lib/python3.8/site-packages/setuptools/dist.py:642: UserWarning: Usage of dash-separated 'install-scripts' will not be supported in future versions. Please use the underscore name 'install_scripts' instead
[5.661s]   warnings.warn(
[5.814s] running egg_info
[5.819s] creating ../../build/jetbot_drive/jetbot_drive.egg-info
[5.823s] writing ../../build/jetbot_drive/jetbot_drive.egg-info/PKG-INFO
[5.848s] writing dependency_links to ../../build/jetbot_drive/jetbot_drive.egg-info/dependency_links.txt
[5.862s] writing entry points to ../../build/jetbot_drive/jetbot_drive.egg-info/entry_points.txt
[5.874s] writing requirements to ../../build/jetbot_drive/jetbot_drive.egg-info/requires.txt
[5.885s] writing top-level names to ../../build/jetbot_drive/jetbot_drive.egg-info/top_level.txt
[5.904s] writing manifest file '../../build/jetbot_drive/jetbot_drive.egg-info/SOURCES.txt'
[6.098s] reading manifest file '../../build/jetbot_drive/jetbot_drive.egg-info/SOURCES.txt'
[6.110s] writing manifest file '../../build/jetbot_drive/jetbot_drive.egg-info/SOURCES.txt'
[6.120s] running build
[6.120s] running build_py
[6.126s] creating /home/robot/Software/ROS2/Madox/madox_ws/build/jetbot_drive/build
[6.128s] creating /home/robot/Software/ROS2/Madox/madox_ws/build/jetbot_drive/build/lib
[6.131s] creating /home/robot/Software/ROS2/Madox/madox_ws/build/jetbot_drive/build/lib/jetbot_drive
[6.140s] copying jetbot_drive/motor_class.py -> /home/robot/Software/ROS2/Madox/madox_ws/build/jetbot_drive/build/lib/jetbot_drive
[6.153s] copying jetbot_drive/publisher_member_function.py -> /home/robot/Software/ROS2/Madox/madox_ws/build/jetbot_drive/build/lib/jetbot_drive
[6.170s] copying jetbot_drive/motors.py -> /home/robot/Software/ROS2/Madox/madox_ws/build/jetbot_drive/build/lib/jetbot_drive
[6.184s] copying jetbot_drive/__init__.py -> /home/robot/Software/ROS2/Madox/madox_ws/build/jetbot_drive/build/lib/jetbot_drive
[6.193s] copying jetbot_drive/jetbot_drive.py -> /home/robot/Software/ROS2/Madox/madox_ws/build/jetbot_drive/build/lib/jetbot_drive
[6.214s] running install
[6.219s] running install_lib
[6.233s] creating /home/robot/Software/ROS2/Madox/madox_ws/install/jetbot_drive/lib/python3.8/site-packages/jetbot_drive
[6.238s] copying /home/robot/Software/ROS2/Madox/madox_ws/build/jetbot_drive/build/lib/jetbot_drive/publisher_member_function.py -> /home/robot/Software/ROS2/Madox/madox_ws/install/jetbot_drive/lib/python3.8/site-packages/jetbot_drive
[6.258s] copying /home/robot/Software/ROS2/Madox/madox_ws/build/jetbot_drive/build/lib/jetbot_drive/__init__.py -> /home/robot/Software/ROS2/Madox/madox_ws/install/jetbot_drive/lib/python3.8/site-packages/jetbot_drive
[6.274s] copying /home/robot/Software/ROS2/Madox/madox_ws/build/jetbot_drive/build/lib/jetbot_drive/motors.py -> /home/robot/Software/ROS2/Madox/madox_ws/install/jetbot_drive/lib/python3.8/site-packages/jetbot_drive
[6.298s] copying /home/robot/Software/ROS2/Madox/madox_ws/build/jetbot_drive/build/lib/jetbot_drive/motor_class.py -> /home/robot/Software/ROS2/Madox/madox_ws/install/jetbot_drive/lib/python3.8/site-packages/jetbot_drive
[6.316s] copying /home/robot/Software/ROS2/Madox/madox_ws/build/jetbot_drive/build/lib/jetbot_drive/jetbot_drive.py -> /home/robot/Software/ROS2/Madox/madox_ws/install/jetbot_drive/lib/python3.8/site-packages/jetbot_drive
[6.344s] byte-compiling /home/robot/Software/ROS2/Madox/madox_ws/install/jetbot_drive/lib/python3.8/site-packages/jetbot_drive/publisher_member_function.py to publisher_member_function.cpython-38.pyc
[6.372s] byte-compiling /home/robot/Software/ROS2/Madox/madox_ws/install/jetbot_drive/lib/python3.8/site-packages/jetbot_drive/__init__.py to __init__.cpython-38.pyc
[6.392s] byte-compiling /home/robot/Software/ROS2/Madox/madox_ws/install/jetbot_drive/lib/python3.8/site-packages/jetbot_drive/motors.py to motors.cpython-38.pyc
[6.412s] byte-compiling /home/robot/Software/ROS2/Madox/madox_ws/install/jetbot_drive/lib/python3.8/site-packages/jetbot_drive/motor_class.py to motor_class.cpython-38.pyc
[6.434s] byte-compiling /home/robot/Software/ROS2/Madox/madox_ws/install/jetbot_drive/lib/python3.8/site-packages/jetbot_drive/jetbot_drive.py to jetbot_drive.cpython-38.pyc
[6.456s] running install_data
[6.460s] creating /home/robot/Software/ROS2/Madox/madox_ws/install/jetbot_drive/share/ament_index
[6.465s] creating /home/robot/Software/ROS2/Madox/madox_ws/install/jetbot_drive/share/ament_index/resource_index
[6.468s] creating /home/robot/Software/ROS2/Madox/madox_ws/install/jetbot_drive/share/ament_index/resource_index/packages
[6.477s] copying resource/jetbot_drive -> /home/robot/Software/ROS2/Madox/madox_ws/install/jetbot_drive/share/ament_index/resource_index/packages
[6.491s] copying package.xml -> /home/robot/Software/ROS2/Madox/madox_ws/install/jetbot_drive/share/jetbot_drive
[6.505s] running install_egg_info
[6.518s] Copying ../../build/jetbot_drive/jetbot_drive.egg-info to /home/robot/Software/ROS2/Madox/madox_ws/install/jetbot_drive/lib/python3.8/site-packages/jetbot_drive-0.0.0-py3.8.egg-info
[6.678s] running install_scripts
[6.760s] Installing ros2_jetbot_drive script to /home/robot/Software/ROS2/Madox/madox_ws/install/jetbot_drive/lib/jetbot_drive
[6.812s] writing list of installed files to '/home/robot/Software/ROS2/Madox/madox_ws/build/jetbot_drive/install.log'
[7.479s] Invoked command in '/home/robot/Software/ROS2/Madox/madox_ws/src/jetbot_drive' returned '0': PYTHONPATH=/home/robot/Software/ROS2/Madox/madox_ws/install/jetbot_drive/lib/python3.8/site-packages:${PYTHONPATH} /usr/bin/python3 setup.py egg_info --egg-base ../../build/jetbot_drive build --build-base /home/robot/Software/ROS2/Madox/madox_ws/build/jetbot_drive/build install --prefix /home/robot/Software/ROS2/Madox/madox_ws/install/jetbot_drive --record /home/robot/Software/ROS2/Madox/madox_ws/build/jetbot_drive/install.log --single-version-externally-managed
