[4.335s] Invoking command in '/home/paolo/NAS/Software/ROS2/Madox/madox_ws/src/jetbot_sys_info': PYTHONPATH=/home/paolo/NAS/Software/ROS2/Madox/madox_ws/install/jetbot_sys_info/lib/python3.8/site-packages:${PYTHONPATH} /usr/bin/python3 setup.py egg_info --egg-base ../../build/jetbot_sys_info build --build-base /home/paolo/NAS/Software/ROS2/Madox/madox_ws/build/jetbot_sys_info/build install --prefix /home/paolo/NAS/Software/ROS2/Madox/madox_ws/install/jetbot_sys_info --record /home/paolo/NAS/Software/ROS2/Madox/madox_ws/build/jetbot_sys_info/install.log --single-version-externally-managed
[4.976s] running egg_info
[4.978s] writing ../../build/jetbot_sys_info/jetbot_sys_info.egg-info/PKG-INFO
[4.999s] writing dependency_links to ../../build/jetbot_sys_info/jetbot_sys_info.egg-info/dependency_links.txt
[5.016s] writing entry points to ../../build/jetbot_sys_info/jetbot_sys_info.egg-info/entry_points.txt
[5.032s] writing requirements to ../../build/jetbot_sys_info/jetbot_sys_info.egg-info/requires.txt
[5.050s] writing top-level names to ../../build/jetbot_sys_info/jetbot_sys_info.egg-info/top_level.txt
[5.192s] reading manifest file '../../build/jetbot_sys_info/jetbot_sys_info.egg-info/SOURCES.txt'
[5.211s] writing manifest file '../../build/jetbot_sys_info/jetbot_sys_info.egg-info/SOURCES.txt'
[5.225s] running build
[5.226s] running build_py
[5.239s] running install
[5.246s] running install_lib
[5.259s] running install_data
[5.264s] running install_egg_info
[5.277s] removing '/home/paolo/NAS/Software/ROS2/Madox/madox_ws/install/jetbot_sys_info/lib/python3.8/site-packages/jetbot_sys_info-1.0.0-py3.8.egg-info' (and everything under it)
[5.324s] Copying ../../build/jetbot_sys_info/jetbot_sys_info.egg-info to /home/paolo/NAS/Software/ROS2/Madox/madox_ws/install/jetbot_sys_info/lib/python3.8/site-packages/jetbot_sys_info-1.0.0-py3.8.egg-info
[5.560s] running install_scripts
[5.682s] Installing ros2_jetbot_sys_info script to /home/paolo/NAS/Software/ROS2/Madox/madox_ws/install/jetbot_sys_info/lib/jetbot_sys_info
[5.702s] writing list of installed files to '/home/paolo/NAS/Software/ROS2/Madox/madox_ws/build/jetbot_sys_info/install.log'
[6.275s] Invoked command in '/home/paolo/NAS/Software/ROS2/Madox/madox_ws/src/jetbot_sys_info' returned '0': PYTHONPATH=/home/paolo/NAS/Software/ROS2/Madox/madox_ws/install/jetbot_sys_info/lib/python3.8/site-packages:${PYTHONPATH} /usr/bin/python3 setup.py egg_info --egg-base ../../build/jetbot_sys_info build --build-base /home/paolo/NAS/Software/ROS2/Madox/madox_ws/build/jetbot_sys_info/build install --prefix /home/paolo/NAS/Software/ROS2/Madox/madox_ws/install/jetbot_sys_info --record /home/paolo/NAS/Software/ROS2/Madox/madox_ws/build/jetbot_sys_info/install.log --single-version-externally-managed
