[1.319s] Invoking command in '/home/robot/Software/ROS2/Madox/madox_ws/src/imu': PYTHONPATH=/home/robot/Software/ROS2/Madox/madox_ws/install/imu/lib/python3.8/site-packages:${PYTHONPATH} /usr/bin/python3 setup.py egg_info --egg-base ../../build/imu build --build-base /home/robot/Software/ROS2/Madox/madox_ws/build/imu/build install --prefix /home/robot/Software/ROS2/Madox/madox_ws/install/imu --record /home/robot/Software/ROS2/Madox/madox_ws/build/imu/install.log --single-version-externally-managed
[2.080s] /home/robot/.local/lib/python3.8/site-packages/setuptools/dist.py:642: UserWarning: Usage of dash-separated 'script-dir' will not be supported in future versions. Please use the underscore name 'script_dir' instead
[2.081s]   warnings.warn(
[2.081s] /home/robot/.local/lib/python3.8/site-packages/setuptools/dist.py:642: UserWarning: Usage of dash-separated 'install-scripts' will not be supported in future versions. Please use the underscore name 'install_scripts' instead
[2.081s]   warnings.warn(
[2.219s] running egg_info
[2.224s] writing ../../build/imu/imu.egg-info/PKG-INFO
[2.247s] writing dependency_links to ../../build/imu/imu.egg-info/dependency_links.txt
[2.269s] writing entry points to ../../build/imu/imu.egg-info/entry_points.txt
[2.289s] writing requirements to ../../build/imu/imu.egg-info/requires.txt
[2.300s] writing top-level names to ../../build/imu/imu.egg-info/top_level.txt
[2.560s] reading manifest file '../../build/imu/imu.egg-info/SOURCES.txt'
[2.576s] writing manifest file '../../build/imu/imu.egg-info/SOURCES.txt'
[2.589s] running build
[2.590s] running build_py
[2.613s] running install
[2.620s] running install_lib
[2.659s] running install_data
[2.668s] running install_egg_info
[2.677s] removing '/home/robot/Software/ROS2/Madox/madox_ws/install/imu/lib/python3.8/site-packages/imu-0.0.1-py3.8.egg-info' (and everything under it)
[2.716s] Copying ../../build/imu/imu.egg-info to /home/robot/Software/ROS2/Madox/madox_ws/install/imu/lib/python3.8/site-packages/imu-0.0.1-py3.8.egg-info
[2.883s] running install_scripts
[2.960s] Installing ros2_imu script to /home/robot/Software/ROS2/Madox/madox_ws/install/imu/lib/imu
[2.976s] writing list of installed files to '/home/robot/Software/ROS2/Madox/madox_ws/build/imu/install.log'
[3.089s] Invoked command in '/home/robot/Software/ROS2/Madox/madox_ws/src/imu' returned '0': PYTHONPATH=/home/robot/Software/ROS2/Madox/madox_ws/install/imu/lib/python3.8/site-packages:${PYTHONPATH} /usr/bin/python3 setup.py egg_info --egg-base ../../build/imu build --build-base /home/robot/Software/ROS2/Madox/madox_ws/build/imu/build install --prefix /home/robot/Software/ROS2/Madox/madox_ws/install/imu --record /home/robot/Software/ROS2/Madox/madox_ws/build/imu/install.log --single-version-externally-managed
