[3.132s] Invoking command in '/home/paolo/NAS/Software/ROS2/Madox/madox_ws/src/jetbot_drive': PYTHONPATH=/home/paolo/NAS/Software/ROS2/Madox/madox_ws/install/jetbot_drive/lib/python3.8/site-packages:${PYTHONPATH} /usr/bin/python3 setup.py egg_info --egg-base ../../build/jetbot_drive build --build-base /home/paolo/NAS/Software/ROS2/Madox/madox_ws/build/jetbot_drive/build install --prefix /home/paolo/NAS/Software/ROS2/Madox/madox_ws/install/jetbot_drive --record /home/paolo/NAS/Software/ROS2/Madox/madox_ws/build/jetbot_drive/install.log --single-version-externally-managed
[3.756s] running egg_info
[3.760s] writing ../../build/jetbot_drive/jetbot_drive.egg-info/PKG-INFO
[3.780s] writing dependency_links to ../../build/jetbot_drive/jetbot_drive.egg-info/dependency_links.txt
[3.803s] writing entry points to ../../build/jetbot_drive/jetbot_drive.egg-info/entry_points.txt
[3.819s] writing requirements to ../../build/jetbot_drive/jetbot_drive.egg-info/requires.txt
[3.833s] writing top-level names to ../../build/jetbot_drive/jetbot_drive.egg-info/top_level.txt
[3.933s] reading manifest file '../../build/jetbot_drive/jetbot_drive.egg-info/SOURCES.txt'
[3.956s] writing manifest file '../../build/jetbot_drive/jetbot_drive.egg-info/SOURCES.txt'
[3.969s] running build
[3.969s] running build_py
[3.995s] running install
[4.008s] running install_lib
[4.053s] running install_data
[4.068s] running install_egg_info
[4.077s] removing '/home/paolo/NAS/Software/ROS2/Madox/madox_ws/install/jetbot_drive/lib/python3.8/site-packages/jetbot_drive-1.0.0-py3.8.egg-info' (and everything under it)
[4.122s] Copying ../../build/jetbot_drive/jetbot_drive.egg-info to /home/paolo/NAS/Software/ROS2/Madox/madox_ws/install/jetbot_drive/lib/python3.8/site-packages/jetbot_drive-1.0.0-py3.8.egg-info
[4.371s] running install_scripts
[4.408s] Installing ros2_jetbot_drive script to /home/paolo/NAS/Software/ROS2/Madox/madox_ws/install/jetbot_drive/lib/jetbot_drive
[4.431s] writing list of installed files to '/home/paolo/NAS/Software/ROS2/Madox/madox_ws/build/jetbot_drive/install.log'
[5.177s] Invoked command in '/home/paolo/NAS/Software/ROS2/Madox/madox_ws/src/jetbot_drive' returned '0': PYTHONPATH=/home/paolo/NAS/Software/ROS2/Madox/madox_ws/install/jetbot_drive/lib/python3.8/site-packages:${PYTHONPATH} /usr/bin/python3 setup.py egg_info --egg-base ../../build/jetbot_drive build --build-base /home/paolo/NAS/Software/ROS2/Madox/madox_ws/build/jetbot_drive/build install --prefix /home/paolo/NAS/Software/ROS2/Madox/madox_ws/install/jetbot_drive --record /home/paolo/NAS/Software/ROS2/Madox/madox_ws/build/jetbot_drive/install.log --single-version-externally-managed
