[1.323s] DEBUG:colcon:Command line arguments: ['/usr/bin/colcon', 'build']
[1.324s] DEBUG:colcon:Parsed command line arguments: Namespace(ament_cmake_args=None, base_paths=['.'], build_base='build', catkin_cmake_args=None, catkin_skip_building_tests=False, cmake_args=None, cmake_clean_cache=False, cmake_clean_first=False, cmake_force_configure=False, cmake_target=None, cmake_target_skip_unavailable=False, continue_on_error=False, event_handlers=None, executor='parallel', ignore_user_meta=False, install_base='install', log_base=None, log_level=None, main=<bound method BuildVerb.main of <colcon_core.verb.build.BuildVerb object at 0x7f77687760>>, merge_install=False, metas=['./colcon.meta'], packages_above=None, packages_above_and_dependencies=None, packages_above_depth=None, packages_end=None, packages_ignore=None, packages_ignore_regex=None, packages_select=None, packages_select_build_failed=False, packages_select_by_dep=None, packages_select_regex=None, packages_select_test_failures=False, packages_skip=None, packages_skip_build_finished=False, packages_skip_by_dep=None, packages_skip_regex=None, packages_skip_test_passed=False, packages_skip_up_to=None, packages_start=None, packages_up_to=None, packages_up_to_regex=None, parallel_workers=4, paths=None, symlink_install=False, test_result_base=None, verb_extension=<colcon_core.verb.build.BuildVerb object at 0x7f77687760>, verb_name='build', verb_parser=<colcon_defaults.argument_parser.defaults.DefaultArgumentsDecorator object at 0x7f77687ca0>)
[1.361s] Level 1:colcon.colcon_core.package_discovery:discover_packages(colcon_meta) check parameters
[1.361s] Level 1:colcon.colcon_core.package_discovery:discover_packages(recursive) check parameters
[1.362s] Level 1:colcon.colcon_core.package_discovery:discover_packages(ignore) check parameters
[1.362s] Level 1:colcon.colcon_core.package_discovery:discover_packages(path) check parameters
[1.362s] Level 1:colcon.colcon_core.package_discovery:discover_packages(colcon_meta) discover
[1.362s] Level 1:colcon.colcon_core.package_discovery:discover_packages(recursive) discover
[1.362s] INFO:colcon.colcon_core.package_discovery:Crawling recursively for packages in '/home/robot/Software/ROS2/Scrap/scrap_ws'
[1.365s] Level 1:colcon.colcon_core.package_identification:_identify(.) by extensions ['ignore', 'ignore_ament_install']
[1.365s] Level 1:colcon.colcon_core.package_identification:_identify(.) by extension 'ignore'
[1.366s] Level 1:colcon.colcon_core.package_identification:_identify(.) by extension 'ignore_ament_install'
[1.366s] Level 1:colcon.colcon_core.package_identification:_identify(.) by extensions ['colcon_pkg']
[1.366s] Level 1:colcon.colcon_core.package_identification:_identify(.) by extension 'colcon_pkg'
[1.366s] Level 1:colcon.colcon_core.package_identification:_identify(.) by extensions ['colcon_meta']
[1.367s] Level 1:colcon.colcon_core.package_identification:_identify(.) by extension 'colcon_meta'
[1.367s] Level 1:colcon.colcon_core.package_identification:_identify(.) by extensions ['ros']
[1.367s] Level 1:colcon.colcon_core.package_identification:_identify(.) by extension 'ros'
[1.414s] Level 1:colcon.colcon_core.package_identification:_identify(.) by extensions ['cmake', 'python']
[1.414s] Level 1:colcon.colcon_core.package_identification:_identify(.) by extension 'cmake'
[1.414s] Level 1:colcon.colcon_core.package_identification:_identify(.) by extension 'python'
[1.414s] Level 1:colcon.colcon_core.package_identification:_identify(.) by extensions ['python_setup_py']
[1.415s] Level 1:colcon.colcon_core.package_identification:_identify(.) by extension 'python_setup_py'
[1.417s] Level 1:colcon.colcon_core.package_identification:_identify(build) by extensions ['ignore', 'ignore_ament_install']
[1.418s] Level 1:colcon.colcon_core.package_identification:_identify(build) by extension 'ignore'
[1.418s] Level 1:colcon.colcon_core.package_identification:_identify(build) ignored
[1.421s] Level 1:colcon.colcon_core.package_identification:_identify(install) by extensions ['ignore', 'ignore_ament_install']
[1.421s] Level 1:colcon.colcon_core.package_identification:_identify(install) by extension 'ignore'
[1.421s] Level 1:colcon.colcon_core.package_identification:_identify(install) ignored
[1.431s] Level 1:colcon.colcon_core.package_identification:_identify(log) by extensions ['ignore', 'ignore_ament_install']
[1.431s] Level 1:colcon.colcon_core.package_identification:_identify(log) by extension 'ignore'
[1.431s] Level 1:colcon.colcon_core.package_identification:_identify(log) ignored
[1.434s] Level 1:colcon.colcon_core.package_identification:_identify(src) by extensions ['ignore', 'ignore_ament_install']
[1.434s] Level 1:colcon.colcon_core.package_identification:_identify(src) by extension 'ignore'
[1.434s] Level 1:colcon.colcon_core.package_identification:_identify(src) by extension 'ignore_ament_install'
[1.435s] Level 1:colcon.colcon_core.package_identification:_identify(src) by extensions ['colcon_pkg']
[1.435s] Level 1:colcon.colcon_core.package_identification:_identify(src) by extension 'colcon_pkg'
[1.435s] Level 1:colcon.colcon_core.package_identification:_identify(src) by extensions ['colcon_meta']
[1.435s] Level 1:colcon.colcon_core.package_identification:_identify(src) by extension 'colcon_meta'
[1.436s] Level 1:colcon.colcon_core.package_identification:_identify(src) by extensions ['ros']
[1.436s] Level 1:colcon.colcon_core.package_identification:_identify(src) by extension 'ros'
[1.437s] Level 1:colcon.colcon_core.package_identification:_identify(src) by extensions ['cmake', 'python']
[1.437s] Level 1:colcon.colcon_core.package_identification:_identify(src) by extension 'cmake'
[1.437s] Level 1:colcon.colcon_core.package_identification:_identify(src) by extension 'python'
[1.437s] Level 1:colcon.colcon_core.package_identification:_identify(src) by extensions ['python_setup_py']
[1.437s] Level 1:colcon.colcon_core.package_identification:_identify(src) by extension 'python_setup_py'
[1.439s] Level 1:colcon.colcon_core.package_identification:_identify(src/py_drive) by extensions ['ignore', 'ignore_ament_install']
[1.440s] Level 1:colcon.colcon_core.package_identification:_identify(src/py_drive) by extension 'ignore'
[1.440s] Level 1:colcon.colcon_core.package_identification:_identify(src/py_drive) by extension 'ignore_ament_install'
[1.441s] Level 1:colcon.colcon_core.package_identification:_identify(src/py_drive) by extensions ['colcon_pkg']
[1.441s] Level 1:colcon.colcon_core.package_identification:_identify(src/py_drive) by extension 'colcon_pkg'
[1.441s] Level 1:colcon.colcon_core.package_identification:_identify(src/py_drive) by extensions ['colcon_meta']
[1.441s] Level 1:colcon.colcon_core.package_identification:_identify(src/py_drive) by extension 'colcon_meta'
[1.442s] Level 1:colcon.colcon_core.package_identification:_identify(src/py_drive) by extensions ['ros']
[1.442s] Level 1:colcon.colcon_core.package_identification:_identify(src/py_drive) by extension 'ros'
[1.462s] DEBUG:colcon.colcon_core.package_identification:Package 'src/py_drive' with type 'ros.ament_python' and name 'py_drive'
[1.465s] Level 1:colcon.colcon_core.package_identification:_identify(src/py_srvcli) by extensions ['ignore', 'ignore_ament_install']
[1.465s] Level 1:colcon.colcon_core.package_identification:_identify(src/py_srvcli) by extension 'ignore'
[1.465s] Level 1:colcon.colcon_core.package_identification:_identify(src/py_srvcli) by extension 'ignore_ament_install'
[1.465s] Level 1:colcon.colcon_core.package_identification:_identify(src/py_srvcli) by extensions ['colcon_pkg']
[1.466s] Level 1:colcon.colcon_core.package_identification:_identify(src/py_srvcli) by extension 'colcon_pkg'
[1.466s] Level 1:colcon.colcon_core.package_identification:_identify(src/py_srvcli) by extensions ['colcon_meta']
[1.466s] Level 1:colcon.colcon_core.package_identification:_identify(src/py_srvcli) by extension 'colcon_meta'
[1.466s] Level 1:colcon.colcon_core.package_identification:_identify(src/py_srvcli) by extensions ['ros']
[1.466s] Level 1:colcon.colcon_core.package_identification:_identify(src/py_srvcli) by extension 'ros'
[1.479s] DEBUG:colcon.colcon_core.package_identification:Package 'src/py_srvcli' with type 'ros.ament_python' and name 'py_srvcli'
[1.481s] Level 1:colcon.colcon_core.package_identification:_identify(src/ros2-web-bridge) by extensions ['ignore', 'ignore_ament_install']
[1.482s] Level 1:colcon.colcon_core.package_identification:_identify(src/ros2-web-bridge) by extension 'ignore'
[1.482s] Level 1:colcon.colcon_core.package_identification:_identify(src/ros2-web-bridge) by extension 'ignore_ament_install'
[1.483s] Level 1:colcon.colcon_core.package_identification:_identify(src/ros2-web-bridge) by extensions ['colcon_pkg']
[1.483s] Level 1:colcon.colcon_core.package_identification:_identify(src/ros2-web-bridge) by extension 'colcon_pkg'
[1.483s] Level 1:colcon.colcon_core.package_identification:_identify(src/ros2-web-bridge) by extensions ['colcon_meta']
[1.483s] Level 1:colcon.colcon_core.package_identification:_identify(src/ros2-web-bridge) by extension 'colcon_meta'
[1.484s] Level 1:colcon.colcon_core.package_identification:_identify(src/ros2-web-bridge) by extensions ['ros']
[1.484s] Level 1:colcon.colcon_core.package_identification:_identify(src/ros2-web-bridge) by extension 'ros'
[1.484s] Level 1:colcon.colcon_core.package_identification:_identify(src/ros2-web-bridge) by extensions ['cmake', 'python']
[1.485s] Level 1:colcon.colcon_core.package_identification:_identify(src/ros2-web-bridge) by extension 'cmake'
[1.485s] Level 1:colcon.colcon_core.package_identification:_identify(src/ros2-web-bridge) by extension 'python'
[1.485s] Level 1:colcon.colcon_core.package_identification:_identify(src/ros2-web-bridge) by extensions ['python_setup_py']
[1.485s] Level 1:colcon.colcon_core.package_identification:_identify(src/ros2-web-bridge) by extension 'python_setup_py'
[1.487s] Level 1:colcon.colcon_core.package_identification:_identify(src/test_joy) by extensions ['ignore', 'ignore_ament_install']
[1.488s] Level 1:colcon.colcon_core.package_identification:_identify(src/test_joy) by extension 'ignore'
[1.488s] Level 1:colcon.colcon_core.package_identification:_identify(src/test_joy) by extension 'ignore_ament_install'
[1.489s] Level 1:colcon.colcon_core.package_identification:_identify(src/test_joy) by extensions ['colcon_pkg']
[1.489s] Level 1:colcon.colcon_core.package_identification:_identify(src/test_joy) by extension 'colcon_pkg'
[1.489s] Level 1:colcon.colcon_core.package_identification:_identify(src/test_joy) by extensions ['colcon_meta']
[1.489s] Level 1:colcon.colcon_core.package_identification:_identify(src/test_joy) by extension 'colcon_meta'
[1.489s] Level 1:colcon.colcon_core.package_identification:_identify(src/test_joy) by extensions ['ros']
[1.489s] Level 1:colcon.colcon_core.package_identification:_identify(src/test_joy) by extension 'ros'
[1.501s] DEBUG:colcon.colcon_core.package_identification:Package 'src/test_joy' with type 'ros.ament_python' and name 'test_joy'
[1.501s] Level 1:colcon.colcon_core.package_discovery:discover_packages(recursive) using defaults
[1.502s] Level 1:colcon.colcon_core.package_discovery:discover_packages(ignore) discover
[1.502s] Level 1:colcon.colcon_core.package_discovery:discover_packages(ignore) using defaults
[1.502s] Level 1:colcon.colcon_core.package_discovery:discover_packages(path) discover
[1.502s] Level 1:colcon.colcon_core.package_discovery:discover_packages(path) using defaults
[1.606s] Level 5:colcon.colcon_core.verb:set package 'py_drive' build argument 'cmake_args' from command line to 'None'
[1.606s] Level 5:colcon.colcon_core.verb:set package 'py_drive' build argument 'cmake_target' from command line to 'None'
[1.606s] Level 5:colcon.colcon_core.verb:set package 'py_drive' build argument 'cmake_target_skip_unavailable' from command line to 'False'
[1.606s] Level 5:colcon.colcon_core.verb:set package 'py_drive' build argument 'cmake_clean_cache' from command line to 'False'
[1.606s] Level 5:colcon.colcon_core.verb:set package 'py_drive' build argument 'cmake_clean_first' from command line to 'False'
[1.607s] Level 5:colcon.colcon_core.verb:set package 'py_drive' build argument 'cmake_force_configure' from command line to 'False'
[1.607s] Level 5:colcon.colcon_core.verb:set package 'py_drive' build argument 'ament_cmake_args' from command line to 'None'
[1.607s] Level 5:colcon.colcon_core.verb:set package 'py_drive' build argument 'catkin_cmake_args' from command line to 'None'
[1.607s] Level 5:colcon.colcon_core.verb:set package 'py_drive' build argument 'catkin_skip_building_tests' from command line to 'False'
[1.607s] DEBUG:colcon.colcon_core.verb:Building package 'py_drive' with the following arguments: {'ament_cmake_args': None, 'build_base': '/home/robot/Software/ROS2/Scrap/scrap_ws/build/py_drive', 'catkin_cmake_args': None, 'catkin_skip_building_tests': False, 'cmake_args': None, 'cmake_clean_cache': False, 'cmake_clean_first': False, 'cmake_force_configure': False, 'cmake_target': None, 'cmake_target_skip_unavailable': False, 'install_base': '/home/robot/Software/ROS2/Scrap/scrap_ws/install/py_drive', 'merge_install': False, 'path': '/home/robot/Software/ROS2/Scrap/scrap_ws/src/py_drive', 'symlink_install': False, 'test_result_base': None}
[1.623s] Level 5:colcon.colcon_core.verb:set package 'py_srvcli' build argument 'cmake_args' from command line to 'None'
[1.623s] Level 5:colcon.colcon_core.verb:set package 'py_srvcli' build argument 'cmake_target' from command line to 'None'
[1.623s] Level 5:colcon.colcon_core.verb:set package 'py_srvcli' build argument 'cmake_target_skip_unavailable' from command line to 'False'
[1.623s] Level 5:colcon.colcon_core.verb:set package 'py_srvcli' build argument 'cmake_clean_cache' from command line to 'False'
[1.623s] Level 5:colcon.colcon_core.verb:set package 'py_srvcli' build argument 'cmake_clean_first' from command line to 'False'
[1.623s] Level 5:colcon.colcon_core.verb:set package 'py_srvcli' build argument 'cmake_force_configure' from command line to 'False'
[1.624s] Level 5:colcon.colcon_core.verb:set package 'py_srvcli' build argument 'ament_cmake_args' from command line to 'None'
[1.624s] Level 5:colcon.colcon_core.verb:set package 'py_srvcli' build argument 'catkin_cmake_args' from command line to 'None'
[1.624s] Level 5:colcon.colcon_core.verb:set package 'py_srvcli' build argument 'catkin_skip_building_tests' from command line to 'False'
[1.624s] DEBUG:colcon.colcon_core.verb:Building package 'py_srvcli' with the following arguments: {'ament_cmake_args': None, 'build_base': '/home/robot/Software/ROS2/Scrap/scrap_ws/build/py_srvcli', 'catkin_cmake_args': None, 'catkin_skip_building_tests': False, 'cmake_args': None, 'cmake_clean_cache': False, 'cmake_clean_first': False, 'cmake_force_configure': False, 'cmake_target': None, 'cmake_target_skip_unavailable': False, 'install_base': '/home/robot/Software/ROS2/Scrap/scrap_ws/install/py_srvcli', 'merge_install': False, 'path': '/home/robot/Software/ROS2/Scrap/scrap_ws/src/py_srvcli', 'symlink_install': False, 'test_result_base': None}
[1.639s] Level 5:colcon.colcon_core.verb:set package 'test_joy' build argument 'cmake_args' from command line to 'None'
[1.640s] Level 5:colcon.colcon_core.verb:set package 'test_joy' build argument 'cmake_target' from command line to 'None'
[1.640s] Level 5:colcon.colcon_core.verb:set package 'test_joy' build argument 'cmake_target_skip_unavailable' from command line to 'False'
[1.640s] Level 5:colcon.colcon_core.verb:set package 'test_joy' build argument 'cmake_clean_cache' from command line to 'False'
[1.640s] Level 5:colcon.colcon_core.verb:set package 'test_joy' build argument 'cmake_clean_first' from command line to 'False'
[1.641s] Level 5:colcon.colcon_core.verb:set package 'test_joy' build argument 'cmake_force_configure' from command line to 'False'
[1.641s] Level 5:colcon.colcon_core.verb:set package 'test_joy' build argument 'ament_cmake_args' from command line to 'None'
[1.641s] Level 5:colcon.colcon_core.verb:set package 'test_joy' build argument 'catkin_cmake_args' from command line to 'None'
[1.641s] Level 5:colcon.colcon_core.verb:set package 'test_joy' build argument 'catkin_skip_building_tests' from command line to 'False'
[1.641s] DEBUG:colcon.colcon_core.verb:Building package 'test_joy' with the following arguments: {'ament_cmake_args': None, 'build_base': '/home/robot/Software/ROS2/Scrap/scrap_ws/build/test_joy', 'catkin_cmake_args': None, 'catkin_skip_building_tests': False, 'cmake_args': None, 'cmake_clean_cache': False, 'cmake_clean_first': False, 'cmake_force_configure': False, 'cmake_target': None, 'cmake_target_skip_unavailable': False, 'install_base': '/home/robot/Software/ROS2/Scrap/scrap_ws/install/test_joy', 'merge_install': False, 'path': '/home/robot/Software/ROS2/Scrap/scrap_ws/src/test_joy', 'symlink_install': False, 'test_result_base': None}
[1.643s] INFO:colcon.colcon_core.executor:Executing jobs using 'parallel' executor
[1.651s] DEBUG:colcon.colcon_parallel_executor.executor.parallel:run_until_complete
[1.652s] INFO:colcon.colcon_ros.task.ament_python.build:Building ROS package in '/home/robot/Software/ROS2/Scrap/scrap_ws/src/py_drive' with build type 'ament_python'
[1.653s] Level 1:colcon.colcon_core.shell:create_environment_hook('py_drive', 'ament_prefix_path')
[1.668s] INFO:colcon.colcon_core.plugin_system:Skipping extension 'colcon_core.shell.bat': Not used on non-Windows systems
[1.669s] INFO:colcon.colcon_core.shell:Creating environment hook '/home/robot/Software/ROS2/Scrap/scrap_ws/install/py_drive/share/py_drive/hook/ament_prefix_path.ps1'
[1.690s] INFO:colcon.colcon_core.shell:Creating environment descriptor '/home/robot/Software/ROS2/Scrap/scrap_ws/install/py_drive/share/py_drive/hook/ament_prefix_path.dsv'
[1.704s] INFO:colcon.colcon_core.shell:Creating environment hook '/home/robot/Software/ROS2/Scrap/scrap_ws/install/py_drive/share/py_drive/hook/ament_prefix_path.sh'
[1.726s] INFO:colcon.colcon_core.shell:Skip shell extension 'powershell' for command environment: Not usable outside of PowerShell
[1.726s] DEBUG:colcon.colcon_core.shell:Skip shell extension 'dsv' for command environment
[1.800s] DEBUG:colcon.colcon_core.shell:Ignoring prefix path '/opt/ros/foxy'
[1.836s] INFO:colcon.colcon_ros.task.ament_python.build:Building ROS package in '/home/robot/Software/ROS2/Scrap/scrap_ws/src/py_srvcli' with build type 'ament_python'
[1.837s] Level 1:colcon.colcon_core.shell:create_environment_hook('py_srvcli', 'ament_prefix_path')
[1.841s] INFO:colcon.colcon_core.shell:Creating environment hook '/home/robot/Software/ROS2/Scrap/scrap_ws/install/py_srvcli/share/py_srvcli/hook/ament_prefix_path.ps1'
[1.864s] INFO:colcon.colcon_core.shell:Creating environment descriptor '/home/robot/Software/ROS2/Scrap/scrap_ws/install/py_srvcli/share/py_srvcli/hook/ament_prefix_path.dsv'
[1.878s] INFO:colcon.colcon_core.shell:Creating environment hook '/home/robot/Software/ROS2/Scrap/scrap_ws/install/py_srvcli/share/py_srvcli/hook/ament_prefix_path.sh'
[1.896s] INFO:colcon.colcon_core.shell:Skip shell extension 'powershell' for command environment: Not usable outside of PowerShell
[1.897s] DEBUG:colcon.colcon_core.shell:Skip shell extension 'dsv' for command environment
[1.924s] DEBUG:colcon.colcon_core.shell:Ignoring prefix path '/opt/ros/foxy'
[1.955s] INFO:colcon.colcon_ros.task.ament_python.build:Building ROS package in '/home/robot/Software/ROS2/Scrap/scrap_ws/src/test_joy' with build type 'ament_python'
[1.956s] Level 1:colcon.colcon_core.shell:create_environment_hook('test_joy', 'ament_prefix_path')
[1.959s] INFO:colcon.colcon_core.shell:Creating environment hook '/home/robot/Software/ROS2/Scrap/scrap_ws/install/test_joy/share/test_joy/hook/ament_prefix_path.ps1'
[1.978s] INFO:colcon.colcon_core.shell:Creating environment descriptor '/home/robot/Software/ROS2/Scrap/scrap_ws/install/test_joy/share/test_joy/hook/ament_prefix_path.dsv'
[1.998s] INFO:colcon.colcon_core.shell:Creating environment hook '/home/robot/Software/ROS2/Scrap/scrap_ws/install/test_joy/share/test_joy/hook/ament_prefix_path.sh'
[2.016s] INFO:colcon.colcon_core.shell:Skip shell extension 'powershell' for command environment: Not usable outside of PowerShell
[2.016s] DEBUG:colcon.colcon_core.shell:Skip shell extension 'dsv' for command environment
[2.048s] DEBUG:colcon.colcon_core.shell:Ignoring prefix path '/opt/ros/foxy'
[3.102s] INFO:colcon.colcon_core.task.python.build:Building Python package in '/home/robot/Software/ROS2/Scrap/scrap_ws/src/py_drive'
[3.105s] INFO:colcon.colcon_core.shell:Skip shell extension 'powershell' for command environment: Not usable outside of PowerShell
[3.106s] DEBUG:colcon.colcon_core.shell:Skip shell extension 'dsv' for command environment
[3.135s] DEBUG:colcon.colcon_core.shell:Ignoring prefix path '/opt/ros/foxy'
[4.181s] INFO:colcon.colcon_core.task.python.build:Building Python package in '/home/robot/Software/ROS2/Scrap/scrap_ws/src/py_srvcli'
[4.185s] INFO:colcon.colcon_core.shell:Skip shell extension 'powershell' for command environment: Not usable outside of PowerShell
[4.185s] DEBUG:colcon.colcon_core.shell:Skip shell extension 'dsv' for command environment
[4.216s] DEBUG:colcon.colcon_core.shell:Ignoring prefix path '/opt/ros/foxy'
[5.267s] INFO:colcon.colcon_core.task.python.build:Building Python package in '/home/robot/Software/ROS2/Scrap/scrap_ws/src/test_joy'
[5.271s] INFO:colcon.colcon_core.shell:Skip shell extension 'powershell' for command environment: Not usable outside of PowerShell
[5.271s] DEBUG:colcon.colcon_core.shell:Skip shell extension 'dsv' for command environment
[5.297s] DEBUG:colcon.colcon_core.shell:Ignoring prefix path '/opt/ros/foxy'
[5.383s] DEBUG:colcon.colcon_core.event_handler.log_command:Invoking command in '/home/robot/Software/ROS2/Scrap/scrap_ws/src/py_drive': PYTHONPATH=/home/robot/Software/ROS2/Scrap/scrap_ws/install/py_drive/lib/python3.8/site-packages:${PYTHONPATH} /usr/bin/python3 setup.py egg_info --egg-base ../../build/py_drive build --build-base /home/robot/Software/ROS2/Scrap/scrap_ws/build/py_drive/build install --prefix /home/robot/Software/ROS2/Scrap/scrap_ws/install/py_drive --record /home/robot/Software/ROS2/Scrap/scrap_ws/build/py_drive/install.log --single-version-externally-managed
[5.430s] DEBUG:colcon.colcon_core.event_handler.log_command:Invoking command in '/home/robot/Software/ROS2/Scrap/scrap_ws/src/py_srvcli': PYTHONPATH=/home/robot/Software/ROS2/Scrap/scrap_ws/install/py_srvcli/lib/python3.8/site-packages:${PYTHONPATH} /usr/bin/python3 setup.py egg_info --egg-base ../../build/py_srvcli build --build-base /home/robot/Software/ROS2/Scrap/scrap_ws/build/py_srvcli/build install --prefix /home/robot/Software/ROS2/Scrap/scrap_ws/install/py_srvcli --record /home/robot/Software/ROS2/Scrap/scrap_ws/build/py_srvcli/install.log --single-version-externally-managed
[5.484s] DEBUG:colcon.colcon_core.event_handler.log_command:Invoking command in '/home/robot/Software/ROS2/Scrap/scrap_ws/src/test_joy': PYTHONPATH=/home/robot/Software/ROS2/Scrap/scrap_ws/install/test_joy/lib/python3.8/site-packages:${PYTHONPATH} /usr/bin/python3 setup.py egg_info --egg-base ../../build/test_joy build --build-base /home/robot/Software/ROS2/Scrap/scrap_ws/build/test_joy/build install --prefix /home/robot/Software/ROS2/Scrap/scrap_ws/install/test_joy --record /home/robot/Software/ROS2/Scrap/scrap_ws/build/test_joy/install.log --single-version-externally-managed
[7.180s] DEBUG:colcon.colcon_core.event_handler.log_command:Invoked command in '/home/robot/Software/ROS2/Scrap/scrap_ws/src/py_drive' returned '0': PYTHONPATH=/home/robot/Software/ROS2/Scrap/scrap_ws/install/py_drive/lib/python3.8/site-packages:${PYTHONPATH} /usr/bin/python3 setup.py egg_info --egg-base ../../build/py_drive build --build-base /home/robot/Software/ROS2/Scrap/scrap_ws/build/py_drive/build install --prefix /home/robot/Software/ROS2/Scrap/scrap_ws/install/py_drive --record /home/robot/Software/ROS2/Scrap/scrap_ws/build/py_drive/install.log --single-version-externally-managed
[7.205s] Level 1:colcon.colcon_core.environment:checking '/home/robot/Software/ROS2/Scrap/scrap_ws/install/py_drive' for CMake module files
[7.222s] Level 1:colcon.colcon_core.environment:checking '/home/robot/Software/ROS2/Scrap/scrap_ws/install/py_drive' for CMake config files
[7.265s] Level 1:colcon.colcon_core.environment:checking '/home/robot/Software/ROS2/Scrap/scrap_ws/install/py_drive/lib'
[7.268s] Level 1:colcon.colcon_core.environment:checking '/home/robot/Software/ROS2/Scrap/scrap_ws/install/py_drive/bin'
[7.269s] Level 1:colcon.colcon_core.environment:checking '/home/robot/Software/ROS2/Scrap/scrap_ws/install/py_drive/lib/pkgconfig/py_drive.pc'
[7.269s] Level 1:colcon.colcon_core.environment:checking '/home/robot/Software/ROS2/Scrap/scrap_ws/install/py_drive/lib/python3.8/site-packages'
[7.269s] Level 1:colcon.colcon_core.shell:create_environment_hook('py_drive', 'pythonpath')
[7.273s] INFO:colcon.colcon_core.shell:Creating environment hook '/home/robot/Software/ROS2/Scrap/scrap_ws/install/py_drive/share/py_drive/hook/pythonpath.ps1'
[7.288s] INFO:colcon.colcon_core.shell:Creating environment descriptor '/home/robot/Software/ROS2/Scrap/scrap_ws/install/py_drive/share/py_drive/hook/pythonpath.dsv'
[7.303s] INFO:colcon.colcon_core.shell:Creating environment hook '/home/robot/Software/ROS2/Scrap/scrap_ws/install/py_drive/share/py_drive/hook/pythonpath.sh'
[7.320s] Level 1:colcon.colcon_core.environment:create_environment_scripts_only(py_drive)
[7.325s] INFO:colcon.colcon_core.shell:Creating package script '/home/robot/Software/ROS2/Scrap/scrap_ws/install/py_drive/share/py_drive/package.ps1'
[7.339s] INFO:colcon.colcon_core.shell:Creating package descriptor '/home/robot/Software/ROS2/Scrap/scrap_ws/install/py_drive/share/py_drive/package.dsv'
[7.353s] INFO:colcon.colcon_core.shell:Creating package script '/home/robot/Software/ROS2/Scrap/scrap_ws/install/py_drive/share/py_drive/package.sh'
[7.368s] INFO:colcon.colcon_core.shell:Creating package script '/home/robot/Software/ROS2/Scrap/scrap_ws/install/py_drive/share/py_drive/package.bash'
[7.389s] INFO:colcon.colcon_core.shell:Creating package script '/home/robot/Software/ROS2/Scrap/scrap_ws/install/py_drive/share/py_drive/package.zsh'
[7.405s] Level 1:colcon.colcon_core.environment:create_file_with_runtime_dependencies(/home/robot/Software/ROS2/Scrap/scrap_ws/install/py_drive/share/colcon-core/packages/py_drive)
[7.426s] Level 1:colcon.colcon_core.environment:checking '/home/robot/Software/ROS2/Scrap/scrap_ws/install/py_srvcli' for CMake module files
[7.442s] Level 1:colcon.colcon_core.environment:checking '/home/robot/Software/ROS2/Scrap/scrap_ws/install/py_srvcli' for CMake config files
[7.465s] DEBUG:colcon.colcon_core.event_handler.log_command:Invoked command in '/home/robot/Software/ROS2/Scrap/scrap_ws/src/py_srvcli' returned '0': PYTHONPATH=/home/robot/Software/ROS2/Scrap/scrap_ws/install/py_srvcli/lib/python3.8/site-packages:${PYTHONPATH} /usr/bin/python3 setup.py egg_info --egg-base ../../build/py_srvcli build --build-base /home/robot/Software/ROS2/Scrap/scrap_ws/build/py_srvcli/build install --prefix /home/robot/Software/ROS2/Scrap/scrap_ws/install/py_srvcli --record /home/robot/Software/ROS2/Scrap/scrap_ws/build/py_srvcli/install.log --single-version-externally-managed
[7.488s] Level 1:colcon.colcon_core.environment:checking '/home/robot/Software/ROS2/Scrap/scrap_ws/install/py_srvcli/lib'
[7.491s] Level 1:colcon.colcon_core.environment:checking '/home/robot/Software/ROS2/Scrap/scrap_ws/install/py_srvcli/bin'
[7.491s] Level 1:colcon.colcon_core.environment:checking '/home/robot/Software/ROS2/Scrap/scrap_ws/install/py_srvcli/lib/pkgconfig/py_srvcli.pc'
[7.491s] Level 1:colcon.colcon_core.environment:checking '/home/robot/Software/ROS2/Scrap/scrap_ws/install/py_srvcli/lib/python3.8/site-packages'
[7.492s] Level 1:colcon.colcon_core.shell:create_environment_hook('py_srvcli', 'pythonpath')
[7.496s] INFO:colcon.colcon_core.shell:Creating environment hook '/home/robot/Software/ROS2/Scrap/scrap_ws/install/py_srvcli/share/py_srvcli/hook/pythonpath.ps1'
[7.511s] INFO:colcon.colcon_core.shell:Creating environment descriptor '/home/robot/Software/ROS2/Scrap/scrap_ws/install/py_srvcli/share/py_srvcli/hook/pythonpath.dsv'
[7.527s] INFO:colcon.colcon_core.shell:Creating environment hook '/home/robot/Software/ROS2/Scrap/scrap_ws/install/py_srvcli/share/py_srvcli/hook/pythonpath.sh'
[7.541s] Level 1:colcon.colcon_core.environment:create_environment_scripts_only(py_srvcli)
[7.545s] INFO:colcon.colcon_core.shell:Creating package script '/home/robot/Software/ROS2/Scrap/scrap_ws/install/py_srvcli/share/py_srvcli/package.ps1'
[7.558s] INFO:colcon.colcon_core.shell:Creating package descriptor '/home/robot/Software/ROS2/Scrap/scrap_ws/install/py_srvcli/share/py_srvcli/package.dsv'
[7.571s] INFO:colcon.colcon_core.shell:Creating package script '/home/robot/Software/ROS2/Scrap/scrap_ws/install/py_srvcli/share/py_srvcli/package.sh'
[7.588s] INFO:colcon.colcon_core.shell:Creating package script '/home/robot/Software/ROS2/Scrap/scrap_ws/install/py_srvcli/share/py_srvcli/package.bash'
[7.600s] INFO:colcon.colcon_core.shell:Creating package script '/home/robot/Software/ROS2/Scrap/scrap_ws/install/py_srvcli/share/py_srvcli/package.zsh'
[7.614s] Level 1:colcon.colcon_core.environment:create_file_with_runtime_dependencies(/home/robot/Software/ROS2/Scrap/scrap_ws/install/py_srvcli/share/colcon-core/packages/py_srvcli)
[7.632s] Level 1:colcon.colcon_core.environment:checking '/home/robot/Software/ROS2/Scrap/scrap_ws/install/test_joy' for CMake module files
[7.650s] Level 1:colcon.colcon_core.environment:checking '/home/robot/Software/ROS2/Scrap/scrap_ws/install/test_joy' for CMake config files
[7.675s] DEBUG:colcon.colcon_core.event_handler.log_command:Invoked command in '/home/robot/Software/ROS2/Scrap/scrap_ws/src/test_joy' returned '0': PYTHONPATH=/home/robot/Software/ROS2/Scrap/scrap_ws/install/test_joy/lib/python3.8/site-packages:${PYTHONPATH} /usr/bin/python3 setup.py egg_info --egg-base ../../build/test_joy build --build-base /home/robot/Software/ROS2/Scrap/scrap_ws/build/test_joy/build install --prefix /home/robot/Software/ROS2/Scrap/scrap_ws/install/test_joy --record /home/robot/Software/ROS2/Scrap/scrap_ws/build/test_joy/install.log --single-version-externally-managed
[7.695s] Level 1:colcon.colcon_core.environment:checking '/home/robot/Software/ROS2/Scrap/scrap_ws/install/test_joy/lib'
[7.697s] Level 1:colcon.colcon_core.environment:checking '/home/robot/Software/ROS2/Scrap/scrap_ws/install/test_joy/bin'
[7.697s] Level 1:colcon.colcon_core.environment:checking '/home/robot/Software/ROS2/Scrap/scrap_ws/install/test_joy/lib/pkgconfig/test_joy.pc'
[7.698s] Level 1:colcon.colcon_core.environment:checking '/home/robot/Software/ROS2/Scrap/scrap_ws/install/test_joy/lib/python3.8/site-packages'
[7.698s] Level 1:colcon.colcon_core.shell:create_environment_hook('test_joy', 'pythonpath')
[7.702s] INFO:colcon.colcon_core.shell:Creating environment hook '/home/robot/Software/ROS2/Scrap/scrap_ws/install/test_joy/share/test_joy/hook/pythonpath.ps1'
[7.719s] INFO:colcon.colcon_core.shell:Creating environment descriptor '/home/robot/Software/ROS2/Scrap/scrap_ws/install/test_joy/share/test_joy/hook/pythonpath.dsv'
[7.735s] INFO:colcon.colcon_core.shell:Creating environment hook '/home/robot/Software/ROS2/Scrap/scrap_ws/install/test_joy/share/test_joy/hook/pythonpath.sh'
[7.749s] Level 1:colcon.colcon_core.environment:create_environment_scripts_only(test_joy)
[7.754s] INFO:colcon.colcon_core.shell:Creating package script '/home/robot/Software/ROS2/Scrap/scrap_ws/install/test_joy/share/test_joy/package.ps1'
[7.766s] INFO:colcon.colcon_core.shell:Creating package descriptor '/home/robot/Software/ROS2/Scrap/scrap_ws/install/test_joy/share/test_joy/package.dsv'
[7.781s] INFO:colcon.colcon_core.shell:Creating package script '/home/robot/Software/ROS2/Scrap/scrap_ws/install/test_joy/share/test_joy/package.sh'
[7.796s] INFO:colcon.colcon_core.shell:Creating package script '/home/robot/Software/ROS2/Scrap/scrap_ws/install/test_joy/share/test_joy/package.bash'
[7.810s] INFO:colcon.colcon_core.shell:Creating package script '/home/robot/Software/ROS2/Scrap/scrap_ws/install/test_joy/share/test_joy/package.zsh'
[7.822s] Level 1:colcon.colcon_core.environment:create_file_with_runtime_dependencies(/home/robot/Software/ROS2/Scrap/scrap_ws/install/test_joy/share/colcon-core/packages/test_joy)
[7.830s] DEBUG:colcon.colcon_parallel_executor.executor.parallel:closing loop
[7.830s] DEBUG:colcon.colcon_parallel_executor.executor.parallel:loop closed
[7.831s] DEBUG:colcon.colcon_parallel_executor.executor.parallel:run_until_complete finished with '0'
[7.831s] DEBUG:colcon.colcon_core.event_reactor:joining thread
[7.899s] INFO:colcon.colcon_core.plugin_system:Skipping extension 'colcon_notification.desktop_notification.terminal_notifier': Not used on non-Darwin systems
[7.899s] INFO:colcon.colcon_core.plugin_system:Skipping extension 'colcon_notification.desktop_notification.win32': Not used on non-Windows systems
[7.899s] INFO:colcon.colcon_notification.desktop_notification:Sending desktop notification using 'notify2'
[32.925s] DEBUG:colcon.colcon_notification.desktop_notification.notify2:Failed to initialize notify2: org.freedesktop.DBus.Error.NoReply: Did not receive a reply. Possible causes include: the remote application did not send a reply, the message bus security policy blocked the reply, the reply timeout expired, or the network connection was broken.
[32.925s] DEBUG:colcon.colcon_core.event_reactor:joined thread
[32.930s] INFO:colcon.colcon_core.shell:Creating prefix script '/home/robot/Software/ROS2/Scrap/scrap_ws/install/local_setup.ps1'
[32.949s] INFO:colcon.colcon_core.shell:Creating prefix util module '/home/robot/Software/ROS2/Scrap/scrap_ws/install/_local_setup_util_ps1.py'
[32.969s] INFO:colcon.colcon_core.shell:Creating prefix chain script '/home/robot/Software/ROS2/Scrap/scrap_ws/install/setup.ps1'
[33.009s] INFO:colcon.colcon_core.shell:Creating prefix script '/home/robot/Software/ROS2/Scrap/scrap_ws/install/local_setup.sh'
[33.027s] INFO:colcon.colcon_core.shell:Creating prefix util module '/home/robot/Software/ROS2/Scrap/scrap_ws/install/_local_setup_util_sh.py'
[33.044s] INFO:colcon.colcon_core.shell:Creating prefix chain script '/home/robot/Software/ROS2/Scrap/scrap_ws/install/setup.sh'
[33.083s] INFO:colcon.colcon_core.shell:Creating prefix script '/home/robot/Software/ROS2/Scrap/scrap_ws/install/local_setup.bash'
[33.098s] INFO:colcon.colcon_core.shell:Creating prefix chain script '/home/robot/Software/ROS2/Scrap/scrap_ws/install/setup.bash'
[33.138s] INFO:colcon.colcon_core.shell:Creating prefix script '/home/robot/Software/ROS2/Scrap/scrap_ws/install/local_setup.zsh'
[33.154s] INFO:colcon.colcon_core.shell:Creating prefix chain script '/home/robot/Software/ROS2/Scrap/scrap_ws/install/setup.zsh'
