[3.419s] Invoking command in '/home/paolo/NAS/Software/ROS2/Madox/madox_ws/src/jetbot_launch': PYTHONPATH=/home/paolo/NAS/Software/ROS2/Madox/madox_ws/install/jetbot_launch/lib/python3.8/site-packages:${PYTHONPATH} /usr/bin/python3 setup.py egg_info --egg-base ../../build/jetbot_launch build --build-base /home/paolo/NAS/Software/ROS2/Madox/madox_ws/build/jetbot_launch/build install --prefix /home/paolo/NAS/Software/ROS2/Madox/madox_ws/install/jetbot_launch --record /home/paolo/NAS/Software/ROS2/Madox/madox_ws/build/jetbot_launch/install.log --single-version-externally-managed
[4.063s] running egg_info
[4.068s] writing ../../build/jetbot_launch/jetbot_launch.egg-info/PKG-INFO
[4.089s] writing dependency_links to ../../build/jetbot_launch/jetbot_launch.egg-info/dependency_links.txt
[4.107s] writing entry points to ../../build/jetbot_launch/jetbot_launch.egg-info/entry_points.txt
[4.123s] writing requirements to ../../build/jetbot_launch/jetbot_launch.egg-info/requires.txt
[4.138s] writing top-level names to ../../build/jetbot_launch/jetbot_launch.egg-info/top_level.txt
[4.218s] reading manifest file '../../build/jetbot_launch/jetbot_launch.egg-info/SOURCES.txt'
[4.238s] writing manifest file '../../build/jetbot_launch/jetbot_launch.egg-info/SOURCES.txt'
[4.247s] running build
[4.248s] running build_py
[4.257s] running install
[4.259s] running install_lib
[4.272s] running install_data
[4.276s] running install_egg_info
[4.278s] removing '/home/paolo/NAS/Software/ROS2/Madox/madox_ws/install/jetbot_launch/lib/python3.8/site-packages/jetbot_launch-0.0.0-py3.8.egg-info' (and everything under it)
[4.324s] Copying ../../build/jetbot_launch/jetbot_launch.egg-info to /home/paolo/NAS/Software/ROS2/Madox/madox_ws/install/jetbot_launch/lib/python3.8/site-packages/jetbot_launch-0.0.0-py3.8.egg-info
[4.568s] running install_scripts
[4.630s] writing list of installed files to '/home/paolo/NAS/Software/ROS2/Madox/madox_ws/build/jetbot_launch/install.log'
[5.387s] Invoked command in '/home/paolo/NAS/Software/ROS2/Madox/madox_ws/src/jetbot_launch' returned '0': PYTHONPATH=/home/paolo/NAS/Software/ROS2/Madox/madox_ws/install/jetbot_launch/lib/python3.8/site-packages:${PYTHONPATH} /usr/bin/python3 setup.py egg_info --egg-base ../../build/jetbot_launch build --build-base /home/paolo/NAS/Software/ROS2/Madox/madox_ws/build/jetbot_launch/build install --prefix /home/paolo/NAS/Software/ROS2/Madox/madox_ws/install/jetbot_launch --record /home/paolo/NAS/Software/ROS2/Madox/madox_ws/build/jetbot_launch/install.log --single-version-externally-managed
