[1.606s] Invoking command in '/home/robot/Software/ROS2/Madox/madox_ws/build/jetbot_sys_info': PYTHONPATH=/home/robot/Software/ROS2/Madox/madox_ws/install/jetbot_sys_info/lib/python3.8/site-packages:${PYTHONPATH} /usr/bin/python3 setup.py develop --prefix /home/robot/Software/ROS2/Madox/madox_ws/install/jetbot_sys_info --editable --build-directory /home/robot/Software/ROS2/Madox/madox_ws/build/jetbot_sys_info/build --no-deps install_data --install-dir /home/robot/Software/ROS2/Madox/madox_ws/install/jetbot_sys_info
[2.478s] /home/robot/.local/lib/python3.8/site-packages/setuptools/dist.py:642: UserWarning: Usage of dash-separated 'script-dir' will not be supported in future versions. Please use the underscore name 'script_dir' instead
[2.479s]   warnings.warn(
[2.479s] /home/robot/.local/lib/python3.8/site-packages/setuptools/dist.py:642: UserWarning: Usage of dash-separated 'install-scripts' will not be supported in future versions. Please use the underscore name 'install_scripts' instead
[2.480s]   warnings.warn(
[2.722s] running develop
[3.343s] running egg_info
[3.345s] writing jetbot_sys_info.egg-info/PKG-INFO
[3.802s] writing dependency_links to jetbot_sys_info.egg-info/dependency_links.txt
[4.302s] writing entry points to jetbot_sys_info.egg-info/entry_points.txt
[4.338s] writing requirements to jetbot_sys_info.egg-info/requires.txt
[4.349s] writing top-level names to jetbot_sys_info.egg-info/top_level.txt
[4.600s] reading manifest file 'jetbot_sys_info.egg-info/SOURCES.txt'
[4.614s] writing manifest file 'jetbot_sys_info.egg-info/SOURCES.txt'
[4.831s] running build_ext
[4.831s] Creating /home/robot/Software/ROS2/Madox/madox_ws/install/jetbot_sys_info/lib/python3.8/site-packages/jetbot-sys-info.egg-link (link to .)
[4.857s] Installing ros2_jetbot_sys_info script to /home/robot/Software/ROS2/Madox/madox_ws/install/jetbot_sys_info/lib/jetbot_sys_info
[4.873s] 
[4.874s] Installed /home/robot/Software/ROS2/Madox/madox_ws/build/jetbot_sys_info
[4.875s] running install_data
[5.018s] Invoked command in '/home/robot/Software/ROS2/Madox/madox_ws/build/jetbot_sys_info' returned '0': PYTHONPATH=/home/robot/Software/ROS2/Madox/madox_ws/install/jetbot_sys_info/lib/python3.8/site-packages:${PYTHONPATH} /usr/bin/python3 setup.py develop --prefix /home/robot/Software/ROS2/Madox/madox_ws/install/jetbot_sys_info --editable --build-directory /home/robot/Software/ROS2/Madox/madox_ws/build/jetbot_sys_info/build --no-deps install_data --install-dir /home/robot/Software/ROS2/Madox/madox_ws/install/jetbot_sys_info
