[5.383s] Invoking command in '/home/robot/Software/ROS2/Madox/madox_ws/src/oled_display': PYTHONPATH=/home/robot/Software/ROS2/Madox/madox_ws/install/oled_display/lib/python3.8/site-packages:${PYTHONPATH} /usr/bin/python3 setup.py egg_info --egg-base ../../build/oled_display build --build-base /home/robot/Software/ROS2/Madox/madox_ws/build/oled_display/build install --prefix /home/robot/Software/ROS2/Madox/madox_ws/install/oled_display --record /home/robot/Software/ROS2/Madox/madox_ws/build/oled_display/install.log --single-version-externally-managed
[6.394s] /home/robot/.local/lib/python3.8/site-packages/setuptools/dist.py:642: UserWarning: Usage of dash-separated 'script-dir' will not be supported in future versions. Please use the underscore name 'script_dir' instead
[6.395s]   warnings.warn(
[6.395s] /home/robot/.local/lib/python3.8/site-packages/setuptools/dist.py:642: UserWarning: Usage of dash-separated 'install-scripts' will not be supported in future versions. Please use the underscore name 'install_scripts' instead
[6.396s]   warnings.warn(
[6.556s] running egg_info
[6.564s] writing ../../build/oled_display/oled_display.egg-info/PKG-INFO
[6.577s] writing dependency_links to ../../build/oled_display/oled_display.egg-info/dependency_links.txt
[6.588s] writing entry points to ../../build/oled_display/oled_display.egg-info/entry_points.txt
[6.598s] writing requirements to ../../build/oled_display/oled_display.egg-info/requires.txt
[6.608s] writing top-level names to ../../build/oled_display/oled_display.egg-info/top_level.txt
[6.843s] reading manifest file '../../build/oled_display/oled_display.egg-info/SOURCES.txt'
[6.852s] writing manifest file '../../build/oled_display/oled_display.egg-info/SOURCES.txt'
[6.860s] running build
[6.861s] running build_py
[6.894s] running install
[6.903s] running install_lib
[6.943s] running install_data
[6.955s] running install_egg_info
[6.964s] removing '/home/robot/Software/ROS2/Madox/madox_ws/install/oled_display/lib/python3.8/site-packages/oled_display-0.0.0-py3.8.egg-info' (and everything under it)
[6.997s] Copying ../../build/oled_display/oled_display.egg-info to /home/robot/Software/ROS2/Madox/madox_ws/install/oled_display/lib/python3.8/site-packages/oled_display-0.0.0-py3.8.egg-info
[7.139s] running install_scripts
[7.225s] Installing display script to /home/robot/Software/ROS2/Madox/madox_ws/install/oled_display/lib/oled_display
[7.247s] writing list of installed files to '/home/robot/Software/ROS2/Madox/madox_ws/build/oled_display/install.log'
[7.365s] Invoked command in '/home/robot/Software/ROS2/Madox/madox_ws/src/oled_display' returned '0': PYTHONPATH=/home/robot/Software/ROS2/Madox/madox_ws/install/oled_display/lib/python3.8/site-packages:${PYTHONPATH} /usr/bin/python3 setup.py egg_info --egg-base ../../build/oled_display build --build-base /home/robot/Software/ROS2/Madox/madox_ws/build/oled_display/build install --prefix /home/robot/Software/ROS2/Madox/madox_ws/install/oled_display --record /home/robot/Software/ROS2/Madox/madox_ws/build/oled_display/install.log --single-version-externally-managed
