[1.341s] Invoking command in '/home/robot/Software/ROS2/Madox/madox_ws/src/ros2_rtimulib': PYTHONPATH=/home/robot/Software/ROS2/Madox/madox_ws/install/ros2_rtimulib/lib/python3.8/site-packages:${PYTHONPATH} /usr/bin/python3 setup.py egg_info --egg-base ../../build/ros2_rtimulib build --build-base /home/robot/Software/ROS2/Madox/madox_ws/build/ros2_rtimulib/build install --prefix /home/robot/Software/ROS2/Madox/madox_ws/install/ros2_rtimulib --record /home/robot/Software/ROS2/Madox/madox_ws/build/ros2_rtimulib/install.log --single-version-externally-managed
[2.122s] /home/robot/.local/lib/python3.8/site-packages/setuptools/dist.py:642: UserWarning: Usage of dash-separated 'script-dir' will not be supported in future versions. Please use the underscore name 'script_dir' instead
[2.122s]   warnings.warn(
[2.123s] /home/robot/.local/lib/python3.8/site-packages/setuptools/dist.py:642: UserWarning: Usage of dash-separated 'install-scripts' will not be supported in future versions. Please use the underscore name 'install_scripts' instead
[2.123s]   warnings.warn(
[2.247s] running egg_info
[2.251s] writing ../../build/ros2_rtimulib/ros2_rtimulib.egg-info/PKG-INFO
[2.269s] writing dependency_links to ../../build/ros2_rtimulib/ros2_rtimulib.egg-info/dependency_links.txt
[2.277s] writing entry points to ../../build/ros2_rtimulib/ros2_rtimulib.egg-info/entry_points.txt
[2.287s] writing requirements to ../../build/ros2_rtimulib/ros2_rtimulib.egg-info/requires.txt
[2.300s] writing top-level names to ../../build/ros2_rtimulib/ros2_rtimulib.egg-info/top_level.txt
[2.507s] adding license file 'LICENSE' (matched pattern 'LICEN[CS]E*')
[2.518s] reading manifest file '../../build/ros2_rtimulib/ros2_rtimulib.egg-info/SOURCES.txt'
[2.529s] writing manifest file '../../build/ros2_rtimulib/ros2_rtimulib.egg-info/SOURCES.txt'
[2.719s] running build
[2.721s] running build_py
[2.760s] copying ros2_rtimulib/imu_node.py -> /home/robot/Software/ROS2/Madox/madox_ws/build/ros2_rtimulib/build/lib/ros2_rtimulib
[2.882s] running install
[2.890s] running install_lib
[2.924s] copying /home/robot/Software/ROS2/Madox/madox_ws/build/ros2_rtimulib/build/lib/ros2_rtimulib/imu_node.py -> /home/robot/Software/ROS2/Madox/madox_ws/install/ros2_rtimulib/lib/python3.8/site-packages/ros2_rtimulib
[3.060s] byte-compiling /home/robot/Software/ROS2/Madox/madox_ws/install/ros2_rtimulib/lib/python3.8/site-packages/ros2_rtimulib/imu_node.py to imu_node.cpython-38.pyc
[3.117s] running install_data
[3.165s] running install_egg_info
[3.175s] removing '/home/robot/Software/ROS2/Madox/madox_ws/install/ros2_rtimulib/lib/python3.8/site-packages/ros2_rtimulib-0.1.0-py3.8.egg-info' (and everything under it)
[3.228s] Copying ../../build/ros2_rtimulib/ros2_rtimulib.egg-info to /home/robot/Software/ROS2/Madox/madox_ws/install/ros2_rtimulib/lib/python3.8/site-packages/ros2_rtimulib-0.1.0-py3.8.egg-info
[3.562s] running install_scripts
[3.647s] Installing imu_node script to /home/robot/Software/ROS2/Madox/madox_ws/install/ros2_rtimulib/lib/ros2_rtimulib
[3.675s] writing list of installed files to '/home/robot/Software/ROS2/Madox/madox_ws/build/ros2_rtimulib/install.log'
[3.779s] Invoked command in '/home/robot/Software/ROS2/Madox/madox_ws/src/ros2_rtimulib' returned '0': PYTHONPATH=/home/robot/Software/ROS2/Madox/madox_ws/install/ros2_rtimulib/lib/python3.8/site-packages:${PYTHONPATH} /usr/bin/python3 setup.py egg_info --egg-base ../../build/ros2_rtimulib build --build-base /home/robot/Software/ROS2/Madox/madox_ws/build/ros2_rtimulib/build install --prefix /home/robot/Software/ROS2/Madox/madox_ws/install/ros2_rtimulib --record /home/robot/Software/ROS2/Madox/madox_ws/build/ros2_rtimulib/install.log --single-version-externally-managed
