[3.122s] Invoking command in '/home/paolo/NAS/Software/ROS2/Madox/madox_ws/src/pid_node': PYTHONPATH=/home/paolo/NAS/Software/ROS2/Madox/madox_ws/install/pid_node/lib/python3.8/site-packages:${PYTHONPATH} /usr/bin/python3 setup.py egg_info --egg-base ../../build/pid_node build --build-base /home/paolo/NAS/Software/ROS2/Madox/madox_ws/build/pid_node/build install --prefix /home/paolo/NAS/Software/ROS2/Madox/madox_ws/install/pid_node --record /home/paolo/NAS/Software/ROS2/Madox/madox_ws/build/pid_node/install.log --single-version-externally-managed
[3.575s] running egg_info
[3.578s] writing ../../build/pid_node/pid_node.egg-info/PKG-INFO
[3.599s] writing dependency_links to ../../build/pid_node/pid_node.egg-info/dependency_links.txt
[3.615s] writing entry points to ../../build/pid_node/pid_node.egg-info/entry_points.txt
[3.632s] writing requirements to ../../build/pid_node/pid_node.egg-info/requires.txt
[3.647s] writing top-level names to ../../build/pid_node/pid_node.egg-info/top_level.txt
[3.826s] reading manifest file '../../build/pid_node/pid_node.egg-info/SOURCES.txt'
[3.856s] writing manifest file '../../build/pid_node/pid_node.egg-info/SOURCES.txt'
[3.875s] running build
[3.875s] running build_py
[3.889s] running install
[3.894s] running install_lib
[3.914s] running install_data
[3.922s] running install_egg_info
[3.927s] removing '/home/paolo/NAS/Software/ROS2/Madox/madox_ws/install/pid_node/lib/python3.8/site-packages/pid_node-0.0.0-py3.8.egg-info' (and everything under it)
[3.976s] Copying ../../build/pid_node/pid_node.egg-info to /home/paolo/NAS/Software/ROS2/Madox/madox_ws/install/pid_node/lib/python3.8/site-packages/pid_node-0.0.0-py3.8.egg-info
[4.210s] running install_scripts
[4.319s] Installing pid_node script to /home/paolo/NAS/Software/ROS2/Madox/madox_ws/install/pid_node/lib/pid_node
[4.338s] writing list of installed files to '/home/paolo/NAS/Software/ROS2/Madox/madox_ws/build/pid_node/install.log'
[4.896s] Invoked command in '/home/paolo/NAS/Software/ROS2/Madox/madox_ws/src/pid_node' returned '0': PYTHONPATH=/home/paolo/NAS/Software/ROS2/Madox/madox_ws/install/pid_node/lib/python3.8/site-packages:${PYTHONPATH} /usr/bin/python3 setup.py egg_info --egg-base ../../build/pid_node build --build-base /home/paolo/NAS/Software/ROS2/Madox/madox_ws/build/pid_node/build install --prefix /home/paolo/NAS/Software/ROS2/Madox/madox_ws/install/pid_node --record /home/paolo/NAS/Software/ROS2/Madox/madox_ws/build/pid_node/install.log --single-version-externally-managed
