[2.529s] Invoking command in '/home/robot/Software/ROS2/Madox/madox_ws/src/py_drive': PYTHONPATH=/home/robot/Software/ROS2/Madox/madox_ws/install/py_drive/lib/python3.8/site-packages:${PYTHONPATH} /usr/bin/python3 setup.py egg_info --egg-base ../../build/py_drive build --build-base /home/robot/Software/ROS2/Madox/madox_ws/build/py_drive/build install --prefix /home/robot/Software/ROS2/Madox/madox_ws/install/py_drive --record /home/robot/Software/ROS2/Madox/madox_ws/build/py_drive/install.log --single-version-externally-managed
[3.327s] /home/robot/.local/lib/python3.8/site-packages/setuptools/dist.py:642: UserWarning: Usage of dash-separated 'script-dir' will not be supported in future versions. Please use the underscore name 'script_dir' instead
[3.327s]   warnings.warn(
[3.328s] /home/robot/.local/lib/python3.8/site-packages/setuptools/dist.py:642: UserWarning: Usage of dash-separated 'install-scripts' will not be supported in future versions. Please use the underscore name 'install_scripts' instead
[3.328s]   warnings.warn(
[3.466s] running egg_info
[3.470s] creating ../../build/py_drive/py_drive.egg-info
[3.475s] writing ../../build/py_drive/py_drive.egg-info/PKG-INFO
[3.497s] writing dependency_links to ../../build/py_drive/py_drive.egg-info/dependency_links.txt
[3.513s] writing entry points to ../../build/py_drive/py_drive.egg-info/entry_points.txt
[3.524s] writing requirements to ../../build/py_drive/py_drive.egg-info/requires.txt
[3.533s] writing top-level names to ../../build/py_drive/py_drive.egg-info/top_level.txt
[3.551s] writing manifest file '../../build/py_drive/py_drive.egg-info/SOURCES.txt'
[3.744s] reading manifest file '../../build/py_drive/py_drive.egg-info/SOURCES.txt'
[3.761s] writing manifest file '../../build/py_drive/py_drive.egg-info/SOURCES.txt'
[3.772s] running build
[3.772s] running build_py
[3.776s] creating /home/robot/Software/ROS2/Madox/madox_ws/build/py_drive/build
[3.778s] creating /home/robot/Software/ROS2/Madox/madox_ws/build/py_drive/build/lib
[3.785s] creating /home/robot/Software/ROS2/Madox/madox_ws/build/py_drive/build/lib/py_drive
[3.793s] copying py_drive/drive.py -> /home/robot/Software/ROS2/Madox/madox_ws/build/py_drive/build/lib/py_drive
[3.815s] copying py_drive/motor_class.py -> /home/robot/Software/ROS2/Madox/madox_ws/build/py_drive/build/lib/py_drive
[3.835s] copying py_drive/publisher_member_function.py -> /home/robot/Software/ROS2/Madox/madox_ws/build/py_drive/build/lib/py_drive
[3.857s] copying py_drive/motors.py -> /home/robot/Software/ROS2/Madox/madox_ws/build/py_drive/build/lib/py_drive
[3.880s] copying py_drive/__init__.py -> /home/robot/Software/ROS2/Madox/madox_ws/build/py_drive/build/lib/py_drive
[3.894s] running install
[3.906s] running install_lib
[3.926s] creating /home/robot/Software/ROS2/Madox/madox_ws/install/py_drive/lib/python3.8/site-packages/py_drive
[3.931s] copying /home/robot/Software/ROS2/Madox/madox_ws/build/py_drive/build/lib/py_drive/__init__.py -> /home/robot/Software/ROS2/Madox/madox_ws/install/py_drive/lib/python3.8/site-packages/py_drive
[3.951s] copying /home/robot/Software/ROS2/Madox/madox_ws/build/py_drive/build/lib/py_drive/publisher_member_function.py -> /home/robot/Software/ROS2/Madox/madox_ws/install/py_drive/lib/python3.8/site-packages/py_drive
[3.977s] copying /home/robot/Software/ROS2/Madox/madox_ws/build/py_drive/build/lib/py_drive/drive.py -> /home/robot/Software/ROS2/Madox/madox_ws/install/py_drive/lib/python3.8/site-packages/py_drive
[4.000s] copying /home/robot/Software/ROS2/Madox/madox_ws/build/py_drive/build/lib/py_drive/motor_class.py -> /home/robot/Software/ROS2/Madox/madox_ws/install/py_drive/lib/python3.8/site-packages/py_drive
[4.028s] copying /home/robot/Software/ROS2/Madox/madox_ws/build/py_drive/build/lib/py_drive/motors.py -> /home/robot/Software/ROS2/Madox/madox_ws/install/py_drive/lib/python3.8/site-packages/py_drive
[4.054s] byte-compiling /home/robot/Software/ROS2/Madox/madox_ws/install/py_drive/lib/python3.8/site-packages/py_drive/__init__.py to __init__.cpython-38.pyc
[4.083s] byte-compiling /home/robot/Software/ROS2/Madox/madox_ws/install/py_drive/lib/python3.8/site-packages/py_drive/publisher_member_function.py to publisher_member_function.cpython-38.pyc
[4.103s] byte-compiling /home/robot/Software/ROS2/Madox/madox_ws/install/py_drive/lib/python3.8/site-packages/py_drive/drive.py to drive.cpython-38.pyc
[4.124s] byte-compiling /home/robot/Software/ROS2/Madox/madox_ws/install/py_drive/lib/python3.8/site-packages/py_drive/motor_class.py to motor_class.cpython-38.pyc
[4.146s] byte-compiling /home/robot/Software/ROS2/Madox/madox_ws/install/py_drive/lib/python3.8/site-packages/py_drive/motors.py to motors.cpython-38.pyc
[4.173s] running install_data
[4.176s] creating /home/robot/Software/ROS2/Madox/madox_ws/install/py_drive/share/ament_index
[4.177s] creating /home/robot/Software/ROS2/Madox/madox_ws/install/py_drive/share/ament_index/resource_index
[4.182s] creating /home/robot/Software/ROS2/Madox/madox_ws/install/py_drive/share/ament_index/resource_index/packages
[4.190s] copying resource/py_drive -> /home/robot/Software/ROS2/Madox/madox_ws/install/py_drive/share/ament_index/resource_index/packages
[4.202s] copying package.xml -> /home/robot/Software/ROS2/Madox/madox_ws/install/py_drive/share/py_drive
[4.216s] running install_egg_info
[4.237s] Copying ../../build/py_drive/py_drive.egg-info to /home/robot/Software/ROS2/Madox/madox_ws/install/py_drive/lib/python3.8/site-packages/py_drive-0.0.0-py3.8.egg-info
[4.379s] running install_scripts
[4.459s] Installing listener script to /home/robot/Software/ROS2/Madox/madox_ws/install/py_drive/lib/py_drive
[4.475s] Installing talker script to /home/robot/Software/ROS2/Madox/madox_ws/install/py_drive/lib/py_drive
[4.490s] writing list of installed files to '/home/robot/Software/ROS2/Madox/madox_ws/build/py_drive/install.log'
[4.792s] Invoked command in '/home/robot/Software/ROS2/Madox/madox_ws/src/py_drive' returned '0': PYTHONPATH=/home/robot/Software/ROS2/Madox/madox_ws/install/py_drive/lib/python3.8/site-packages:${PYTHONPATH} /usr/bin/python3 setup.py egg_info --egg-base ../../build/py_drive build --build-base /home/robot/Software/ROS2/Madox/madox_ws/build/py_drive/build install --prefix /home/robot/Software/ROS2/Madox/madox_ws/install/py_drive --record /home/robot/Software/ROS2/Madox/madox_ws/build/py_drive/install.log --single-version-externally-managed
