[35m[1mScanning dependencies of target ros2_imu_node[0m
[ 50%] [32mBuilding CXX object CMakeFiles/ros2_imu_node.dir/src/imu.cpp.o[0m
[01m[K/home/robot/Software/ROS2/Madox/madox_ws/src/ros2_IMU/src/imu.cpp:[m[K In constructor ‘[01m[KImuNode::ImuNode(const rclcpp::NodeOptions&)[m[K’:
[01m[K/home/robot/Software/ROS2/Madox/madox_ws/src/ros2_IMU/src/imu.cpp:43:9:[m[K [01;35m[Kwarning: [m[Kunused variable ‘[01m[Kx[m[K’ [[01;35m[K-Wunused-variable[m[K]
   43 |     int [01;35m[Kx[m[K = init3();
      |         [01;35m[K^[m[K
[01m[K/home/robot/Software/ROS2/Madox/madox_ws/src/ros2_IMU/src/imu.cpp:[m[K In member function ‘[01m[Kint ImuNode::init3()[m[K’:
[01m[K/home/robot/Software/ROS2/Madox/madox_ws/src/ros2_IMU/src/imu.cpp:123:40:[m[K [01;35m[Kwarning: [m[Kformat ‘[01m[K%d[m[K’ expects argument of type ‘[01m[Kint[m[K’, but argument 3 has type ‘[01m[Kuint64_t[m[K’ {aka ‘[01m[Klong unsigned int[m[K’} [[01;35m[K-Wformat=[m[K]
  123 |         printf("Sample rate %d (cycle [01;35m[K%d[m[K): %s\n", sampleRate,
      |                                       [01;35m[K~^[m[K
      |                                        [01;35m[K|[m[K
      |                                        [01;35m[Kint[m[K
      |                                       [32m[K%ld[m[K
  124 |                [32m[K(now - displayTimer) / 1000[m[K,
      |                [32m[K~~~~~~~~~~~~~~~~~~~~~~~~~~~[m[K
      |                                     [32m[K|[m[K
      |                                     [32m[Kuint64_t {aka long unsigned int}[m[K
[01m[K/home/robot/Software/ROS2/Madox/madox_ws/src/ros2_IMU/src/imu.cpp:[m[K In member function ‘[01m[Kint ImuNode::InitParam()[m[K’:
[01m[K/home/robot/Software/ROS2/Madox/madox_ws/src/ros2_IMU/src/imu.cpp:147:21:[m[K [01;35m[Kwarning: [m[Kno return statement in function returning non-void [[01;35m[K-Wreturn-type[m[K]
  147 |   int  InitParam() {[01;35m[K}[m[K
      |                     [01;35m[K^[m[K
[100%] [32m[1mLinking CXX executable ros2_imu_node[0m
[100%] Built target ros2_imu_node
-- Install configuration: ""
-- Installing: /home/robot/Software/ROS2/Madox/madox_ws/install/ros2_IMU/lib/ros2_IMU/ros2_imu_node
-- Set runtime path of "/home/robot/Software/ROS2/Madox/madox_ws/install/ros2_IMU/lib/ros2_IMU/ros2_imu_node" to ""
-- Up-to-date: /home/robot/Software/ROS2/Madox/madox_ws/install/ros2_IMU/share/ament_index/resource_index/package_run_dependencies/ros2_IMU
-- Up-to-date: /home/robot/Software/ROS2/Madox/madox_ws/install/ros2_IMU/share/ament_index/resource_index/parent_prefix_path/ros2_IMU
-- Up-to-date: /home/robot/Software/ROS2/Madox/madox_ws/install/ros2_IMU/share/ros2_IMU/environment/ament_prefix_path.sh
-- Up-to-date: /home/robot/Software/ROS2/Madox/madox_ws/install/ros2_IMU/share/ros2_IMU/environment/ament_prefix_path.dsv
-- Up-to-date: /home/robot/Software/ROS2/Madox/madox_ws/install/ros2_IMU/share/ros2_IMU/environment/path.sh
-- Up-to-date: /home/robot/Software/ROS2/Madox/madox_ws/install/ros2_IMU/share/ros2_IMU/environment/path.dsv
-- Up-to-date: /home/robot/Software/ROS2/Madox/madox_ws/install/ros2_IMU/share/ros2_IMU/local_setup.bash
-- Up-to-date: /home/robot/Software/ROS2/Madox/madox_ws/install/ros2_IMU/share/ros2_IMU/local_setup.sh
-- Up-to-date: /home/robot/Software/ROS2/Madox/madox_ws/install/ros2_IMU/share/ros2_IMU/local_setup.zsh
-- Up-to-date: /home/robot/Software/ROS2/Madox/madox_ws/install/ros2_IMU/share/ros2_IMU/local_setup.dsv
-- Installing: /home/robot/Software/ROS2/Madox/madox_ws/install/ros2_IMU/share/ros2_IMU/package.dsv
-- Up-to-date: /home/robot/Software/ROS2/Madox/madox_ws/install/ros2_IMU/share/ament_index/resource_index/packages/ros2_IMU
-- Up-to-date: /home/robot/Software/ROS2/Madox/madox_ws/install/ros2_IMU/share/ros2_IMU/cmake/ros2_IMUConfig.cmake
-- Up-to-date: /home/robot/Software/ROS2/Madox/madox_ws/install/ros2_IMU/share/ros2_IMU/cmake/ros2_IMUConfig-version.cmake
-- Up-to-date: /home/robot/Software/ROS2/Madox/madox_ws/install/ros2_IMU/share/ros2_IMU/package.xml
