[2.697s] Invoking command in '/home/robot/Software/ROS2/Scrap/scrap_ws/src/py_drive': PYTHONPATH=/home/robot/Software/ROS2/Scrap/scrap_ws/install/py_drive/lib/python3.8/site-packages:${PYTHONPATH} /usr/bin/python3 setup.py egg_info --egg-base ../../build/py_drive build --build-base /home/robot/Software/ROS2/Scrap/scrap_ws/build/py_drive/build install --prefix /home/robot/Software/ROS2/Scrap/scrap_ws/install/py_drive --record /home/robot/Software/ROS2/Scrap/scrap_ws/build/py_drive/install.log --single-version-externally-managed
[3.589s] running egg_info
[3.593s] writing ../../build/py_drive/py_drive.egg-info/PKG-INFO
[3.605s] writing dependency_links to ../../build/py_drive/py_drive.egg-info/dependency_links.txt
[3.613s] writing entry points to ../../build/py_drive/py_drive.egg-info/entry_points.txt
[3.623s] writing requirements to ../../build/py_drive/py_drive.egg-info/requires.txt
[3.635s] writing top-level names to ../../build/py_drive/py_drive.egg-info/top_level.txt
[3.818s] reading manifest file '../../build/py_drive/py_drive.egg-info/SOURCES.txt'
[3.827s] writing manifest file '../../build/py_drive/py_drive.egg-info/SOURCES.txt'
[3.836s] running build
[3.836s] running build_py
[3.852s] running install
[3.856s] running install_lib
[3.883s] running install_data
[3.895s] running install_egg_info
[3.902s] removing '/home/robot/Software/ROS2/Scrap/scrap_ws/install/py_drive/lib/python3.8/site-packages/py_drive-0.0.0-py3.8.egg-info' (and everything under it)
[3.935s] Copying ../../build/py_drive/py_drive.egg-info to /home/robot/Software/ROS2/Scrap/scrap_ws/install/py_drive/lib/python3.8/site-packages/py_drive-0.0.0-py3.8.egg-info
[4.072s] running install_scripts
[4.151s] Installing listener script to /home/robot/Software/ROS2/Scrap/scrap_ws/install/py_drive/lib/py_drive
[4.167s] Installing talker script to /home/robot/Software/ROS2/Scrap/scrap_ws/install/py_drive/lib/py_drive
[4.186s] writing list of installed files to '/home/robot/Software/ROS2/Scrap/scrap_ws/build/py_drive/install.log'
[4.295s] Invoked command in '/home/robot/Software/ROS2/Scrap/scrap_ws/src/py_drive' returned '0': PYTHONPATH=/home/robot/Software/ROS2/Scrap/scrap_ws/install/py_drive/lib/python3.8/site-packages:${PYTHONPATH} /usr/bin/python3 setup.py egg_info --egg-base ../../build/py_drive build --build-base /home/robot/Software/ROS2/Scrap/scrap_ws/build/py_drive/build install --prefix /home/robot/Software/ROS2/Scrap/scrap_ws/install/py_drive --record /home/robot/Software/ROS2/Scrap/scrap_ws/build/py_drive/install.log --single-version-externally-managed
