[1.235s] Invoking command in '/home/paolo/NAS/Software/ROS2/service_client_ws/src/drive': PYTHONPATH=/home/paolo/NAS/Software/ROS2/service_client_ws/install/drive/lib/python3.8/site-packages:${PYTHONPATH} /usr/bin/python3 setup.py egg_info --egg-base ../../build/drive build --build-base /home/paolo/NAS/Software/ROS2/service_client_ws/build/drive/build install --prefix /home/paolo/NAS/Software/ROS2/service_client_ws/install/drive --record /home/paolo/NAS/Software/ROS2/service_client_ws/build/drive/install.log --single-version-externally-managed
[1.586s] running egg_info
[1.589s] writing ../../build/drive/drive.egg-info/PKG-INFO
[1.609s] writing dependency_links to ../../build/drive/drive.egg-info/dependency_links.txt
[1.630s] writing entry points to ../../build/drive/drive.egg-info/entry_points.txt
[1.647s] writing requirements to ../../build/drive/drive.egg-info/requires.txt
[1.662s] writing top-level names to ../../build/drive/drive.egg-info/top_level.txt
[1.848s] reading manifest file '../../build/drive/drive.egg-info/SOURCES.txt'
[1.868s] writing manifest file '../../build/drive/drive.egg-info/SOURCES.txt'
[1.879s] running build
[1.879s] running build_py
[1.898s] running install
[1.900s] running install_lib
[1.913s] running install_data
[1.917s] running install_egg_info
[1.925s] removing '/home/paolo/NAS/Software/ROS2/service_client_ws/install/drive/lib/python3.8/site-packages/drive-0.0.0-py3.8.egg-info' (and everything under it)
[1.971s] Copying ../../build/drive/drive.egg-info to /home/paolo/NAS/Software/ROS2/service_client_ws/install/drive/lib/python3.8/site-packages/drive-0.0.0-py3.8.egg-info
[2.208s] running install_scripts
[2.287s] Installing client script to /home/paolo/NAS/Software/ROS2/service_client_ws/install/drive/lib/drive
[2.304s] Installing service script to /home/paolo/NAS/Software/ROS2/service_client_ws/install/drive/lib/drive
[2.323s] writing list of installed files to '/home/paolo/NAS/Software/ROS2/service_client_ws/build/drive/install.log'
[2.688s] Invoked command in '/home/paolo/NAS/Software/ROS2/service_client_ws/src/drive' returned '0': PYTHONPATH=/home/paolo/NAS/Software/ROS2/service_client_ws/install/drive/lib/python3.8/site-packages:${PYTHONPATH} /usr/bin/python3 setup.py egg_info --egg-base ../../build/drive build --build-base /home/paolo/NAS/Software/ROS2/service_client_ws/build/drive/build install --prefix /home/paolo/NAS/Software/ROS2/service_client_ws/install/drive --record /home/paolo/NAS/Software/ROS2/service_client_ws/build/drive/install.log --single-version-externally-managed
