/home/ubuntu/Software/ROS2/Madox/madox_ws/install/ros2_rtimulib/lib/python3.8/site-packages/ros2_rtimulib/imu_Lib.py
/home/ubuntu/Software/ROS2/Madox/madox_ws/install/ros2_rtimulib/lib/python3.8/site-packages/ros2_rtimulib/imu_utils.py
/home/ubuntu/Software/ROS2/Madox/madox_ws/install/ros2_rtimulib/lib/python3.8/site-packages/ros2_rtimulib/__init__.py
/home/ubuntu/Software/ROS2/Madox/madox_ws/install/ros2_rtimulib/lib/python3.8/site-packages/ros2_rtimulib/imu_node.py
/home/ubuntu/Software/ROS2/Madox/madox_ws/install/ros2_rtimulib/lib/python3.8/site-packages/ros2_rtimulib/__pycache__/imu_Lib.cpython-38.pyc
/home/ubuntu/Software/ROS2/Madox/madox_ws/install/ros2_rtimulib/lib/python3.8/site-packages/ros2_rtimulib/__pycache__/imu_utils.cpython-38.pyc
/home/ubuntu/Software/ROS2/Madox/madox_ws/install/ros2_rtimulib/lib/python3.8/site-packages/ros2_rtimulib/__pycache__/__init__.cpython-38.pyc
/home/ubuntu/Software/ROS2/Madox/madox_ws/install/ros2_rtimulib/lib/python3.8/site-packages/ros2_rtimulib/__pycache__/imu_node.cpython-38.pyc
/home/ubuntu/Software/ROS2/Madox/madox_ws/install/ros2_rtimulib/share/ament_index/resource_index/packages/ros2_rtimulib
/home/ubuntu/Software/ROS2/Madox/madox_ws/install/ros2_rtimulib/share/ros2_rtimulib/package.xml
/home/ubuntu/Software/ROS2/Madox/madox_ws/install/ros2_rtimulib/share/ros2_rtimulib/launch/rtimulib.launch.py
/home/ubuntu/Software/ROS2/Madox/madox_ws/install/ros2_rtimulib/share/ros2_rtimulib/config/imu.yaml
/home/ubuntu/Software/ROS2/Madox/madox_ws/install/ros2_rtimulib/share/ros2_rtimulib/RTIMULib.ini
/home/ubuntu/Software/ROS2/Madox/madox_ws/install/ros2_rtimulib/lib/python3.8/site-packages/ros2_rtimulib-0.1.0-py3.8.egg-info/zip-safe
/home/ubuntu/Software/ROS2/Madox/madox_ws/install/ros2_rtimulib/lib/python3.8/site-packages/ros2_rtimulib-0.1.0-py3.8.egg-info/top_level.txt
/home/ubuntu/Software/ROS2/Madox/madox_ws/install/ros2_rtimulib/lib/python3.8/site-packages/ros2_rtimulib-0.1.0-py3.8.egg-info/SOURCES.txt
/home/ubuntu/Software/ROS2/Madox/madox_ws/install/ros2_rtimulib/lib/python3.8/site-packages/ros2_rtimulib-0.1.0-py3.8.egg-info/entry_points.txt
/home/ubuntu/Software/ROS2/Madox/madox_ws/install/ros2_rtimulib/lib/python3.8/site-packages/ros2_rtimulib-0.1.0-py3.8.egg-info/PKG-INFO
/home/ubuntu/Software/ROS2/Madox/madox_ws/install/ros2_rtimulib/lib/python3.8/site-packages/ros2_rtimulib-0.1.0-py3.8.egg-info/requires.txt
/home/ubuntu/Software/ROS2/Madox/madox_ws/install/ros2_rtimulib/lib/python3.8/site-packages/ros2_rtimulib-0.1.0-py3.8.egg-info/dependency_links.txt
/home/ubuntu/Software/ROS2/Madox/madox_ws/install/ros2_rtimulib/lib/ros2_rtimulib/imu_node
