[2.370s] Invoking command in '/home/paolo/NAS/Software/ROS2/Madox/madox_ws/src/ros2_rtimulib': PYTHONPATH=/home/paolo/NAS/Software/ROS2/Madox/madox_ws/install/ros2_rtimulib/lib/python3.8/site-packages:${PYTHONPATH} /usr/bin/python3 setup.py egg_info --egg-base ../../build/ros2_rtimulib build --build-base /home/paolo/NAS/Software/ROS2/Madox/madox_ws/build/ros2_rtimulib/build install --prefix /home/paolo/NAS/Software/ROS2/Madox/madox_ws/install/ros2_rtimulib --record /home/paolo/NAS/Software/ROS2/Madox/madox_ws/build/ros2_rtimulib/install.log --single-version-externally-managed
[2.964s] running egg_info
[2.969s] creating ../../build/ros2_rtimulib/ros2_rtimulib.egg-info
[2.973s] writing ../../build/ros2_rtimulib/ros2_rtimulib.egg-info/PKG-INFO
[3.002s] writing dependency_links to ../../build/ros2_rtimulib/ros2_rtimulib.egg-info/dependency_links.txt
[3.014s] writing entry points to ../../build/ros2_rtimulib/ros2_rtimulib.egg-info/entry_points.txt
[3.025s] writing requirements to ../../build/ros2_rtimulib/ros2_rtimulib.egg-info/requires.txt
[3.035s] writing top-level names to ../../build/ros2_rtimulib/ros2_rtimulib.egg-info/top_level.txt
[3.049s] writing manifest file '../../build/ros2_rtimulib/ros2_rtimulib.egg-info/SOURCES.txt'
[3.165s] reading manifest file '../../build/ros2_rtimulib/ros2_rtimulib.egg-info/SOURCES.txt'
[3.177s] writing manifest file '../../build/ros2_rtimulib/ros2_rtimulib.egg-info/SOURCES.txt'
[3.186s] running build
[3.187s] running build_py
[3.196s] creating /home/paolo/NAS/Software/ROS2/Madox/madox_ws/build/ros2_rtimulib/build
[3.197s] creating /home/paolo/NAS/Software/ROS2/Madox/madox_ws/build/ros2_rtimulib/build/lib
[3.201s] creating /home/paolo/NAS/Software/ROS2/Madox/madox_ws/build/ros2_rtimulib/build/lib/ros2_rtimulib
[3.212s] copying ros2_rtimulib/imu_Lib.py -> /home/paolo/NAS/Software/ROS2/Madox/madox_ws/build/ros2_rtimulib/build/lib/ros2_rtimulib
[3.241s] copying ros2_rtimulib/imu_utils.py -> /home/paolo/NAS/Software/ROS2/Madox/madox_ws/build/ros2_rtimulib/build/lib/ros2_rtimulib
[3.274s] copying ros2_rtimulib/__init__.py -> /home/paolo/NAS/Software/ROS2/Madox/madox_ws/build/ros2_rtimulib/build/lib/ros2_rtimulib
[3.304s] copying ros2_rtimulib/imu_node.py -> /home/paolo/NAS/Software/ROS2/Madox/madox_ws/build/ros2_rtimulib/build/lib/ros2_rtimulib
[3.336s] running install
[3.351s] running install_lib
[3.370s] creating /home/paolo/NAS/Software/ROS2/Madox/madox_ws/install/ros2_rtimulib/lib/python3.8/site-packages/ros2_rtimulib
[3.376s] copying /home/paolo/NAS/Software/ROS2/Madox/madox_ws/build/ros2_rtimulib/build/lib/ros2_rtimulib/imu_Lib.py -> /home/paolo/NAS/Software/ROS2/Madox/madox_ws/install/ros2_rtimulib/lib/python3.8/site-packages/ros2_rtimulib
[3.402s] copying /home/paolo/NAS/Software/ROS2/Madox/madox_ws/build/ros2_rtimulib/build/lib/ros2_rtimulib/imu_utils.py -> /home/paolo/NAS/Software/ROS2/Madox/madox_ws/install/ros2_rtimulib/lib/python3.8/site-packages/ros2_rtimulib
[3.433s] copying /home/paolo/NAS/Software/ROS2/Madox/madox_ws/build/ros2_rtimulib/build/lib/ros2_rtimulib/__init__.py -> /home/paolo/NAS/Software/ROS2/Madox/madox_ws/install/ros2_rtimulib/lib/python3.8/site-packages/ros2_rtimulib
[3.464s] copying /home/paolo/NAS/Software/ROS2/Madox/madox_ws/build/ros2_rtimulib/build/lib/ros2_rtimulib/imu_node.py -> /home/paolo/NAS/Software/ROS2/Madox/madox_ws/install/ros2_rtimulib/lib/python3.8/site-packages/ros2_rtimulib
[3.509s] byte-compiling /home/paolo/NAS/Software/ROS2/Madox/madox_ws/install/ros2_rtimulib/lib/python3.8/site-packages/ros2_rtimulib/imu_Lib.py to imu_Lib.cpython-38.pyc
[3.547s] byte-compiling /home/paolo/NAS/Software/ROS2/Madox/madox_ws/install/ros2_rtimulib/lib/python3.8/site-packages/ros2_rtimulib/imu_utils.py to imu_utils.cpython-38.pyc
[3.581s] byte-compiling /home/paolo/NAS/Software/ROS2/Madox/madox_ws/install/ros2_rtimulib/lib/python3.8/site-packages/ros2_rtimulib/__init__.py to __init__.cpython-38.pyc
[3.616s] byte-compiling /home/paolo/NAS/Software/ROS2/Madox/madox_ws/install/ros2_rtimulib/lib/python3.8/site-packages/ros2_rtimulib/imu_node.py to imu_node.cpython-38.pyc
[3.647s] running install_data
[3.654s] creating /home/paolo/NAS/Software/ROS2/Madox/madox_ws/install/ros2_rtimulib/share/ament_index
[3.657s] creating /home/paolo/NAS/Software/ROS2/Madox/madox_ws/install/ros2_rtimulib/share/ament_index/resource_index
[3.661s] creating /home/paolo/NAS/Software/ROS2/Madox/madox_ws/install/ros2_rtimulib/share/ament_index/resource_index/packages
[3.672s] copying resource/ros2_rtimulib -> /home/paolo/NAS/Software/ROS2/Madox/madox_ws/install/ros2_rtimulib/share/ament_index/resource_index/packages
[3.689s] copying package.xml -> /home/paolo/NAS/Software/ROS2/Madox/madox_ws/install/ros2_rtimulib/share/ros2_rtimulib
[3.714s] creating /home/paolo/NAS/Software/ROS2/Madox/madox_ws/install/ros2_rtimulib/share/ros2_rtimulib/launch
[3.720s] copying launch/rtimulib.launch.py -> /home/paolo/NAS/Software/ROS2/Madox/madox_ws/install/ros2_rtimulib/share/ros2_rtimulib/launch
[3.752s] creating /home/paolo/NAS/Software/ROS2/Madox/madox_ws/install/ros2_rtimulib/share/ros2_rtimulib/config
[3.757s] copying config/imu.yaml -> /home/paolo/NAS/Software/ROS2/Madox/madox_ws/install/ros2_rtimulib/share/ros2_rtimulib/config
[3.786s] copying config/RTIMULib.ini -> /home/paolo/NAS/Software/ROS2/Madox/madox_ws/install/ros2_rtimulib/share/ros2_rtimulib
[3.813s] running install_egg_info
[3.830s] Copying ../../build/ros2_rtimulib/ros2_rtimulib.egg-info to /home/paolo/NAS/Software/ROS2/Madox/madox_ws/install/ros2_rtimulib/lib/python3.8/site-packages/ros2_rtimulib-1.1.3-py3.8.egg-info
[4.080s] running install_scripts
[4.117s] Installing imu_node script to /home/paolo/NAS/Software/ROS2/Madox/madox_ws/install/ros2_rtimulib/lib/ros2_rtimulib
[4.139s] writing list of installed files to '/home/paolo/NAS/Software/ROS2/Madox/madox_ws/build/ros2_rtimulib/install.log'
[4.340s] Invoked command in '/home/paolo/NAS/Software/ROS2/Madox/madox_ws/src/ros2_rtimulib' returned '0': PYTHONPATH=/home/paolo/NAS/Software/ROS2/Madox/madox_ws/install/ros2_rtimulib/lib/python3.8/site-packages:${PYTHONPATH} /usr/bin/python3 setup.py egg_info --egg-base ../../build/ros2_rtimulib build --build-base /home/paolo/NAS/Software/ROS2/Madox/madox_ws/build/ros2_rtimulib/build install --prefix /home/paolo/NAS/Software/ROS2/Madox/madox_ws/install/ros2_rtimulib --record /home/paolo/NAS/Software/ROS2/Madox/madox_ws/build/ros2_rtimulib/install.log --single-version-externally-managed
