[2.009s] Invoking command in '/home/robot/Software/ROS2/Scrap/scrap_ws/src/py_drive': PYTHONPATH=/home/robot/Software/ROS2/Scrap/scrap_ws/install/py_drive/lib/python3.8/site-packages:${PYTHONPATH} /usr/bin/python3 setup.py egg_info --egg-base ../../build/py_drive build --build-base /home/robot/Software/ROS2/Scrap/scrap_ws/build/py_drive/build install --prefix /home/robot/Software/ROS2/Scrap/scrap_ws/install/py_drive --record /home/robot/Software/ROS2/Scrap/scrap_ws/build/py_drive/install.log --single-version-externally-managed
[2.813s] running egg_info
[2.819s] writing ../../build/py_drive/py_drive.egg-info/PKG-INFO
[2.841s] writing dependency_links to ../../build/py_drive/py_drive.egg-info/dependency_links.txt
[2.856s] writing entry points to ../../build/py_drive/py_drive.egg-info/entry_points.txt
[2.870s] writing requirements to ../../build/py_drive/py_drive.egg-info/requires.txt
[2.883s] writing top-level names to ../../build/py_drive/py_drive.egg-info/top_level.txt
[3.120s] reading manifest file '../../build/py_drive/py_drive.egg-info/SOURCES.txt'
[3.136s] writing manifest file '../../build/py_drive/py_drive.egg-info/SOURCES.txt'
[3.147s] running build
[3.147s] running build_py
[3.169s] copying py_drive/subscriber_member_function.py -> /home/robot/Software/ROS2/Scrap/scrap_ws/build/py_drive/build/lib/py_drive
[3.196s] running install
[3.199s] running install_lib
[3.220s] copying /home/robot/Software/ROS2/Scrap/scrap_ws/build/py_drive/build/lib/py_drive/subscriber_member_function.py -> /home/robot/Software/ROS2/Scrap/scrap_ws/install/py_drive/lib/python3.8/site-packages/py_drive
[3.253s] byte-compiling /home/robot/Software/ROS2/Scrap/scrap_ws/install/py_drive/lib/python3.8/site-packages/py_drive/subscriber_member_function.py to subscriber_member_function.cpython-38.pyc
[3.284s] running install_data
[3.306s] running install_egg_info
[3.314s] removing '/home/robot/Software/ROS2/Scrap/scrap_ws/install/py_drive/lib/python3.8/site-packages/py_drive-0.0.0-py3.8.egg-info' (and everything under it)
[3.334s] Copying ../../build/py_drive/py_drive.egg-info to /home/robot/Software/ROS2/Scrap/scrap_ws/install/py_drive/lib/python3.8/site-packages/py_drive-0.0.0-py3.8.egg-info
[3.475s] running install_scripts
[3.550s] Installing listener script to /home/robot/Software/ROS2/Scrap/scrap_ws/install/py_drive/lib/py_drive
[3.567s] Installing talker script to /home/robot/Software/ROS2/Scrap/scrap_ws/install/py_drive/lib/py_drive
[3.586s] writing list of installed files to '/home/robot/Software/ROS2/Scrap/scrap_ws/build/py_drive/install.log'
[4.107s] Invoked command in '/home/robot/Software/ROS2/Scrap/scrap_ws/src/py_drive' returned '0': PYTHONPATH=/home/robot/Software/ROS2/Scrap/scrap_ws/install/py_drive/lib/python3.8/site-packages:${PYTHONPATH} /usr/bin/python3 setup.py egg_info --egg-base ../../build/py_drive build --build-base /home/robot/Software/ROS2/Scrap/scrap_ws/build/py_drive/build install --prefix /home/robot/Software/ROS2/Scrap/scrap_ws/install/py_drive --record /home/robot/Software/ROS2/Scrap/scrap_ws/build/py_drive/install.log --single-version-externally-managed
