[1.335s] DEBUG:colcon:Command line arguments: ['/usr/bin/colcon', 'build']
[1.337s] DEBUG:colcon:Parsed command line arguments: Namespace(ament_cmake_args=None, base_paths=['.'], build_base='build', catkin_cmake_args=None, catkin_skip_building_tests=False, cmake_args=None, cmake_clean_cache=False, cmake_clean_first=False, cmake_force_configure=False, cmake_target=None, cmake_target_skip_unavailable=False, continue_on_error=False, event_handlers=None, executor='parallel', ignore_user_meta=False, install_base='install', log_base=None, log_level=None, main=<bound method BuildVerb.main of <colcon_core.verb.build.BuildVerb object at 0x7f845397c0>>, merge_install=False, metas=['./colcon.meta'], packages_above=None, packages_above_and_dependencies=None, packages_above_depth=None, packages_end=None, packages_ignore=None, packages_ignore_regex=None, packages_select=None, packages_select_build_failed=False, packages_select_by_dep=None, packages_select_regex=None, packages_select_test_failures=False, packages_skip=None, packages_skip_build_finished=False, packages_skip_by_dep=None, packages_skip_regex=None, packages_skip_test_passed=False, packages_skip_up_to=None, packages_start=None, packages_up_to=None, packages_up_to_regex=None, parallel_workers=4, paths=None, symlink_install=False, test_result_base=None, verb_extension=<colcon_core.verb.build.BuildVerb object at 0x7f845397c0>, verb_name='build', verb_parser=<colcon_defaults.argument_parser.defaults.DefaultArgumentsDecorator object at 0x7f84539d30>)
[1.385s] Level 1:colcon.colcon_core.package_discovery:discover_packages(colcon_meta) check parameters
[1.386s] Level 1:colcon.colcon_core.package_discovery:discover_packages(recursive) check parameters
[1.386s] Level 1:colcon.colcon_core.package_discovery:discover_packages(ignore) check parameters
[1.386s] Level 1:colcon.colcon_core.package_discovery:discover_packages(path) check parameters
[1.386s] Level 1:colcon.colcon_core.package_discovery:discover_packages(colcon_meta) discover
[1.387s] Level 1:colcon.colcon_core.package_discovery:discover_packages(recursive) discover
[1.387s] INFO:colcon.colcon_core.package_discovery:Crawling recursively for packages in '/home/robot/Software/ROS2/Madox/madox_ws'
[1.389s] Level 1:colcon.colcon_core.package_identification:_identify(.) by extensions ['ignore', 'ignore_ament_install']
[1.389s] Level 1:colcon.colcon_core.package_identification:_identify(.) by extension 'ignore'
[1.390s] Level 1:colcon.colcon_core.package_identification:_identify(.) by extension 'ignore_ament_install'
[1.390s] Level 1:colcon.colcon_core.package_identification:_identify(.) by extensions ['colcon_pkg']
[1.390s] Level 1:colcon.colcon_core.package_identification:_identify(.) by extension 'colcon_pkg'
[1.390s] Level 1:colcon.colcon_core.package_identification:_identify(.) by extensions ['colcon_meta']
[1.390s] Level 1:colcon.colcon_core.package_identification:_identify(.) by extension 'colcon_meta'
[1.391s] Level 1:colcon.colcon_core.package_identification:_identify(.) by extensions ['ros']
[1.391s] Level 1:colcon.colcon_core.package_identification:_identify(.) by extension 'ros'
[1.435s] Level 1:colcon.colcon_core.package_identification:_identify(.) by extensions ['cmake', 'python']
[1.435s] Level 1:colcon.colcon_core.package_identification:_identify(.) by extension 'cmake'
[1.435s] Level 1:colcon.colcon_core.package_identification:_identify(.) by extension 'python'
[1.436s] Level 1:colcon.colcon_core.package_identification:_identify(.) by extensions ['python_setup_py']
[1.436s] Level 1:colcon.colcon_core.package_identification:_identify(.) by extension 'python_setup_py'
[1.439s] Level 1:colcon.colcon_core.package_identification:_identify(build) by extensions ['ignore', 'ignore_ament_install']
[1.441s] Level 1:colcon.colcon_core.package_identification:_identify(build) by extension 'ignore'
[1.441s] Level 1:colcon.colcon_core.package_identification:_identify(build) ignored
[1.444s] Level 1:colcon.colcon_core.package_identification:_identify(install) by extensions ['ignore', 'ignore_ament_install']
[1.444s] Level 1:colcon.colcon_core.package_identification:_identify(install) by extension 'ignore'
[1.444s] Level 1:colcon.colcon_core.package_identification:_identify(install) ignored
[1.451s] Level 1:colcon.colcon_core.package_identification:_identify(log) by extensions ['ignore', 'ignore_ament_install']
[1.454s] Level 1:colcon.colcon_core.package_identification:_identify(log) by extension 'ignore'
[1.454s] Level 1:colcon.colcon_core.package_identification:_identify(log) ignored
[1.459s] Level 1:colcon.colcon_core.package_identification:_identify(src) by extensions ['ignore', 'ignore_ament_install']
[1.461s] Level 1:colcon.colcon_core.package_identification:_identify(src) by extension 'ignore'
[1.461s] Level 1:colcon.colcon_core.package_identification:_identify(src) by extension 'ignore_ament_install'
[1.461s] Level 1:colcon.colcon_core.package_identification:_identify(src) by extensions ['colcon_pkg']
[1.461s] Level 1:colcon.colcon_core.package_identification:_identify(src) by extension 'colcon_pkg'
[1.462s] Level 1:colcon.colcon_core.package_identification:_identify(src) by extensions ['colcon_meta']
[1.462s] Level 1:colcon.colcon_core.package_identification:_identify(src) by extension 'colcon_meta'
[1.462s] Level 1:colcon.colcon_core.package_identification:_identify(src) by extensions ['ros']
[1.462s] Level 1:colcon.colcon_core.package_identification:_identify(src) by extension 'ros'
[1.463s] Level 1:colcon.colcon_core.package_identification:_identify(src) by extensions ['cmake', 'python']
[1.463s] Level 1:colcon.colcon_core.package_identification:_identify(src) by extension 'cmake'
[1.463s] Level 1:colcon.colcon_core.package_identification:_identify(src) by extension 'python'
[1.463s] Level 1:colcon.colcon_core.package_identification:_identify(src) by extensions ['python_setup_py']
[1.463s] Level 1:colcon.colcon_core.package_identification:_identify(src) by extension 'python_setup_py'
[1.467s] Level 1:colcon.colcon_core.package_identification:_identify(src/py_camera) by extensions ['ignore', 'ignore_ament_install']
[1.468s] Level 1:colcon.colcon_core.package_identification:_identify(src/py_camera) by extension 'ignore'
[1.469s] Level 1:colcon.colcon_core.package_identification:_identify(src/py_camera) by extension 'ignore_ament_install'
[1.469s] Level 1:colcon.colcon_core.package_identification:_identify(src/py_camera) by extensions ['colcon_pkg']
[1.469s] Level 1:colcon.colcon_core.package_identification:_identify(src/py_camera) by extension 'colcon_pkg'
[1.469s] Level 1:colcon.colcon_core.package_identification:_identify(src/py_camera) by extensions ['colcon_meta']
[1.469s] Level 1:colcon.colcon_core.package_identification:_identify(src/py_camera) by extension 'colcon_meta'
[1.470s] Level 1:colcon.colcon_core.package_identification:_identify(src/py_camera) by extensions ['ros']
[1.470s] Level 1:colcon.colcon_core.package_identification:_identify(src/py_camera) by extension 'ros'
[1.493s] DEBUG:colcon.colcon_core.package_identification:Package 'src/py_camera' with type 'ros.ament_python' and name 'py_camera'
[1.499s] Level 1:colcon.colcon_core.package_identification:_identify(src/py_drive) by extensions ['ignore', 'ignore_ament_install']
[1.501s] Level 1:colcon.colcon_core.package_identification:_identify(src/py_drive) by extension 'ignore'
[1.501s] Level 1:colcon.colcon_core.package_identification:_identify(src/py_drive) by extension 'ignore_ament_install'
[1.501s] Level 1:colcon.colcon_core.package_identification:_identify(src/py_drive) by extensions ['colcon_pkg']
[1.501s] Level 1:colcon.colcon_core.package_identification:_identify(src/py_drive) by extension 'colcon_pkg'
[1.502s] Level 1:colcon.colcon_core.package_identification:_identify(src/py_drive) by extensions ['colcon_meta']
[1.502s] Level 1:colcon.colcon_core.package_identification:_identify(src/py_drive) by extension 'colcon_meta'
[1.502s] Level 1:colcon.colcon_core.package_identification:_identify(src/py_drive) by extensions ['ros']
[1.502s] Level 1:colcon.colcon_core.package_identification:_identify(src/py_drive) by extension 'ros'
[1.520s] DEBUG:colcon.colcon_core.package_identification:Package 'src/py_drive' with type 'ros.ament_python' and name 'py_drive'
[1.521s] Level 1:colcon.colcon_core.package_discovery:discover_packages(recursive) using defaults
[1.522s] Level 1:colcon.colcon_core.package_discovery:discover_packages(ignore) discover
[1.522s] Level 1:colcon.colcon_core.package_discovery:discover_packages(ignore) using defaults
[1.522s] Level 1:colcon.colcon_core.package_discovery:discover_packages(path) discover
[1.522s] Level 1:colcon.colcon_core.package_discovery:discover_packages(path) using defaults
[1.621s] Level 5:colcon.colcon_core.verb:set package 'py_camera' build argument 'cmake_args' from command line to 'None'
[1.621s] Level 5:colcon.colcon_core.verb:set package 'py_camera' build argument 'cmake_target' from command line to 'None'
[1.621s] Level 5:colcon.colcon_core.verb:set package 'py_camera' build argument 'cmake_target_skip_unavailable' from command line to 'False'
[1.622s] Level 5:colcon.colcon_core.verb:set package 'py_camera' build argument 'cmake_clean_cache' from command line to 'False'
[1.622s] Level 5:colcon.colcon_core.verb:set package 'py_camera' build argument 'cmake_clean_first' from command line to 'False'
[1.622s] Level 5:colcon.colcon_core.verb:set package 'py_camera' build argument 'cmake_force_configure' from command line to 'False'
[1.622s] Level 5:colcon.colcon_core.verb:set package 'py_camera' build argument 'ament_cmake_args' from command line to 'None'
[1.622s] Level 5:colcon.colcon_core.verb:set package 'py_camera' build argument 'catkin_cmake_args' from command line to 'None'
[1.622s] Level 5:colcon.colcon_core.verb:set package 'py_camera' build argument 'catkin_skip_building_tests' from command line to 'False'
[1.622s] DEBUG:colcon.colcon_core.verb:Building package 'py_camera' with the following arguments: {'ament_cmake_args': None, 'build_base': '/home/robot/Software/ROS2/Madox/madox_ws/build/py_camera', 'catkin_cmake_args': None, 'catkin_skip_building_tests': False, 'cmake_args': None, 'cmake_clean_cache': False, 'cmake_clean_first': False, 'cmake_force_configure': False, 'cmake_target': None, 'cmake_target_skip_unavailable': False, 'install_base': '/home/robot/Software/ROS2/Madox/madox_ws/install/py_camera', 'merge_install': False, 'path': '/home/robot/Software/ROS2/Madox/madox_ws/src/py_camera', 'symlink_install': False, 'test_result_base': None}
[1.637s] Level 5:colcon.colcon_core.verb:set package 'py_drive' build argument 'cmake_args' from command line to 'None'
[1.637s] Level 5:colcon.colcon_core.verb:set package 'py_drive' build argument 'cmake_target' from command line to 'None'
[1.637s] Level 5:colcon.colcon_core.verb:set package 'py_drive' build argument 'cmake_target_skip_unavailable' from command line to 'False'
[1.638s] Level 5:colcon.colcon_core.verb:set package 'py_drive' build argument 'cmake_clean_cache' from command line to 'False'
[1.638s] Level 5:colcon.colcon_core.verb:set package 'py_drive' build argument 'cmake_clean_first' from command line to 'False'
[1.638s] Level 5:colcon.colcon_core.verb:set package 'py_drive' build argument 'cmake_force_configure' from command line to 'False'
[1.638s] Level 5:colcon.colcon_core.verb:set package 'py_drive' build argument 'ament_cmake_args' from command line to 'None'
[1.638s] Level 5:colcon.colcon_core.verb:set package 'py_drive' build argument 'catkin_cmake_args' from command line to 'None'
[1.638s] Level 5:colcon.colcon_core.verb:set package 'py_drive' build argument 'catkin_skip_building_tests' from command line to 'False'
[1.638s] DEBUG:colcon.colcon_core.verb:Building package 'py_drive' with the following arguments: {'ament_cmake_args': None, 'build_base': '/home/robot/Software/ROS2/Madox/madox_ws/build/py_drive', 'catkin_cmake_args': None, 'catkin_skip_building_tests': False, 'cmake_args': None, 'cmake_clean_cache': False, 'cmake_clean_first': False, 'cmake_force_configure': False, 'cmake_target': None, 'cmake_target_skip_unavailable': False, 'install_base': '/home/robot/Software/ROS2/Madox/madox_ws/install/py_drive', 'merge_install': False, 'path': '/home/robot/Software/ROS2/Madox/madox_ws/src/py_drive', 'symlink_install': False, 'test_result_base': None}
[1.640s] INFO:colcon.colcon_core.executor:Executing jobs using 'parallel' executor
[1.648s] DEBUG:colcon.colcon_parallel_executor.executor.parallel:run_until_complete
[1.648s] INFO:colcon.colcon_ros.task.ament_python.build:Building ROS package in '/home/robot/Software/ROS2/Madox/madox_ws/src/py_camera' with build type 'ament_python'
[1.649s] Level 1:colcon.colcon_core.shell:create_environment_hook('py_camera', 'ament_prefix_path')
[1.663s] INFO:colcon.colcon_core.plugin_system:Skipping extension 'colcon_core.shell.bat': Not used on non-Windows systems
[1.664s] INFO:colcon.colcon_core.shell:Creating environment hook '/home/robot/Software/ROS2/Madox/madox_ws/install/py_camera/share/py_camera/hook/ament_prefix_path.ps1'
[1.687s] INFO:colcon.colcon_core.shell:Creating environment descriptor '/home/robot/Software/ROS2/Madox/madox_ws/install/py_camera/share/py_camera/hook/ament_prefix_path.dsv'
[1.702s] INFO:colcon.colcon_core.shell:Creating environment hook '/home/robot/Software/ROS2/Madox/madox_ws/install/py_camera/share/py_camera/hook/ament_prefix_path.sh'
[1.722s] INFO:colcon.colcon_core.shell:Skip shell extension 'powershell' for command environment: Not usable outside of PowerShell
[1.722s] DEBUG:colcon.colcon_core.shell:Skip shell extension 'dsv' for command environment
[1.789s] DEBUG:colcon.colcon_core.shell:Ignoring prefix path '/opt/ros/foxy'
[1.835s] INFO:colcon.colcon_ros.task.ament_python.build:Building ROS package in '/home/robot/Software/ROS2/Madox/madox_ws/src/py_drive' with build type 'ament_python'
[1.836s] Level 1:colcon.colcon_core.shell:create_environment_hook('py_drive', 'ament_prefix_path')
[1.839s] INFO:colcon.colcon_core.shell:Creating environment hook '/home/robot/Software/ROS2/Madox/madox_ws/install/py_drive/share/py_drive/hook/ament_prefix_path.ps1'
[1.864s] INFO:colcon.colcon_core.shell:Creating environment descriptor '/home/robot/Software/ROS2/Madox/madox_ws/install/py_drive/share/py_drive/hook/ament_prefix_path.dsv'
[1.886s] INFO:colcon.colcon_core.shell:Creating environment hook '/home/robot/Software/ROS2/Madox/madox_ws/install/py_drive/share/py_drive/hook/ament_prefix_path.sh'
[1.908s] INFO:colcon.colcon_core.shell:Skip shell extension 'powershell' for command environment: Not usable outside of PowerShell
[1.908s] DEBUG:colcon.colcon_core.shell:Skip shell extension 'dsv' for command environment
[1.938s] DEBUG:colcon.colcon_core.shell:Ignoring prefix path '/opt/ros/foxy'
[2.973s] INFO:colcon.colcon_core.task.python.build:Building Python package in '/home/robot/Software/ROS2/Madox/madox_ws/src/py_camera'
[2.977s] INFO:colcon.colcon_core.shell:Skip shell extension 'powershell' for command environment: Not usable outside of PowerShell
[2.978s] DEBUG:colcon.colcon_core.shell:Skip shell extension 'dsv' for command environment
[3.009s] DEBUG:colcon.colcon_core.shell:Ignoring prefix path '/opt/ros/foxy'
[4.071s] INFO:colcon.colcon_core.task.python.build:Building Python package in '/home/robot/Software/ROS2/Madox/madox_ws/src/py_drive'
[4.075s] INFO:colcon.colcon_core.shell:Skip shell extension 'powershell' for command environment: Not usable outside of PowerShell
[4.075s] DEBUG:colcon.colcon_core.shell:Skip shell extension 'dsv' for command environment
[4.109s] DEBUG:colcon.colcon_core.shell:Ignoring prefix path '/opt/ros/foxy'
[4.208s] DEBUG:colcon.colcon_core.event_handler.log_command:Invoking command in '/home/robot/Software/ROS2/Madox/madox_ws/src/py_camera': PYTHONPATH=/home/robot/Software/ROS2/Madox/madox_ws/install/py_camera/lib/python3.8/site-packages:${PYTHONPATH} /usr/bin/python3 setup.py egg_info --egg-base ../../build/py_camera build --build-base /home/robot/Software/ROS2/Madox/madox_ws/build/py_camera/build install --prefix /home/robot/Software/ROS2/Madox/madox_ws/install/py_camera --record /home/robot/Software/ROS2/Madox/madox_ws/build/py_camera/install.log --single-version-externally-managed
[4.253s] DEBUG:colcon.colcon_core.event_handler.log_command:Invoking command in '/home/robot/Software/ROS2/Madox/madox_ws/src/py_drive': PYTHONPATH=/home/robot/Software/ROS2/Madox/madox_ws/install/py_drive/lib/python3.8/site-packages:${PYTHONPATH} /usr/bin/python3 setup.py egg_info --egg-base ../../build/py_drive build --build-base /home/robot/Software/ROS2/Madox/madox_ws/build/py_drive/build install --prefix /home/robot/Software/ROS2/Madox/madox_ws/install/py_drive --record /home/robot/Software/ROS2/Madox/madox_ws/build/py_drive/install.log --single-version-externally-managed
[5.968s] DEBUG:colcon.colcon_core.event_handler.log_command:Invoked command in '/home/robot/Software/ROS2/Madox/madox_ws/src/py_camera' returned '0': PYTHONPATH=/home/robot/Software/ROS2/Madox/madox_ws/install/py_camera/lib/python3.8/site-packages:${PYTHONPATH} /usr/bin/python3 setup.py egg_info --egg-base ../../build/py_camera build --build-base /home/robot/Software/ROS2/Madox/madox_ws/build/py_camera/build install --prefix /home/robot/Software/ROS2/Madox/madox_ws/install/py_camera --record /home/robot/Software/ROS2/Madox/madox_ws/build/py_camera/install.log --single-version-externally-managed
[5.985s] Level 1:colcon.colcon_core.environment:checking '/home/robot/Software/ROS2/Madox/madox_ws/install/py_camera' for CMake module files
[6.002s] Level 1:colcon.colcon_core.environment:checking '/home/robot/Software/ROS2/Madox/madox_ws/install/py_camera' for CMake config files
[6.046s] Level 1:colcon.colcon_core.environment:checking '/home/robot/Software/ROS2/Madox/madox_ws/install/py_camera/lib'
[6.049s] Level 1:colcon.colcon_core.environment:checking '/home/robot/Software/ROS2/Madox/madox_ws/install/py_camera/bin'
[6.050s] Level 1:colcon.colcon_core.environment:checking '/home/robot/Software/ROS2/Madox/madox_ws/install/py_camera/lib/pkgconfig/py_camera.pc'
[6.050s] Level 1:colcon.colcon_core.environment:checking '/home/robot/Software/ROS2/Madox/madox_ws/install/py_camera/lib/python3.8/site-packages'
[6.051s] Level 1:colcon.colcon_core.shell:create_environment_hook('py_camera', 'pythonpath')
[6.055s] INFO:colcon.colcon_core.shell:Creating environment hook '/home/robot/Software/ROS2/Madox/madox_ws/install/py_camera/share/py_camera/hook/pythonpath.ps1'
[6.069s] INFO:colcon.colcon_core.shell:Creating environment descriptor '/home/robot/Software/ROS2/Madox/madox_ws/install/py_camera/share/py_camera/hook/pythonpath.dsv'
[6.084s] INFO:colcon.colcon_core.shell:Creating environment hook '/home/robot/Software/ROS2/Madox/madox_ws/install/py_camera/share/py_camera/hook/pythonpath.sh'
[6.099s] Level 1:colcon.colcon_core.environment:create_environment_scripts_only(py_camera)
[6.106s] INFO:colcon.colcon_core.shell:Creating package script '/home/robot/Software/ROS2/Madox/madox_ws/install/py_camera/share/py_camera/package.ps1'
[6.122s] INFO:colcon.colcon_core.shell:Creating package descriptor '/home/robot/Software/ROS2/Madox/madox_ws/install/py_camera/share/py_camera/package.dsv'
[6.135s] INFO:colcon.colcon_core.shell:Creating package script '/home/robot/Software/ROS2/Madox/madox_ws/install/py_camera/share/py_camera/package.sh'
[6.149s] INFO:colcon.colcon_core.shell:Creating package script '/home/robot/Software/ROS2/Madox/madox_ws/install/py_camera/share/py_camera/package.bash'
[6.163s] INFO:colcon.colcon_core.shell:Creating package script '/home/robot/Software/ROS2/Madox/madox_ws/install/py_camera/share/py_camera/package.zsh'
[6.177s] Level 1:colcon.colcon_core.environment:create_file_with_runtime_dependencies(/home/robot/Software/ROS2/Madox/madox_ws/install/py_camera/share/colcon-core/packages/py_camera)
[6.195s] Level 1:colcon.colcon_core.environment:checking '/home/robot/Software/ROS2/Madox/madox_ws/install/py_drive' for CMake module files
[6.213s] Level 1:colcon.colcon_core.environment:checking '/home/robot/Software/ROS2/Madox/madox_ws/install/py_drive' for CMake config files
[6.230s] DEBUG:colcon.colcon_core.event_handler.log_command:Invoked command in '/home/robot/Software/ROS2/Madox/madox_ws/src/py_drive' returned '0': PYTHONPATH=/home/robot/Software/ROS2/Madox/madox_ws/install/py_drive/lib/python3.8/site-packages:${PYTHONPATH} /usr/bin/python3 setup.py egg_info --egg-base ../../build/py_drive build --build-base /home/robot/Software/ROS2/Madox/madox_ws/build/py_drive/build install --prefix /home/robot/Software/ROS2/Madox/madox_ws/install/py_drive --record /home/robot/Software/ROS2/Madox/madox_ws/build/py_drive/install.log --single-version-externally-managed
[6.253s] Level 1:colcon.colcon_core.environment:checking '/home/robot/Software/ROS2/Madox/madox_ws/install/py_drive/lib'
[6.255s] Level 1:colcon.colcon_core.environment:checking '/home/robot/Software/ROS2/Madox/madox_ws/install/py_drive/bin'
[6.256s] Level 1:colcon.colcon_core.environment:checking '/home/robot/Software/ROS2/Madox/madox_ws/install/py_drive/lib/pkgconfig/py_drive.pc'
[6.256s] Level 1:colcon.colcon_core.environment:checking '/home/robot/Software/ROS2/Madox/madox_ws/install/py_drive/lib/python3.8/site-packages'
[6.256s] Level 1:colcon.colcon_core.shell:create_environment_hook('py_drive', 'pythonpath')
[6.260s] INFO:colcon.colcon_core.shell:Creating environment hook '/home/robot/Software/ROS2/Madox/madox_ws/install/py_drive/share/py_drive/hook/pythonpath.ps1'
[6.277s] INFO:colcon.colcon_core.shell:Creating environment descriptor '/home/robot/Software/ROS2/Madox/madox_ws/install/py_drive/share/py_drive/hook/pythonpath.dsv'
[6.294s] INFO:colcon.colcon_core.shell:Creating environment hook '/home/robot/Software/ROS2/Madox/madox_ws/install/py_drive/share/py_drive/hook/pythonpath.sh'
[6.309s] Level 1:colcon.colcon_core.environment:create_environment_scripts_only(py_drive)
[6.313s] INFO:colcon.colcon_core.shell:Creating package script '/home/robot/Software/ROS2/Madox/madox_ws/install/py_drive/share/py_drive/package.ps1'
[6.327s] INFO:colcon.colcon_core.shell:Creating package descriptor '/home/robot/Software/ROS2/Madox/madox_ws/install/py_drive/share/py_drive/package.dsv'
[6.340s] INFO:colcon.colcon_core.shell:Creating package script '/home/robot/Software/ROS2/Madox/madox_ws/install/py_drive/share/py_drive/package.sh'
[6.353s] INFO:colcon.colcon_core.shell:Creating package script '/home/robot/Software/ROS2/Madox/madox_ws/install/py_drive/share/py_drive/package.bash'
[6.365s] INFO:colcon.colcon_core.shell:Creating package script '/home/robot/Software/ROS2/Madox/madox_ws/install/py_drive/share/py_drive/package.zsh'
[6.378s] Level 1:colcon.colcon_core.environment:create_file_with_runtime_dependencies(/home/robot/Software/ROS2/Madox/madox_ws/install/py_drive/share/colcon-core/packages/py_drive)
[6.393s] DEBUG:colcon.colcon_parallel_executor.executor.parallel:closing loop
[6.395s] DEBUG:colcon.colcon_parallel_executor.executor.parallel:loop closed
[6.395s] DEBUG:colcon.colcon_parallel_executor.executor.parallel:run_until_complete finished with '0'
[6.396s] DEBUG:colcon.colcon_core.event_reactor:joining thread
[6.471s] INFO:colcon.colcon_core.plugin_system:Skipping extension 'colcon_notification.desktop_notification.terminal_notifier': Not used on non-Darwin systems
[6.471s] INFO:colcon.colcon_core.plugin_system:Skipping extension 'colcon_notification.desktop_notification.win32': Not used on non-Windows systems
[6.471s] INFO:colcon.colcon_notification.desktop_notification:Sending desktop notification using 'notify2'
[31.498s] DEBUG:colcon.colcon_notification.desktop_notification.notify2:Failed to initialize notify2: org.freedesktop.DBus.Error.NoReply: Did not receive a reply. Possible causes include: the remote application did not send a reply, the message bus security policy blocked the reply, the reply timeout expired, or the network connection was broken.
[31.502s] DEBUG:colcon.colcon_core.event_reactor:joined thread
[31.509s] INFO:colcon.colcon_core.shell:Creating prefix script '/home/robot/Software/ROS2/Madox/madox_ws/install/local_setup.ps1'
[31.530s] INFO:colcon.colcon_core.shell:Creating prefix util module '/home/robot/Software/ROS2/Madox/madox_ws/install/_local_setup_util_ps1.py'
[31.562s] INFO:colcon.colcon_core.shell:Creating prefix chain script '/home/robot/Software/ROS2/Madox/madox_ws/install/setup.ps1'
[31.605s] INFO:colcon.colcon_core.shell:Creating prefix script '/home/robot/Software/ROS2/Madox/madox_ws/install/local_setup.sh'
[31.622s] INFO:colcon.colcon_core.shell:Creating prefix util module '/home/robot/Software/ROS2/Madox/madox_ws/install/_local_setup_util_sh.py'
[31.638s] INFO:colcon.colcon_core.shell:Creating prefix chain script '/home/robot/Software/ROS2/Madox/madox_ws/install/setup.sh'
[31.671s] INFO:colcon.colcon_core.shell:Creating prefix script '/home/robot/Software/ROS2/Madox/madox_ws/install/local_setup.bash'
[31.688s] INFO:colcon.colcon_core.shell:Creating prefix chain script '/home/robot/Software/ROS2/Madox/madox_ws/install/setup.bash'
[31.727s] INFO:colcon.colcon_core.shell:Creating prefix script '/home/robot/Software/ROS2/Madox/madox_ws/install/local_setup.zsh'
[31.745s] INFO:colcon.colcon_core.shell:Creating prefix chain script '/home/robot/Software/ROS2/Madox/madox_ws/install/setup.zsh'
