[1.907s] Invoking command in '/home/paolo/NAS/Software/ROS2/service_client_ws/src/drive': PYTHONPATH=/home/paolo/NAS/Software/ROS2/service_client_ws/install/drive/lib/python3.8/site-packages:${PYTHONPATH} /usr/bin/python3 setup.py egg_info --egg-base ../../build/drive build --build-base /home/paolo/NAS/Software/ROS2/service_client_ws/build/drive/build install --prefix /home/paolo/NAS/Software/ROS2/service_client_ws/install/drive --record /home/paolo/NAS/Software/ROS2/service_client_ws/build/drive/install.log --single-version-externally-managed
[2.310s] running egg_info
[2.312s] writing ../../build/drive/drive.egg-info/PKG-INFO
[2.332s] writing dependency_links to ../../build/drive/drive.egg-info/dependency_links.txt
[2.354s] writing entry points to ../../build/drive/drive.egg-info/entry_points.txt
[2.374s] writing requirements to ../../build/drive/drive.egg-info/requires.txt
[2.390s] writing top-level names to ../../build/drive/drive.egg-info/top_level.txt
[2.474s] reading manifest file '../../build/drive/drive.egg-info/SOURCES.txt'
[2.500s] writing manifest file '../../build/drive/drive.egg-info/SOURCES.txt'
[2.511s] running build
[2.512s] running build_py
[2.531s] running install
[2.535s] running install_lib
[2.566s] running install_data
[2.579s] running install_egg_info
[2.589s] removing '/home/paolo/NAS/Software/ROS2/service_client_ws/install/drive/lib/python3.8/site-packages/drive-0.0.0-py3.8.egg-info' (and everything under it)
[2.632s] Copying ../../build/drive/drive.egg-info to /home/paolo/NAS/Software/ROS2/service_client_ws/install/drive/lib/python3.8/site-packages/drive-0.0.0-py3.8.egg-info
[2.859s] running install_scripts
[2.931s] Installing client script to /home/paolo/NAS/Software/ROS2/service_client_ws/install/drive/lib/drive
[2.946s] Installing service script to /home/paolo/NAS/Software/ROS2/service_client_ws/install/drive/lib/drive
[2.966s] writing list of installed files to '/home/paolo/NAS/Software/ROS2/service_client_ws/build/drive/install.log'
[3.022s] Invoked command in '/home/paolo/NAS/Software/ROS2/service_client_ws/src/drive' returned '0': PYTHONPATH=/home/paolo/NAS/Software/ROS2/service_client_ws/install/drive/lib/python3.8/site-packages:${PYTHONPATH} /usr/bin/python3 setup.py egg_info --egg-base ../../build/drive build --build-base /home/paolo/NAS/Software/ROS2/service_client_ws/build/drive/build install --prefix /home/paolo/NAS/Software/ROS2/service_client_ws/install/drive --record /home/paolo/NAS/Software/ROS2/service_client_ws/build/drive/install.log --single-version-externally-managed
