[5.480s] Invoking command in '/home/robot/Software/ROS2/Madox/madox_ws/src/oled_display': PYTHONPATH=/home/robot/Software/ROS2/Madox/madox_ws/install/oled_display/lib/python3.8/site-packages:${PYTHONPATH} /usr/bin/python3 setup.py egg_info --egg-base ../../build/oled_display build --build-base /home/robot/Software/ROS2/Madox/madox_ws/build/oled_display/build install --prefix /home/robot/Software/ROS2/Madox/madox_ws/install/oled_display --record /home/robot/Software/ROS2/Madox/madox_ws/build/oled_display/install.log --single-version-externally-managed
[6.498s] /home/robot/.local/lib/python3.8/site-packages/setuptools/dist.py:642: UserWarning: Usage of dash-separated 'script-dir' will not be supported in future versions. Please use the underscore name 'script_dir' instead
[6.499s]   warnings.warn(
[6.500s] /home/robot/.local/lib/python3.8/site-packages/setuptools/dist.py:642: UserWarning: Usage of dash-separated 'install-scripts' will not be supported in future versions. Please use the underscore name 'install_scripts' instead
[6.500s]   warnings.warn(
[6.674s] running egg_info
[6.682s] writing ../../build/oled_display/oled_display.egg-info/PKG-INFO
[6.807s] writing dependency_links to ../../build/oled_display/oled_display.egg-info/dependency_links.txt
[6.825s] writing entry points to ../../build/oled_display/oled_display.egg-info/entry_points.txt
[6.842s] writing requirements to ../../build/oled_display/oled_display.egg-info/requires.txt
[6.856s] writing top-level names to ../../build/oled_display/oled_display.egg-info/top_level.txt
[7.078s] reading manifest file '../../build/oled_display/oled_display.egg-info/SOURCES.txt'
[7.094s] writing manifest file '../../build/oled_display/oled_display.egg-info/SOURCES.txt'
[7.108s] running build
[7.109s] running build_py
[7.142s] running install
[7.145s] running install_lib
[7.247s] running install_data
[7.250s] running install_egg_info
[7.251s] removing '/home/robot/Software/ROS2/Madox/madox_ws/install/oled_display/lib/python3.8/site-packages/oled_display-0.0.0-py3.8.egg-info' (and everything under it)
[7.265s] Copying ../../build/oled_display/oled_display.egg-info to /home/robot/Software/ROS2/Madox/madox_ws/install/oled_display/lib/python3.8/site-packages/oled_display-0.0.0-py3.8.egg-info
[7.410s] running install_scripts
[7.497s] Installing display script to /home/robot/Software/ROS2/Madox/madox_ws/install/oled_display/lib/oled_display
[7.521s] writing list of installed files to '/home/robot/Software/ROS2/Madox/madox_ws/build/oled_display/install.log'
