[0.205s] Invoking command in '/home/paolo/NAS/Software/ROS2/Madox/madox_ws/build/ros2_IMU': CMAKE_PREFIX_PATH=${CMAKE_PREFIX_PATH}:/home/paolo/NAS/Software/ROS2/Madox/madox_ws/install/ros2_rtimulib:/home/paolo/NAS/Software/ROS2/Madox/madox_ws/install/pid_node:/home/paolo/NAS/Software/ROS2/Madox/madox_ws/install/jetbot_sys_info:/home/paolo/NAS/Software/ROS2/Madox/madox_ws/install/jetbot_oled_display:/home/paolo/NAS/Software/ROS2/Madox/madox_ws/install/jetbot_launch:/home/paolo/NAS/Software/ROS2/Madox/madox_ws/install/jetbot_drive:/home/paolo/NAS/Software/ROS2/Madox/madox_ws/install/camera_pan_tilt:/home/paolo/NAS/Software/ROS2/Madox/madox_ws/install/camera:/opt/ros/foxy /usr/bin/cmake --build /home/paolo/NAS/Software/ROS2/Madox/madox_ws/build/ros2_IMU -- -j4 -l4
[0.442s] [35m[1mScanning dependencies of target ros2_imu_node[0m
[0.702s] [ 50%] [32mBuilding CXX object CMakeFiles/ros2_imu_node.dir/src/imu.cpp.o[0m
[2.136s] [01m[K/home/paolo/NAS/Software/ROS2/Madox/madox_ws/src/ros2_IMU/src/imu.cpp:67:3:[m[K [01;31m[Kerror: [m[Kinvalid use of template-name ‘[01m[Krclcpp::Publisher[m[K’ without an argument list
[2.136s]    67 |   [01;31m[Krclcpp[m[K::Publisher imu_data_pub = node.advertise<sensor_msgs::Imu>("imu", 10);
[2.136s]       |   [01;31m[K^~~~~~[m[K
[2.136s] [01m[K/home/paolo/NAS/Software/ROS2/Madox/madox_ws/src/ros2_IMU/src/imu.cpp:67:3:[m[K [01;36m[Knote: [m[Kclass template argument deduction is only available with ‘[01m[K-std=c++17[m[K’ or ‘[01m[K-std=gnu++17[m[K’
[2.136s] In file included from [01m[K/opt/ros/foxy/include/rclcpp/topic_statistics/subscription_topic_statistics.hpp:31[m[K,
[2.136s]                  from [01m[K/opt/ros/foxy/include/rclcpp/subscription.hpp:50[m[K,
[2.136s]                  from [01m[K/opt/ros/foxy/include/rclcpp/any_executable.hpp:25[m[K,
[2.136s]                  from [01m[K/opt/ros/foxy/include/rclcpp/memory_strategy.hpp:24[m[K,
[2.136s]                  from [01m[K/opt/ros/foxy/include/rclcpp/memory_strategies.hpp:18[m[K,
[2.137s]                  from [01m[K/opt/ros/foxy/include/rclcpp/executor_options.hpp:20[m[K,
[2.137s]                  from [01m[K/opt/ros/foxy/include/rclcpp/executor.hpp:33[m[K,
[2.137s]                  from [01m[K/opt/ros/foxy/include/rclcpp/executors/multi_threaded_executor.hpp:25[m[K,
[2.137s]                  from [01m[K/opt/ros/foxy/include/rclcpp/executors.hpp:21[m[K,
[2.137s]                  from [01m[K/opt/ros/foxy/include/rclcpp/rclcpp.hpp:146[m[K,
[2.137s]                  from [01m[K/home/paolo/NAS/Software/ROS2/Madox/madox_ws/src/ros2_IMU/src/imu.cpp:23[m[K:
[2.137s] [01m[K/opt/ros/foxy/include/rclcpp/publisher.hpp:51:7:[m[K [01;36m[Knote: [m[K‘[01m[Ktemplate<class MessageT, class AllocatorT> class rclcpp::Publisher[m[K’ declared here
[2.137s]    51 | class [01;36m[KPublisher[m[K : public PublisherBase
[2.137s]       |       [01;36m[K^~~~~~~~~[m[K
[2.150s] [01m[K/home/paolo/NAS/Software/ROS2/Madox/madox_ws/src/ros2_IMU/src/imu.cpp:[m[K In constructor ‘[01m[KImuNode::ImuNode(const rclcpp::NodeOptions&)[m[K’:
[2.150s] [01m[K/home/paolo/NAS/Software/ROS2/Madox/madox_ws/src/ros2_IMU/src/imu.cpp:43:9:[m[K [01;35m[Kwarning: [m[Kunused variable ‘[01m[Kx[m[K’ [[01;35m[K-Wunused-variable[m[K]
[2.150s]    43 |     int [01;35m[Kx[m[K = init_imu();
[2.150s]       |         [01;35m[K^[m[K
[2.152s] [01m[K/home/paolo/NAS/Software/ROS2/Madox/madox_ws/src/ros2_IMU/src/imu.cpp:[m[K In member function ‘[01m[Kint ImuNode::init_imu()[m[K’:
[2.152s] [01m[K/home/paolo/NAS/Software/ROS2/Madox/madox_ws/src/ros2_IMU/src/imu.cpp:71:9:[m[K [01;35m[Kwarning: [m[Kunused variable ‘[01m[KsampleCount[m[K’ [[01;35m[K-Wunused-variable[m[K]
[2.152s]    71 |     int [01;35m[KsampleCount[m[K = 0;
[2.152s]       |         [01;35m[K^~~~~~~~~~~[m[K
[2.152s] [01m[K/home/paolo/NAS/Software/ROS2/Madox/madox_ws/src/ros2_IMU/src/imu.cpp:72:9:[m[K [01;35m[Kwarning: [m[Kunused variable ‘[01m[KsampleRate[m[K’ [[01;35m[K-Wunused-variable[m[K]
[2.152s]    72 |     int [01;35m[KsampleRate[m[K  = 0;
[2.152s]       |         [01;35m[K^~~~~~~~~~[m[K
[2.152s] [01m[K/home/paolo/NAS/Software/ROS2/Madox/madox_ws/src/ros2_IMU/src/imu.cpp:75:14:[m[K [01;35m[Kwarning: [m[Kunused variable ‘[01m[Know[m[K’ [[01;35m[K-Wunused-variable[m[K]
[2.153s]    75 |     uint64_t [01;35m[Know[m[K;
[2.153s]       |              [01;35m[K^~~[m[K
[2.156s] [01m[K/home/paolo/NAS/Software/ROS2/Madox/madox_ws/src/ros2_IMU/src/imu.cpp:[m[K In member function ‘[01m[Kvoid ImuNode::PubImuData()[m[K’:
[2.156s] [01m[K/home/paolo/NAS/Software/ROS2/Madox/madox_ws/src/ros2_IMU/src/imu.cpp:141:9:[m[K [01;31m[Kerror: [m[K‘[01m[Kimu_data_pub[m[K’ was not declared in this scope; did you mean ‘[01m[Kimu_data[m[K’?
[2.156s]   141 |         [01;31m[Kimu_data_pub[m[K.publish(imu_msg);
[2.156s]       |         [01;31m[K^~~~~~~~~~~~[m[K
[2.157s]       |         [32m[Kimu_data[m[K
[2.596s] make[2]: *** [CMakeFiles/ros2_imu_node.dir/build.make:63: CMakeFiles/ros2_imu_node.dir/src/imu.cpp.o] Error 1
[2.596s] make[1]: *** [CMakeFiles/Makefile2:78: CMakeFiles/ros2_imu_node.dir/all] Error 2
[2.597s] make: *** [Makefile:141: all] Error 2
[2.599s] Invoked command in '/home/paolo/NAS/Software/ROS2/Madox/madox_ws/build/ros2_IMU' returned '2': CMAKE_PREFIX_PATH=${CMAKE_PREFIX_PATH}:/home/paolo/NAS/Software/ROS2/Madox/madox_ws/install/ros2_rtimulib:/home/paolo/NAS/Software/ROS2/Madox/madox_ws/install/pid_node:/home/paolo/NAS/Software/ROS2/Madox/madox_ws/install/jetbot_sys_info:/home/paolo/NAS/Software/ROS2/Madox/madox_ws/install/jetbot_oled_display:/home/paolo/NAS/Software/ROS2/Madox/madox_ws/install/jetbot_launch:/home/paolo/NAS/Software/ROS2/Madox/madox_ws/install/jetbot_drive:/home/paolo/NAS/Software/ROS2/Madox/madox_ws/install/camera_pan_tilt:/home/paolo/NAS/Software/ROS2/Madox/madox_ws/install/camera:/opt/ros/foxy /usr/bin/cmake --build /home/paolo/NAS/Software/ROS2/Madox/madox_ws/build/ros2_IMU -- -j4 -l4
