running egg_info
creating ../../build/jetbot_camera/jetbot_camera.egg-info
writing ../../build/jetbot_camera/jetbot_camera.egg-info/PKG-INFO
writing dependency_links to ../../build/jetbot_camera/jetbot_camera.egg-info/dependency_links.txt
writing entry points to ../../build/jetbot_camera/jetbot_camera.egg-info/entry_points.txt
writing requirements to ../../build/jetbot_camera/jetbot_camera.egg-info/requires.txt
writing top-level names to ../../build/jetbot_camera/jetbot_camera.egg-info/top_level.txt
writing manifest file '../../build/jetbot_camera/jetbot_camera.egg-info/SOURCES.txt'
reading manifest file '../../build/jetbot_camera/jetbot_camera.egg-info/SOURCES.txt'
writing manifest file '../../build/jetbot_camera/jetbot_camera.egg-info/SOURCES.txt'
running build
running build_py
creating /home/paolo/NAS/Software/ROS2/Madox/madox_ws/build/jetbot_camera/build
creating /home/paolo/NAS/Software/ROS2/Madox/madox_ws/build/jetbot_camera/build/lib
creating /home/paolo/NAS/Software/ROS2/Madox/madox_ws/build/jetbot_camera/build/lib/jetbot_camera
copying jetbot_camera/camera0.py -> /home/paolo/NAS/Software/ROS2/Madox/madox_ws/build/jetbot_camera/build/lib/jetbot_camera
copying jetbot_camera/__init__.py -> /home/paolo/NAS/Software/ROS2/Madox/madox_ws/build/jetbot_camera/build/lib/jetbot_camera
copying jetbot_camera/log.py -> /home/paolo/NAS/Software/ROS2/Madox/madox_ws/build/jetbot_camera/build/lib/jetbot_camera
copying jetbot_camera/server.py -> /home/paolo/NAS/Software/ROS2/Madox/madox_ws/build/jetbot_camera/build/lib/jetbot_camera
copying jetbot_camera/debounce.py -> /home/paolo/NAS/Software/ROS2/Madox/madox_ws/build/jetbot_camera/build/lib/jetbot_camera
copying jetbot_camera/server_OLD.py -> /home/paolo/NAS/Software/ROS2/Madox/madox_ws/build/jetbot_camera/build/lib/jetbot_camera
copying jetbot_camera/camera.py -> /home/paolo/NAS/Software/ROS2/Madox/madox_ws/build/jetbot_camera/build/lib/jetbot_camera
running install
running install_lib
creating /home/paolo/NAS/Software/ROS2/Madox/madox_ws/install/jetbot_camera/lib/python3.8/site-packages/jetbot_camera
copying /home/paolo/NAS/Software/ROS2/Madox/madox_ws/build/jetbot_camera/build/lib/jetbot_camera/log.py -> /home/paolo/NAS/Software/ROS2/Madox/madox_ws/install/jetbot_camera/lib/python3.8/site-packages/jetbot_camera
copying /home/paolo/NAS/Software/ROS2/Madox/madox_ws/build/jetbot_camera/build/lib/jetbot_camera/camera0.py -> /home/paolo/NAS/Software/ROS2/Madox/madox_ws/install/jetbot_camera/lib/python3.8/site-packages/jetbot_camera
copying /home/paolo/NAS/Software/ROS2/Madox/madox_ws/build/jetbot_camera/build/lib/jetbot_camera/__init__.py -> /home/paolo/NAS/Software/ROS2/Madox/madox_ws/install/jetbot_camera/lib/python3.8/site-packages/jetbot_camera
copying /home/paolo/NAS/Software/ROS2/Madox/madox_ws/build/jetbot_camera/build/lib/jetbot_camera/server_OLD.py -> /home/paolo/NAS/Software/ROS2/Madox/madox_ws/install/jetbot_camera/lib/python3.8/site-packages/jetbot_camera
copying /home/paolo/NAS/Software/ROS2/Madox/madox_ws/build/jetbot_camera/build/lib/jetbot_camera/server.py -> /home/paolo/NAS/Software/ROS2/Madox/madox_ws/install/jetbot_camera/lib/python3.8/site-packages/jetbot_camera
copying /home/paolo/NAS/Software/ROS2/Madox/madox_ws/build/jetbot_camera/build/lib/jetbot_camera/debounce.py -> /home/paolo/NAS/Software/ROS2/Madox/madox_ws/install/jetbot_camera/lib/python3.8/site-packages/jetbot_camera
copying /home/paolo/NAS/Software/ROS2/Madox/madox_ws/build/jetbot_camera/build/lib/jetbot_camera/camera.py -> /home/paolo/NAS/Software/ROS2/Madox/madox_ws/install/jetbot_camera/lib/python3.8/site-packages/jetbot_camera
byte-compiling /home/paolo/NAS/Software/ROS2/Madox/madox_ws/install/jetbot_camera/lib/python3.8/site-packages/jetbot_camera/log.py to log.cpython-38.pyc
byte-compiling /home/paolo/NAS/Software/ROS2/Madox/madox_ws/install/jetbot_camera/lib/python3.8/site-packages/jetbot_camera/camera0.py to camera0.cpython-38.pyc
byte-compiling /home/paolo/NAS/Software/ROS2/Madox/madox_ws/install/jetbot_camera/lib/python3.8/site-packages/jetbot_camera/__init__.py to __init__.cpython-38.pyc
byte-compiling /home/paolo/NAS/Software/ROS2/Madox/madox_ws/install/jetbot_camera/lib/python3.8/site-packages/jetbot_camera/server_OLD.py to server_OLD.cpython-38.pyc
byte-compiling /home/paolo/NAS/Software/ROS2/Madox/madox_ws/install/jetbot_camera/lib/python3.8/site-packages/jetbot_camera/server.py to server.cpython-38.pyc
byte-compiling /home/paolo/NAS/Software/ROS2/Madox/madox_ws/install/jetbot_camera/lib/python3.8/site-packages/jetbot_camera/debounce.py to debounce.cpython-38.pyc
byte-compiling /home/paolo/NAS/Software/ROS2/Madox/madox_ws/install/jetbot_camera/lib/python3.8/site-packages/jetbot_camera/camera.py to camera.cpython-38.pyc
running install_data
creating /home/paolo/NAS/Software/ROS2/Madox/madox_ws/install/jetbot_camera/share/ament_index
creating /home/paolo/NAS/Software/ROS2/Madox/madox_ws/install/jetbot_camera/share/ament_index/resource_index
creating /home/paolo/NAS/Software/ROS2/Madox/madox_ws/install/jetbot_camera/share/ament_index/resource_index/packages
copying resource/jetbot_camera -> /home/paolo/NAS/Software/ROS2/Madox/madox_ws/install/jetbot_camera/share/ament_index/resource_index/packages
copying package.xml -> /home/paolo/NAS/Software/ROS2/Madox/madox_ws/install/jetbot_camera/share/jetbot_camera
running install_egg_info
Copying ../../build/jetbot_camera/jetbot_camera.egg-info to /home/paolo/NAS/Software/ROS2/Madox/madox_ws/install/jetbot_camera/lib/python3.8/site-packages/jetbot_camera-1.0.0-py3.8.egg-info
running install_scripts
Installing ros2_jetbot_camera script to /home/paolo/NAS/Software/ROS2/Madox/madox_ws/install/jetbot_camera/lib/jetbot_camera
writing list of installed files to '/home/paolo/NAS/Software/ROS2/Madox/madox_ws/build/jetbot_camera/install.log'
