[01m[K/home/paolo/NAS/Software/ROS2/Madox/madox_ws/src/ros2_IMU/src/imu.cpp:[m[K In constructor ‘[01m[KImuNode::ImuNode(const rclcpp::NodeOptions&)[m[K’:
[01m[K/home/paolo/NAS/Software/ROS2/Madox/madox_ws/src/ros2_IMU/src/imu.cpp:43:9:[m[K [01;35m[Kwarning: [m[Kunused variable ‘[01m[Kx[m[K’ [[01;35m[K-Wunused-variable[m[K]
   43 |     int [01;35m[Kx[m[K = init_imu();
      |         [01;35m[K^[m[K
[01m[K/home/paolo/NAS/Software/ROS2/Madox/madox_ws/src/ros2_IMU/src/imu.cpp:[m[K In member function ‘[01m[Kint ImuNode::init_imu()[m[K’:
[01m[K/home/paolo/NAS/Software/ROS2/Madox/madox_ws/src/ros2_IMU/src/imu.cpp:66:9:[m[K [01;35m[Kwarning: [m[Kunused variable ‘[01m[KsampleCount[m[K’ [[01;35m[K-Wunused-variable[m[K]
   66 |     int [01;35m[KsampleCount[m[K = 0;
      |         [01;35m[K^~~~~~~~~~~[m[K
[01m[K/home/paolo/NAS/Software/ROS2/Madox/madox_ws/src/ros2_IMU/src/imu.cpp:67:9:[m[K [01;35m[Kwarning: [m[Kunused variable ‘[01m[KsampleRate[m[K’ [[01;35m[K-Wunused-variable[m[K]
   67 |     int [01;35m[KsampleRate[m[K  = 0;
      |         [01;35m[K^~~~~~~~~~[m[K
[01m[K/home/paolo/NAS/Software/ROS2/Madox/madox_ws/src/ros2_IMU/src/imu.cpp:68:14:[m[K [01;35m[Kwarning: [m[Kvariable ‘[01m[KrateTimer[m[K’ set but not used [[01;35m[K-Wunused-but-set-variable[m[K]
   68 |     uint64_t [01;35m[KrateTimer[m[K;
      |              [01;35m[K^~~~~~~~~[m[K
[01m[K/home/paolo/NAS/Software/ROS2/Madox/madox_ws/src/ros2_IMU/src/imu.cpp:70:14:[m[K [01;35m[Kwarning: [m[Kunused variable ‘[01m[Know[m[K’ [[01;35m[K-Wunused-variable[m[K]
   70 |     uint64_t [01;35m[Know[m[K;
      |              [01;35m[K^~~[m[K
[01m[K/home/paolo/NAS/Software/ROS2/Madox/madox_ws/src/ros2_IMU/src/imu.cpp:[m[K In member function ‘[01m[Kvoid ImuNode::PubImuData()[m[K’:
[01m[K/home/paolo/NAS/Software/ROS2/Madox/madox_ws/src/ros2_IMU/src/imu.cpp:116:63:[m[K [01;31m[Kerror: [m[Kno matching function for call to ‘[01m[Ksensor_msgs::msg::Imu_<std::allocator<void> >::Imu_(const char [4], const char*)[m[K’
  116 |                RTMath::displayDegrees("", imu_data.fusionPose)[01;31m[K)[m[K;
      |                                                               [01;31m[K^[m[K
In file included from [01m[K/opt/ros/foxy/include/sensor_msgs/msg/imu.hpp:7[m[K,
                 from [01m[K/home/paolo/NAS/Software/ROS2/Madox/madox_ws/src/ros2_IMU/src/imu.cpp:24[m[K:
[01m[K/opt/ros/foxy/include/sensor_msgs/msg/detail/imu__struct.hpp:59:12:[m[K [01;36m[Knote: [m[Kcandidate: ‘[01m[Ksensor_msgs::msg::Imu_<ContainerAllocator>::Imu_(const ContainerAllocator&, rosidl_runtime_cpp::MessageInitialization) [with ContainerAllocator = std::allocator<void>][m[K’
   59 |   explicit [01;36m[KImu_[m[K(const ContainerAllocator & _alloc, rosidl_runtime_cpp::MessageInitialization _init = rosidl_runtime_cpp::MessageInitialization::ALL)
      |            [01;36m[K^~~~[m[K
[01m[K/opt/ros/foxy/include/sensor_msgs/msg/detail/imu__struct.hpp:59:44:[m[K [01;36m[Knote: [m[K  no known conversion for argument 1 from ‘[01m[Kconst char [4][m[K’ to ‘[01m[Kconst std::allocator<void>&[m[K’
   59 |   explicit Imu_([01;36m[Kconst ContainerAllocator & _alloc[m[K, rosidl_runtime_cpp::MessageInitialization _init = rosidl_runtime_cpp::MessageInitialization::ALL)
      |                 [01;36m[K~~~~~~~~~~~~~~~~~~~~~~~~~~~^~~~~~[m[K
In file included from [01m[K/opt/ros/foxy/include/sensor_msgs/msg/imu.hpp:7[m[K,
                 from [01m[K/home/paolo/NAS/Software/ROS2/Madox/madox_ws/src/ros2_IMU/src/imu.cpp:24[m[K:
[01m[K/opt/ros/foxy/include/sensor_msgs/msg/detail/imu__struct.hpp:44:12:[m[K [01;36m[Knote: [m[Kcandidate: ‘[01m[Ksensor_msgs::msg::Imu_<ContainerAllocator>::Imu_(rosidl_runtime_cpp::MessageInitialization) [with ContainerAllocator = std::allocator<void>][m[K’
   44 |   explicit [01;36m[KImu_[m[K(rosidl_runtime_cpp::MessageInitialization _init = rosidl_runtime_cpp::MessageInitialization::ALL)
      |            [01;36m[K^~~~[m[K
[01m[K/opt/ros/foxy/include/sensor_msgs/msg/detail/imu__struct.hpp:44:12:[m[K [01;36m[Knote: [m[K  candidate expects 1 argument, 2 provided
[01m[K/opt/ros/foxy/include/sensor_msgs/msg/detail/imu__struct.hpp:40:8:[m[K [01;36m[Knote: [m[Kcandidate: ‘[01m[Ksensor_msgs::msg::Imu_<std::allocator<void> >::Imu_(const sensor_msgs::msg::Imu_<std::allocator<void> >&)[m[K’
   40 | struct [01;36m[KImu_[m[K
      |        [01;36m[K^~~~[m[K
[01m[K/opt/ros/foxy/include/sensor_msgs/msg/detail/imu__struct.hpp:40:8:[m[K [01;36m[Knote: [m[K  candidate expects 1 argument, 2 provided
[01m[K/opt/ros/foxy/include/sensor_msgs/msg/detail/imu__struct.hpp:40:8:[m[K [01;36m[Knote: [m[Kcandidate: ‘[01m[Ksensor_msgs::msg::Imu_<std::allocator<void> >::Imu_(sensor_msgs::msg::Imu_<std::allocator<void> >&&)[m[K’
[01m[K/opt/ros/foxy/include/sensor_msgs/msg/detail/imu__struct.hpp:40:8:[m[K [01;36m[Knote: [m[K  candidate expects 1 argument, 2 provided
[01m[K/home/paolo/NAS/Software/ROS2/Madox/madox_ws/src/ros2_IMU/src/imu.cpp:121:9:[m[K [01;31m[Kerror: [m[K‘[01m[Kimu_msg[m[K’ was not declared in this scope; did you mean ‘[01m[Ki2c_msg[m[K’?
  121 |         [01;31m[Kimu_msg[m[K.header.stamp          = ros::Time::now();
      |         [01;31m[K^~~~~~~[m[K
      |         [32m[Ki2c_msg[m[K
[01m[K/home/paolo/NAS/Software/ROS2/Madox/madox_ws/src/ros2_IMU/src/imu.cpp:121:41:[m[K [01;31m[Kerror: [m[K‘[01m[Kros[m[K’ has not been declared
  121 |         imu_msg.header.stamp          = [01;31m[Kros[m[K::Time::now();
      |                                         [01;31m[K^~~[m[K
[01m[K/home/paolo/NAS/Software/ROS2/Madox/madox_ws/src/ros2_IMU/src/imu.cpp:122:41:[m[K [01;31m[Kerror: [m[K‘[01m[Kframe_id[m[K’ was not declared in this scope
  122 |         imu_msg.header.frame_id       = [01;31m[Kframe_id[m[K;
      |                                         [01;31m[K^~~~~~~~[m[K
[01m[K/home/paolo/NAS/Software/ROS2/Madox/madox_ws/src/ros2_IMU/src/imu.cpp:133:23:[m[K [01;31m[Kerror: [m[K‘[01m[Kusing SharedPtr = class std::shared_ptr<rclcpp::Publisher<sensor_msgs::msg::Imu_<std::allocator<void> > > >[m[K’ {aka ‘[01m[Kclass std::shared_ptr<rclcpp::Publisher<sensor_msgs::msg::Imu_<std::allocator<void> > > >[m[K’} has no member named ‘[01m[Kpublish[m[K’
  133 |         imu_data_pub_.[01;31m[Kpublish[m[K(imu_msg);
      |                       [01;31m[K^~~~~~~[m[K
[01m[K/home/paolo/NAS/Software/ROS2/Madox/madox_ws/src/ros2_IMU/src/imu.cpp:135:7:[m[K [01;31m[Kerror: [m[K‘[01m[Kros[m[K’ has not been declared
  135 |       [01;31m[Kros[m[K::spinOnce();
      |       [01;31m[K^~~[m[K
make[2]: *** [CMakeFiles/ros2_imu_node.dir/build.make:63: CMakeFiles/ros2_imu_node.dir/src/imu.cpp.o] Error 1
make[1]: *** [CMakeFiles/Makefile2:78: CMakeFiles/ros2_imu_node.dir/all] Error 2
make: *** [Makefile:141: all] Error 2
