[2.061s] Invoking command in '/home/paolo/NAS/Software/ROS2/service_client_ws/src/drive': PYTHONPATH=/home/paolo/NAS/Software/ROS2/service_client_ws/install/drive/lib/python3.8/site-packages:${PYTHONPATH} /usr/bin/python3 setup.py egg_info --egg-base ../../build/drive build --build-base /home/paolo/NAS/Software/ROS2/service_client_ws/build/drive/build install --prefix /home/paolo/NAS/Software/ROS2/service_client_ws/install/drive --record /home/paolo/NAS/Software/ROS2/service_client_ws/build/drive/install.log --single-version-externally-managed
[2.482s] running egg_info
[2.485s] writing ../../build/drive/drive.egg-info/PKG-INFO
[2.507s] writing dependency_links to ../../build/drive/drive.egg-info/dependency_links.txt
[2.530s] writing entry points to ../../build/drive/drive.egg-info/entry_points.txt
[2.548s] writing requirements to ../../build/drive/drive.egg-info/requires.txt
[2.562s] writing top-level names to ../../build/drive/drive.egg-info/top_level.txt
[2.700s] reading manifest file '../../build/drive/drive.egg-info/SOURCES.txt'
[2.725s] writing manifest file '../../build/drive/drive.egg-info/SOURCES.txt'
[2.737s] running build
[2.737s] running build_py
[2.757s] running install
[2.761s] running install_lib
[2.792s] running install_data
[2.804s] running install_egg_info
[2.813s] removing '/home/paolo/NAS/Software/ROS2/service_client_ws/install/drive/lib/python3.8/site-packages/drive-0.0.0-py3.8.egg-info' (and everything under it)
[2.857s] Copying ../../build/drive/drive.egg-info to /home/paolo/NAS/Software/ROS2/service_client_ws/install/drive/lib/python3.8/site-packages/drive-0.0.0-py3.8.egg-info
[3.102s] running install_scripts
[3.168s] Installing client script to /home/paolo/NAS/Software/ROS2/service_client_ws/install/drive/lib/drive
[3.187s] Installing service script to /home/paolo/NAS/Software/ROS2/service_client_ws/install/drive/lib/drive
[3.206s] writing list of installed files to '/home/paolo/NAS/Software/ROS2/service_client_ws/build/drive/install.log'
[3.260s] Invoked command in '/home/paolo/NAS/Software/ROS2/service_client_ws/src/drive' returned '0': PYTHONPATH=/home/paolo/NAS/Software/ROS2/service_client_ws/install/drive/lib/python3.8/site-packages:${PYTHONPATH} /usr/bin/python3 setup.py egg_info --egg-base ../../build/drive build --build-base /home/paolo/NAS/Software/ROS2/service_client_ws/build/drive/build install --prefix /home/paolo/NAS/Software/ROS2/service_client_ws/install/drive --record /home/paolo/NAS/Software/ROS2/service_client_ws/build/drive/install.log --single-version-externally-managed
