[0.337s] Invoking command in '/home/robot/Software/ROS2/Madox/madox_ws/build/ros2_IMU': CMAKE_PREFIX_PATH=/home/robot/Software/ROS2/Madox/madox_ws/install/ros2_rtimulib:/home/robot/Software/ROS2/Madox/madox_ws/install/pid_node:/home/robot/Software/ROS2/Madox/madox_ws/install/jetbot_sys_info:/home/robot/Software/ROS2/Madox/madox_ws/install/jetbot_oled_display:/home/robot/Software/ROS2/Madox/madox_ws/install/jetbot_launch:/home/robot/Software/ROS2/Madox/madox_ws/install/jetbot_drive:/home/robot/Software/ROS2/Madox/madox_ws/install/camera_pan_tilt:/home/robot/Software/ROS2/Madox/madox_ws/install/camera:/opt/ros/foxy /usr/bin/cmake --build /home/robot/Software/ROS2/Madox/madox_ws/build/ros2_IMU -- -j4 -l4
[0.536s] -- Found ament_cmake: 0.9.8 (/opt/ros/foxy/share/ament_cmake/cmake)
[0.629s] -- Using PYTHON_EXECUTABLE: /usr/bin/python3
[1.648s] -- Found rclcpp: 2.3.1 (/opt/ros/foxy/share/rclcpp/cmake)
[1.857s] -- Using all available rosidl_typesupport_c: rosidl_typesupport_fastrtps_c;rosidl_typesupport_introspection_c
[1.871s] -- Found rosidl_adapter: 1.2.1 (/opt/ros/foxy/share/rosidl_adapter/cmake)
[3.274s] -- Using all available rosidl_typesupport_cpp: rosidl_typesupport_fastrtps_cpp;rosidl_typesupport_introspection_cpp
[3.472s] -- Found rmw_implementation_cmake: 1.0.3 (/opt/ros/foxy/share/rmw_implementation_cmake/cmake)
[3.479s] -- Using RMW implementation 'rmw_fastrtps_cpp' as default
[4.355s] WARNING: Package name "ros2_IMU" does not follow the naming conventions. It should start with a lower case letter and only contain lower case letters, digits, underscores, and dashes.
[4.689s] -- Configuring done
[4.857s] CMake Error at CMakeLists.txt:44 (ADD_LIBRARY):
[4.859s]   Cannot find source file:
[4.860s] 
[4.861s]     RTFusion.cpp
[4.862s] 
[4.863s]   Tried extensions .c .C .c++ .cc .cpp .cxx .cu .m .M .mm .h .hh .h++ .hm
[4.863s]   .hpp .hxx .in .txx
[4.864s] 
[4.864s] 
[4.865s] CMake Error at CMakeLists.txt:44 (ADD_LIBRARY):
[4.865s]   No SOURCES given to target: RTIMULib
[4.866s] 
[4.866s] 
[4.867s] CMake Generate step failed.  Build files cannot be regenerated correctly.
[4.882s] make: *** [Makefile:266: cmake_check_build_system] Error 1
[4.894s] Invoked command in '/home/robot/Software/ROS2/Madox/madox_ws/build/ros2_IMU' returned '2': CMAKE_PREFIX_PATH=/home/robot/Software/ROS2/Madox/madox_ws/install/ros2_rtimulib:/home/robot/Software/ROS2/Madox/madox_ws/install/pid_node:/home/robot/Software/ROS2/Madox/madox_ws/install/jetbot_sys_info:/home/robot/Software/ROS2/Madox/madox_ws/install/jetbot_oled_display:/home/robot/Software/ROS2/Madox/madox_ws/install/jetbot_launch:/home/robot/Software/ROS2/Madox/madox_ws/install/jetbot_drive:/home/robot/Software/ROS2/Madox/madox_ws/install/camera_pan_tilt:/home/robot/Software/ROS2/Madox/madox_ws/install/camera:/opt/ros/foxy /usr/bin/cmake --build /home/robot/Software/ROS2/Madox/madox_ws/build/ros2_IMU -- -j4 -l4
