[1.650s] Invoking command in '/home/robot/Software/ROS2/Madox/madox_ws/src/jetbot_camera': PYTHONPATH=/home/robot/Software/ROS2/Madox/madox_ws/install/jetbot_camera/lib/python3.8/site-packages:${PYTHONPATH} /usr/bin/python3 setup.py egg_info --egg-base ../../build/jetbot_camera build --build-base /home/robot/Software/ROS2/Madox/madox_ws/build/jetbot_camera/build install --prefix /home/robot/Software/ROS2/Madox/madox_ws/install/jetbot_camera --record /home/robot/Software/ROS2/Madox/madox_ws/build/jetbot_camera/install.log --single-version-externally-managed
[2.570s] /home/robot/.local/lib/python3.8/site-packages/setuptools/dist.py:642: UserWarning: Usage of dash-separated 'script-dir' will not be supported in future versions. Please use the underscore name 'script_dir' instead
[2.571s]   warnings.warn(
[2.571s] /home/robot/.local/lib/python3.8/site-packages/setuptools/dist.py:642: UserWarning: Usage of dash-separated 'install-scripts' will not be supported in future versions. Please use the underscore name 'install_scripts' instead
[2.571s]   warnings.warn(
[2.698s] running egg_info
[2.702s] writing ../../build/jetbot_camera/jetbot_camera.egg-info/PKG-INFO
[2.720s] writing dependency_links to ../../build/jetbot_camera/jetbot_camera.egg-info/dependency_links.txt
[2.733s] writing entry points to ../../build/jetbot_camera/jetbot_camera.egg-info/entry_points.txt
[2.745s] writing requirements to ../../build/jetbot_camera/jetbot_camera.egg-info/requires.txt
[2.762s] writing top-level names to ../../build/jetbot_camera/jetbot_camera.egg-info/top_level.txt
[2.960s] reading manifest file '../../build/jetbot_camera/jetbot_camera.egg-info/SOURCES.txt'
[2.970s] writing manifest file '../../build/jetbot_camera/jetbot_camera.egg-info/SOURCES.txt'
[3.001s] running build
[3.002s] running build_py
[3.015s] copying jetbot_camera/camera.py -> /home/robot/Software/ROS2/Madox/madox_ws/build/jetbot_camera/build/lib/jetbot_camera
[3.050s] running install
[3.055s] running install_lib
[3.077s] copying /home/robot/Software/ROS2/Madox/madox_ws/build/jetbot_camera/build/lib/jetbot_camera/camera.py -> /home/robot/Software/ROS2/Madox/madox_ws/install/jetbot_camera/lib/python3.8/site-packages/jetbot_camera
[3.114s] byte-compiling /home/robot/Software/ROS2/Madox/madox_ws/install/jetbot_camera/lib/python3.8/site-packages/jetbot_camera/camera.py to camera.cpython-38.pyc
[3.122s]   File "/home/robot/Software/ROS2/Madox/madox_ws/install/jetbot_camera/lib/python3.8/site-packages/jetbot_camera/camera.py", line 94
[3.123s]     duration=3,
[3.124s]     ^
[3.124s] SyntaxError: invalid syntax
[3.125s] 
[3.125s] running install_data
[3.127s] running install_egg_info
[3.135s] removing '/home/robot/Software/ROS2/Madox/madox_ws/install/jetbot_camera/lib/python3.8/site-packages/jetbot_camera-1.0.0-py3.8.egg-info' (and everything under it)
[3.175s] Copying ../../build/jetbot_camera/jetbot_camera.egg-info to /home/robot/Software/ROS2/Madox/madox_ws/install/jetbot_camera/lib/python3.8/site-packages/jetbot_camera-1.0.0-py3.8.egg-info
[3.340s] running install_scripts
[3.417s] Installing ros2_jetbot_camera script to /home/robot/Software/ROS2/Madox/madox_ws/install/jetbot_camera/lib/jetbot_camera
[3.432s] writing list of installed files to '/home/robot/Software/ROS2/Madox/madox_ws/build/jetbot_camera/install.log'
[3.538s] Invoked command in '/home/robot/Software/ROS2/Madox/madox_ws/src/jetbot_camera' returned '0': PYTHONPATH=/home/robot/Software/ROS2/Madox/madox_ws/install/jetbot_camera/lib/python3.8/site-packages:${PYTHONPATH} /usr/bin/python3 setup.py egg_info --egg-base ../../build/jetbot_camera build --build-base /home/robot/Software/ROS2/Madox/madox_ws/build/jetbot_camera/build install --prefix /home/robot/Software/ROS2/Madox/madox_ws/install/jetbot_camera --record /home/robot/Software/ROS2/Madox/madox_ws/build/jetbot_camera/install.log --single-version-externally-managed
