running develop
running egg_info
creating py_camera.egg-info
writing py_camera.egg-info/PKG-INFO
writing dependency_links to py_camera.egg-info/dependency_links.txt
writing entry points to py_camera.egg-info/entry_points.txt
writing requirements to py_camera.egg-info/requires.txt
writing top-level names to py_camera.egg-info/top_level.txt
writing manifest file 'py_camera.egg-info/SOURCES.txt'
reading manifest file 'py_camera.egg-info/SOURCES.txt'
writing manifest file 'py_camera.egg-info/SOURCES.txt'
running build_ext
Creating /home/paolo/NAS/Software/ROS2/Madox/madox_ws/install/py_camera/lib/python3.8/site-packages/site.py
Creating /home/paolo/NAS/Software/ROS2/Madox/madox_ws/install/py_camera/lib/python3.8/site-packages/py-camera.egg-link (link to .)
Installing camera script to /home/paolo/NAS/Software/ROS2/Madox/madox_ws/install/py_camera/lib/py_camera

Installed /home/paolo/NAS/Software/ROS2/Madox/madox_ws/build/py_camera
running install_data
creating /home/paolo/NAS/Software/ROS2/Madox/madox_ws/install/py_camera/share/ament_index
creating /home/paolo/NAS/Software/ROS2/Madox/madox_ws/install/py_camera/share/ament_index/resource_index
creating /home/paolo/NAS/Software/ROS2/Madox/madox_ws/install/py_camera/share/ament_index/resource_index/packages
copying resource/py_camera -> /home/paolo/NAS/Software/ROS2/Madox/madox_ws/install/py_camera/share/ament_index/resource_index/packages
copying package.xml -> /home/paolo/NAS/Software/ROS2/Madox/madox_ws/install/py_camera/share/py_camera
