[3.737s] Invoking command in '/home/robot/Software/ROS2/Madox/madox_ws/build/py_drive': PYTHONPATH=/home/robot/Software/ROS2/Madox/madox_ws/install/py_drive/lib/python3.8/site-packages:${PYTHONPATH} /usr/bin/python3 setup.py develop --prefix /home/robot/Software/ROS2/Madox/madox_ws/install/py_drive --uninstall --editable --build-directory /home/robot/Software/ROS2/Madox/madox_ws/build/py_drive/build
[4.618s] /home/robot/.local/lib/python3.8/site-packages/setuptools/dist.py:642: UserWarning: Usage of dash-separated 'script-dir' will not be supported in future versions. Please use the underscore name 'script_dir' instead
[4.619s]   warnings.warn(
[4.619s] /home/robot/.local/lib/python3.8/site-packages/setuptools/dist.py:642: UserWarning: Usage of dash-separated 'install-scripts' will not be supported in future versions. Please use the underscore name 'install_scripts' instead
[4.620s]   warnings.warn(
[4.841s] running develop
[5.633s] Invoked command in '/home/robot/Software/ROS2/Madox/madox_ws/build/py_drive' returned '0': PYTHONPATH=/home/robot/Software/ROS2/Madox/madox_ws/install/py_drive/lib/python3.8/site-packages:${PYTHONPATH} /usr/bin/python3 setup.py develop --prefix /home/robot/Software/ROS2/Madox/madox_ws/install/py_drive --uninstall --editable --build-directory /home/robot/Software/ROS2/Madox/madox_ws/build/py_drive/build
[5.642s] Invoking command in '/home/robot/Software/ROS2/Madox/madox_ws/src/py_drive': PYTHONPATH=/home/robot/Software/ROS2/Madox/madox_ws/install/py_drive/lib/python3.8/site-packages:${PYTHONPATH} /usr/bin/python3 setup.py egg_info --egg-base ../../build/py_drive build --build-base /home/robot/Software/ROS2/Madox/madox_ws/build/py_drive/build install --prefix /home/robot/Software/ROS2/Madox/madox_ws/install/py_drive --record /home/robot/Software/ROS2/Madox/madox_ws/build/py_drive/install.log --single-version-externally-managed
[6.541s] /home/robot/.local/lib/python3.8/site-packages/setuptools/dist.py:642: UserWarning: Usage of dash-separated 'script-dir' will not be supported in future versions. Please use the underscore name 'script_dir' instead
[6.542s]   warnings.warn(
[6.542s] /home/robot/.local/lib/python3.8/site-packages/setuptools/dist.py:642: UserWarning: Usage of dash-separated 'install-scripts' will not be supported in future versions. Please use the underscore name 'install_scripts' instead
[6.543s]   warnings.warn(
[6.686s] running egg_info
[6.690s] writing ../../build/py_drive/py_drive.egg-info/PKG-INFO
[6.704s] writing dependency_links to ../../build/py_drive/py_drive.egg-info/dependency_links.txt
[6.713s] writing entry points to ../../build/py_drive/py_drive.egg-info/entry_points.txt
[6.723s] writing requirements to ../../build/py_drive/py_drive.egg-info/requires.txt
[6.732s] writing top-level names to ../../build/py_drive/py_drive.egg-info/top_level.txt
[6.954s] reading manifest file '../../build/py_drive/py_drive.egg-info/SOURCES.txt'
[6.964s] writing manifest file '../../build/py_drive/py_drive.egg-info/SOURCES.txt'
[6.977s] running build
[6.977s] running build_py
[7.000s] running install
[7.003s] running install_lib
[7.036s] running install_data
[7.048s] running install_egg_info
[7.056s] removing '/home/robot/Software/ROS2/Madox/madox_ws/install/py_drive/lib/python3.8/site-packages/py_drive-0.0.0-py3.8.egg-info' (and everything under it)
[7.092s] Copying ../../build/py_drive/py_drive.egg-info to /home/robot/Software/ROS2/Madox/madox_ws/install/py_drive/lib/python3.8/site-packages/py_drive-0.0.0-py3.8.egg-info
[7.238s] running install_scripts
[7.328s] Installing listener script to /home/robot/Software/ROS2/Madox/madox_ws/install/py_drive/lib/py_drive
[7.346s] Installing talker script to /home/robot/Software/ROS2/Madox/madox_ws/install/py_drive/lib/py_drive
[7.365s] writing list of installed files to '/home/robot/Software/ROS2/Madox/madox_ws/build/py_drive/install.log'
[7.737s] Invoked command in '/home/robot/Software/ROS2/Madox/madox_ws/src/py_drive' returned '0': PYTHONPATH=/home/robot/Software/ROS2/Madox/madox_ws/install/py_drive/lib/python3.8/site-packages:${PYTHONPATH} /usr/bin/python3 setup.py egg_info --egg-base ../../build/py_drive build --build-base /home/robot/Software/ROS2/Madox/madox_ws/build/py_drive/build install --prefix /home/robot/Software/ROS2/Madox/madox_ws/install/py_drive --record /home/robot/Software/ROS2/Madox/madox_ws/build/py_drive/install.log --single-version-externally-managed
