[2.100s] Invoking command in '/home/robot/Software/ROS2/Madox/madox_ws/src/sys_variables': PYTHONPATH=/home/robot/Software/ROS2/Madox/madox_ws/install/sys_variables/lib/python3.8/site-packages:${PYTHONPATH} /usr/bin/python3 setup.py egg_info --egg-base ../../build/sys_variables build --build-base /home/robot/Software/ROS2/Madox/madox_ws/build/sys_variables/build install --prefix /home/robot/Software/ROS2/Madox/madox_ws/install/sys_variables --record /home/robot/Software/ROS2/Madox/madox_ws/build/sys_variables/install.log --single-version-externally-managed
[2.983s] /home/robot/.local/lib/python3.8/site-packages/setuptools/dist.py:642: UserWarning: Usage of dash-separated 'script-dir' will not be supported in future versions. Please use the underscore name 'script_dir' instead
[2.984s]   warnings.warn(
[2.984s] /home/robot/.local/lib/python3.8/site-packages/setuptools/dist.py:642: UserWarning: Usage of dash-separated 'install-scripts' will not be supported in future versions. Please use the underscore name 'install_scripts' instead
[2.985s]   warnings.warn(
[3.117s] running egg_info
[3.122s] writing ../../build/sys_variables/sys_variables.egg-info/PKG-INFO
[3.136s] writing dependency_links to ../../build/sys_variables/sys_variables.egg-info/dependency_links.txt
[3.145s] writing entry points to ../../build/sys_variables/sys_variables.egg-info/entry_points.txt
[3.155s] writing requirements to ../../build/sys_variables/sys_variables.egg-info/requires.txt
[3.166s] writing top-level names to ../../build/sys_variables/sys_variables.egg-info/top_level.txt
[3.359s] reading manifest file '../../build/sys_variables/sys_variables.egg-info/SOURCES.txt'
[3.370s] writing manifest file '../../build/sys_variables/sys_variables.egg-info/SOURCES.txt'
[3.380s] running build
[3.381s] running build_py
[3.392s] copying sys_variables/sys_variables.py -> /home/robot/Software/ROS2/Madox/madox_ws/build/sys_variables/build/lib/sys_variables
[3.419s] running install
[3.423s] running install_lib
[3.444s] copying /home/robot/Software/ROS2/Madox/madox_ws/build/sys_variables/build/lib/sys_variables/sys_variables.py -> /home/robot/Software/ROS2/Madox/madox_ws/install/sys_variables/lib/python3.8/site-packages/sys_variables
[3.479s] byte-compiling /home/robot/Software/ROS2/Madox/madox_ws/install/sys_variables/lib/python3.8/site-packages/sys_variables/sys_variables.py to sys_variables.cpython-38.pyc
[3.505s] running install_data
[3.521s] running install_egg_info
[3.528s] removing '/home/robot/Software/ROS2/Madox/madox_ws/install/sys_variables/lib/python3.8/site-packages/sys_variables-0.0.0-py3.8.egg-info' (and everything under it)
[3.561s] Copying ../../build/sys_variables/sys_variables.egg-info to /home/robot/Software/ROS2/Madox/madox_ws/install/sys_variables/lib/python3.8/site-packages/sys_variables-0.0.0-py3.8.egg-info
[3.707s] running install_scripts
[3.785s] Installing sys_info script to /home/robot/Software/ROS2/Madox/madox_ws/install/sys_variables/lib/sys_variables
[3.802s] writing list of installed files to '/home/robot/Software/ROS2/Madox/madox_ws/build/sys_variables/install.log'
[3.913s] Invoked command in '/home/robot/Software/ROS2/Madox/madox_ws/src/sys_variables' returned '0': PYTHONPATH=/home/robot/Software/ROS2/Madox/madox_ws/install/sys_variables/lib/python3.8/site-packages:${PYTHONPATH} /usr/bin/python3 setup.py egg_info --egg-base ../../build/sys_variables build --build-base /home/robot/Software/ROS2/Madox/madox_ws/build/sys_variables/build install --prefix /home/robot/Software/ROS2/Madox/madox_ws/install/sys_variables --record /home/robot/Software/ROS2/Madox/madox_ws/build/sys_variables/install.log --single-version-externally-managed
