[1.795s] Invoking command in '/home/paolo/NAS/Software/ROS2/service_client_ws/src/py_pubsub': PYTHONPATH=/home/paolo/NAS/Software/ROS2/service_client_ws/install/py_pubsub/lib/python3.8/site-packages:${PYTHONPATH} /usr/bin/python3 setup.py egg_info --egg-base ../../build/py_pubsub build --build-base /home/paolo/NAS/Software/ROS2/service_client_ws/build/py_pubsub/build install --prefix /home/paolo/NAS/Software/ROS2/service_client_ws/install/py_pubsub --record /home/paolo/NAS/Software/ROS2/service_client_ws/build/py_pubsub/install.log --single-version-externally-managed
[2.251s] running egg_info
[2.256s] writing ../../build/py_pubsub/py_pubsub.egg-info/PKG-INFO
[2.283s] writing dependency_links to ../../build/py_pubsub/py_pubsub.egg-info/dependency_links.txt
[2.303s] writing entry points to ../../build/py_pubsub/py_pubsub.egg-info/entry_points.txt
[2.325s] writing requirements to ../../build/py_pubsub/py_pubsub.egg-info/requires.txt
[2.345s] writing top-level names to ../../build/py_pubsub/py_pubsub.egg-info/top_level.txt
[2.502s] reading manifest file '../../build/py_pubsub/py_pubsub.egg-info/SOURCES.txt'
[2.530s] writing manifest file '../../build/py_pubsub/py_pubsub.egg-info/SOURCES.txt'
[2.542s] running build
[2.542s] running build_py
[2.552s] copying py_pubsub/publisher_member_function.py -> /home/paolo/NAS/Software/ROS2/service_client_ws/build/py_pubsub/build/lib/py_pubsub
[2.578s] running install
[2.585s] running install_lib
[2.599s] copying /home/paolo/NAS/Software/ROS2/service_client_ws/build/py_pubsub/build/lib/py_pubsub/publisher_member_function.py -> /home/paolo/NAS/Software/ROS2/service_client_ws/install/py_pubsub/lib/python3.8/site-packages/py_pubsub
[2.637s] byte-compiling /home/paolo/NAS/Software/ROS2/service_client_ws/install/py_pubsub/lib/python3.8/site-packages/py_pubsub/publisher_member_function.py to publisher_member_function.cpython-38.pyc
[2.676s] running install_data
[2.679s] running install_egg_info
[2.695s] removing '/home/paolo/NAS/Software/ROS2/service_client_ws/install/py_pubsub/lib/python3.8/site-packages/py_pubsub-0.0.0-py3.8.egg-info' (and everything under it)
[2.741s] Copying ../../build/py_pubsub/py_pubsub.egg-info to /home/paolo/NAS/Software/ROS2/service_client_ws/install/py_pubsub/lib/python3.8/site-packages/py_pubsub-0.0.0-py3.8.egg-info
[2.991s] running install_scripts
[3.042s] Installing listener script to /home/paolo/NAS/Software/ROS2/service_client_ws/install/py_pubsub/lib/py_pubsub
[3.061s] Installing talker script to /home/paolo/NAS/Software/ROS2/service_client_ws/install/py_pubsub/lib/py_pubsub
[3.081s] writing list of installed files to '/home/paolo/NAS/Software/ROS2/service_client_ws/build/py_pubsub/install.log'
[3.410s] Invoked command in '/home/paolo/NAS/Software/ROS2/service_client_ws/src/py_pubsub' returned '0': PYTHONPATH=/home/paolo/NAS/Software/ROS2/service_client_ws/install/py_pubsub/lib/python3.8/site-packages:${PYTHONPATH} /usr/bin/python3 setup.py egg_info --egg-base ../../build/py_pubsub build --build-base /home/paolo/NAS/Software/ROS2/service_client_ws/build/py_pubsub/build install --prefix /home/paolo/NAS/Software/ROS2/service_client_ws/install/py_pubsub --record /home/paolo/NAS/Software/ROS2/service_client_ws/build/py_pubsub/install.log --single-version-externally-managed
