[2.723s] Invoking command in '/home/paolo/NAS/Software/ROS2/service_client_ws/src/drive': PYTHONPATH=/home/paolo/NAS/Software/ROS2/service_client_ws/install/drive/lib/python3.8/site-packages:${PYTHONPATH} /usr/bin/python3 setup.py egg_info --egg-base ../../build/drive build --build-base /home/paolo/NAS/Software/ROS2/service_client_ws/build/drive/build install --prefix /home/paolo/NAS/Software/ROS2/service_client_ws/install/drive --record /home/paolo/NAS/Software/ROS2/service_client_ws/build/drive/install.log --single-version-externally-managed
[3.532s] running egg_info
[3.535s] writing ../../build/drive/drive.egg-info/PKG-INFO
[3.558s] writing dependency_links to ../../build/drive/drive.egg-info/dependency_links.txt
[3.581s] writing entry points to ../../build/drive/drive.egg-info/entry_points.txt
[3.599s] writing requirements to ../../build/drive/drive.egg-info/requires.txt
[3.614s] writing top-level names to ../../build/drive/drive.egg-info/top_level.txt
[3.842s] reading manifest file '../../build/drive/drive.egg-info/SOURCES.txt'
[3.863s] writing manifest file '../../build/drive/drive.egg-info/SOURCES.txt'
[3.873s] running build
[3.874s] running build_py
[3.895s] running install
[3.898s] running install_lib
[3.922s] running install_data
[3.934s] running install_egg_info
[3.938s] removing '/home/paolo/NAS/Software/ROS2/service_client_ws/install/drive/lib/python3.8/site-packages/drive-0.0.0-py3.8.egg-info' (and everything under it)
[3.984s] Copying ../../build/drive/drive.egg-info to /home/paolo/NAS/Software/ROS2/service_client_ws/install/drive/lib/python3.8/site-packages/drive-0.0.0-py3.8.egg-info
[4.242s] running install_scripts
[4.325s] Installing client script to /home/paolo/NAS/Software/ROS2/service_client_ws/install/drive/lib/drive
[4.340s] Installing service script to /home/paolo/NAS/Software/ROS2/service_client_ws/install/drive/lib/drive
[4.363s] writing list of installed files to '/home/paolo/NAS/Software/ROS2/service_client_ws/build/drive/install.log'
[4.431s] Invoked command in '/home/paolo/NAS/Software/ROS2/service_client_ws/src/drive' returned '0': PYTHONPATH=/home/paolo/NAS/Software/ROS2/service_client_ws/install/drive/lib/python3.8/site-packages:${PYTHONPATH} /usr/bin/python3 setup.py egg_info --egg-base ../../build/drive build --build-base /home/paolo/NAS/Software/ROS2/service_client_ws/build/drive/build install --prefix /home/paolo/NAS/Software/ROS2/service_client_ws/install/drive --record /home/paolo/NAS/Software/ROS2/service_client_ws/build/drive/install.log --single-version-externally-managed
