[1.675s] Invoking command in '/home/paolo/NAS/Software/ROS2/service_client_ws/src/drive': PYTHONPATH=/home/paolo/NAS/Software/ROS2/service_client_ws/install/drive/lib/python3.8/site-packages:${PYTHONPATH} /usr/bin/python3 setup.py egg_info --egg-base ../../build/drive build --build-base /home/paolo/NAS/Software/ROS2/service_client_ws/build/drive/build install --prefix /home/paolo/NAS/Software/ROS2/service_client_ws/install/drive --record /home/paolo/NAS/Software/ROS2/service_client_ws/build/drive/install.log --single-version-externally-managed
[2.054s] running egg_info
[2.054s] creating ../../build/drive/drive.egg-info
[2.059s] writing ../../build/drive/drive.egg-info/PKG-INFO
[2.087s] writing dependency_links to ../../build/drive/drive.egg-info/dependency_links.txt
[2.100s] writing entry points to ../../build/drive/drive.egg-info/entry_points.txt
[2.111s] writing requirements to ../../build/drive/drive.egg-info/requires.txt
[2.120s] writing top-level names to ../../build/drive/drive.egg-info/top_level.txt
[2.133s] writing manifest file '../../build/drive/drive.egg-info/SOURCES.txt'
[2.213s] reading manifest file '../../build/drive/drive.egg-info/SOURCES.txt'
[2.225s] writing manifest file '../../build/drive/drive.egg-info/SOURCES.txt'
[2.235s] running build
[2.236s] running build_py
[2.243s] creating /home/paolo/NAS/Software/ROS2/service_client_ws/build/drive/build
[2.245s] creating /home/paolo/NAS/Software/ROS2/service_client_ws/build/drive/build/lib
[2.249s] creating /home/paolo/NAS/Software/ROS2/service_client_ws/build/drive/build/lib/drive
[2.260s] copying drive/service_drive.py -> /home/paolo/NAS/Software/ROS2/service_client_ws/build/drive/build/lib/drive
[2.290s] copying drive/__init__.py -> /home/paolo/NAS/Software/ROS2/service_client_ws/build/drive/build/lib/drive
[2.307s] copying drive/client_drive.py -> /home/paolo/NAS/Software/ROS2/service_client_ws/build/drive/build/lib/drive
[2.327s] running install
[2.329s] running install_lib
[2.342s] creating /home/paolo/NAS/Software/ROS2/service_client_ws/install/drive/lib/python3.8/site-packages/drive
[2.348s] copying /home/paolo/NAS/Software/ROS2/service_client_ws/build/drive/build/lib/drive/__init__.py -> /home/paolo/NAS/Software/ROS2/service_client_ws/install/drive/lib/python3.8/site-packages/drive
[2.364s] copying /home/paolo/NAS/Software/ROS2/service_client_ws/build/drive/build/lib/drive/client_drive.py -> /home/paolo/NAS/Software/ROS2/service_client_ws/install/drive/lib/python3.8/site-packages/drive
[2.392s] copying /home/paolo/NAS/Software/ROS2/service_client_ws/build/drive/build/lib/drive/service_drive.py -> /home/paolo/NAS/Software/ROS2/service_client_ws/install/drive/lib/python3.8/site-packages/drive
[2.429s] byte-compiling /home/paolo/NAS/Software/ROS2/service_client_ws/install/drive/lib/python3.8/site-packages/drive/__init__.py to __init__.cpython-38.pyc
[2.468s] byte-compiling /home/paolo/NAS/Software/ROS2/service_client_ws/install/drive/lib/python3.8/site-packages/drive/client_drive.py to client_drive.cpython-38.pyc
[2.510s] byte-compiling /home/paolo/NAS/Software/ROS2/service_client_ws/install/drive/lib/python3.8/site-packages/drive/service_drive.py to service_drive.cpython-38.pyc
[2.537s] running install_data
[2.542s] creating /home/paolo/NAS/Software/ROS2/service_client_ws/install/drive/share/ament_index
[2.544s] creating /home/paolo/NAS/Software/ROS2/service_client_ws/install/drive/share/ament_index/resource_index
[2.548s] creating /home/paolo/NAS/Software/ROS2/service_client_ws/install/drive/share/ament_index/resource_index/packages
[2.553s] error: can't copy 'resource/drive': doesn't exist or not a regular file
[2.602s] Invoked command in '/home/paolo/NAS/Software/ROS2/service_client_ws/src/drive' returned '1': PYTHONPATH=/home/paolo/NAS/Software/ROS2/service_client_ws/install/drive/lib/python3.8/site-packages:${PYTHONPATH} /usr/bin/python3 setup.py egg_info --egg-base ../../build/drive build --build-base /home/paolo/NAS/Software/ROS2/service_client_ws/build/drive/build install --prefix /home/paolo/NAS/Software/ROS2/service_client_ws/install/drive --record /home/paolo/NAS/Software/ROS2/service_client_ws/build/drive/install.log --single-version-externally-managed
