[1.479s] DEBUG:colcon:Command line arguments: ['/usr/bin/colcon', 'build', '--packages-select', 'jetbot_drive']
[1.480s] DEBUG:colcon:Parsed command line arguments: Namespace(ament_cmake_args=None, base_paths=['.'], build_base='build', catkin_cmake_args=None, catkin_skip_building_tests=False, cmake_args=None, cmake_clean_cache=False, cmake_clean_first=False, cmake_force_configure=False, cmake_target=None, cmake_target_skip_unavailable=False, continue_on_error=False, event_handlers=None, executor='parallel', ignore_user_meta=False, install_base='install', log_base=None, log_level=None, main=<bound method BuildVerb.main of <colcon_core.verb.build.BuildVerb object at 0x7f9a60a100>>, merge_install=False, metas=['./colcon.meta'], packages_above=None, packages_above_and_dependencies=None, packages_above_depth=None, packages_end=None, packages_ignore=None, packages_ignore_regex=None, packages_select=['jetbot_drive'], packages_select_build_failed=False, packages_select_by_dep=None, packages_select_regex=None, packages_select_test_failures=False, packages_skip=None, packages_skip_build_finished=False, packages_skip_by_dep=None, packages_skip_regex=None, packages_skip_test_passed=False, packages_skip_up_to=None, packages_start=None, packages_up_to=None, packages_up_to_regex=None, parallel_workers=4, paths=None, symlink_install=False, test_result_base=None, verb_extension=<colcon_core.verb.build.BuildVerb object at 0x7f9a60a100>, verb_name='build', verb_parser=<colcon_defaults.argument_parser.defaults.DefaultArgumentsDecorator object at 0x7f9a60a550>)
[1.515s] Level 1:colcon.colcon_core.package_discovery:discover_packages(colcon_meta) check parameters
[1.515s] Level 1:colcon.colcon_core.package_discovery:discover_packages(recursive) check parameters
[1.516s] Level 1:colcon.colcon_core.package_discovery:discover_packages(ignore) check parameters
[1.516s] Level 1:colcon.colcon_core.package_discovery:discover_packages(path) check parameters
[1.516s] Level 1:colcon.colcon_core.package_discovery:discover_packages(colcon_meta) discover
[1.516s] Level 1:colcon.colcon_core.package_discovery:discover_packages(recursive) discover
[1.516s] INFO:colcon.colcon_core.package_discovery:Crawling recursively for packages in '/home/robot/Software/ROS2/Madox/madox_ws'
[1.519s] Level 1:colcon.colcon_core.package_identification:_identify(.) by extensions ['ignore', 'ignore_ament_install']
[1.519s] Level 1:colcon.colcon_core.package_identification:_identify(.) by extension 'ignore'
[1.519s] Level 1:colcon.colcon_core.package_identification:_identify(.) by extension 'ignore_ament_install'
[1.520s] Level 1:colcon.colcon_core.package_identification:_identify(.) by extensions ['colcon_pkg']
[1.520s] Level 1:colcon.colcon_core.package_identification:_identify(.) by extension 'colcon_pkg'
[1.520s] Level 1:colcon.colcon_core.package_identification:_identify(.) by extensions ['colcon_meta']
[1.520s] Level 1:colcon.colcon_core.package_identification:_identify(.) by extension 'colcon_meta'
[1.520s] Level 1:colcon.colcon_core.package_identification:_identify(.) by extensions ['ros']
[1.521s] Level 1:colcon.colcon_core.package_identification:_identify(.) by extension 'ros'
[1.566s] Level 1:colcon.colcon_core.package_identification:_identify(.) by extensions ['cmake', 'python']
[1.566s] Level 1:colcon.colcon_core.package_identification:_identify(.) by extension 'cmake'
[1.566s] Level 1:colcon.colcon_core.package_identification:_identify(.) by extension 'python'
[1.567s] Level 1:colcon.colcon_core.package_identification:_identify(.) by extensions ['python_setup_py']
[1.567s] Level 1:colcon.colcon_core.package_identification:_identify(.) by extension 'python_setup_py'
[1.569s] Level 1:colcon.colcon_core.package_identification:_identify(build) by extensions ['ignore', 'ignore_ament_install']
[1.570s] Level 1:colcon.colcon_core.package_identification:_identify(build) by extension 'ignore'
[1.570s] Level 1:colcon.colcon_core.package_identification:_identify(build) ignored
[1.573s] Level 1:colcon.colcon_core.package_identification:_identify(install) by extensions ['ignore', 'ignore_ament_install']
[1.573s] Level 1:colcon.colcon_core.package_identification:_identify(install) by extension 'ignore'
[1.573s] Level 1:colcon.colcon_core.package_identification:_identify(install) ignored
[1.578s] Level 1:colcon.colcon_core.package_identification:_identify(log) by extensions ['ignore', 'ignore_ament_install']
[1.579s] Level 1:colcon.colcon_core.package_identification:_identify(log) by extension 'ignore'
[1.579s] Level 1:colcon.colcon_core.package_identification:_identify(log) ignored
[1.582s] Level 1:colcon.colcon_core.package_identification:_identify(snapshots) by extensions ['ignore', 'ignore_ament_install']
[1.583s] Level 1:colcon.colcon_core.package_identification:_identify(snapshots) by extension 'ignore'
[1.583s] Level 1:colcon.colcon_core.package_identification:_identify(snapshots) by extension 'ignore_ament_install'
[1.583s] Level 1:colcon.colcon_core.package_identification:_identify(snapshots) by extensions ['colcon_pkg']
[1.583s] Level 1:colcon.colcon_core.package_identification:_identify(snapshots) by extension 'colcon_pkg'
[1.583s] Level 1:colcon.colcon_core.package_identification:_identify(snapshots) by extensions ['colcon_meta']
[1.583s] Level 1:colcon.colcon_core.package_identification:_identify(snapshots) by extension 'colcon_meta'
[1.584s] Level 1:colcon.colcon_core.package_identification:_identify(snapshots) by extensions ['ros']
[1.584s] Level 1:colcon.colcon_core.package_identification:_identify(snapshots) by extension 'ros'
[1.584s] Level 1:colcon.colcon_core.package_identification:_identify(snapshots) by extensions ['cmake', 'python']
[1.584s] Level 1:colcon.colcon_core.package_identification:_identify(snapshots) by extension 'cmake'
[1.584s] Level 1:colcon.colcon_core.package_identification:_identify(snapshots) by extension 'python'
[1.585s] Level 1:colcon.colcon_core.package_identification:_identify(snapshots) by extensions ['python_setup_py']
[1.585s] Level 1:colcon.colcon_core.package_identification:_identify(snapshots) by extension 'python_setup_py'
[1.587s] Level 1:colcon.colcon_core.package_identification:_identify(src) by extensions ['ignore', 'ignore_ament_install']
[1.587s] Level 1:colcon.colcon_core.package_identification:_identify(src) by extension 'ignore'
[1.588s] Level 1:colcon.colcon_core.package_identification:_identify(src) by extension 'ignore_ament_install'
[1.588s] Level 1:colcon.colcon_core.package_identification:_identify(src) by extensions ['colcon_pkg']
[1.588s] Level 1:colcon.colcon_core.package_identification:_identify(src) by extension 'colcon_pkg'
[1.588s] Level 1:colcon.colcon_core.package_identification:_identify(src) by extensions ['colcon_meta']
[1.588s] Level 1:colcon.colcon_core.package_identification:_identify(src) by extension 'colcon_meta'
[1.588s] Level 1:colcon.colcon_core.package_identification:_identify(src) by extensions ['ros']
[1.589s] Level 1:colcon.colcon_core.package_identification:_identify(src) by extension 'ros'
[1.589s] Level 1:colcon.colcon_core.package_identification:_identify(src) by extensions ['cmake', 'python']
[1.589s] Level 1:colcon.colcon_core.package_identification:_identify(src) by extension 'cmake'
[1.589s] Level 1:colcon.colcon_core.package_identification:_identify(src) by extension 'python'
[1.589s] Level 1:colcon.colcon_core.package_identification:_identify(src) by extensions ['python_setup_py']
[1.590s] Level 1:colcon.colcon_core.package_identification:_identify(src) by extension 'python_setup_py'
[1.592s] Level 1:colcon.colcon_core.package_identification:_identify(src/camera) by extensions ['ignore', 'ignore_ament_install']
[1.593s] Level 1:colcon.colcon_core.package_identification:_identify(src/camera) by extension 'ignore'
[1.594s] Level 1:colcon.colcon_core.package_identification:_identify(src/camera) by extension 'ignore_ament_install'
[1.595s] Level 1:colcon.colcon_core.package_identification:_identify(src/camera) by extensions ['colcon_pkg']
[1.595s] Level 1:colcon.colcon_core.package_identification:_identify(src/camera) by extension 'colcon_pkg'
[1.595s] Level 1:colcon.colcon_core.package_identification:_identify(src/camera) by extensions ['colcon_meta']
[1.595s] Level 1:colcon.colcon_core.package_identification:_identify(src/camera) by extension 'colcon_meta'
[1.595s] Level 1:colcon.colcon_core.package_identification:_identify(src/camera) by extensions ['ros']
[1.595s] Level 1:colcon.colcon_core.package_identification:_identify(src/camera) by extension 'ros'
[1.614s] DEBUG:colcon.colcon_core.package_identification:Package 'src/camera' with type 'ros.ament_python' and name 'camera'
[1.616s] Level 1:colcon.colcon_core.package_identification:_identify(src/camera_pan_tilt) by extensions ['ignore', 'ignore_ament_install']
[1.617s] Level 1:colcon.colcon_core.package_identification:_identify(src/camera_pan_tilt) by extension 'ignore'
[1.617s] Level 1:colcon.colcon_core.package_identification:_identify(src/camera_pan_tilt) by extension 'ignore_ament_install'
[1.617s] Level 1:colcon.colcon_core.package_identification:_identify(src/camera_pan_tilt) by extensions ['colcon_pkg']
[1.617s] Level 1:colcon.colcon_core.package_identification:_identify(src/camera_pan_tilt) by extension 'colcon_pkg'
[1.618s] Level 1:colcon.colcon_core.package_identification:_identify(src/camera_pan_tilt) by extensions ['colcon_meta']
[1.618s] Level 1:colcon.colcon_core.package_identification:_identify(src/camera_pan_tilt) by extension 'colcon_meta'
[1.619s] Level 1:colcon.colcon_core.package_identification:_identify(src/camera_pan_tilt) by extensions ['ros']
[1.619s] Level 1:colcon.colcon_core.package_identification:_identify(src/camera_pan_tilt) by extension 'ros'
[1.631s] DEBUG:colcon.colcon_core.package_identification:Package 'src/camera_pan_tilt' with type 'ros.ament_python' and name 'camera_pan_tilt'
[1.634s] Level 1:colcon.colcon_core.package_identification:_identify(src/jetbot_camera) by extensions ['ignore', 'ignore_ament_install']
[1.634s] Level 1:colcon.colcon_core.package_identification:_identify(src/jetbot_camera) by extension 'ignore'
[1.634s] Level 1:colcon.colcon_core.package_identification:_identify(src/jetbot_camera) by extension 'ignore_ament_install'
[1.635s] Level 1:colcon.colcon_core.package_identification:_identify(src/jetbot_camera) by extensions ['colcon_pkg']
[1.635s] Level 1:colcon.colcon_core.package_identification:_identify(src/jetbot_camera) by extension 'colcon_pkg'
[1.635s] Level 1:colcon.colcon_core.package_identification:_identify(src/jetbot_camera) by extensions ['colcon_meta']
[1.635s] Level 1:colcon.colcon_core.package_identification:_identify(src/jetbot_camera) by extension 'colcon_meta'
[1.635s] Level 1:colcon.colcon_core.package_identification:_identify(src/jetbot_camera) by extensions ['ros']
[1.635s] Level 1:colcon.colcon_core.package_identification:_identify(src/jetbot_camera) by extension 'ros'
[1.647s] DEBUG:colcon.colcon_core.package_identification:Package 'src/jetbot_camera' with type 'ros.ament_python' and name 'jetbot_camera'
[1.649s] Level 1:colcon.colcon_core.package_identification:_identify(src/jetbot_drive) by extensions ['ignore', 'ignore_ament_install']
[1.650s] Level 1:colcon.colcon_core.package_identification:_identify(src/jetbot_drive) by extension 'ignore'
[1.650s] Level 1:colcon.colcon_core.package_identification:_identify(src/jetbot_drive) by extension 'ignore_ament_install'
[1.650s] Level 1:colcon.colcon_core.package_identification:_identify(src/jetbot_drive) by extensions ['colcon_pkg']
[1.650s] Level 1:colcon.colcon_core.package_identification:_identify(src/jetbot_drive) by extension 'colcon_pkg'
[1.651s] Level 1:colcon.colcon_core.package_identification:_identify(src/jetbot_drive) by extensions ['colcon_meta']
[1.651s] Level 1:colcon.colcon_core.package_identification:_identify(src/jetbot_drive) by extension 'colcon_meta'
[1.651s] Level 1:colcon.colcon_core.package_identification:_identify(src/jetbot_drive) by extensions ['ros']
[1.651s] Level 1:colcon.colcon_core.package_identification:_identify(src/jetbot_drive) by extension 'ros'
[1.663s] DEBUG:colcon.colcon_core.package_identification:Package 'src/jetbot_drive' with type 'ros.ament_python' and name 'jetbot_drive'
[1.665s] Level 1:colcon.colcon_core.package_identification:_identify(src/jetbot_oled_display) by extensions ['ignore', 'ignore_ament_install']
[1.666s] Level 1:colcon.colcon_core.package_identification:_identify(src/jetbot_oled_display) by extension 'ignore'
[1.666s] Level 1:colcon.colcon_core.package_identification:_identify(src/jetbot_oled_display) by extension 'ignore_ament_install'
[1.666s] Level 1:colcon.colcon_core.package_identification:_identify(src/jetbot_oled_display) by extensions ['colcon_pkg']
[1.666s] Level 1:colcon.colcon_core.package_identification:_identify(src/jetbot_oled_display) by extension 'colcon_pkg'
[1.667s] Level 1:colcon.colcon_core.package_identification:_identify(src/jetbot_oled_display) by extensions ['colcon_meta']
[1.667s] Level 1:colcon.colcon_core.package_identification:_identify(src/jetbot_oled_display) by extension 'colcon_meta'
[1.667s] Level 1:colcon.colcon_core.package_identification:_identify(src/jetbot_oled_display) by extensions ['ros']
[1.667s] Level 1:colcon.colcon_core.package_identification:_identify(src/jetbot_oled_display) by extension 'ros'
[1.679s] DEBUG:colcon.colcon_core.package_identification:Package 'src/jetbot_oled_display' with type 'ros.ament_python' and name 'jetbot_oled_display'
[1.682s] Level 1:colcon.colcon_core.package_identification:_identify(src/jetbot_sys_info) by extensions ['ignore', 'ignore_ament_install']
[1.683s] Level 1:colcon.colcon_core.package_identification:_identify(src/jetbot_sys_info) by extension 'ignore'
[1.683s] Level 1:colcon.colcon_core.package_identification:_identify(src/jetbot_sys_info) by extension 'ignore_ament_install'
[1.684s] Level 1:colcon.colcon_core.package_identification:_identify(src/jetbot_sys_info) by extensions ['colcon_pkg']
[1.684s] Level 1:colcon.colcon_core.package_identification:_identify(src/jetbot_sys_info) by extension 'colcon_pkg'
[1.684s] Level 1:colcon.colcon_core.package_identification:_identify(src/jetbot_sys_info) by extensions ['colcon_meta']
[1.684s] Level 1:colcon.colcon_core.package_identification:_identify(src/jetbot_sys_info) by extension 'colcon_meta'
[1.684s] Level 1:colcon.colcon_core.package_identification:_identify(src/jetbot_sys_info) by extensions ['ros']
[1.685s] Level 1:colcon.colcon_core.package_identification:_identify(src/jetbot_sys_info) by extension 'ros'
[1.697s] DEBUG:colcon.colcon_core.package_identification:Package 'src/jetbot_sys_info' with type 'ros.ament_python' and name 'jetbot_sys_info'
[1.699s] Level 1:colcon.colcon_core.package_identification:_identify(src/pid_node) by extensions ['ignore', 'ignore_ament_install']
[1.700s] Level 1:colcon.colcon_core.package_identification:_identify(src/pid_node) by extension 'ignore'
[1.700s] Level 1:colcon.colcon_core.package_identification:_identify(src/pid_node) by extension 'ignore_ament_install'
[1.700s] Level 1:colcon.colcon_core.package_identification:_identify(src/pid_node) by extensions ['colcon_pkg']
[1.700s] Level 1:colcon.colcon_core.package_identification:_identify(src/pid_node) by extension 'colcon_pkg'
[1.700s] Level 1:colcon.colcon_core.package_identification:_identify(src/pid_node) by extensions ['colcon_meta']
[1.701s] Level 1:colcon.colcon_core.package_identification:_identify(src/pid_node) by extension 'colcon_meta'
[1.701s] Level 1:colcon.colcon_core.package_identification:_identify(src/pid_node) by extensions ['ros']
[1.701s] Level 1:colcon.colcon_core.package_identification:_identify(src/pid_node) by extension 'ros'
[1.713s] DEBUG:colcon.colcon_core.package_identification:Package 'src/pid_node' with type 'ros.ament_python' and name 'pid_node'
[1.716s] Level 1:colcon.colcon_core.package_identification:_identify(src/py_test_node) by extensions ['ignore', 'ignore_ament_install']
[1.716s] Level 1:colcon.colcon_core.package_identification:_identify(src/py_test_node) by extension 'ignore'
[1.716s] Level 1:colcon.colcon_core.package_identification:_identify(src/py_test_node) by extension 'ignore_ament_install'
[1.717s] Level 1:colcon.colcon_core.package_identification:_identify(src/py_test_node) by extensions ['colcon_pkg']
[1.717s] Level 1:colcon.colcon_core.package_identification:_identify(src/py_test_node) by extension 'colcon_pkg'
[1.717s] Level 1:colcon.colcon_core.package_identification:_identify(src/py_test_node) by extensions ['colcon_meta']
[1.717s] Level 1:colcon.colcon_core.package_identification:_identify(src/py_test_node) by extension 'colcon_meta'
[1.717s] Level 1:colcon.colcon_core.package_identification:_identify(src/py_test_node) by extensions ['ros']
[1.718s] Level 1:colcon.colcon_core.package_identification:_identify(src/py_test_node) by extension 'ros'
[1.732s] DEBUG:colcon.colcon_core.package_identification:Package 'src/py_test_node' with type 'ros.ament_python' and name 'py_test_node'
[1.735s] Level 1:colcon.colcon_core.package_identification:_identify(src/ros2_rtimulib) by extensions ['ignore', 'ignore_ament_install']
[1.740s] Level 1:colcon.colcon_core.package_identification:_identify(src/ros2_rtimulib) by extension 'ignore'
[1.741s] Level 1:colcon.colcon_core.package_identification:_identify(src/ros2_rtimulib) by extension 'ignore_ament_install'
[1.741s] Level 1:colcon.colcon_core.package_identification:_identify(src/ros2_rtimulib) by extensions ['colcon_pkg']
[1.742s] Level 1:colcon.colcon_core.package_identification:_identify(src/ros2_rtimulib) by extension 'colcon_pkg'
[1.742s] Level 1:colcon.colcon_core.package_identification:_identify(src/ros2_rtimulib) by extensions ['colcon_meta']
[1.742s] Level 1:colcon.colcon_core.package_identification:_identify(src/ros2_rtimulib) by extension 'colcon_meta'
[1.742s] Level 1:colcon.colcon_core.package_identification:_identify(src/ros2_rtimulib) by extensions ['ros']
[1.743s] Level 1:colcon.colcon_core.package_identification:_identify(src/ros2_rtimulib) by extension 'ros'
[1.757s] DEBUG:colcon.colcon_core.package_identification:Package 'src/ros2_rtimulib' with type 'ros.ament_python' and name 'ros2_rtimulib'
[1.757s] Level 1:colcon.colcon_core.package_discovery:discover_packages(recursive) using defaults
[1.757s] Level 1:colcon.colcon_core.package_discovery:discover_packages(ignore) discover
[1.758s] Level 1:colcon.colcon_core.package_discovery:discover_packages(ignore) using defaults
[1.758s] Level 1:colcon.colcon_core.package_discovery:discover_packages(path) discover
[1.758s] Level 1:colcon.colcon_core.package_discovery:discover_packages(path) using defaults
[1.847s] INFO:colcon.colcon_core.package_selection:Skipping not selected package 'camera' in 'src/camera'
[1.847s] INFO:colcon.colcon_core.package_selection:Skipping not selected package 'camera_pan_tilt' in 'src/camera_pan_tilt'
[1.847s] INFO:colcon.colcon_core.package_selection:Skipping not selected package 'jetbot_camera' in 'src/jetbot_camera'
[1.848s] INFO:colcon.colcon_core.package_selection:Skipping not selected package 'jetbot_oled_display' in 'src/jetbot_oled_display'
[1.848s] INFO:colcon.colcon_core.package_selection:Skipping not selected package 'jetbot_sys_info' in 'src/jetbot_sys_info'
[1.848s] INFO:colcon.colcon_core.package_selection:Skipping not selected package 'pid_node' in 'src/pid_node'
[1.848s] INFO:colcon.colcon_core.package_selection:Skipping not selected package 'py_test_node' in 'src/py_test_node'
[1.848s] INFO:colcon.colcon_core.package_selection:Skipping not selected package 'ros2_rtimulib' in 'src/ros2_rtimulib'
[1.864s] Level 5:colcon.colcon_core.verb:set package 'jetbot_drive' build argument 'cmake_args' from command line to 'None'
[1.864s] Level 5:colcon.colcon_core.verb:set package 'jetbot_drive' build argument 'cmake_target' from command line to 'None'
[1.864s] Level 5:colcon.colcon_core.verb:set package 'jetbot_drive' build argument 'cmake_target_skip_unavailable' from command line to 'False'
[1.864s] Level 5:colcon.colcon_core.verb:set package 'jetbot_drive' build argument 'cmake_clean_cache' from command line to 'False'
[1.864s] Level 5:colcon.colcon_core.verb:set package 'jetbot_drive' build argument 'cmake_clean_first' from command line to 'False'
[1.864s] Level 5:colcon.colcon_core.verb:set package 'jetbot_drive' build argument 'cmake_force_configure' from command line to 'False'
[1.864s] Level 5:colcon.colcon_core.verb:set package 'jetbot_drive' build argument 'ament_cmake_args' from command line to 'None'
[1.865s] Level 5:colcon.colcon_core.verb:set package 'jetbot_drive' build argument 'catkin_cmake_args' from command line to 'None'
[1.865s] Level 5:colcon.colcon_core.verb:set package 'jetbot_drive' build argument 'catkin_skip_building_tests' from command line to 'False'
[1.865s] DEBUG:colcon.colcon_core.verb:Building package 'jetbot_drive' with the following arguments: {'ament_cmake_args': None, 'build_base': '/home/robot/Software/ROS2/Madox/madox_ws/build/jetbot_drive', 'catkin_cmake_args': None, 'catkin_skip_building_tests': False, 'cmake_args': None, 'cmake_clean_cache': False, 'cmake_clean_first': False, 'cmake_force_configure': False, 'cmake_target': None, 'cmake_target_skip_unavailable': False, 'install_base': '/home/robot/Software/ROS2/Madox/madox_ws/install/jetbot_drive', 'merge_install': False, 'path': '/home/robot/Software/ROS2/Madox/madox_ws/src/jetbot_drive', 'symlink_install': False, 'test_result_base': None}
[1.867s] INFO:colcon.colcon_core.executor:Executing jobs using 'parallel' executor
[1.875s] DEBUG:colcon.colcon_parallel_executor.executor.parallel:run_until_complete
[1.876s] INFO:colcon.colcon_ros.task.ament_python.build:Building ROS package in '/home/robot/Software/ROS2/Madox/madox_ws/src/jetbot_drive' with build type 'ament_python'
[1.876s] Level 1:colcon.colcon_core.shell:create_environment_hook('jetbot_drive', 'ament_prefix_path')
[1.893s] INFO:colcon.colcon_core.plugin_system:Skipping extension 'colcon_core.shell.bat': Not used on non-Windows systems
[1.894s] INFO:colcon.colcon_core.shell:Creating environment hook '/home/robot/Software/ROS2/Madox/madox_ws/install/jetbot_drive/share/jetbot_drive/hook/ament_prefix_path.ps1'
[1.909s] INFO:colcon.colcon_core.shell:Creating environment descriptor '/home/robot/Software/ROS2/Madox/madox_ws/install/jetbot_drive/share/jetbot_drive/hook/ament_prefix_path.dsv'
[1.924s] INFO:colcon.colcon_core.shell:Creating environment hook '/home/robot/Software/ROS2/Madox/madox_ws/install/jetbot_drive/share/jetbot_drive/hook/ament_prefix_path.sh'
[1.941s] INFO:colcon.colcon_core.shell:Skip shell extension 'powershell' for command environment: Not usable outside of PowerShell
[1.942s] DEBUG:colcon.colcon_core.shell:Skip shell extension 'dsv' for command environment
[2.072s] DEBUG:colcon.colcon_core.shell:Ignoring prefix path '/opt/ros/foxy'
[3.306s] INFO:colcon.colcon_core.task.python.build:Building Python package in '/home/robot/Software/ROS2/Madox/madox_ws/src/jetbot_drive'
[3.310s] INFO:colcon.colcon_core.shell:Skip shell extension 'powershell' for command environment: Not usable outside of PowerShell
[3.310s] DEBUG:colcon.colcon_core.shell:Skip shell extension 'dsv' for command environment
[3.366s] DEBUG:colcon.colcon_core.shell:Ignoring prefix path '/opt/ros/foxy'
[3.454s] DEBUG:colcon.colcon_core.event_handler.log_command:Invoking command in '/home/robot/Software/ROS2/Madox/madox_ws/build/jetbot_drive': PYTHONPATH=/home/robot/Software/ROS2/Madox/madox_ws/install/jetbot_drive/lib/python3.8/site-packages:${PYTHONPATH} /usr/bin/python3 setup.py develop --prefix /home/robot/Software/ROS2/Madox/madox_ws/install/jetbot_drive --uninstall --editable --build-directory /home/robot/Software/ROS2/Madox/madox_ws/build/jetbot_drive/build
[5.591s] DEBUG:colcon.colcon_core.event_handler.log_command:Invoked command in '/home/robot/Software/ROS2/Madox/madox_ws/build/jetbot_drive' returned '0': PYTHONPATH=/home/robot/Software/ROS2/Madox/madox_ws/install/jetbot_drive/lib/python3.8/site-packages:${PYTHONPATH} /usr/bin/python3 setup.py develop --prefix /home/robot/Software/ROS2/Madox/madox_ws/install/jetbot_drive --uninstall --editable --build-directory /home/robot/Software/ROS2/Madox/madox_ws/build/jetbot_drive/build
[5.609s] DEBUG:colcon.colcon_core.event_handler.log_command:Invoking command in '/home/robot/Software/ROS2/Madox/madox_ws/src/jetbot_drive': PYTHONPATH=/home/robot/Software/ROS2/Madox/madox_ws/install/jetbot_drive/lib/python3.8/site-packages:${PYTHONPATH} /usr/bin/python3 setup.py egg_info --egg-base ../../build/jetbot_drive build --build-base /home/robot/Software/ROS2/Madox/madox_ws/build/jetbot_drive/build install --prefix /home/robot/Software/ROS2/Madox/madox_ws/install/jetbot_drive --record /home/robot/Software/ROS2/Madox/madox_ws/build/jetbot_drive/install.log --single-version-externally-managed
[7.846s] DEBUG:colcon.colcon_core.event_handler.log_command:Invoked command in '/home/robot/Software/ROS2/Madox/madox_ws/src/jetbot_drive' returned '0': PYTHONPATH=/home/robot/Software/ROS2/Madox/madox_ws/install/jetbot_drive/lib/python3.8/site-packages:${PYTHONPATH} /usr/bin/python3 setup.py egg_info --egg-base ../../build/jetbot_drive build --build-base /home/robot/Software/ROS2/Madox/madox_ws/build/jetbot_drive/build install --prefix /home/robot/Software/ROS2/Madox/madox_ws/install/jetbot_drive --record /home/robot/Software/ROS2/Madox/madox_ws/build/jetbot_drive/install.log --single-version-externally-managed
[7.862s] Level 1:colcon.colcon_core.environment:checking '/home/robot/Software/ROS2/Madox/madox_ws/install/jetbot_drive' for CMake module files
[7.881s] Level 1:colcon.colcon_core.environment:checking '/home/robot/Software/ROS2/Madox/madox_ws/install/jetbot_drive' for CMake config files
[7.934s] Level 1:colcon.colcon_core.environment:checking '/home/robot/Software/ROS2/Madox/madox_ws/install/jetbot_drive/lib'
[7.937s] Level 1:colcon.colcon_core.environment:checking '/home/robot/Software/ROS2/Madox/madox_ws/install/jetbot_drive/bin'
[7.937s] Level 1:colcon.colcon_core.environment:checking '/home/robot/Software/ROS2/Madox/madox_ws/install/jetbot_drive/lib/pkgconfig/jetbot_drive.pc'
[7.938s] Level 1:colcon.colcon_core.environment:checking '/home/robot/Software/ROS2/Madox/madox_ws/install/jetbot_drive/lib/python3.8/site-packages'
[7.938s] Level 1:colcon.colcon_core.shell:create_environment_hook('jetbot_drive', 'pythonpath')
[7.942s] INFO:colcon.colcon_core.shell:Creating environment hook '/home/robot/Software/ROS2/Madox/madox_ws/install/jetbot_drive/share/jetbot_drive/hook/pythonpath.ps1'
[7.958s] INFO:colcon.colcon_core.shell:Creating environment descriptor '/home/robot/Software/ROS2/Madox/madox_ws/install/jetbot_drive/share/jetbot_drive/hook/pythonpath.dsv'
[7.973s] INFO:colcon.colcon_core.shell:Creating environment hook '/home/robot/Software/ROS2/Madox/madox_ws/install/jetbot_drive/share/jetbot_drive/hook/pythonpath.sh'
[7.989s] Level 1:colcon.colcon_core.environment:create_environment_scripts_only(jetbot_drive)
[7.993s] INFO:colcon.colcon_core.shell:Creating package script '/home/robot/Software/ROS2/Madox/madox_ws/install/jetbot_drive/share/jetbot_drive/package.ps1'
[8.010s] INFO:colcon.colcon_core.shell:Creating package descriptor '/home/robot/Software/ROS2/Madox/madox_ws/install/jetbot_drive/share/jetbot_drive/package.dsv'
[8.025s] INFO:colcon.colcon_core.shell:Creating package script '/home/robot/Software/ROS2/Madox/madox_ws/install/jetbot_drive/share/jetbot_drive/package.sh'
[8.041s] INFO:colcon.colcon_core.shell:Creating package script '/home/robot/Software/ROS2/Madox/madox_ws/install/jetbot_drive/share/jetbot_drive/package.bash'
[8.058s] INFO:colcon.colcon_core.shell:Creating package script '/home/robot/Software/ROS2/Madox/madox_ws/install/jetbot_drive/share/jetbot_drive/package.zsh'
[8.074s] Level 1:colcon.colcon_core.environment:create_file_with_runtime_dependencies(/home/robot/Software/ROS2/Madox/madox_ws/install/jetbot_drive/share/colcon-core/packages/jetbot_drive)
[8.082s] DEBUG:colcon.colcon_parallel_executor.executor.parallel:closing loop
[8.083s] DEBUG:colcon.colcon_parallel_executor.executor.parallel:loop closed
[8.084s] DEBUG:colcon.colcon_parallel_executor.executor.parallel:run_until_complete finished with '0'
[8.084s] DEBUG:colcon.colcon_core.event_reactor:joining thread
[8.656s] INFO:colcon.colcon_core.plugin_system:Skipping extension 'colcon_notification.desktop_notification.terminal_notifier': Not used on non-Darwin systems
[8.659s] INFO:colcon.colcon_core.plugin_system:Skipping extension 'colcon_notification.desktop_notification.win32': Not used on non-Windows systems
[8.659s] INFO:colcon.colcon_notification.desktop_notification:Sending desktop notification using 'notify2'
[33.669s] DEBUG:colcon.colcon_notification.desktop_notification.notify2:Failed to initialize notify2: org.freedesktop.DBus.Error.NoReply: Did not receive a reply. Possible causes include: the remote application did not send a reply, the message bus security policy blocked the reply, the reply timeout expired, or the network connection was broken.
[33.670s] DEBUG:colcon.colcon_core.event_reactor:joined thread
[33.674s] INFO:colcon.colcon_core.shell:Creating prefix script '/home/robot/Software/ROS2/Madox/madox_ws/install/local_setup.ps1'
[33.717s] INFO:colcon.colcon_core.shell:Creating prefix util module '/home/robot/Software/ROS2/Madox/madox_ws/install/_local_setup_util_ps1.py'
[33.739s] INFO:colcon.colcon_core.shell:Creating prefix chain script '/home/robot/Software/ROS2/Madox/madox_ws/install/setup.ps1'
[33.847s] INFO:colcon.colcon_core.shell:Creating prefix script '/home/robot/Software/ROS2/Madox/madox_ws/install/local_setup.sh'
[33.868s] INFO:colcon.colcon_core.shell:Creating prefix util module '/home/robot/Software/ROS2/Madox/madox_ws/install/_local_setup_util_sh.py'
[33.886s] INFO:colcon.colcon_core.shell:Creating prefix chain script '/home/robot/Software/ROS2/Madox/madox_ws/install/setup.sh'
[33.956s] INFO:colcon.colcon_core.shell:Creating prefix script '/home/robot/Software/ROS2/Madox/madox_ws/install/local_setup.bash'
[33.973s] INFO:colcon.colcon_core.shell:Creating prefix chain script '/home/robot/Software/ROS2/Madox/madox_ws/install/setup.bash'
[34.040s] INFO:colcon.colcon_core.shell:Creating prefix script '/home/robot/Software/ROS2/Madox/madox_ws/install/local_setup.zsh'
[34.057s] INFO:colcon.colcon_core.shell:Creating prefix chain script '/home/robot/Software/ROS2/Madox/madox_ws/install/setup.zsh'
