[2.373s] Invoking command in '/home/robot/Software/ROS2/Madox/madox_ws/src/py_drive': PYTHONPATH=/home/robot/Software/ROS2/Madox/madox_ws/install/py_drive/lib/python3.8/site-packages:${PYTHONPATH} /usr/bin/python3 setup.py egg_info --egg-base ../../build/py_drive build --build-base /home/robot/Software/ROS2/Madox/madox_ws/build/py_drive/build install --prefix /home/robot/Software/ROS2/Madox/madox_ws/install/py_drive --record /home/robot/Software/ROS2/Madox/madox_ws/build/py_drive/install.log --single-version-externally-managed
[3.202s] /home/robot/.local/lib/python3.8/site-packages/setuptools/dist.py:642: UserWarning: Usage of dash-separated 'script-dir' will not be supported in future versions. Please use the underscore name 'script_dir' instead
[3.202s]   warnings.warn(
[3.203s] /home/robot/.local/lib/python3.8/site-packages/setuptools/dist.py:642: UserWarning: Usage of dash-separated 'install-scripts' will not be supported in future versions. Please use the underscore name 'install_scripts' instead
[3.203s]   warnings.warn(
[3.342s] running egg_info
[3.348s] writing ../../build/py_drive/py_drive.egg-info/PKG-INFO
[3.361s] writing dependency_links to ../../build/py_drive/py_drive.egg-info/dependency_links.txt
[3.370s] writing entry points to ../../build/py_drive/py_drive.egg-info/entry_points.txt
[3.379s] writing requirements to ../../build/py_drive/py_drive.egg-info/requires.txt
[3.388s] writing top-level names to ../../build/py_drive/py_drive.egg-info/top_level.txt
[3.586s] reading manifest file '../../build/py_drive/py_drive.egg-info/SOURCES.txt'
[3.596s] writing manifest file '../../build/py_drive/py_drive.egg-info/SOURCES.txt'
[3.607s] running build
[3.608s] running build_py
[3.634s] running install
[3.637s] running install_lib
[3.674s] running install_data
[3.689s] running install_egg_info
[3.694s] removing '/home/robot/Software/ROS2/Madox/madox_ws/install/py_drive/lib/python3.8/site-packages/py_drive-0.0.0-py3.8.egg-info' (and everything under it)
[3.731s] Copying ../../build/py_drive/py_drive.egg-info to /home/robot/Software/ROS2/Madox/madox_ws/install/py_drive/lib/python3.8/site-packages/py_drive-0.0.0-py3.8.egg-info
[3.884s] running install_scripts
[3.960s] Installing listener script to /home/robot/Software/ROS2/Madox/madox_ws/install/py_drive/lib/py_drive
[3.976s] Installing talker script to /home/robot/Software/ROS2/Madox/madox_ws/install/py_drive/lib/py_drive
[3.995s] writing list of installed files to '/home/robot/Software/ROS2/Madox/madox_ws/build/py_drive/install.log'
[4.368s] Invoked command in '/home/robot/Software/ROS2/Madox/madox_ws/src/py_drive' returned '0': PYTHONPATH=/home/robot/Software/ROS2/Madox/madox_ws/install/py_drive/lib/python3.8/site-packages:${PYTHONPATH} /usr/bin/python3 setup.py egg_info --egg-base ../../build/py_drive build --build-base /home/robot/Software/ROS2/Madox/madox_ws/build/py_drive/build install --prefix /home/robot/Software/ROS2/Madox/madox_ws/install/py_drive --record /home/robot/Software/ROS2/Madox/madox_ws/build/py_drive/install.log --single-version-externally-managed
