[0.276s] Invoking command in '/home/robot/Software/ROS2/Madox/madox_ws/build/ros2_IMU': CMAKE_PREFIX_PATH=${CMAKE_PREFIX_PATH}:/home/robot/Software/ROS2/Madox/madox_ws/install/ros2_rtimulib:/home/robot/Software/ROS2/Madox/madox_ws/install/pid_node:/home/robot/Software/ROS2/Madox/madox_ws/install/jetbot_sys_info:/home/robot/Software/ROS2/Madox/madox_ws/install/jetbot_oled_display:/home/robot/Software/ROS2/Madox/madox_ws/install/jetbot_launch:/home/robot/Software/ROS2/Madox/madox_ws/install/jetbot_drive:/home/robot/Software/ROS2/Madox/madox_ws/install/camera_pan_tilt:/home/robot/Software/ROS2/Madox/madox_ws/install/camera:/opt/ros/foxy /usr/bin/cmake --build /home/robot/Software/ROS2/Madox/madox_ws/build/ros2_IMU -- -j4 -l4
[0.780s] [35m[1mScanning dependencies of target ros2_imu_node[0m
[1.040s] [ 50%] [32mBuilding CXX object CMakeFiles/ros2_imu_node.dir/src/imu.cpp.o[0m
[6.823s] [01m[K/home/robot/Software/ROS2/Madox/madox_ws/src/ros2_IMU/src/imu.cpp:[m[K In member function ‘[01m[Kvoid ImuNode::InitParam()[m[K’:
[6.824s] [01m[K/home/robot/Software/ROS2/Madox/madox_ws/src/ros2_IMU/src/imu.cpp:91:9:[m[K [01;35m[Kwarning: [m[Kunused variable ‘[01m[KsampleCount[m[K’ [[01;35m[K-Wunused-variable[m[K]
[6.824s]    91 |     int [01;35m[KsampleCount[m[K = 0;
[6.824s]       |         [01;35m[K^~~~~~~~~~~[m[K
[6.825s] [01m[K/home/robot/Software/ROS2/Madox/madox_ws/src/ros2_IMU/src/imu.cpp:92:9:[m[K [01;35m[Kwarning: [m[Kunused variable ‘[01m[KsampleRate[m[K’ [[01;35m[K-Wunused-variable[m[K]
[6.825s]    92 |     int [01;35m[KsampleRate[m[K  = 0;
[6.825s]       |         [01;35m[K^~~~~~~~~~[m[K
[6.826s] [01m[K/home/robot/Software/ROS2/Madox/madox_ws/src/ros2_IMU/src/imu.cpp:93:14:[m[K [01;35m[Kwarning: [m[Kvariable ‘[01m[KrateTimer[m[K’ set but not used [[01;35m[K-Wunused-but-set-variable[m[K]
[6.826s]    93 |     uint64_t [01;35m[KrateTimer[m[K;
[6.826s]       |              [01;35m[K^~~~~~~~~[m[K
[6.827s] [01m[K/home/robot/Software/ROS2/Madox/madox_ws/src/ros2_IMU/src/imu.cpp:95:14:[m[K [01;35m[Kwarning: [m[Kunused variable ‘[01m[Know[m[K’ [[01;35m[K-Wunused-variable[m[K]
[6.827s]    95 |     uint64_t [01;35m[Know[m[K;
[6.828s]       |              [01;35m[K^~~[m[K
[6.832s] [01m[K/home/robot/Software/ROS2/Madox/madox_ws/src/ros2_IMU/src/imu.cpp:[m[K In member function ‘[01m[Kvoid ImuNode::PubImuData()[m[K’:
[6.832s] [01m[K/home/robot/Software/ROS2/Madox/madox_ws/src/ros2_IMU/src/imu.cpp:150:27:[m[K [01;31m[Kerror: [m[K‘[01m[Kimu[m[K’ was not declared in this scope
[6.833s]   150 |     RTIMU_DATA imu_data = [01;31m[Kimu[m[K->getIMUData();
[6.833s]       |                           [01;31m[K^~~[m[K
[6.834s] [01m[K/home/robot/Software/ROS2/Madox/madox_ws/src/ros2_IMU/src/imu.cpp:[m[K In member function ‘[01m[Kvoid ImuNode::PrintErrorCode(const int&)[m[K’:
[6.834s] [01m[K/home/robot/Software/ROS2/Madox/madox_ws/src/ros2_IMU/src/imu.cpp:236:34:[m[K [01;35m[Kwarning: [m[Kunused parameter ‘[01m[Kcode[m[K’ [[01;35m[K-Wunused-parameter[m[K]
[6.834s]   236 |   void PrintErrorCode([01;35m[Kconst int& code[m[K) {
[6.835s]       |                       [01;35m[K~~~~~~~~~~~^~~~[m[K
[9.267s] make[2]: *** [CMakeFiles/ros2_imu_node.dir/build.make:63: CMakeFiles/ros2_imu_node.dir/src/imu.cpp.o] Error 1
[9.269s] make[1]: *** [CMakeFiles/Makefile2:78: CMakeFiles/ros2_imu_node.dir/all] Error 2
[9.271s] make: *** [Makefile:141: all] Error 2
[9.287s] Invoked command in '/home/robot/Software/ROS2/Madox/madox_ws/build/ros2_IMU' returned '2': CMAKE_PREFIX_PATH=${CMAKE_PREFIX_PATH}:/home/robot/Software/ROS2/Madox/madox_ws/install/ros2_rtimulib:/home/robot/Software/ROS2/Madox/madox_ws/install/pid_node:/home/robot/Software/ROS2/Madox/madox_ws/install/jetbot_sys_info:/home/robot/Software/ROS2/Madox/madox_ws/install/jetbot_oled_display:/home/robot/Software/ROS2/Madox/madox_ws/install/jetbot_launch:/home/robot/Software/ROS2/Madox/madox_ws/install/jetbot_drive:/home/robot/Software/ROS2/Madox/madox_ws/install/camera_pan_tilt:/home/robot/Software/ROS2/Madox/madox_ws/install/camera:/opt/ros/foxy /usr/bin/cmake --build /home/robot/Software/ROS2/Madox/madox_ws/build/ros2_IMU -- -j4 -l4
