[1.457s] Invoking command in '/home/paolo/NAS/Software/ROS2/service_client_ws/src/py_srvcli': PYTHONPATH=/home/paolo/NAS/Software/ROS2/service_client_ws/install/py_srvcli/lib/python3.8/site-packages:${PYTHONPATH} /usr/bin/python3 setup.py egg_info --egg-base ../../build/py_srvcli build --build-base /home/paolo/NAS/Software/ROS2/service_client_ws/build/py_srvcli/build install --prefix /home/paolo/NAS/Software/ROS2/service_client_ws/install/py_srvcli --record /home/paolo/NAS/Software/ROS2/service_client_ws/build/py_srvcli/install.log --single-version-externally-managed
[1.825s] running egg_info
[1.828s] writing ../../build/py_srvcli/py_srvcli.egg-info/PKG-INFO
[1.851s] writing dependency_links to ../../build/py_srvcli/py_srvcli.egg-info/dependency_links.txt
[1.875s] writing entry points to ../../build/py_srvcli/py_srvcli.egg-info/entry_points.txt
[1.891s] writing requirements to ../../build/py_srvcli/py_srvcli.egg-info/requires.txt
[1.911s] writing top-level names to ../../build/py_srvcli/py_srvcli.egg-info/top_level.txt
[1.993s] reading manifest file '../../build/py_srvcli/py_srvcli.egg-info/SOURCES.txt'
[2.016s] writing manifest file '../../build/py_srvcli/py_srvcli.egg-info/SOURCES.txt'
[2.027s] running build
[2.027s] running build_py
[2.041s] running install
[2.043s] running install_lib
[2.116s] running install_data
[2.116s] running install_egg_info
[2.116s] removing '/home/paolo/NAS/Software/ROS2/service_client_ws/install/py_srvcli/lib/python3.8/site-packages/py_srvcli-0.0.0-py3.8.egg-info' (and everything under it)
[2.123s] Copying ../../build/py_srvcli/py_srvcli.egg-info to /home/paolo/NAS/Software/ROS2/service_client_ws/install/py_srvcli/lib/python3.8/site-packages/py_srvcli-0.0.0-py3.8.egg-info
[2.354s] running install_scripts
[2.417s] Installing client script to /home/paolo/NAS/Software/ROS2/service_client_ws/install/py_srvcli/lib/py_srvcli
[2.433s] Installing service script to /home/paolo/NAS/Software/ROS2/service_client_ws/install/py_srvcli/lib/py_srvcli
[2.453s] writing list of installed files to '/home/paolo/NAS/Software/ROS2/service_client_ws/build/py_srvcli/install.log'
