[1.843s] Invoking command in '/home/paolo/NAS/Software/ROS2/service_client_ws/src/drive': PYTHONPATH=/home/paolo/NAS/Software/ROS2/service_client_ws/install/drive/lib/python3.8/site-packages:${PYTHONPATH} /usr/bin/python3 setup.py egg_info --egg-base ../../build/drive build --build-base /home/paolo/NAS/Software/ROS2/service_client_ws/build/drive/build install --prefix /home/paolo/NAS/Software/ROS2/service_client_ws/install/drive --record /home/paolo/NAS/Software/ROS2/service_client_ws/build/drive/install.log --single-version-externally-managed
[2.281s] running egg_info
[2.284s] writing ../../build/drive/drive.egg-info/PKG-INFO
[2.303s] writing dependency_links to ../../build/drive/drive.egg-info/dependency_links.txt
[2.327s] writing entry points to ../../build/drive/drive.egg-info/entry_points.txt
[2.346s] writing requirements to ../../build/drive/drive.egg-info/requires.txt
[2.361s] writing top-level names to ../../build/drive/drive.egg-info/top_level.txt
[2.449s] reading manifest file '../../build/drive/drive.egg-info/SOURCES.txt'
[2.468s] writing manifest file '../../build/drive/drive.egg-info/SOURCES.txt'
[2.480s] running build
[2.480s] running build_py
[2.496s] running install
[2.498s] running install_lib
[2.519s] running install_data
[2.529s] running install_egg_info
[2.532s] removing '/home/paolo/NAS/Software/ROS2/service_client_ws/install/drive/lib/python3.8/site-packages/drive-0.0.0-py3.8.egg-info' (and everything under it)
[2.579s] Copying ../../build/drive/drive.egg-info to /home/paolo/NAS/Software/ROS2/service_client_ws/install/drive/lib/python3.8/site-packages/drive-0.0.0-py3.8.egg-info
[2.802s] running install_scripts
[2.872s] Installing client script to /home/paolo/NAS/Software/ROS2/service_client_ws/install/drive/lib/drive
[2.889s] Installing service script to /home/paolo/NAS/Software/ROS2/service_client_ws/install/drive/lib/drive
[2.908s] writing list of installed files to '/home/paolo/NAS/Software/ROS2/service_client_ws/build/drive/install.log'
[2.968s] Invoked command in '/home/paolo/NAS/Software/ROS2/service_client_ws/src/drive' returned '0': PYTHONPATH=/home/paolo/NAS/Software/ROS2/service_client_ws/install/drive/lib/python3.8/site-packages:${PYTHONPATH} /usr/bin/python3 setup.py egg_info --egg-base ../../build/drive build --build-base /home/paolo/NAS/Software/ROS2/service_client_ws/build/drive/build install --prefix /home/paolo/NAS/Software/ROS2/service_client_ws/install/drive --record /home/paolo/NAS/Software/ROS2/service_client_ws/build/drive/install.log --single-version-externally-managed
