[4.924s] Invoking command in '/home/robot/Software/ROS2/Madox/madox_ws/src/py_camera': PYTHONPATH=/home/robot/Software/ROS2/Madox/madox_ws/install/py_camera/lib/python3.8/site-packages:${PYTHONPATH} /usr/bin/python3 setup.py egg_info --egg-base ../../build/py_camera build --build-base /home/robot/Software/ROS2/Madox/madox_ws/build/py_camera/build install --prefix /home/robot/Software/ROS2/Madox/madox_ws/install/py_camera --record /home/robot/Software/ROS2/Madox/madox_ws/build/py_camera/install.log --single-version-externally-managed
[5.811s] /home/robot/.local/lib/python3.8/site-packages/setuptools/dist.py:642: UserWarning: Usage of dash-separated 'script-dir' will not be supported in future versions. Please use the underscore name 'script_dir' instead
[5.812s]   warnings.warn(
[5.813s] /home/robot/.local/lib/python3.8/site-packages/setuptools/dist.py:642: UserWarning: Usage of dash-separated 'install-scripts' will not be supported in future versions. Please use the underscore name 'install_scripts' instead
[5.813s]   warnings.warn(
[5.955s] running egg_info
[5.959s] writing ../../build/py_camera/py_camera.egg-info/PKG-INFO
[5.979s] writing dependency_links to ../../build/py_camera/py_camera.egg-info/dependency_links.txt
[5.989s] writing entry points to ../../build/py_camera/py_camera.egg-info/entry_points.txt
[5.999s] writing requirements to ../../build/py_camera/py_camera.egg-info/requires.txt
[6.008s] writing top-level names to ../../build/py_camera/py_camera.egg-info/top_level.txt
[6.211s] reading manifest file '../../build/py_camera/py_camera.egg-info/SOURCES.txt'
[6.221s] writing manifest file '../../build/py_camera/py_camera.egg-info/SOURCES.txt'
[6.231s] running build
[6.231s] running build_py
[6.245s] copying py_camera/server.py -> /home/robot/Software/ROS2/Madox/madox_ws/build/py_camera/build/lib/py_camera
[6.272s] running install
[6.275s] running install_lib
[6.290s] copying /home/robot/Software/ROS2/Madox/madox_ws/build/py_camera/build/lib/py_camera/server.py -> /home/robot/Software/ROS2/Madox/madox_ws/install/py_camera/lib/python3.8/site-packages/py_camera
[6.324s] byte-compiling /home/robot/Software/ROS2/Madox/madox_ws/install/py_camera/lib/python3.8/site-packages/py_camera/server.py to server.cpython-38.pyc
[6.344s] running install_data
[6.348s] running install_egg_info
[6.355s] removing '/home/robot/Software/ROS2/Madox/madox_ws/install/py_camera/lib/python3.8/site-packages/py_camera-0.0.0-py3.8.egg-info' (and everything under it)
[6.390s] Copying ../../build/py_camera/py_camera.egg-info to /home/robot/Software/ROS2/Madox/madox_ws/install/py_camera/lib/python3.8/site-packages/py_camera-0.0.0-py3.8.egg-info
[6.527s] running install_scripts
[6.601s] Installing camera script to /home/robot/Software/ROS2/Madox/madox_ws/install/py_camera/lib/py_camera
[6.619s] writing list of installed files to '/home/robot/Software/ROS2/Madox/madox_ws/build/py_camera/install.log'
[6.738s] Invoked command in '/home/robot/Software/ROS2/Madox/madox_ws/src/py_camera' returned '0': PYTHONPATH=/home/robot/Software/ROS2/Madox/madox_ws/install/py_camera/lib/python3.8/site-packages:${PYTHONPATH} /usr/bin/python3 setup.py egg_info --egg-base ../../build/py_camera build --build-base /home/robot/Software/ROS2/Madox/madox_ws/build/py_camera/build install --prefix /home/robot/Software/ROS2/Madox/madox_ws/install/py_camera --record /home/robot/Software/ROS2/Madox/madox_ws/build/py_camera/install.log --single-version-externally-managed
