[1.466s] Invoking command in '/home/paolo/NAS/Software/ROS2/service_client_ws/src/py_srvcli': PYTHONPATH=/home/paolo/NAS/Software/ROS2/service_client_ws/install/py_srvcli/lib/python3.8/site-packages:${PYTHONPATH} /usr/bin/python3 setup.py egg_info --egg-base ../../build/py_srvcli build --build-base /home/paolo/NAS/Software/ROS2/service_client_ws/build/py_srvcli/build install --prefix /home/paolo/NAS/Software/ROS2/service_client_ws/install/py_srvcli --record /home/paolo/NAS/Software/ROS2/service_client_ws/build/py_srvcli/install.log --single-version-externally-managed
[1.821s] running egg_info
[1.824s] writing ../../build/py_srvcli/py_srvcli.egg-info/PKG-INFO
[1.845s] writing dependency_links to ../../build/py_srvcli/py_srvcli.egg-info/dependency_links.txt
[1.868s] writing entry points to ../../build/py_srvcli/py_srvcli.egg-info/entry_points.txt
[1.886s] writing requirements to ../../build/py_srvcli/py_srvcli.egg-info/requires.txt
[1.901s] writing top-level names to ../../build/py_srvcli/py_srvcli.egg-info/top_level.txt
[2.030s] reading manifest file '../../build/py_srvcli/py_srvcli.egg-info/SOURCES.txt'
[2.062s] writing manifest file '../../build/py_srvcli/py_srvcli.egg-info/SOURCES.txt'
[2.078s] running build
[2.078s] running build_py
[2.101s] running install
[2.106s] running install_lib
[2.135s] running install_data
[2.147s] running install_egg_info
[2.154s] removing '/home/paolo/NAS/Software/ROS2/service_client_ws/install/py_srvcli/lib/python3.8/site-packages/py_srvcli-0.0.0-py3.8.egg-info' (and everything under it)
[2.198s] Copying ../../build/py_srvcli/py_srvcli.egg-info to /home/paolo/NAS/Software/ROS2/service_client_ws/install/py_srvcli/lib/python3.8/site-packages/py_srvcli-0.0.0-py3.8.egg-info
[2.435s] running install_scripts
[2.491s] Installing client script to /home/paolo/NAS/Software/ROS2/service_client_ws/install/py_srvcli/lib/py_srvcli
[2.510s] Installing service script to /home/paolo/NAS/Software/ROS2/service_client_ws/install/py_srvcli/lib/py_srvcli
[2.527s] writing list of installed files to '/home/paolo/NAS/Software/ROS2/service_client_ws/build/py_srvcli/install.log'
[2.600s] Invoked command in '/home/paolo/NAS/Software/ROS2/service_client_ws/src/py_srvcli' returned '0': PYTHONPATH=/home/paolo/NAS/Software/ROS2/service_client_ws/install/py_srvcli/lib/python3.8/site-packages:${PYTHONPATH} /usr/bin/python3 setup.py egg_info --egg-base ../../build/py_srvcli build --build-base /home/paolo/NAS/Software/ROS2/service_client_ws/build/py_srvcli/build install --prefix /home/paolo/NAS/Software/ROS2/service_client_ws/install/py_srvcli --record /home/paolo/NAS/Software/ROS2/service_client_ws/build/py_srvcli/install.log --single-version-externally-managed
