[2.875s] Invoking command in '/home/paolo/NAS/Software/ROS2/Madox/madox_ws/src/jetbot_oled_display': PYTHONPATH=/home/paolo/NAS/Software/ROS2/Madox/madox_ws/install/jetbot_oled_display/lib/python3.8/site-packages:${PYTHONPATH} /usr/bin/python3 setup.py egg_info --egg-base ../../build/jetbot_oled_display build --build-base /home/paolo/NAS/Software/ROS2/Madox/madox_ws/build/jetbot_oled_display/build install --prefix /home/paolo/NAS/Software/ROS2/Madox/madox_ws/install/jetbot_oled_display --record /home/paolo/NAS/Software/ROS2/Madox/madox_ws/build/jetbot_oled_display/install.log --single-version-externally-managed
[3.374s] running egg_info
[3.377s] creating ../../build/jetbot_oled_display/jetbot_oled_display.egg-info
[3.383s] writing ../../build/jetbot_oled_display/jetbot_oled_display.egg-info/PKG-INFO
[3.410s] writing dependency_links to ../../build/jetbot_oled_display/jetbot_oled_display.egg-info/dependency_links.txt
[3.425s] writing entry points to ../../build/jetbot_oled_display/jetbot_oled_display.egg-info/entry_points.txt
[3.439s] writing requirements to ../../build/jetbot_oled_display/jetbot_oled_display.egg-info/requires.txt
[3.449s] writing top-level names to ../../build/jetbot_oled_display/jetbot_oled_display.egg-info/top_level.txt
[3.469s] writing manifest file '../../build/jetbot_oled_display/jetbot_oled_display.egg-info/SOURCES.txt'
[3.550s] reading manifest file '../../build/jetbot_oled_display/jetbot_oled_display.egg-info/SOURCES.txt'
[3.564s] writing manifest file '../../build/jetbot_oled_display/jetbot_oled_display.egg-info/SOURCES.txt'
[3.572s] running build
[3.573s] running build_py
[3.583s] creating /home/paolo/NAS/Software/ROS2/Madox/madox_ws/build/jetbot_oled_display/build
[3.585s] creating /home/paolo/NAS/Software/ROS2/Madox/madox_ws/build/jetbot_oled_display/build/lib
[3.589s] creating /home/paolo/NAS/Software/ROS2/Madox/madox_ws/build/jetbot_oled_display/build/lib/jetbot_oled_display
[3.602s] copying jetbot_oled_display/__init__.py -> /home/paolo/NAS/Software/ROS2/Madox/madox_ws/build/jetbot_oled_display/build/lib/jetbot_oled_display
[3.626s] copying jetbot_oled_display/ina219.py -> /home/paolo/NAS/Software/ROS2/Madox/madox_ws/build/jetbot_oled_display/build/lib/jetbot_oled_display
[3.659s] copying jetbot_oled_display/utils.py -> /home/paolo/NAS/Software/ROS2/Madox/madox_ws/build/jetbot_oled_display/build/lib/jetbot_oled_display
[3.688s] copying jetbot_oled_display/timer.py -> /home/paolo/NAS/Software/ROS2/Madox/madox_ws/build/jetbot_oled_display/build/lib/jetbot_oled_display
[3.724s] copying jetbot_oled_display/oled.py -> /home/paolo/NAS/Software/ROS2/Madox/madox_ws/build/jetbot_oled_display/build/lib/jetbot_oled_display
[3.754s] copying jetbot_oled_display/ads1115.py -> /home/paolo/NAS/Software/ROS2/Madox/madox_ws/build/jetbot_oled_display/build/lib/jetbot_oled_display
[3.777s] running install
[3.795s] running install_lib
[3.812s] creating /home/paolo/NAS/Software/ROS2/Madox/madox_ws/install/jetbot_oled_display/lib/python3.8/site-packages/jetbot_oled_display
[3.822s] copying /home/paolo/NAS/Software/ROS2/Madox/madox_ws/build/jetbot_oled_display/build/lib/jetbot_oled_display/oled.py -> /home/paolo/NAS/Software/ROS2/Madox/madox_ws/install/jetbot_oled_display/lib/python3.8/site-packages/jetbot_oled_display
[3.849s] copying /home/paolo/NAS/Software/ROS2/Madox/madox_ws/build/jetbot_oled_display/build/lib/jetbot_oled_display/utils.py -> /home/paolo/NAS/Software/ROS2/Madox/madox_ws/install/jetbot_oled_display/lib/python3.8/site-packages/jetbot_oled_display
[3.878s] copying /home/paolo/NAS/Software/ROS2/Madox/madox_ws/build/jetbot_oled_display/build/lib/jetbot_oled_display/timer.py -> /home/paolo/NAS/Software/ROS2/Madox/madox_ws/install/jetbot_oled_display/lib/python3.8/site-packages/jetbot_oled_display
[3.909s] copying /home/paolo/NAS/Software/ROS2/Madox/madox_ws/build/jetbot_oled_display/build/lib/jetbot_oled_display/ads1115.py -> /home/paolo/NAS/Software/ROS2/Madox/madox_ws/install/jetbot_oled_display/lib/python3.8/site-packages/jetbot_oled_display
[3.942s] copying /home/paolo/NAS/Software/ROS2/Madox/madox_ws/build/jetbot_oled_display/build/lib/jetbot_oled_display/__init__.py -> /home/paolo/NAS/Software/ROS2/Madox/madox_ws/install/jetbot_oled_display/lib/python3.8/site-packages/jetbot_oled_display
[3.958s] copying /home/paolo/NAS/Software/ROS2/Madox/madox_ws/build/jetbot_oled_display/build/lib/jetbot_oled_display/ina219.py -> /home/paolo/NAS/Software/ROS2/Madox/madox_ws/install/jetbot_oled_display/lib/python3.8/site-packages/jetbot_oled_display
[3.998s] byte-compiling /home/paolo/NAS/Software/ROS2/Madox/madox_ws/install/jetbot_oled_display/lib/python3.8/site-packages/jetbot_oled_display/oled.py to oled.cpython-38.pyc
[4.044s] byte-compiling /home/paolo/NAS/Software/ROS2/Madox/madox_ws/install/jetbot_oled_display/lib/python3.8/site-packages/jetbot_oled_display/utils.py to utils.cpython-38.pyc
[4.078s] byte-compiling /home/paolo/NAS/Software/ROS2/Madox/madox_ws/install/jetbot_oled_display/lib/python3.8/site-packages/jetbot_oled_display/timer.py to timer.cpython-38.pyc
[4.111s] byte-compiling /home/paolo/NAS/Software/ROS2/Madox/madox_ws/install/jetbot_oled_display/lib/python3.8/site-packages/jetbot_oled_display/ads1115.py to ads1115.cpython-38.pyc
[4.145s] byte-compiling /home/paolo/NAS/Software/ROS2/Madox/madox_ws/install/jetbot_oled_display/lib/python3.8/site-packages/jetbot_oled_display/__init__.py to __init__.cpython-38.pyc
[4.220s] byte-compiling /home/paolo/NAS/Software/ROS2/Madox/madox_ws/install/jetbot_oled_display/lib/python3.8/site-packages/jetbot_oled_display/ina219.py to ina219.cpython-38.pyc
[4.221s] running install_data
[4.221s] creating /home/paolo/NAS/Software/ROS2/Madox/madox_ws/install/jetbot_oled_display/share/ament_index
[4.224s] creating /home/paolo/NAS/Software/ROS2/Madox/madox_ws/install/jetbot_oled_display/share/ament_index/resource_index
[4.228s] creating /home/paolo/NAS/Software/ROS2/Madox/madox_ws/install/jetbot_oled_display/share/ament_index/resource_index/packages
[4.236s] copying resource/jetbot_oled_display -> /home/paolo/NAS/Software/ROS2/Madox/madox_ws/install/jetbot_oled_display/share/ament_index/resource_index/packages
[4.255s] copying package.xml -> /home/paolo/NAS/Software/ROS2/Madox/madox_ws/install/jetbot_oled_display/share/jetbot_oled_display
[4.277s] running install_egg_info
[4.289s] Copying ../../build/jetbot_oled_display/jetbot_oled_display.egg-info to /home/paolo/NAS/Software/ROS2/Madox/madox_ws/install/jetbot_oled_display/lib/python3.8/site-packages/jetbot_oled_display-1.0.0-py3.8.egg-info
[4.524s] running install_scripts
[4.561s] Installing ros2_jetbot_oled_display script to /home/paolo/NAS/Software/ROS2/Madox/madox_ws/install/jetbot_oled_display/lib/jetbot_oled_display
[4.579s] writing list of installed files to '/home/paolo/NAS/Software/ROS2/Madox/madox_ws/build/jetbot_oled_display/install.log'
[5.284s] Invoked command in '/home/paolo/NAS/Software/ROS2/Madox/madox_ws/src/jetbot_oled_display' returned '0': PYTHONPATH=/home/paolo/NAS/Software/ROS2/Madox/madox_ws/install/jetbot_oled_display/lib/python3.8/site-packages:${PYTHONPATH} /usr/bin/python3 setup.py egg_info --egg-base ../../build/jetbot_oled_display build --build-base /home/paolo/NAS/Software/ROS2/Madox/madox_ws/build/jetbot_oled_display/build install --prefix /home/paolo/NAS/Software/ROS2/Madox/madox_ws/install/jetbot_oled_display --record /home/paolo/NAS/Software/ROS2/Madox/madox_ws/build/jetbot_oled_display/install.log --single-version-externally-managed
