[2.165s] Invoking command in '/home/robot/Software/ROS2/Scrap/scrap_ws/build/web_video_server': /usr/bin/cmake /home/robot/Software/ROS2/Scrap/scrap_ws/src/web_video_server -DCATKIN_INSTALL_INTO_PREFIX_ROOT=0 -DCMAKE_INSTALL_PREFIX=/home/robot/Software/ROS2/Scrap/scrap_ws/install/web_video_server
[2.600s] -- The C compiler identification is GNU 9.3.0
[2.959s] -- The CXX compiler identification is GNU 9.3.0
[3.016s] -- Check for working C compiler: /usr/bin/cc
[3.824s] -- Check for working C compiler: /usr/bin/cc -- works
[3.834s] -- Detecting C compiler ABI info
[4.602s] -- Detecting C compiler ABI info - done
[4.690s] -- Detecting C compile features
[4.691s] -- Detecting C compile features - done
[4.747s] -- Check for working CXX compiler: /usr/bin/c++
[5.565s] -- Check for working CXX compiler: /usr/bin/c++ -- works
[5.590s] -- Detecting CXX compiler ABI info
[6.444s] -- Detecting CXX compiler ABI info - done
[6.533s] -- Detecting CXX compile features
[6.535s] -- Detecting CXX compile features - done
[6.598s] -- Found ament_cmake_ros: 0.9.1 (/opt/ros/foxy/share/ament_cmake_ros/cmake)
[6.850s] -- Found PythonInterp: /usr/bin/python3 (found suitable version "3.8.5", minimum required is "3") 
[6.851s] -- Using PYTHON_EXECUTABLE: /usr/bin/python3
[8.131s] CMake Error at CMakeLists.txt:6 (find_package):
[8.131s]   By not providing "Findasync_web_server_cpp.cmake" in CMAKE_MODULE_PATH this
[8.132s]   project has asked CMake to find a package configuration file provided by
[8.132s]   "async_web_server_cpp", but CMake did not find one.
[8.132s] 
[8.135s]   Could not find a package configuration file provided by
[8.136s]   "async_web_server_cpp" with any of the following names:
[8.136s] 
[8.136s]     async_web_server_cppConfig.cmake
[8.137s]     async_web_server_cpp-config.cmake
[8.137s] 
[8.137s]   Add the installation prefix of "async_web_server_cpp" to CMAKE_PREFIX_PATH
[8.138s]   or set "async_web_server_cpp_DIR" to a directory containing one of the
[8.138s]   above files.  If "async_web_server_cpp" provides a separate development
[8.138s]   package or SDK, be sure it has been installed.
[8.138s] 
[8.139s] 
[8.151s] -- Configuring incomplete, errors occurred!
[8.151s] See also "/home/robot/Software/ROS2/Scrap/scrap_ws/build/web_video_server/CMakeFiles/CMakeOutput.log".
[8.199s] Invoked command in '/home/robot/Software/ROS2/Scrap/scrap_ws/build/web_video_server' returned '1': /usr/bin/cmake /home/robot/Software/ROS2/Scrap/scrap_ws/src/web_video_server -DCATKIN_INSTALL_INTO_PREFIX_ROOT=0 -DCMAKE_INSTALL_PREFIX=/home/robot/Software/ROS2/Scrap/scrap_ws/install/web_video_server
