[1.978s] Invoking command in '/home/robot/Software/ROS2/Madox/madox_ws/build/camera': PYTHONPATH=/home/robot/Software/ROS2/Madox/madox_ws/install/camera/lib/python3.8/site-packages:${PYTHONPATH} /usr/bin/python3 setup.py develop --prefix /home/robot/Software/ROS2/Madox/madox_ws/install/camera --uninstall --editable --build-directory /home/robot/Software/ROS2/Madox/madox_ws/build/camera/build
[2.912s] /home/robot/.local/lib/python3.8/site-packages/setuptools/dist.py:642: UserWarning: Usage of dash-separated 'script-dir' will not be supported in future versions. Please use the underscore name 'script_dir' instead
[2.912s]   warnings.warn(
[2.913s] /home/robot/.local/lib/python3.8/site-packages/setuptools/dist.py:642: UserWarning: Usage of dash-separated 'install-scripts' will not be supported in future versions. Please use the underscore name 'install_scripts' instead
[2.913s]   warnings.warn(
[3.115s] running develop
[4.031s] Removing /home/robot/Software/ROS2/Madox/madox_ws/install/camera/lib/python3.8/site-packages/camera.egg-link (link to .)
[4.142s] Invoked command in '/home/robot/Software/ROS2/Madox/madox_ws/build/camera' returned '0': PYTHONPATH=/home/robot/Software/ROS2/Madox/madox_ws/install/camera/lib/python3.8/site-packages:${PYTHONPATH} /usr/bin/python3 setup.py develop --prefix /home/robot/Software/ROS2/Madox/madox_ws/install/camera --uninstall --editable --build-directory /home/robot/Software/ROS2/Madox/madox_ws/build/camera/build
[4.151s] Invoking command in '/home/robot/Software/ROS2/Madox/madox_ws/src/camera': PYTHONPATH=/home/robot/Software/ROS2/Madox/madox_ws/install/camera/lib/python3.8/site-packages:${PYTHONPATH} /usr/bin/python3 setup.py egg_info --egg-base ../../build/camera build --build-base /home/robot/Software/ROS2/Madox/madox_ws/build/camera/build install --prefix /home/robot/Software/ROS2/Madox/madox_ws/install/camera --record /home/robot/Software/ROS2/Madox/madox_ws/build/camera/install.log --single-version-externally-managed
[5.257s] /home/robot/.local/lib/python3.8/site-packages/setuptools/dist.py:642: UserWarning: Usage of dash-separated 'script-dir' will not be supported in future versions. Please use the underscore name 'script_dir' instead
[5.258s]   warnings.warn(
[5.258s] /home/robot/.local/lib/python3.8/site-packages/setuptools/dist.py:642: UserWarning: Usage of dash-separated 'install-scripts' will not be supported in future versions. Please use the underscore name 'install_scripts' instead
[5.258s]   warnings.warn(
[5.391s] running egg_info
[5.400s] writing ../../build/camera/camera.egg-info/PKG-INFO
[5.469s] writing dependency_links to ../../build/camera/camera.egg-info/dependency_links.txt
[5.595s] writing entry points to ../../build/camera/camera.egg-info/entry_points.txt
[5.614s] writing requirements to ../../build/camera/camera.egg-info/requires.txt
[5.628s] writing top-level names to ../../build/camera/camera.egg-info/top_level.txt
[5.887s] reading manifest file '../../build/camera/camera.egg-info/SOURCES.txt'
[5.904s] writing manifest file '../../build/camera/camera.egg-info/SOURCES.txt'
[5.917s] running build
[5.918s] running build_py
[5.941s] copying camera/camera.py -> /home/robot/Software/ROS2/Madox/madox_ws/build/camera/build/lib/camera
[5.966s] copying camera/server.py -> /home/robot/Software/ROS2/Madox/madox_ws/build/camera/build/lib/camera
[5.993s] running install
[5.999s] running install_lib
[6.018s] creating /home/robot/Software/ROS2/Madox/madox_ws/install/camera/lib/python3.8/site-packages/camera
[6.026s] copying /home/robot/Software/ROS2/Madox/madox_ws/build/camera/build/lib/camera/__init__.py -> /home/robot/Software/ROS2/Madox/madox_ws/install/camera/lib/python3.8/site-packages/camera
[6.042s] copying /home/robot/Software/ROS2/Madox/madox_ws/build/camera/build/lib/camera/camera.py -> /home/robot/Software/ROS2/Madox/madox_ws/install/camera/lib/python3.8/site-packages/camera
[6.063s] copying /home/robot/Software/ROS2/Madox/madox_ws/build/camera/build/lib/camera/debounce.py -> /home/robot/Software/ROS2/Madox/madox_ws/install/camera/lib/python3.8/site-packages/camera
[6.087s] copying /home/robot/Software/ROS2/Madox/madox_ws/build/camera/build/lib/camera/log.py -> /home/robot/Software/ROS2/Madox/madox_ws/install/camera/lib/python3.8/site-packages/camera
[6.113s] copying /home/robot/Software/ROS2/Madox/madox_ws/build/camera/build/lib/camera/server.py -> /home/robot/Software/ROS2/Madox/madox_ws/install/camera/lib/python3.8/site-packages/camera
[6.155s] byte-compiling /home/robot/Software/ROS2/Madox/madox_ws/install/camera/lib/python3.8/site-packages/camera/__init__.py to __init__.cpython-38.pyc
[6.187s] byte-compiling /home/robot/Software/ROS2/Madox/madox_ws/install/camera/lib/python3.8/site-packages/camera/camera.py to camera.cpython-38.pyc
[6.228s] byte-compiling /home/robot/Software/ROS2/Madox/madox_ws/install/camera/lib/python3.8/site-packages/camera/debounce.py to debounce.cpython-38.pyc
[6.261s] byte-compiling /home/robot/Software/ROS2/Madox/madox_ws/install/camera/lib/python3.8/site-packages/camera/log.py to log.cpython-38.pyc
[6.289s] byte-compiling /home/robot/Software/ROS2/Madox/madox_ws/install/camera/lib/python3.8/site-packages/camera/server.py to server.cpython-38.pyc
[6.327s] running install_data
[6.348s] running install_egg_info
[6.360s] Copying ../../build/camera/camera.egg-info to /home/robot/Software/ROS2/Madox/madox_ws/install/camera/lib/python3.8/site-packages/camera-1.0.0-py3.8.egg-info
[6.537s] running install_scripts
[6.623s] Installing ros2_camera script to /home/robot/Software/ROS2/Madox/madox_ws/install/camera/lib/camera
[6.643s] writing list of installed files to '/home/robot/Software/ROS2/Madox/madox_ws/build/camera/install.log'
[6.758s] Invoked command in '/home/robot/Software/ROS2/Madox/madox_ws/src/camera' returned '0': PYTHONPATH=/home/robot/Software/ROS2/Madox/madox_ws/install/camera/lib/python3.8/site-packages:${PYTHONPATH} /usr/bin/python3 setup.py egg_info --egg-base ../../build/camera build --build-base /home/robot/Software/ROS2/Madox/madox_ws/build/camera/build install --prefix /home/robot/Software/ROS2/Madox/madox_ws/install/camera --record /home/robot/Software/ROS2/Madox/madox_ws/build/camera/install.log --single-version-externally-managed
