[0.285s] Invoking command in '/home/robot/Software/ROS2/Madox/madox_ws/build/ros2_IMU': CMAKE_PREFIX_PATH=/home/robot/Software/ROS2/Madox/madox_ws/install/ros2_rtimulib:/home/robot/Software/ROS2/Madox/madox_ws/install/pid_node:/home/robot/Software/ROS2/Madox/madox_ws/install/jetbot_sys_info:/home/robot/Software/ROS2/Madox/madox_ws/install/jetbot_oled_display:/home/robot/Software/ROS2/Madox/madox_ws/install/jetbot_launch:/home/robot/Software/ROS2/Madox/madox_ws/install/jetbot_drive:/home/robot/Software/ROS2/Madox/madox_ws/install/camera_pan_tilt:/home/robot/Software/ROS2/Madox/madox_ws/install/camera:/opt/ros/foxy /usr/bin/cmake --build /home/robot/Software/ROS2/Madox/madox_ws/build/ros2_IMU -- -j4 -l4
[0.487s] -- Found ament_cmake: 0.9.8 (/opt/ros/foxy/share/ament_cmake/cmake)
[0.580s] -- Using PYTHON_EXECUTABLE: /usr/bin/python3
[1.648s] -- Found rclcpp: 2.3.1 (/opt/ros/foxy/share/rclcpp/cmake)
[1.853s] -- Using all available rosidl_typesupport_c: rosidl_typesupport_fastrtps_c;rosidl_typesupport_introspection_c
[1.867s] -- Found rosidl_adapter: 1.2.1 (/opt/ros/foxy/share/rosidl_adapter/cmake)
[3.345s] -- Using all available rosidl_typesupport_cpp: rosidl_typesupport_fastrtps_cpp;rosidl_typesupport_introspection_cpp
[3.545s] -- Found rmw_implementation_cmake: 1.0.3 (/opt/ros/foxy/share/rmw_implementation_cmake/cmake)
[3.551s] -- Using RMW implementation 'rmw_fastrtps_cpp' as default
[4.527s] CMake Error at CMakeLists.txt:15 (find_package):
[4.528s]   By not providing "FindRTIMULib.h.cmake" in CMAKE_MODULE_PATH this project
[4.528s]   has asked CMake to find a package configuration file provided by
[4.528s]   "RTIMULib.h", but CMake did not find one.
[4.529s] 
[4.529s]   Could not find a package configuration file provided by "RTIMULib.h" with
[4.530s]   any of the following names:
[4.530s] 
[4.531s]     RTIMULib.hConfig.cmake
[4.531s]     rtimulib.h-config.cmake
[4.531s] 
[4.532s]   Add the installation prefix of "RTIMULib.h" to CMAKE_PREFIX_PATH or set
[4.532s]   "RTIMULib.h_DIR" to a directory containing one of the above files.  If
[4.532s]   "RTIMULib.h" provides a separate development package or SDK, be sure it has
[4.532s]   been installed.
[4.533s] 
[4.533s] 
[4.541s] -- Configuring incomplete, errors occurred!
[4.541s] See also "/home/robot/Software/ROS2/Madox/madox_ws/build/ros2_IMU/CMakeFiles/CMakeOutput.log".
[4.542s] See also "/home/robot/Software/ROS2/Madox/madox_ws/build/ros2_IMU/CMakeFiles/CMakeError.log".
[4.588s] make: *** [Makefile:266: cmake_check_build_system] Error 1
[4.602s] Invoked command in '/home/robot/Software/ROS2/Madox/madox_ws/build/ros2_IMU' returned '2': CMAKE_PREFIX_PATH=/home/robot/Software/ROS2/Madox/madox_ws/install/ros2_rtimulib:/home/robot/Software/ROS2/Madox/madox_ws/install/pid_node:/home/robot/Software/ROS2/Madox/madox_ws/install/jetbot_sys_info:/home/robot/Software/ROS2/Madox/madox_ws/install/jetbot_oled_display:/home/robot/Software/ROS2/Madox/madox_ws/install/jetbot_launch:/home/robot/Software/ROS2/Madox/madox_ws/install/jetbot_drive:/home/robot/Software/ROS2/Madox/madox_ws/install/camera_pan_tilt:/home/robot/Software/ROS2/Madox/madox_ws/install/camera:/opt/ros/foxy /usr/bin/cmake --build /home/robot/Software/ROS2/Madox/madox_ws/build/ros2_IMU -- -j4 -l4
