WARNING: Package name "ros2_IMU" does not follow the naming conventions. It should start with a lower case letter and only contain lower case letters, digits, underscores, and dashes.
/usr/bin/ld: CMakeFiles/ros2_imu_node.dir/src/imu.cpp.o: in function `ImuNode::InitParam()':
imu.cpp:(.text._ZN7ImuNode9InitParamEv[_ZN7ImuNode9InitParamEv]+0xe0): undefined reference to `RTIMUSettings::RTIMUSettings(char const*)'
/usr/bin/ld: imu.cpp:(.text._ZN7ImuNode9InitParamEv[_ZN7ImuNode9InitParamEv]+0xec): undefined reference to `RTIMU::createIMU(RTIMUSettings*)'
/usr/bin/ld: imu.cpp:(.text._ZN7ImuNode9InitParamEv[_ZN7ImuNode9InitParamEv]+0xf8): undefined reference to `RTPressure::createPressure(RTIMUSettings*)'
/usr/bin/ld: imu.cpp:(.text._ZN7ImuNode9InitParamEv[_ZN7ImuNode9InitParamEv]+0x1c8): undefined reference to `RTMath::currentUSecsSinceEpoch()'
collect2: error: ld returned 1 exit status
make[2]: *** [CMakeFiles/ros2_imu_node.dir/build.make:131: ros2_imu_node] Error 1
make[1]: *** [CMakeFiles/Makefile2:80: CMakeFiles/ros2_imu_node.dir/all] Error 2
make[1]: *** Waiting for unfinished jobs....
[01m[K/home/robot/Software/ROS2/Madox/madox_ws/src/ros2_IMU/include/RTIMULib/RTMath.cpp:[m[K In static member function ‘[01m[Kstatic RTVector3 RTMath::poseFromAccelMag(const RTVector3&, const RTVector3&)[m[K’:
[01m[K/home/robot/Software/ROS2/Madox/madox_ws/src/ros2_IMU/include/RTIMULib/RTMath.cpp:128:12:[m[K [01;35m[Kwarning: [m[Kimplicitly-declared ‘[01m[Kconstexpr RTVector3::RTVector3(const RTVector3&)[m[K’ is deprecated [[01;35m[K-Wdeprecated-copy[m[K]
  128 |     return [01;35m[Kresult[m[K;
      |            [01;35m[K^~~~~~[m[K
[01m[K/home/robot/Software/ROS2/Madox/madox_ws/src/ros2_IMU/include/RTIMULib/RTFusion.cpp:[m[K In member function ‘[01m[KRTVector3 RTFusion::getAccelResiduals()[m[K’:
[01m[K/home/robot/Software/ROS2/Madox/madox_ws/src/ros2_IMU/include/RTIMULib/RTFusion.cpp:136:12:[m[K [01;35m[Kwarning: [m[Kimplicitly-declared ‘[01m[Kconstexpr RTVector3::RTVector3(const RTVector3&)[m[K’ is deprecated [[01;35m[K-Wdeprecated-copy[m[K]
  136 |     return [01;35m[Kresiduals[m[K;
      |            [01;35m[K^~~~~~~~~[m[K
In file included from [01m[K/home/robot/Software/ROS2/Madox/madox_ws/src/ros2_IMU/include/RTIMULib/RTMath.cpp:24[m[K:
[01m[K/home/robot/Software/ROS2/Madox/madox_ws/src/ros2_IMU/include/RTIMULib/RTMath.h:88:16:[m[K [01;36m[Knote: [m[Kbecause ‘[01m[KRTVector3[m[K’ has user-provided ‘[01m[KRTVector3& RTVector3::operator=(const RTVector3&)[m[K’
   88 |     RTVector3& [01;36m[Koperator[m[K =(const RTVector3& vec);
      |                [01;36m[K^~~~~~~~[m[K
In file included from [01m[K/home/robot/Software/ROS2/Madox/madox_ws/src/ros2_IMU/include/RTIMULib/RTIMULibDefs.h:30[m[K,
                 from [01m[K/home/robot/Software/ROS2/Madox/madox_ws/src/ros2_IMU/include/RTIMULib/RTFusion.h:27[m[K,
                 from [01m[K/home/robot/Software/ROS2/Madox/madox_ws/src/ros2_IMU/include/RTIMULib/RTFusion.cpp:25[m[K:
[01m[K/home/robot/Software/ROS2/Madox/madox_ws/src/ros2_IMU/include/RTIMULib/RTMath.h:88:16:[m[K [01;36m[Knote: [m[Kbecause ‘[01m[KRTVector3[m[K’ has user-provided ‘[01m[KRTVector3& RTVector3::operator=(const RTVector3&)[m[K’
   88 |     RTVector3& [01;36m[Koperator[m[K =(const RTVector3& vec);
      |                [01;36m[K^~~~~~~~[m[K
[01m[K/home/robot/Software/ROS2/Madox/madox_ws/src/ros2_IMU/include/RTIMULib/RTMath.cpp:[m[K In member function ‘[01m[Kvoid RTVector3::accelToEuler(RTVector3&) const[m[K’:
[01m[K/home/robot/Software/ROS2/Madox/madox_ws/src/ros2_IMU/include/RTIMULib/RTMath.cpp:211:28:[m[K [01;35m[Kwarning: [m[Kimplicitly-declared ‘[01m[Kconstexpr RTVector3::RTVector3(const RTVector3&)[m[K’ is deprecated [[01;35m[K-Wdeprecated-copy[m[K]
  211 |     RTVector3 normAccel = *[01;35m[Kthis[m[K;
      |                            [01;35m[K^~~~[m[K
[01m[K/home/robot/Software/ROS2/Madox/madox_ws/src/ros2_IMU/include/RTIMULib/RTMath.cpp:162:12:[m[K [01;36m[Knote: [m[Kbecause ‘[01m[KRTVector3[m[K’ has user-provided ‘[01m[KRTVector3& RTVector3::operator=(const RTVector3&)[m[K’
  162 | RTVector3& [01;36m[KRTVector3[m[K::operator =(const RTVector3& vec)
      |            [01;36m[K^~~~~~~~~[m[K
[01m[K/home/robot/Software/ROS2/Madox/madox_ws/src/ros2_IMU/include/RTIMULib/RTMath.cpp:[m[K In member function ‘[01m[Kvoid RTVector3::accelToQuaternion(RTQuaternion&) const[m[K’:
[01m[K/home/robot/Software/ROS2/Madox/madox_ws/src/ros2_IMU/include/RTIMULib/RTMath.cpp:223:28:[m[K [01;35m[Kwarning: [m[Kimplicitly-declared ‘[01m[Kconstexpr RTVector3::RTVector3(const RTVector3&)[m[K’ is deprecated [[01;35m[K-Wdeprecated-copy[m[K]
  223 |     RTVector3 normAccel = *[01;35m[Kthis[m[K;
      |                            [01;35m[K^~~~[m[K
[01m[K/home/robot/Software/ROS2/Madox/madox_ws/src/ros2_IMU/include/RTIMULib/RTMath.cpp:162:12:[m[K [01;36m[Knote: [m[Kbecause ‘[01m[KRTVector3[m[K’ has user-provided ‘[01m[KRTVector3& RTVector3::operator=(const RTVector3&)[m[K’
  162 | RTVector3& [01;36m[KRTVector3[m[K::operator =(const RTVector3& vec)
      |            [01;36m[K^~~~~~~~~[m[K
[01m[K/home/robot/Software/ROS2/Madox/madox_ws/src/ros2_IMU/include/RTIMULib/RTMath.cpp:[m[K In member function ‘[01m[Kconst RTQuaternion RTQuaternion::operator*(const RTQuaternion&) const[m[K’:
[01m[K/home/robot/Software/ROS2/Madox/madox_ws/src/ros2_IMU/include/RTIMULib/RTMath.cpp:337:28:[m[K [01;35m[Kwarning: [m[Kimplicitly-declared ‘[01m[Kconstexpr RTQuaternion::RTQuaternion(const RTQuaternion&)[m[K’ is deprecated [[01;35m[K-Wdeprecated-copy[m[K]
  337 |     RTQuaternion result = *[01;35m[Kthis[m[K;
      |                            [01;35m[K^~~~[m[K
[01m[K/home/robot/Software/ROS2/Madox/madox_ws/src/ros2_IMU/include/RTIMULib/RTMath.cpp:273:15:[m[K [01;36m[Knote: [m[Kbecause ‘[01m[KRTQuaternion[m[K’ has user-provided ‘[01m[KRTQuaternion& RTQuaternion::operator=(const RTQuaternion&)[m[K’
  273 | RTQuaternion& [01;36m[KRTQuaternion[m[K::operator =(const RTQuaternion& quat)
      |               [01;36m[K^~~~~~~~~~~~[m[K
[01m[K/home/robot/Software/ROS2/Madox/madox_ws/src/ros2_IMU/include/RTIMULib/RTMath.cpp:339:12:[m[K [01;35m[Kwarning: [m[Kimplicitly-declared ‘[01m[Kconstexpr RTQuaternion::RTQuaternion(const RTQuaternion&)[m[K’ is deprecated [[01;35m[K-Wdeprecated-copy[m[K]
  339 |     return [01;35m[Kresult[m[K;
      |            [01;35m[K^~~~~~[m[K
[01m[K/home/robot/Software/ROS2/Madox/madox_ws/src/ros2_IMU/include/RTIMULib/RTMath.cpp:273:15:[m[K [01;36m[Knote: [m[Kbecause ‘[01m[KRTQuaternion[m[K’ has user-provided ‘[01m[KRTQuaternion& RTQuaternion::operator=(const RTQuaternion&)[m[K’
  273 | RTQuaternion& [01;36m[KRTQuaternion[m[K::operator =(const RTQuaternion& quat)
      |               [01;36m[K^~~~~~~~~~~~[m[K
[01m[K/home/robot/Software/ROS2/Madox/madox_ws/src/ros2_IMU/include/RTIMULib/RTMath.cpp:[m[K In member function ‘[01m[Kconst RTQuaternion RTQuaternion::operator*(RTFLOAT) const[m[K’:
[01m[K/home/robot/Software/ROS2/Madox/madox_ws/src/ros2_IMU/include/RTIMULib/RTMath.cpp:344:28:[m[K [01;35m[Kwarning: [m[Kimplicitly-declared ‘[01m[Kconstexpr RTQuaternion::RTQuaternion(const RTQuaternion&)[m[K’ is deprecated [[01;35m[K-Wdeprecated-copy[m[K]
  344 |     RTQuaternion result = *[01;35m[Kthis[m[K;
      |                            [01;35m[K^~~~[m[K
[01m[K/home/robot/Software/ROS2/Madox/madox_ws/src/ros2_IMU/include/RTIMULib/RTMath.cpp:273:15:[m[K [01;36m[Knote: [m[Kbecause ‘[01m[KRTQuaternion[m[K’ has user-provided ‘[01m[KRTQuaternion& RTQuaternion::operator=(const RTQuaternion&)[m[K’
  273 | RTQuaternion& [01;36m[KRTQuaternion[m[K::operator =(const RTQuaternion& quat)
      |               [01;36m[K^~~~~~~~~~~~[m[K
[01m[K/home/robot/Software/ROS2/Madox/madox_ws/src/ros2_IMU/include/RTIMULib/RTMath.cpp:346:12:[m[K [01;35m[Kwarning: [m[Kimplicitly-declared ‘[01m[Kconstexpr RTQuaternion::RTQuaternion(const RTQuaternion&)[m[K’ is deprecated [[01;35m[K-Wdeprecated-copy[m[K]
  346 |     return [01;35m[Kresult[m[K;
      |            [01;35m[K^~~~~~[m[K
[01m[K/home/robot/Software/ROS2/Madox/madox_ws/src/ros2_IMU/include/RTIMULib/RTMath.cpp:273:15:[m[K [01;36m[Knote: [m[Kbecause ‘[01m[KRTQuaternion[m[K’ has user-provided ‘[01m[KRTQuaternion& RTQuaternion::operator=(const RTQuaternion&)[m[K’
  273 | RTQuaternion& [01;36m[KRTQuaternion[m[K::operator =(const RTQuaternion& quat)
      |               [01;36m[K^~~~~~~~~~~~[m[K
[01m[K/home/robot/Software/ROS2/Madox/madox_ws/src/ros2_IMU/include/RTIMULib/RTMath.cpp:[m[K In member function ‘[01m[Kconst RTQuaternion RTQuaternion::operator-(const RTQuaternion&) const[m[K’:
[01m[K/home/robot/Software/ROS2/Madox/madox_ws/src/ros2_IMU/include/RTIMULib/RTMath.cpp:352:28:[m[K [01;35m[Kwarning: [m[Kimplicitly-declared ‘[01m[Kconstexpr RTQuaternion::RTQuaternion(const RTQuaternion&)[m[K’ is deprecated [[01;35m[K-Wdeprecated-copy[m[K]
  352 |     RTQuaternion result = *[01;35m[Kthis[m[K;
      |                            [01;35m[K^~~~[m[K
[01m[K/home/robot/Software/ROS2/Madox/madox_ws/src/ros2_IMU/include/RTIMULib/RTMath.cpp:273:15:[m[K [01;36m[Knote: [m[Kbecause ‘[01m[KRTQuaternion[m[K’ has user-provided ‘[01m[KRTQuaternion& RTQuaternion::operator=(const RTQuaternion&)[m[K’
  273 | RTQuaternion& [01;36m[KRTQuaternion[m[K::operator =(const RTQuaternion& quat)
      |               [01;36m[K^~~~~~~~~~~~[m[K
[01m[K/home/robot/Software/ROS2/Madox/madox_ws/src/ros2_IMU/include/RTIMULib/RTMath.cpp:354:12:[m[K [01;35m[Kwarning: [m[Kimplicitly-declared ‘[01m[Kconstexpr RTQuaternion::RTQuaternion(const RTQuaternion&)[m[K’ is deprecated [[01;35m[K-Wdeprecated-copy[m[K]
  354 |     return [01;35m[Kresult[m[K;
      |            [01;35m[K^~~~~~[m[K
[01m[K/home/robot/Software/ROS2/Madox/madox_ws/src/ros2_IMU/include/RTIMULib/RTMath.cpp:273:15:[m[K [01;36m[Knote: [m[Kbecause ‘[01m[KRTQuaternion[m[K’ has user-provided ‘[01m[KRTQuaternion& RTQuaternion::operator=(const RTQuaternion&)[m[K’
  273 | RTQuaternion& [01;36m[KRTQuaternion[m[K::operator =(const RTQuaternion& quat)
      |               [01;36m[K^~~~~~~~~~~~[m[K
[01m[K/home/robot/Software/ROS2/Madox/madox_ws/src/ros2_IMU/include/RTIMULib/RTMath.cpp:[m[K In member function ‘[01m[Kconst RTQuaternion RTQuaternion::operator-(RTFLOAT) const[m[K’:
[01m[K/home/robot/Software/ROS2/Madox/madox_ws/src/ros2_IMU/include/RTIMULib/RTMath.cpp:359:28:[m[K [01;35m[Kwarning: [m[Kimplicitly-declared ‘[01m[Kconstexpr RTQuaternion::RTQuaternion(const RTQuaternion&)[m[K’ is deprecated [[01;35m[K-Wdeprecated-copy[m[K]
  359 |     RTQuaternion result = *[01;35m[Kthis[m[K;
      |                            [01;35m[K^~~~[m[K
[01m[K/home/robot/Software/ROS2/Madox/madox_ws/src/ros2_IMU/include/RTIMULib/RTMath.cpp:273:15:[m[K [01;36m[Knote: [m[Kbecause ‘[01m[KRTQuaternion[m[K’ has user-provided ‘[01m[KRTQuaternion& RTQuaternion::operator=(const RTQuaternion&)[m[K’
  273 | RTQuaternion& [01;36m[KRTQuaternion[m[K::operator =(const RTQuaternion& quat)
      |               [01;36m[K^~~~~~~~~~~~[m[K
[01m[K/home/robot/Software/ROS2/Madox/madox_ws/src/ros2_IMU/include/RTIMULib/RTMath.cpp:361:12:[m[K [01;35m[Kwarning: [m[Kimplicitly-declared ‘[01m[Kconstexpr RTQuaternion::RTQuaternion(const RTQuaternion&)[m[K’ is deprecated [[01;35m[K-Wdeprecated-copy[m[K]
  361 |     return [01;35m[Kresult[m[K;
      |            [01;35m[K^~~~~~[m[K
[01m[K/home/robot/Software/ROS2/Madox/madox_ws/src/ros2_IMU/include/RTIMULib/RTMath.cpp:273:15:[m[K [01;36m[Knote: [m[Kbecause ‘[01m[KRTQuaternion[m[K’ has user-provided ‘[01m[KRTQuaternion& RTQuaternion::operator=(const RTQuaternion&)[m[K’
  273 | RTQuaternion& [01;36m[KRTQuaternion[m[K::operator =(const RTQuaternion& quat)
      |               [01;36m[K^~~~~~~~~~~~[m[K
[01m[K/home/robot/Software/ROS2/Madox/madox_ws/src/ros2_IMU/include/RTIMULib/RTMath.cpp:[m[K In member function ‘[01m[KRTQuaternion RTQuaternion::conjugate() const[m[K’:
[01m[K/home/robot/Software/ROS2/Madox/madox_ws/src/ros2_IMU/include/RTIMULib/RTMath.cpp:419:12:[m[K [01;35m[Kwarning: [m[Kimplicitly-declared ‘[01m[Kconstexpr RTQuaternion::RTQuaternion(const RTQuaternion&)[m[K’ is deprecated [[01;35m[K-Wdeprecated-copy[m[K]
  419 |     return [01;35m[Kq[m[K;
      |            [01;35m[K^[m[K
[01m[K/home/robot/Software/ROS2/Madox/madox_ws/src/ros2_IMU/include/RTIMULib/RTMath.cpp:273:15:[m[K [01;36m[Knote: [m[Kbecause ‘[01m[KRTQuaternion[m[K’ has user-provided ‘[01m[KRTQuaternion& RTQuaternion::operator=(const RTQuaternion&)[m[K’
  273 | RTQuaternion& [01;36m[KRTQuaternion[m[K::operator =(const RTQuaternion& quat)
      |               [01;36m[K^~~~~~~~~~~~[m[K
[01m[K/home/robot/Software/ROS2/Madox/madox_ws/src/ros2_IMU/include/RTIMULib/RTMath.cpp:[m[K In member function ‘[01m[Kconst RTMatrix4x4 RTMatrix4x4::operator+(const RTMatrix4x4&) const[m[K’:
[01m[K/home/robot/Software/ROS2/Madox/madox_ws/src/ros2_IMU/include/RTIMULib/RTMath.cpp:512:27:[m[K [01;35m[Kwarning: [m[Kimplicitly-declared ‘[01m[Kconstexpr RTMatrix4x4::RTMatrix4x4(const RTMatrix4x4&)[m[K’ is deprecated [[01;35m[K-Wdeprecated-copy[m[K]
  512 |     RTMatrix4x4 result = *[01;35m[Kthis[m[K;
      |                           [01;35m[K^~~~[m[K
[01m[K/home/robot/Software/ROS2/Madox/madox_ws/src/ros2_IMU/include/RTIMULib/RTMath.cpp:462:14:[m[K [01;36m[Knote: [m[Kbecause ‘[01m[KRTMatrix4x4[m[K’ has user-provided ‘[01m[KRTMatrix4x4& RTMatrix4x4::operator=(const RTMatrix4x4&)[m[K’
  462 | RTMatrix4x4& [01;36m[KRTMatrix4x4[m[K::operator =(const RTMatrix4x4& mat)
      |              [01;36m[K^~~~~~~~~~~[m[K
[01m[K/home/robot/Software/ROS2/Madox/madox_ws/src/ros2_IMU/include/RTIMULib/RTMath.cpp:514:12:[m[K [01;35m[Kwarning: [m[Kimplicitly-declared ‘[01m[Kconstexpr RTMatrix4x4::RTMatrix4x4(const RTMatrix4x4&)[m[K’ is deprecated [[01;35m[K-Wdeprecated-copy[m[K]
  514 |     return [01;35m[Kresult[m[K;
      |            [01;35m[K^~~~~~[m[K
[01m[K/home/robot/Software/ROS2/Madox/madox_ws/src/ros2_IMU/include/RTIMULib/RTMath.cpp:462:14:[m[K [01;36m[Knote: [m[Kbecause ‘[01m[KRTMatrix4x4[m[K’ has user-provided ‘[01m[KRTMatrix4x4& RTMatrix4x4::operator=(const RTMatrix4x4&)[m[K’
  462 | RTMatrix4x4& [01;36m[KRTMatrix4x4[m[K::operator =(const RTMatrix4x4& mat)
      |              [01;36m[K^~~~~~~~~~~[m[K
[01m[K/home/robot/Software/ROS2/Madox/madox_ws/src/ros2_IMU/include/RTIMULib/RTMath.cpp:[m[K In member function ‘[01m[Kconst RTMatrix4x4 RTMatrix4x4::operator*(RTFLOAT) const[m[K’:
[01m[K/home/robot/Software/ROS2/Madox/madox_ws/src/ros2_IMU/include/RTIMULib/RTMath.cpp:519:27:[m[K [01;35m[Kwarning: [m[Kimplicitly-declared ‘[01m[Kconstexpr RTMatrix4x4::RTMatrix4x4(const RTMatrix4x4&)[m[K’ is deprecated [[01;35m[K-Wdeprecated-copy[m[K]
  519 |     RTMatrix4x4 result = *[01;35m[Kthis[m[K;
      |                           [01;35m[K^~~~[m[K
[01m[K/home/robot/Software/ROS2/Madox/madox_ws/src/ros2_IMU/include/RTIMULib/RTMath.cpp:462:14:[m[K [01;36m[Knote: [m[Kbecause ‘[01m[KRTMatrix4x4[m[K’ has user-provided ‘[01m[KRTMatrix4x4& RTMatrix4x4::operator=(const RTMatrix4x4&)[m[K’
  462 | RTMatrix4x4& [01;36m[KRTMatrix4x4[m[K::operator =(const RTMatrix4x4& mat)
      |              [01;36m[K^~~~~~~~~~~[m[K
[01m[K/home/robot/Software/ROS2/Madox/madox_ws/src/ros2_IMU/include/RTIMULib/RTMath.cpp:521:12:[m[K [01;35m[Kwarning: [m[Kimplicitly-declared ‘[01m[Kconstexpr RTMatrix4x4::RTMatrix4x4(const RTMatrix4x4&)[m[K’ is deprecated [[01;35m[K-Wdeprecated-copy[m[K]
  521 |     return [01;35m[Kresult[m[K;
      |            [01;35m[K^~~~~~[m[K
[01m[K/home/robot/Software/ROS2/Madox/madox_ws/src/ros2_IMU/include/RTIMULib/RTMath.cpp:462:14:[m[K [01;36m[Knote: [m[Kbecause ‘[01m[KRTMatrix4x4[m[K’ has user-provided ‘[01m[KRTMatrix4x4& RTMatrix4x4::operator=(const RTMatrix4x4&)[m[K’
  462 | RTMatrix4x4& [01;36m[KRTMatrix4x4[m[K::operator =(const RTMatrix4x4& mat)
      |              [01;36m[K^~~~~~~~~~~[m[K
[01m[K/home/robot/Software/ROS2/Madox/madox_ws/src/ros2_IMU/include/RTIMULib/RTMath.cpp:[m[K In member function ‘[01m[Kconst RTMatrix4x4 RTMatrix4x4::operator*(const RTMatrix4x4&) const[m[K’:
[01m[K/home/robot/Software/ROS2/Madox/madox_ws/src/ros2_IMU/include/RTIMULib/RTMath.cpp:537:12:[m[K [01;35m[Kwarning: [m[Kimplicitly-declared ‘[01m[Kconstexpr RTMatrix4x4::RTMatrix4x4(const RTMatrix4x4&)[m[K’ is deprecated [[01;35m[K-Wdeprecated-copy[m[K]
  537 |     return [01;35m[Kres[m[K;
      |            [01;35m[K^~~[m[K
[01m[K/home/robot/Software/ROS2/Madox/madox_ws/src/ros2_IMU/include/RTIMULib/RTMath.cpp:462:14:[m[K [01;36m[Knote: [m[Kbecause ‘[01m[KRTMatrix4x4[m[K’ has user-provided ‘[01m[KRTMatrix4x4& RTMatrix4x4::operator=(const RTMatrix4x4&)[m[K’
  462 | RTMatrix4x4& [01;36m[KRTMatrix4x4[m[K::operator =(const RTMatrix4x4& mat)
      |              [01;36m[K^~~~~~~~~~~[m[K
[01m[K/home/robot/Software/ROS2/Madox/madox_ws/src/ros2_IMU/include/RTIMULib/RTMath.cpp:[m[K In member function ‘[01m[Kconst RTQuaternion RTMatrix4x4::operator*(const RTQuaternion&) const[m[K’:
[01m[K/home/robot/Software/ROS2/Madox/madox_ws/src/ros2_IMU/include/RTIMULib/RTMath.cpp:550:12:[m[K [01;35m[Kwarning: [m[Kimplicitly-declared ‘[01m[Kconstexpr RTQuaternion::RTQuaternion(const RTQuaternion&)[m[K’ is deprecated [[01;35m[K-Wdeprecated-copy[m[K]
  550 |     return [01;35m[Kres[m[K;
      |            [01;35m[K^~~[m[K
[01m[K/home/robot/Software/ROS2/Madox/madox_ws/src/ros2_IMU/include/RTIMULib/RTMath.cpp:273:15:[m[K [01;36m[Knote: [m[Kbecause ‘[01m[KRTQuaternion[m[K’ has user-provided ‘[01m[KRTQuaternion& RTQuaternion::operator=(const RTQuaternion&)[m[K’
  273 | RTQuaternion& [01;36m[KRTQuaternion[m[K::operator =(const RTQuaternion& quat)
      |               [01;36m[K^~~~~~~~~~~~[m[K
[01m[K/home/robot/Software/ROS2/Madox/madox_ws/src/ros2_IMU/include/RTIMULib/RTMath.cpp:[m[K In member function ‘[01m[KRTMatrix4x4 RTMatrix4x4::transposed()[m[K’:
[01m[K/home/robot/Software/ROS2/Madox/madox_ws/src/ros2_IMU/include/RTIMULib/RTMath.cpp:569:12:[m[K [01;35m[Kwarning: [m[Kimplicitly-declared ‘[01m[Kconstexpr RTMatrix4x4::RTMatrix4x4(const RTMatrix4x4&)[m[K’ is deprecated [[01;35m[K-Wdeprecated-copy[m[K]
  569 |     return [01;35m[Kres[m[K;
      |            [01;35m[K^~~[m[K
[01m[K/home/robot/Software/ROS2/Madox/madox_ws/src/ros2_IMU/include/RTIMULib/RTMath.cpp:462:14:[m[K [01;36m[Knote: [m[Kbecause ‘[01m[KRTMatrix4x4[m[K’ has user-provided ‘[01m[KRTMatrix4x4& RTMatrix4x4::operator=(const RTMatrix4x4&)[m[K’
  462 | RTMatrix4x4& [01;36m[KRTMatrix4x4[m[K::operator =(const RTMatrix4x4& mat)
      |              [01;36m[K^~~~~~~~~~~[m[K
[01m[K/home/robot/Software/ROS2/Madox/madox_ws/src/ros2_IMU/include/RTIMULib/RTMath.cpp:[m[K In member function ‘[01m[KRTMatrix4x4 RTMatrix4x4::inverted()[m[K’:
[01m[K/home/robot/Software/ROS2/Madox/madox_ws/src/ros2_IMU/include/RTIMULib/RTMath.cpp:585:16:[m[K [01;35m[Kwarning: [m[Kimplicitly-declared ‘[01m[Kconstexpr RTMatrix4x4::RTMatrix4x4(const RTMatrix4x4&)[m[K’ is deprecated [[01;35m[K-Wdeprecated-copy[m[K]
  585 |         return [01;35m[Kres[m[K;
      |                [01;35m[K^~~[m[K
[01m[K/home/robot/Software/ROS2/Madox/madox_ws/src/ros2_IMU/include/RTIMULib/RTMath.cpp:462:14:[m[K [01;36m[Knote: [m[Kbecause ‘[01m[KRTMatrix4x4[m[K’ has user-provided ‘[01m[KRTMatrix4x4& RTMatrix4x4::operator=(const RTMatrix4x4&)[m[K’
  462 | RTMatrix4x4& [01;36m[KRTMatrix4x4[m[K::operator =(const RTMatrix4x4& mat)
      |              [01;36m[K^~~~~~~~~~~[m[K
[01m[K/home/robot/Software/ROS2/Madox/madox_ws/src/ros2_IMU/include/RTIMULib/RTMath.cpp:597:12:[m[K [01;35m[Kwarning: [m[Kimplicitly-declared ‘[01m[Kconstexpr RTMatrix4x4::RTMatrix4x4(const RTMatrix4x4&)[m[K’ is deprecated [[01;35m[K-Wdeprecated-copy[m[K]
  597 |     return [01;35m[Kres[m[K;
      |            [01;35m[K^~~[m[K
[01m[K/home/robot/Software/ROS2/Madox/madox_ws/src/ros2_IMU/include/RTIMULib/RTMath.cpp:462:14:[m[K [01;36m[Knote: [m[Kbecause ‘[01m[KRTMatrix4x4[m[K’ has user-provided ‘[01m[KRTMatrix4x4& RTMatrix4x4::operator=(const RTMatrix4x4&)[m[K’
  462 | RTMatrix4x4& [01;36m[KRTMatrix4x4[m[K::operator =(const RTMatrix4x4& mat)
      |              [01;36m[K^~~~~~~~~~~[m[K
[01m[K/home/robot/Software/ROS2/Madox/madox_ws/src/ros2_IMU/include/RTIMULib/RTIMUMagCal.cpp:[m[K In member function ‘[01m[KRTVector3 RTIMUMagCal::removeMagCalData()[m[K’:
[01m[K/home/robot/Software/ROS2/Madox/madox_ws/src/ros2_IMU/include/RTIMULib/RTIMUMagCal.cpp:156:16:[m[K [01;35m[Kwarning: [m[Kimplicitly-declared ‘[01m[Kconstexpr RTVector3::RTVector3(const RTVector3&)[m[K’ is deprecated [[01;35m[K-Wdeprecated-copy[m[K]
  156 |         return [01;35m[Kret[m[K;
      |                [01;35m[K^~~[m[K
In file included from [01m[K/home/robot/Software/ROS2/Madox/madox_ws/src/ros2_IMU/include/RTIMULib/RTIMULibDefs.h:30[m[K,
                 from [01m[K/home/robot/Software/ROS2/Madox/madox_ws/src/ros2_IMU/include/RTIMULib/RTIMULib.h:28[m[K,
                 from [01m[K/home/robot/Software/ROS2/Madox/madox_ws/src/ros2_IMU/include/RTIMULib/RTIMUMagCal.h:29[m[K,
                 from [01m[K/home/robot/Software/ROS2/Madox/madox_ws/src/ros2_IMU/include/RTIMULib/RTIMUMagCal.cpp:25[m[K:
[01m[K/home/robot/Software/ROS2/Madox/madox_ws/src/ros2_IMU/include/RTIMULib/RTMath.h:88:16:[m[K [01;36m[Knote: [m[Kbecause ‘[01m[KRTVector3[m[K’ has user-provided ‘[01m[KRTVector3& RTVector3::operator=(const RTVector3&)[m[K’
   88 |     RTVector3& [01;36m[Koperator[m[K =(const RTVector3& vec);
      |                [01;36m[K^~~~~~~~[m[K
[01m[K/home/robot/Software/ROS2/Madox/madox_ws/src/ros2_IMU/include/RTIMULib/RTIMUMagCal.cpp:163:12:[m[K [01;35m[Kwarning: [m[Kimplicitly-declared ‘[01m[Kconstexpr RTVector3::RTVector3(const RTVector3&)[m[K’ is deprecated [[01;35m[K-Wdeprecated-copy[m[K]
  163 |     return [01;35m[Kret[m[K;
      |            [01;35m[K^~~[m[K
In file included from [01m[K/home/robot/Software/ROS2/Madox/madox_ws/src/ros2_IMU/include/RTIMULib/RTIMULibDefs.h:30[m[K,
                 from [01m[K/home/robot/Software/ROS2/Madox/madox_ws/src/ros2_IMU/include/RTIMULib/RTIMULib.h:28[m[K,
                 from [01m[K/home/robot/Software/ROS2/Madox/madox_ws/src/ros2_IMU/include/RTIMULib/RTIMUMagCal.h:29[m[K,
                 from [01m[K/home/robot/Software/ROS2/Madox/madox_ws/src/ros2_IMU/include/RTIMULib/RTIMUMagCal.cpp:25[m[K:
[01m[K/home/robot/Software/ROS2/Madox/madox_ws/src/ros2_IMU/include/RTIMULib/RTMath.h:88:16:[m[K [01;36m[Knote: [m[Kbecause ‘[01m[KRTVector3[m[K’ has user-provided ‘[01m[KRTVector3& RTVector3::operator=(const RTVector3&)[m[K’
   88 |     RTVector3& [01;36m[Koperator[m[K =(const RTVector3& vec);
      |                [01;36m[K^~~~~~~~[m[K
make: *** [Makefile:141: all] Error 2
