-- Found ament_cmake: 0.9.8 (/opt/ros/foxy/share/ament_cmake/cmake)
-- Using PYTHON_EXECUTABLE: /usr/bin/python3
-- Found rclcpp: 2.3.1 (/opt/ros/foxy/share/rclcpp/cmake)
-- Using all available rosidl_typesupport_c: rosidl_typesupport_fastrtps_c;rosidl_typesupport_introspection_c
-- Found rosidl_adapter: 1.2.1 (/opt/ros/foxy/share/rosidl_adapter/cmake)
-- Using all available rosidl_typesupport_cpp: rosidl_typesupport_fastrtps_cpp;rosidl_typesupport_introspection_cpp
-- Found rmw_implementation_cmake: 1.0.3 (/opt/ros/foxy/share/rmw_implementation_cmake/cmake)
-- Using RMW implementation 'rmw_fastrtps_cpp' as default
-- Configuring done
-- Generating done
-- Build files have been written to: /home/robot/Software/ROS2/Madox/madox_ws/build/ros2_IMU
[35m[1mScanning dependencies of target RTIMULib[0m
[  8%] [32m[1mLinking CXX executable ros2_imu_node[0m
[ 33%] [32mBuilding CXX object CMakeFiles/RTIMULib.dir/include/RTIMULib/RTFusion.cpp.o[0m
[ 33%] [32mBuilding CXX object CMakeFiles/RTIMULib.dir/include/RTIMULib/RTFusionRTQF.cpp.o[0m
[ 33%] [32mBuilding CXX object CMakeFiles/RTIMULib.dir/include/RTIMULib/RTMath.cpp.o[0m
[ 41%] [32mBuilding CXX object CMakeFiles/RTIMULib.dir/include/RTIMULib/RTFusionKalman4.cpp.o[0m
[ 50%] [32mBuilding CXX object CMakeFiles/RTIMULib.dir/include/RTIMULib/RTIMUAccelCal.cpp.o[0m
[ 58%] [32mBuilding CXX object CMakeFiles/RTIMULib.dir/include/RTIMULib/RTIMUHal.cpp.o[0m
[ 66%] [32mBuilding CXX object CMakeFiles/RTIMULib.dir/include/RTIMULib/RTIMUMagCal.cpp.o[0m
[ 75%] [32mBuilding CXX object CMakeFiles/RTIMULib.dir/include/RTIMULib/RTIMUSettings.cpp.o[0m
[ 83%] [32mBuilding CXX object CMakeFiles/RTIMULib.dir/include/RTIMULib/IMUDrivers/RTIMU.cpp.o[0m
[ 91%] [32m[1mLinking CXX shared library libRTIMULib.so[0m
[ 91%] Built target RTIMULib
