[1.906s] Invoking command in '/home/robot/Software/ROS2/Madox/madox_ws/build/camera': PYTHONPATH=/home/robot/Software/ROS2/Madox/madox_ws/install/camera/lib/python3.8/site-packages:${PYTHONPATH} /usr/bin/python3 setup.py develop --prefix /home/robot/Software/ROS2/Madox/madox_ws/install/camera --editable --build-directory /home/robot/Software/ROS2/Madox/madox_ws/build/camera/build --no-deps install_data --install-dir /home/robot/Software/ROS2/Madox/madox_ws/install/camera
[2.957s] /home/robot/.local/lib/python3.8/site-packages/setuptools/dist.py:642: UserWarning: Usage of dash-separated 'script-dir' will not be supported in future versions. Please use the underscore name 'script_dir' instead
[2.957s]   warnings.warn(
[2.958s] /home/robot/.local/lib/python3.8/site-packages/setuptools/dist.py:642: UserWarning: Usage of dash-separated 'install-scripts' will not be supported in future versions. Please use the underscore name 'install_scripts' instead
[2.958s]   warnings.warn(
[3.163s] running develop
[3.901s] running egg_info
[3.904s] writing camera.egg-info/PKG-INFO
[3.922s] writing dependency_links to camera.egg-info/dependency_links.txt
[3.932s] writing entry points to camera.egg-info/entry_points.txt
[3.942s] writing requirements to camera.egg-info/requires.txt
[3.951s] writing top-level names to camera.egg-info/top_level.txt
[4.134s] reading manifest file 'camera.egg-info/SOURCES.txt'
[4.143s] writing manifest file 'camera.egg-info/SOURCES.txt'
[4.315s] running build_ext
[4.315s] Creating /home/robot/Software/ROS2/Madox/madox_ws/install/camera/lib/python3.8/site-packages/camera.egg-link (link to .)
[4.335s] Installing ros2_camera script to /home/robot/Software/ROS2/Madox/madox_ws/install/camera/lib/camera
[4.352s] 
[4.353s] Installed /home/robot/Software/ROS2/Madox/madox_ws/build/camera
[4.355s] running install_data
[4.491s] Invoked command in '/home/robot/Software/ROS2/Madox/madox_ws/build/camera' returned '0': PYTHONPATH=/home/robot/Software/ROS2/Madox/madox_ws/install/camera/lib/python3.8/site-packages:${PYTHONPATH} /usr/bin/python3 setup.py develop --prefix /home/robot/Software/ROS2/Madox/madox_ws/install/camera --editable --build-directory /home/robot/Software/ROS2/Madox/madox_ws/build/camera/build --no-deps install_data --install-dir /home/robot/Software/ROS2/Madox/madox_ws/install/camera
