[0.404s] DEBUG:colcon:Command line arguments: ['/usr/bin/colcon', 'build']
[0.404s] DEBUG:colcon:Parsed command line arguments: Namespace(ament_cmake_args=None, base_paths=['.'], build_base='build', catkin_cmake_args=None, catkin_skip_building_tests=False, cmake_args=None, cmake_clean_cache=False, cmake_clean_first=False, cmake_force_configure=False, cmake_target=None, cmake_target_skip_unavailable=False, continue_on_error=False, event_handlers=None, executor='parallel', ignore_user_meta=False, install_base='install', log_base=None, log_level=None, main=<bound method BuildVerb.main of <colcon_core.verb.build.BuildVerb object at 0x7fd856be1fd0>>, merge_install=False, metas=['./colcon.meta'], packages_above=None, packages_above_and_dependencies=None, packages_above_depth=None, packages_end=None, packages_ignore=None, packages_ignore_regex=None, packages_select=None, packages_select_build_failed=False, packages_select_by_dep=None, packages_select_regex=None, packages_select_test_failures=False, packages_skip=None, packages_skip_build_finished=False, packages_skip_by_dep=None, packages_skip_regex=None, packages_skip_test_passed=False, packages_skip_up_to=None, packages_start=None, packages_up_to=None, packages_up_to_regex=None, parallel_workers=4, paths=None, symlink_install=False, test_result_base=None, verb_extension=<colcon_core.verb.build.BuildVerb object at 0x7fd856be1fd0>, verb_name='build', verb_parser=<colcon_defaults.argument_parser.defaults.DefaultArgumentsDecorator object at 0x7fd856bed520>)
[0.430s] Level 1:colcon.colcon_core.package_discovery:discover_packages(colcon_meta) check parameters
[0.432s] Level 1:colcon.colcon_core.package_discovery:discover_packages(recursive) check parameters
[0.432s] Level 1:colcon.colcon_core.package_discovery:discover_packages(ignore) check parameters
[0.432s] Level 1:colcon.colcon_core.package_discovery:discover_packages(path) check parameters
[0.432s] Level 1:colcon.colcon_core.package_discovery:discover_packages(colcon_meta) discover
[0.433s] Level 1:colcon.colcon_core.package_discovery:discover_packages(recursive) discover
[0.433s] INFO:colcon.colcon_core.package_discovery:Crawling recursively for packages in '/home/paolo/NAS/Software/ROS2/service_client_ws'
[0.439s] Level 1:colcon.colcon_core.package_identification:_identify(.) by extensions ['ignore', 'ignore_ament_install']
[0.440s] Level 1:colcon.colcon_core.package_identification:_identify(.) by extension 'ignore'
[0.442s] Level 1:colcon.colcon_core.package_identification:_identify(.) by extension 'ignore_ament_install'
[0.450s] Level 1:colcon.colcon_core.package_identification:_identify(.) by extensions ['colcon_pkg']
[0.450s] Level 1:colcon.colcon_core.package_identification:_identify(.) by extension 'colcon_pkg'
[0.455s] Level 1:colcon.colcon_core.package_identification:_identify(.) by extensions ['colcon_meta']
[0.455s] Level 1:colcon.colcon_core.package_identification:_identify(.) by extension 'colcon_meta'
[0.455s] Level 1:colcon.colcon_core.package_identification:_identify(.) by extensions ['ros']
[0.455s] Level 1:colcon.colcon_core.package_identification:_identify(.) by extension 'ros'
[0.506s] Level 1:colcon.colcon_core.package_identification:_identify(.) by extensions ['cmake', 'python']
[0.506s] Level 1:colcon.colcon_core.package_identification:_identify(.) by extension 'cmake'
[0.511s] Level 1:colcon.colcon_core.package_identification:_identify(.) by extension 'python'
[0.515s] Level 1:colcon.colcon_core.package_identification:_identify(.) by extensions ['python_setup_py']
[0.515s] Level 1:colcon.colcon_core.package_identification:_identify(.) by extension 'python_setup_py'
[0.520s] Level 1:colcon.colcon_core.package_identification:_identify(build) by extensions ['ignore', 'ignore_ament_install']
[0.520s] Level 1:colcon.colcon_core.package_identification:_identify(build) by extension 'ignore'
[0.520s] Level 1:colcon.colcon_core.package_identification:_identify(build) ignored
[0.522s] Level 1:colcon.colcon_core.package_identification:_identify(install) by extensions ['ignore', 'ignore_ament_install']
[0.523s] Level 1:colcon.colcon_core.package_identification:_identify(install) by extension 'ignore'
[0.523s] Level 1:colcon.colcon_core.package_identification:_identify(install) ignored
[0.530s] Level 1:colcon.colcon_core.package_identification:_identify(log) by extensions ['ignore', 'ignore_ament_install']
[0.530s] Level 1:colcon.colcon_core.package_identification:_identify(log) by extension 'ignore'
[0.530s] Level 1:colcon.colcon_core.package_identification:_identify(log) ignored
[0.533s] Level 1:colcon.colcon_core.package_identification:_identify(src) by extensions ['ignore', 'ignore_ament_install']
[0.533s] Level 1:colcon.colcon_core.package_identification:_identify(src) by extension 'ignore'
[0.535s] Level 1:colcon.colcon_core.package_identification:_identify(src) by extension 'ignore_ament_install'
[0.543s] Level 1:colcon.colcon_core.package_identification:_identify(src) by extensions ['colcon_pkg']
[0.543s] Level 1:colcon.colcon_core.package_identification:_identify(src) by extension 'colcon_pkg'
[0.547s] Level 1:colcon.colcon_core.package_identification:_identify(src) by extensions ['colcon_meta']
[0.548s] Level 1:colcon.colcon_core.package_identification:_identify(src) by extension 'colcon_meta'
[0.550s] Level 1:colcon.colcon_core.package_identification:_identify(src) by extensions ['ros']
[0.550s] Level 1:colcon.colcon_core.package_identification:_identify(src) by extension 'ros'
[0.568s] Level 1:colcon.colcon_core.package_identification:_identify(src) by extensions ['cmake', 'python']
[0.569s] Level 1:colcon.colcon_core.package_identification:_identify(src) by extension 'cmake'
[0.573s] Level 1:colcon.colcon_core.package_identification:_identify(src) by extension 'python'
[0.577s] Level 1:colcon.colcon_core.package_identification:_identify(src) by extensions ['python_setup_py']
[0.578s] Level 1:colcon.colcon_core.package_identification:_identify(src) by extension 'python_setup_py'
[0.584s] Level 1:colcon.colcon_core.package_identification:_identify(src/drive) by extensions ['ignore', 'ignore_ament_install']
[0.584s] Level 1:colcon.colcon_core.package_identification:_identify(src/drive) by extension 'ignore'
[0.585s] Level 1:colcon.colcon_core.package_identification:_identify(src/drive) by extension 'ignore_ament_install'
[0.585s] Level 1:colcon.colcon_core.package_identification:_identify(src/drive) by extensions ['colcon_pkg']
[0.585s] Level 1:colcon.colcon_core.package_identification:_identify(src/drive) by extension 'colcon_pkg'
[0.585s] Level 1:colcon.colcon_core.package_identification:_identify(src/drive) by extensions ['colcon_meta']
[0.586s] Level 1:colcon.colcon_core.package_identification:_identify(src/drive) by extension 'colcon_meta'
[0.586s] Level 1:colcon.colcon_core.package_identification:_identify(src/drive) by extensions ['ros']
[0.586s] Level 1:colcon.colcon_core.package_identification:_identify(src/drive) by extension 'ros'
[0.605s] DEBUG:colcon.colcon_core.package_identification:Package 'src/drive' with type 'ros.ament_python' and name 'drive'
[0.608s] Level 1:colcon.colcon_core.package_identification:_identify(src/py_pubsub) by extensions ['ignore', 'ignore_ament_install']
[0.608s] Level 1:colcon.colcon_core.package_identification:_identify(src/py_pubsub) by extension 'ignore'
[0.610s] Level 1:colcon.colcon_core.package_identification:_identify(src/py_pubsub) by extension 'ignore_ament_install'
[0.615s] Level 1:colcon.colcon_core.package_identification:_identify(src/py_pubsub) by extensions ['colcon_pkg']
[0.615s] Level 1:colcon.colcon_core.package_identification:_identify(src/py_pubsub) by extension 'colcon_pkg'
[0.617s] Level 1:colcon.colcon_core.package_identification:_identify(src/py_pubsub) by extensions ['colcon_meta']
[0.618s] Level 1:colcon.colcon_core.package_identification:_identify(src/py_pubsub) by extension 'colcon_meta'
[0.618s] Level 1:colcon.colcon_core.package_identification:_identify(src/py_pubsub) by extensions ['ros']
[0.618s] Level 1:colcon.colcon_core.package_identification:_identify(src/py_pubsub) by extension 'ros'
[0.638s] DEBUG:colcon.colcon_core.package_identification:Package 'src/py_pubsub' with type 'ros.ament_python' and name 'py_pubsub'
[0.642s] Level 1:colcon.colcon_core.package_identification:_identify(src/py_srvcli) by extensions ['ignore', 'ignore_ament_install']
[0.643s] Level 1:colcon.colcon_core.package_identification:_identify(src/py_srvcli) by extension 'ignore'
[0.643s] Level 1:colcon.colcon_core.package_identification:_identify(src/py_srvcli) by extension 'ignore_ament_install'
[0.643s] Level 1:colcon.colcon_core.package_identification:_identify(src/py_srvcli) by extensions ['colcon_pkg']
[0.643s] Level 1:colcon.colcon_core.package_identification:_identify(src/py_srvcli) by extension 'colcon_pkg'
[0.644s] Level 1:colcon.colcon_core.package_identification:_identify(src/py_srvcli) by extensions ['colcon_meta']
[0.644s] Level 1:colcon.colcon_core.package_identification:_identify(src/py_srvcli) by extension 'colcon_meta'
[0.644s] Level 1:colcon.colcon_core.package_identification:_identify(src/py_srvcli) by extensions ['ros']
[0.644s] Level 1:colcon.colcon_core.package_identification:_identify(src/py_srvcli) by extension 'ros'
[0.664s] DEBUG:colcon.colcon_core.package_identification:Package 'src/py_srvcli' with type 'ros.ament_python' and name 'py_srvcli'
[0.665s] Level 1:colcon.colcon_core.package_discovery:discover_packages(recursive) using defaults
[0.665s] Level 1:colcon.colcon_core.package_discovery:discover_packages(ignore) discover
[0.665s] Level 1:colcon.colcon_core.package_discovery:discover_packages(ignore) using defaults
[0.665s] Level 1:colcon.colcon_core.package_discovery:discover_packages(path) discover
[0.665s] Level 1:colcon.colcon_core.package_discovery:discover_packages(path) using defaults
[0.709s] Level 5:colcon.colcon_core.verb:set package 'drive' build argument 'cmake_args' from command line to 'None'
[0.709s] Level 5:colcon.colcon_core.verb:set package 'drive' build argument 'cmake_target' from command line to 'None'
[0.709s] Level 5:colcon.colcon_core.verb:set package 'drive' build argument 'cmake_target_skip_unavailable' from command line to 'False'
[0.709s] Level 5:colcon.colcon_core.verb:set package 'drive' build argument 'cmake_clean_cache' from command line to 'False'
[0.709s] Level 5:colcon.colcon_core.verb:set package 'drive' build argument 'cmake_clean_first' from command line to 'False'
[0.709s] Level 5:colcon.colcon_core.verb:set package 'drive' build argument 'cmake_force_configure' from command line to 'False'
[0.709s] Level 5:colcon.colcon_core.verb:set package 'drive' build argument 'ament_cmake_args' from command line to 'None'
[0.709s] Level 5:colcon.colcon_core.verb:set package 'drive' build argument 'catkin_cmake_args' from command line to 'None'
[0.709s] Level 5:colcon.colcon_core.verb:set package 'drive' build argument 'catkin_skip_building_tests' from command line to 'False'
[0.709s] DEBUG:colcon.colcon_core.verb:Building package 'drive' with the following arguments: {'ament_cmake_args': None, 'build_base': '/home/paolo/NAS/Software/ROS2/service_client_ws/build/drive', 'catkin_cmake_args': None, 'catkin_skip_building_tests': False, 'cmake_args': None, 'cmake_clean_cache': False, 'cmake_clean_first': False, 'cmake_force_configure': False, 'cmake_target': None, 'cmake_target_skip_unavailable': False, 'install_base': '/home/paolo/NAS/Software/ROS2/service_client_ws/install/drive', 'merge_install': False, 'path': '/home/paolo/NAS/Software/ROS2/service_client_ws/src/drive', 'symlink_install': False, 'test_result_base': None}
[0.712s] Level 5:colcon.colcon_core.verb:set package 'py_pubsub' build argument 'cmake_args' from command line to 'None'
[0.712s] Level 5:colcon.colcon_core.verb:set package 'py_pubsub' build argument 'cmake_target' from command line to 'None'
[0.712s] Level 5:colcon.colcon_core.verb:set package 'py_pubsub' build argument 'cmake_target_skip_unavailable' from command line to 'False'
[0.712s] Level 5:colcon.colcon_core.verb:set package 'py_pubsub' build argument 'cmake_clean_cache' from command line to 'False'
[0.712s] Level 5:colcon.colcon_core.verb:set package 'py_pubsub' build argument 'cmake_clean_first' from command line to 'False'
[0.712s] Level 5:colcon.colcon_core.verb:set package 'py_pubsub' build argument 'cmake_force_configure' from command line to 'False'
[0.712s] Level 5:colcon.colcon_core.verb:set package 'py_pubsub' build argument 'ament_cmake_args' from command line to 'None'
[0.712s] Level 5:colcon.colcon_core.verb:set package 'py_pubsub' build argument 'catkin_cmake_args' from command line to 'None'
[0.712s] Level 5:colcon.colcon_core.verb:set package 'py_pubsub' build argument 'catkin_skip_building_tests' from command line to 'False'
[0.712s] DEBUG:colcon.colcon_core.verb:Building package 'py_pubsub' with the following arguments: {'ament_cmake_args': None, 'build_base': '/home/paolo/NAS/Software/ROS2/service_client_ws/build/py_pubsub', 'catkin_cmake_args': None, 'catkin_skip_building_tests': False, 'cmake_args': None, 'cmake_clean_cache': False, 'cmake_clean_first': False, 'cmake_force_configure': False, 'cmake_target': None, 'cmake_target_skip_unavailable': False, 'install_base': '/home/paolo/NAS/Software/ROS2/service_client_ws/install/py_pubsub', 'merge_install': False, 'path': '/home/paolo/NAS/Software/ROS2/service_client_ws/src/py_pubsub', 'symlink_install': False, 'test_result_base': None}
[0.714s] Level 5:colcon.colcon_core.verb:set package 'py_srvcli' build argument 'cmake_args' from command line to 'None'
[0.714s] Level 5:colcon.colcon_core.verb:set package 'py_srvcli' build argument 'cmake_target' from command line to 'None'
[0.714s] Level 5:colcon.colcon_core.verb:set package 'py_srvcli' build argument 'cmake_target_skip_unavailable' from command line to 'False'
[0.714s] Level 5:colcon.colcon_core.verb:set package 'py_srvcli' build argument 'cmake_clean_cache' from command line to 'False'
[0.714s] Level 5:colcon.colcon_core.verb:set package 'py_srvcli' build argument 'cmake_clean_first' from command line to 'False'
[0.715s] Level 5:colcon.colcon_core.verb:set package 'py_srvcli' build argument 'cmake_force_configure' from command line to 'False'
[0.715s] Level 5:colcon.colcon_core.verb:set package 'py_srvcli' build argument 'ament_cmake_args' from command line to 'None'
[0.715s] Level 5:colcon.colcon_core.verb:set package 'py_srvcli' build argument 'catkin_cmake_args' from command line to 'None'
[0.715s] Level 5:colcon.colcon_core.verb:set package 'py_srvcli' build argument 'catkin_skip_building_tests' from command line to 'False'
[0.715s] DEBUG:colcon.colcon_core.verb:Building package 'py_srvcli' with the following arguments: {'ament_cmake_args': None, 'build_base': '/home/paolo/NAS/Software/ROS2/service_client_ws/build/py_srvcli', 'catkin_cmake_args': None, 'catkin_skip_building_tests': False, 'cmake_args': None, 'cmake_clean_cache': False, 'cmake_clean_first': False, 'cmake_force_configure': False, 'cmake_target': None, 'cmake_target_skip_unavailable': False, 'install_base': '/home/paolo/NAS/Software/ROS2/service_client_ws/install/py_srvcli', 'merge_install': False, 'path': '/home/paolo/NAS/Software/ROS2/service_client_ws/src/py_srvcli', 'symlink_install': False, 'test_result_base': None}
[0.715s] INFO:colcon.colcon_core.executor:Executing jobs using 'parallel' executor
[0.717s] DEBUG:colcon.colcon_parallel_executor.executor.parallel:run_until_complete
[0.717s] INFO:colcon.colcon_ros.task.ament_python.build:Building ROS package in '/home/paolo/NAS/Software/ROS2/service_client_ws/src/drive' with build type 'ament_python'
[0.717s] Level 1:colcon.colcon_core.shell:create_environment_hook('drive', 'ament_prefix_path')
[0.720s] INFO:colcon.colcon_core.plugin_system:Skipping extension 'colcon_core.shell.bat': Not used on non-Windows systems
[0.720s] INFO:colcon.colcon_core.shell:Creating environment hook '/home/paolo/NAS/Software/ROS2/service_client_ws/install/drive/share/drive/hook/ament_prefix_path.ps1'
[0.741s] INFO:colcon.colcon_core.shell:Creating environment descriptor '/home/paolo/NAS/Software/ROS2/service_client_ws/install/drive/share/drive/hook/ament_prefix_path.dsv'
[0.762s] INFO:colcon.colcon_core.shell:Creating environment hook '/home/paolo/NAS/Software/ROS2/service_client_ws/install/drive/share/drive/hook/ament_prefix_path.sh'
[0.784s] INFO:colcon.colcon_core.shell:Skip shell extension 'powershell' for command environment: Not usable outside of PowerShell
[0.784s] DEBUG:colcon.colcon_core.shell:Skip shell extension 'dsv' for command environment
[0.790s] WARNING:colcon.colcon_core.prefix_path.colcon:The path '/home/paolo/NAS/Software/ROS2/install' in the environment variable COLCON_PREFIX_PATH doesn't exist
[0.809s] WARNING:colcon.colcon_ros.prefix_path.ament:The path '/home/paolo/NAS/Software/ROS2/service_client_ws/install/service_clent' in the environment variable AMENT_PREFIX_PATH doesn't exist
[0.855s] DEBUG:colcon.colcon_core.shell:Ignoring prefix path '/opt/ros/foxy'
[0.891s] INFO:colcon.colcon_ros.task.ament_python.build:Building ROS package in '/home/paolo/NAS/Software/ROS2/service_client_ws/src/py_pubsub' with build type 'ament_python'
[0.892s] Level 1:colcon.colcon_core.shell:create_environment_hook('py_pubsub', 'ament_prefix_path')
[0.894s] INFO:colcon.colcon_core.shell:Creating environment hook '/home/paolo/NAS/Software/ROS2/service_client_ws/install/py_pubsub/share/py_pubsub/hook/ament_prefix_path.ps1'
[0.932s] INFO:colcon.colcon_core.shell:Creating environment descriptor '/home/paolo/NAS/Software/ROS2/service_client_ws/install/py_pubsub/share/py_pubsub/hook/ament_prefix_path.dsv'
[0.952s] INFO:colcon.colcon_core.shell:Creating environment hook '/home/paolo/NAS/Software/ROS2/service_client_ws/install/py_pubsub/share/py_pubsub/hook/ament_prefix_path.sh'
[0.971s] INFO:colcon.colcon_core.shell:Skip shell extension 'powershell' for command environment: Not usable outside of PowerShell
[0.972s] DEBUG:colcon.colcon_core.shell:Skip shell extension 'dsv' for command environment
[1.029s] DEBUG:colcon.colcon_core.shell:Ignoring prefix path '/opt/ros/foxy'
[1.066s] INFO:colcon.colcon_ros.task.ament_python.build:Building ROS package in '/home/paolo/NAS/Software/ROS2/service_client_ws/src/py_srvcli' with build type 'ament_python'
[1.067s] Level 1:colcon.colcon_core.shell:create_environment_hook('py_srvcli', 'ament_prefix_path')
[1.070s] INFO:colcon.colcon_core.shell:Creating environment hook '/home/paolo/NAS/Software/ROS2/service_client_ws/install/py_srvcli/share/py_srvcli/hook/ament_prefix_path.ps1'
[1.091s] INFO:colcon.colcon_core.shell:Creating environment descriptor '/home/paolo/NAS/Software/ROS2/service_client_ws/install/py_srvcli/share/py_srvcli/hook/ament_prefix_path.dsv'
[1.113s] INFO:colcon.colcon_core.shell:Creating environment hook '/home/paolo/NAS/Software/ROS2/service_client_ws/install/py_srvcli/share/py_srvcli/hook/ament_prefix_path.sh'
[1.133s] INFO:colcon.colcon_core.shell:Skip shell extension 'powershell' for command environment: Not usable outside of PowerShell
[1.133s] DEBUG:colcon.colcon_core.shell:Skip shell extension 'dsv' for command environment
[1.164s] DEBUG:colcon.colcon_core.shell:Ignoring prefix path '/opt/ros/foxy'
[1.576s] INFO:colcon.colcon_core.task.python.build:Building Python package in '/home/paolo/NAS/Software/ROS2/service_client_ws/src/drive'
[1.577s] INFO:colcon.colcon_core.shell:Skip shell extension 'powershell' for command environment: Not usable outside of PowerShell
[1.577s] DEBUG:colcon.colcon_core.shell:Skip shell extension 'dsv' for command environment
[1.600s] DEBUG:colcon.colcon_core.shell:Ignoring prefix path '/opt/ros/foxy'
[2.006s] INFO:colcon.colcon_core.task.python.build:Building Python package in '/home/paolo/NAS/Software/ROS2/service_client_ws/src/py_pubsub'
[2.007s] INFO:colcon.colcon_core.shell:Skip shell extension 'powershell' for command environment: Not usable outside of PowerShell
[2.007s] DEBUG:colcon.colcon_core.shell:Skip shell extension 'dsv' for command environment
[2.029s] DEBUG:colcon.colcon_core.shell:Ignoring prefix path '/opt/ros/foxy'
[2.432s] INFO:colcon.colcon_core.task.python.build:Building Python package in '/home/paolo/NAS/Software/ROS2/service_client_ws/src/py_srvcli'
[2.433s] INFO:colcon.colcon_core.shell:Skip shell extension 'powershell' for command environment: Not usable outside of PowerShell
[2.433s] DEBUG:colcon.colcon_core.shell:Skip shell extension 'dsv' for command environment
[2.457s] DEBUG:colcon.colcon_core.shell:Ignoring prefix path '/opt/ros/foxy'
[2.550s] DEBUG:colcon.colcon_core.event_handler.log_command:Invoking command in '/home/paolo/NAS/Software/ROS2/service_client_ws/src/drive': PYTHONPATH=/home/paolo/NAS/Software/ROS2/service_client_ws/install/drive/lib/python3.8/site-packages:${PYTHONPATH} /usr/bin/python3 setup.py egg_info --egg-base ../../build/drive build --build-base /home/paolo/NAS/Software/ROS2/service_client_ws/build/drive/build install --prefix /home/paolo/NAS/Software/ROS2/service_client_ws/install/drive --record /home/paolo/NAS/Software/ROS2/service_client_ws/build/drive/install.log --single-version-externally-managed
[2.599s] DEBUG:colcon.colcon_core.event_handler.log_command:Invoking command in '/home/paolo/NAS/Software/ROS2/service_client_ws/src/py_pubsub': PYTHONPATH=/home/paolo/NAS/Software/ROS2/service_client_ws/install/py_pubsub/lib/python3.8/site-packages:${PYTHONPATH} /usr/bin/python3 setup.py egg_info --egg-base ../../build/py_pubsub build --build-base /home/paolo/NAS/Software/ROS2/service_client_ws/build/py_pubsub/build install --prefix /home/paolo/NAS/Software/ROS2/service_client_ws/install/py_pubsub --record /home/paolo/NAS/Software/ROS2/service_client_ws/build/py_pubsub/install.log --single-version-externally-managed
[2.639s] DEBUG:colcon.colcon_core.event_handler.log_command:Invoking command in '/home/paolo/NAS/Software/ROS2/service_client_ws/src/py_srvcli': PYTHONPATH=/home/paolo/NAS/Software/ROS2/service_client_ws/install/py_srvcli/lib/python3.8/site-packages:${PYTHONPATH} /usr/bin/python3 setup.py egg_info --egg-base ../../build/py_srvcli build --build-base /home/paolo/NAS/Software/ROS2/service_client_ws/build/py_srvcli/build install --prefix /home/paolo/NAS/Software/ROS2/service_client_ws/install/py_srvcli --record /home/paolo/NAS/Software/ROS2/service_client_ws/build/py_srvcli/install.log --single-version-externally-managed
[3.855s] DEBUG:colcon.colcon_core.event_handler.log_command:Invoked command in '/home/paolo/NAS/Software/ROS2/service_client_ws/src/drive' returned '0': PYTHONPATH=/home/paolo/NAS/Software/ROS2/service_client_ws/install/drive/lib/python3.8/site-packages:${PYTHONPATH} /usr/bin/python3 setup.py egg_info --egg-base ../../build/drive build --build-base /home/paolo/NAS/Software/ROS2/service_client_ws/build/drive/build install --prefix /home/paolo/NAS/Software/ROS2/service_client_ws/install/drive --record /home/paolo/NAS/Software/ROS2/service_client_ws/build/drive/install.log --single-version-externally-managed
[3.873s] Level 1:colcon.colcon_core.environment:checking '/home/paolo/NAS/Software/ROS2/service_client_ws/install/drive' for CMake module files
[3.890s] Level 1:colcon.colcon_core.environment:checking '/home/paolo/NAS/Software/ROS2/service_client_ws/install/drive' for CMake config files
[3.930s] Level 1:colcon.colcon_core.environment:checking '/home/paolo/NAS/Software/ROS2/service_client_ws/install/drive/lib'
[3.932s] Level 1:colcon.colcon_core.environment:checking '/home/paolo/NAS/Software/ROS2/service_client_ws/install/drive/bin'
[3.933s] Level 1:colcon.colcon_core.environment:checking '/home/paolo/NAS/Software/ROS2/service_client_ws/install/drive/lib/pkgconfig/drive.pc'
[3.933s] Level 1:colcon.colcon_core.environment:checking '/home/paolo/NAS/Software/ROS2/service_client_ws/install/drive/lib/python3.8/site-packages'
[3.933s] Level 1:colcon.colcon_core.shell:create_environment_hook('drive', 'pythonpath')
[3.935s] INFO:colcon.colcon_core.shell:Creating environment hook '/home/paolo/NAS/Software/ROS2/service_client_ws/install/drive/share/drive/hook/pythonpath.ps1'
[3.951s] INFO:colcon.colcon_core.shell:Creating environment descriptor '/home/paolo/NAS/Software/ROS2/service_client_ws/install/drive/share/drive/hook/pythonpath.dsv'
[3.972s] INFO:colcon.colcon_core.shell:Creating environment hook '/home/paolo/NAS/Software/ROS2/service_client_ws/install/drive/share/drive/hook/pythonpath.sh'
[3.992s] Level 1:colcon.colcon_core.environment:create_environment_scripts_only(drive)
[3.995s] INFO:colcon.colcon_core.shell:Creating package script '/home/paolo/NAS/Software/ROS2/service_client_ws/install/drive/share/drive/package.ps1'
[4.009s] INFO:colcon.colcon_core.shell:Creating package descriptor '/home/paolo/NAS/Software/ROS2/service_client_ws/install/drive/share/drive/package.dsv'
[4.028s] INFO:colcon.colcon_core.shell:Creating package script '/home/paolo/NAS/Software/ROS2/service_client_ws/install/drive/share/drive/package.sh'
[4.045s] INFO:colcon.colcon_core.shell:Creating package script '/home/paolo/NAS/Software/ROS2/service_client_ws/install/drive/share/drive/package.bash'
[4.066s] INFO:colcon.colcon_core.shell:Creating package script '/home/paolo/NAS/Software/ROS2/service_client_ws/install/drive/share/drive/package.zsh'
[4.081s] Level 1:colcon.colcon_core.environment:create_file_with_runtime_dependencies(/home/paolo/NAS/Software/ROS2/service_client_ws/install/drive/share/colcon-core/packages/drive)
[4.105s] Level 1:colcon.colcon_core.environment:checking '/home/paolo/NAS/Software/ROS2/service_client_ws/install/py_srvcli' for CMake module files
[4.123s] Level 1:colcon.colcon_core.environment:checking '/home/paolo/NAS/Software/ROS2/service_client_ws/install/py_srvcli' for CMake config files
[4.159s] DEBUG:colcon.colcon_core.event_handler.log_command:Invoked command in '/home/paolo/NAS/Software/ROS2/service_client_ws/src/py_srvcli' returned '0': PYTHONPATH=/home/paolo/NAS/Software/ROS2/service_client_ws/install/py_srvcli/lib/python3.8/site-packages:${PYTHONPATH} /usr/bin/python3 setup.py egg_info --egg-base ../../build/py_srvcli build --build-base /home/paolo/NAS/Software/ROS2/service_client_ws/build/py_srvcli/build install --prefix /home/paolo/NAS/Software/ROS2/service_client_ws/install/py_srvcli --record /home/paolo/NAS/Software/ROS2/service_client_ws/build/py_srvcli/install.log --single-version-externally-managed
[4.172s] Level 1:colcon.colcon_core.environment:checking '/home/paolo/NAS/Software/ROS2/service_client_ws/install/py_srvcli/lib'
[4.174s] Level 1:colcon.colcon_core.environment:checking '/home/paolo/NAS/Software/ROS2/service_client_ws/install/py_srvcli/bin'
[4.175s] Level 1:colcon.colcon_core.environment:checking '/home/paolo/NAS/Software/ROS2/service_client_ws/install/py_srvcli/lib/pkgconfig/py_srvcli.pc'
[4.175s] Level 1:colcon.colcon_core.environment:checking '/home/paolo/NAS/Software/ROS2/service_client_ws/install/py_srvcli/lib/python3.8/site-packages'
[4.175s] Level 1:colcon.colcon_core.shell:create_environment_hook('py_srvcli', 'pythonpath')
[4.178s] INFO:colcon.colcon_core.shell:Creating environment hook '/home/paolo/NAS/Software/ROS2/service_client_ws/install/py_srvcli/share/py_srvcli/hook/pythonpath.ps1'
[4.198s] INFO:colcon.colcon_core.shell:Creating environment descriptor '/home/paolo/NAS/Software/ROS2/service_client_ws/install/py_srvcli/share/py_srvcli/hook/pythonpath.dsv'
[4.216s] INFO:colcon.colcon_core.shell:Creating environment hook '/home/paolo/NAS/Software/ROS2/service_client_ws/install/py_srvcli/share/py_srvcli/hook/pythonpath.sh'
[4.232s] Level 1:colcon.colcon_core.environment:create_environment_scripts_only(py_srvcli)
[4.235s] INFO:colcon.colcon_core.shell:Creating package script '/home/paolo/NAS/Software/ROS2/service_client_ws/install/py_srvcli/share/py_srvcli/package.ps1'
[4.256s] INFO:colcon.colcon_core.shell:Creating package descriptor '/home/paolo/NAS/Software/ROS2/service_client_ws/install/py_srvcli/share/py_srvcli/package.dsv'
[4.271s] INFO:colcon.colcon_core.shell:Creating package script '/home/paolo/NAS/Software/ROS2/service_client_ws/install/py_srvcli/share/py_srvcli/package.sh'
[4.288s] INFO:colcon.colcon_core.shell:Creating package script '/home/paolo/NAS/Software/ROS2/service_client_ws/install/py_srvcli/share/py_srvcli/package.bash'
[4.310s] INFO:colcon.colcon_core.shell:Creating package script '/home/paolo/NAS/Software/ROS2/service_client_ws/install/py_srvcli/share/py_srvcli/package.zsh'
[4.326s] Level 1:colcon.colcon_core.environment:create_file_with_runtime_dependencies(/home/paolo/NAS/Software/ROS2/service_client_ws/install/py_srvcli/share/colcon-core/packages/py_srvcli)
[4.348s] Level 1:colcon.colcon_core.environment:checking '/home/paolo/NAS/Software/ROS2/service_client_ws/install/py_pubsub' for CMake module files
[4.381s] Level 1:colcon.colcon_core.environment:checking '/home/paolo/NAS/Software/ROS2/service_client_ws/install/py_pubsub' for CMake config files
[4.403s] DEBUG:colcon.colcon_core.event_handler.log_command:Invoked command in '/home/paolo/NAS/Software/ROS2/service_client_ws/src/py_pubsub' returned '0': PYTHONPATH=/home/paolo/NAS/Software/ROS2/service_client_ws/install/py_pubsub/lib/python3.8/site-packages:${PYTHONPATH} /usr/bin/python3 setup.py egg_info --egg-base ../../build/py_pubsub build --build-base /home/paolo/NAS/Software/ROS2/service_client_ws/build/py_pubsub/build install --prefix /home/paolo/NAS/Software/ROS2/service_client_ws/install/py_pubsub --record /home/paolo/NAS/Software/ROS2/service_client_ws/build/py_pubsub/install.log --single-version-externally-managed
[4.441s] Level 1:colcon.colcon_core.environment:checking '/home/paolo/NAS/Software/ROS2/service_client_ws/install/py_pubsub/lib'
[4.445s] Level 1:colcon.colcon_core.environment:checking '/home/paolo/NAS/Software/ROS2/service_client_ws/install/py_pubsub/bin'
[4.448s] Level 1:colcon.colcon_core.environment:checking '/home/paolo/NAS/Software/ROS2/service_client_ws/install/py_pubsub/lib/pkgconfig/py_pubsub.pc'
[4.450s] Level 1:colcon.colcon_core.environment:checking '/home/paolo/NAS/Software/ROS2/service_client_ws/install/py_pubsub/lib/python3.8/site-packages'
[4.451s] Level 1:colcon.colcon_core.shell:create_environment_hook('py_pubsub', 'pythonpath')
[4.453s] INFO:colcon.colcon_core.shell:Creating environment hook '/home/paolo/NAS/Software/ROS2/service_client_ws/install/py_pubsub/share/py_pubsub/hook/pythonpath.ps1'
[4.472s] INFO:colcon.colcon_core.shell:Creating environment descriptor '/home/paolo/NAS/Software/ROS2/service_client_ws/install/py_pubsub/share/py_pubsub/hook/pythonpath.dsv'
[4.488s] INFO:colcon.colcon_core.shell:Creating environment hook '/home/paolo/NAS/Software/ROS2/service_client_ws/install/py_pubsub/share/py_pubsub/hook/pythonpath.sh'
[4.507s] Level 1:colcon.colcon_core.environment:create_environment_scripts_only(py_pubsub)
[4.510s] INFO:colcon.colcon_core.shell:Creating package script '/home/paolo/NAS/Software/ROS2/service_client_ws/install/py_pubsub/share/py_pubsub/package.ps1'
[4.529s] INFO:colcon.colcon_core.shell:Creating package descriptor '/home/paolo/NAS/Software/ROS2/service_client_ws/install/py_pubsub/share/py_pubsub/package.dsv'
[4.545s] INFO:colcon.colcon_core.shell:Creating package script '/home/paolo/NAS/Software/ROS2/service_client_ws/install/py_pubsub/share/py_pubsub/package.sh'
[4.564s] INFO:colcon.colcon_core.shell:Creating package script '/home/paolo/NAS/Software/ROS2/service_client_ws/install/py_pubsub/share/py_pubsub/package.bash'
[4.580s] INFO:colcon.colcon_core.shell:Creating package script '/home/paolo/NAS/Software/ROS2/service_client_ws/install/py_pubsub/share/py_pubsub/package.zsh'
[4.596s] Level 1:colcon.colcon_core.environment:create_file_with_runtime_dependencies(/home/paolo/NAS/Software/ROS2/service_client_ws/install/py_pubsub/share/colcon-core/packages/py_pubsub)
[4.622s] DEBUG:colcon.colcon_parallel_executor.executor.parallel:closing loop
[4.624s] DEBUG:colcon.colcon_parallel_executor.executor.parallel:loop closed
[4.624s] DEBUG:colcon.colcon_parallel_executor.executor.parallel:run_until_complete finished with '0'
[4.624s] DEBUG:colcon.colcon_core.event_reactor:joining thread
[4.697s] INFO:colcon.colcon_core.plugin_system:Skipping extension 'colcon_notification.desktop_notification.terminal_notifier': Not used on non-Darwin systems
[4.697s] INFO:colcon.colcon_core.plugin_system:Skipping extension 'colcon_notification.desktop_notification.win32': Not used on non-Windows systems
[4.697s] INFO:colcon.colcon_notification.desktop_notification:Sending desktop notification using 'notify2'
[4.716s] DEBUG:colcon.colcon_core.event_reactor:joined thread
[4.717s] INFO:colcon.colcon_core.shell:Creating prefix script '/home/paolo/NAS/Software/ROS2/service_client_ws/install/local_setup.ps1'
[4.733s] INFO:colcon.colcon_core.shell:Creating prefix util module '/home/paolo/NAS/Software/ROS2/service_client_ws/install/_local_setup_util_ps1.py'
[4.756s] INFO:colcon.colcon_core.shell:Creating prefix chain script '/home/paolo/NAS/Software/ROS2/service_client_ws/install/setup.ps1'
[4.794s] INFO:colcon.colcon_core.shell:Creating prefix script '/home/paolo/NAS/Software/ROS2/service_client_ws/install/local_setup.sh'
[4.811s] INFO:colcon.colcon_core.shell:Creating prefix util module '/home/paolo/NAS/Software/ROS2/service_client_ws/install/_local_setup_util_sh.py'
[4.829s] INFO:colcon.colcon_core.shell:Creating prefix chain script '/home/paolo/NAS/Software/ROS2/service_client_ws/install/setup.sh'
[4.863s] INFO:colcon.colcon_core.shell:Creating prefix script '/home/paolo/NAS/Software/ROS2/service_client_ws/install/local_setup.bash'
[4.881s] INFO:colcon.colcon_core.shell:Creating prefix chain script '/home/paolo/NAS/Software/ROS2/service_client_ws/install/setup.bash'
[4.922s] INFO:colcon.colcon_core.shell:Creating prefix script '/home/paolo/NAS/Software/ROS2/service_client_ws/install/local_setup.zsh'
[4.937s] INFO:colcon.colcon_core.shell:Creating prefix chain script '/home/paolo/NAS/Software/ROS2/service_client_ws/install/setup.zsh'
