[2.609s] Invoking command in '/home/robot/Software/ROS2/Madox/madox_ws/build/py_camera': PYTHONPATH=/home/robot/Software/ROS2/Madox/madox_ws/install/py_camera/lib/python3.8/site-packages:${PYTHONPATH} /usr/bin/python3 setup.py develop --prefix /home/robot/Software/ROS2/Madox/madox_ws/install/py_camera --editable --build-directory /home/robot/Software/ROS2/Madox/madox_ws/build/py_camera/build --no-deps install_data --install-dir /home/robot/Software/ROS2/Madox/madox_ws/install/py_camera
[3.410s] /home/robot/.local/lib/python3.8/site-packages/setuptools/dist.py:642: UserWarning: Usage of dash-separated 'script-dir' will not be supported in future versions. Please use the underscore name 'script_dir' instead
[3.410s]   warnings.warn(
[3.411s] /home/robot/.local/lib/python3.8/site-packages/setuptools/dist.py:642: UserWarning: Usage of dash-separated 'install-scripts' will not be supported in future versions. Please use the underscore name 'install_scripts' instead
[3.411s]   warnings.warn(
[3.624s] running develop
[4.179s] running egg_info
[4.181s] writing py_camera.egg-info/PKG-INFO
[4.195s] writing dependency_links to py_camera.egg-info/dependency_links.txt
[4.204s] writing entry points to py_camera.egg-info/entry_points.txt
[4.213s] writing requirements to py_camera.egg-info/requires.txt
[4.223s] writing top-level names to py_camera.egg-info/top_level.txt
[4.408s] reading manifest file 'py_camera.egg-info/SOURCES.txt'
[4.419s] writing manifest file 'py_camera.egg-info/SOURCES.txt'
[4.591s] running build_ext
[4.592s] Creating /home/robot/Software/ROS2/Madox/madox_ws/install/py_camera/lib/python3.8/site-packages/py-camera.egg-link (link to .)
[4.615s] Installing camera script to /home/robot/Software/ROS2/Madox/madox_ws/install/py_camera/lib/py_camera
[4.634s] 
[4.634s] Installed /home/robot/Software/ROS2/Madox/madox_ws/build/py_camera
[4.636s] running install_data
[4.760s] Invoked command in '/home/robot/Software/ROS2/Madox/madox_ws/build/py_camera' returned '0': PYTHONPATH=/home/robot/Software/ROS2/Madox/madox_ws/install/py_camera/lib/python3.8/site-packages:${PYTHONPATH} /usr/bin/python3 setup.py develop --prefix /home/robot/Software/ROS2/Madox/madox_ws/install/py_camera --editable --build-directory /home/robot/Software/ROS2/Madox/madox_ws/build/py_camera/build --no-deps install_data --install-dir /home/robot/Software/ROS2/Madox/madox_ws/install/py_camera
