[3.429s] Invoking command in '/home/paolo/NAS/Software/ROS2/Madox/madox_ws/src/ros2_rtimulib': PYTHONPATH=/home/paolo/NAS/Software/ROS2/Madox/madox_ws/install/ros2_rtimulib/lib/python3.8/site-packages:${PYTHONPATH} /usr/bin/python3 setup.py egg_info --egg-base ../../build/ros2_rtimulib build --build-base /home/paolo/NAS/Software/ROS2/Madox/madox_ws/build/ros2_rtimulib/build install --prefix /home/paolo/NAS/Software/ROS2/Madox/madox_ws/install/ros2_rtimulib --record /home/paolo/NAS/Software/ROS2/Madox/madox_ws/build/ros2_rtimulib/install.log --single-version-externally-managed
[4.030s] running egg_info
[4.032s] writing ../../build/ros2_rtimulib/ros2_rtimulib.egg-info/PKG-INFO
[4.059s] writing dependency_links to ../../build/ros2_rtimulib/ros2_rtimulib.egg-info/dependency_links.txt
[4.080s] writing entry points to ../../build/ros2_rtimulib/ros2_rtimulib.egg-info/entry_points.txt
[4.098s] writing requirements to ../../build/ros2_rtimulib/ros2_rtimulib.egg-info/requires.txt
[4.112s] writing top-level names to ../../build/ros2_rtimulib/ros2_rtimulib.egg-info/top_level.txt
[4.217s] reading manifest file '../../build/ros2_rtimulib/ros2_rtimulib.egg-info/SOURCES.txt'
[4.242s] writing manifest file '../../build/ros2_rtimulib/ros2_rtimulib.egg-info/SOURCES.txt'
[4.256s] running build
[4.256s] running build_py
[4.277s] running install
[4.278s] running install_lib
[4.288s] running install_data
[4.290s] running install_egg_info
[4.294s] removing '/home/paolo/NAS/Software/ROS2/Madox/madox_ws/install/ros2_rtimulib/lib/python3.8/site-packages/ros2_rtimulib-1.1.3-py3.8.egg-info' (and everything under it)
[4.338s] Copying ../../build/ros2_rtimulib/ros2_rtimulib.egg-info to /home/paolo/NAS/Software/ROS2/Madox/madox_ws/install/ros2_rtimulib/lib/python3.8/site-packages/ros2_rtimulib-1.1.3-py3.8.egg-info
[4.579s] running install_scripts
[4.684s] Installing imu_node script to /home/paolo/NAS/Software/ROS2/Madox/madox_ws/install/ros2_rtimulib/lib/ros2_rtimulib
[4.704s] writing list of installed files to '/home/paolo/NAS/Software/ROS2/Madox/madox_ws/build/ros2_rtimulib/install.log'
[4.768s] Invoked command in '/home/paolo/NAS/Software/ROS2/Madox/madox_ws/src/ros2_rtimulib' returned '0': PYTHONPATH=/home/paolo/NAS/Software/ROS2/Madox/madox_ws/install/ros2_rtimulib/lib/python3.8/site-packages:${PYTHONPATH} /usr/bin/python3 setup.py egg_info --egg-base ../../build/ros2_rtimulib build --build-base /home/paolo/NAS/Software/ROS2/Madox/madox_ws/build/ros2_rtimulib/build install --prefix /home/paolo/NAS/Software/ROS2/Madox/madox_ws/install/ros2_rtimulib --record /home/paolo/NAS/Software/ROS2/Madox/madox_ws/build/ros2_rtimulib/install.log --single-version-externally-managed
