[01m[K/home/robot/Software/ROS2/Madox/madox_ws/src/ros2_IMU/src/imu.cpp:68:3:[m[K [01;31m[Kerror: [m[K‘[01m[Kimu[m[K’ does not name a type
   68 |   [01;31m[Kimu[m[K->IMUInit();
      |   [01;31m[K^~~[m[K
[01m[K/home/robot/Software/ROS2/Madox/madox_ws/src/ros2_IMU/src/imu.cpp:66:9:[m[K [01;31m[Kerror: [m[Kcannot declare field ‘[01m[KImuNode::imu[m[K’ to be of abstract type ‘[01m[KRTIMU[m[K’
   66 |   RTIMU [01;31m[Kimu[m[K               = RTIMU::createIMU(settings);
      |         [01;31m[K^~~[m[K
In file included from [01m[K/usr/local/include/RTIMULib.h:36[m[K,
                 from [01m[K/home/robot/Software/ROS2/Madox/madox_ws/src/ros2_IMU/src/imu.cpp:30[m[K:
[01m[K/usr/local/include/IMUDrivers/RTIMU.h:66:7:[m[K [01;36m[Knote: [m[K  because the following virtual functions are pure within ‘[01m[KRTIMU[m[K’:
   66 | class [01;36m[KRTIMU[m[K
      |       [01;36m[K^~~~~[m[K
[01m[K/usr/local/include/IMUDrivers/RTIMU.h:80:25:[m[K [01;36m[Knote: [m[K	‘[01m[Kvirtual const char* RTIMU::IMUName()[m[K’
   80 |     virtual const char *[01;36m[KIMUName[m[K() = 0;                      // the name of the IMU
      |                         [01;36m[K^~~~~~~[m[K
[01m[K/usr/local/include/IMUDrivers/RTIMU.h:81:17:[m[K [01;36m[Knote: [m[K	‘[01m[Kvirtual int RTIMU::IMUType()[m[K’
   81 |     virtual int [01;36m[KIMUType[m[K() = 0;                              // the type code of the IMU
      |                 [01;36m[K^~~~~~~[m[K
[01m[K/usr/local/include/IMUDrivers/RTIMU.h:82:18:[m[K [01;36m[Knote: [m[K	‘[01m[Kvirtual bool RTIMU::IMUInit()[m[K’
   82 |     virtual bool [01;36m[KIMUInit[m[K() = 0;                             // set up the IMU
      |                  [01;36m[K^~~~~~~[m[K
[01m[K/usr/local/include/IMUDrivers/RTIMU.h:83:17:[m[K [01;36m[Knote: [m[K	‘[01m[Kvirtual int RTIMU::IMUGetPollInterval()[m[K’
   83 |     virtual int [01;36m[KIMUGetPollInterval[m[K() = 0;                   // returns the recommended poll interval in mS
      |                 [01;36m[K^~~~~~~~~~~~~~~~~~[m[K
[01m[K/usr/local/include/IMUDrivers/RTIMU.h:84:18:[m[K [01;36m[Knote: [m[K	‘[01m[Kvirtual bool RTIMU::IMURead()[m[K’
   84 |     virtual bool [01;36m[KIMURead[m[K() = 0;                             // get a sample
      |                  [01;36m[K^~~~~~~[m[K
[01m[K/home/robot/Software/ROS2/Madox/madox_ws/src/ros2_IMU/src/imu.cpp:66:45:[m[K [01;31m[Kerror: [m[Kcould not convert ‘[01m[KRTIMU::createIMU(((ImuNode*)this)->ImuNode::settings)[m[K’ from ‘[01m[KRTIMU*[m[K’ to ‘[01m[KRTIMU[m[K’
   66 |   RTIMU imu               = [01;31m[KRTIMU::createIMU(settings)[m[K;
      |                             [01;31m[K~~~~~~~~~~~~~~~~^~~~~~~~~~[m[K
      |                                             [01;31m[K|[m[K
      |                                             [01;31m[KRTIMU*[m[K
[01m[K/home/robot/Software/ROS2/Madox/madox_ws/src/ros2_IMU/src/imu.cpp:[m[K In member function ‘[01m[Kvoid ImuNode::InitParam()[m[K’:
[01m[K/home/robot/Software/ROS2/Madox/madox_ws/src/ros2_IMU/src/imu.cpp:114:14:[m[K [01;31m[Kerror: [m[Kno match for ‘[01m[Koperator==[m[K’ (operand types are ‘[01m[KRTIMU[m[K’ and ‘[01m[Klong int[m[K’)
  114 |     if ((imu [01;31m[K=[m[K= NULL) || (imu->IMUType() == RTIMU_TYPE_NULL)) {
      |              [01;31m[K^[m[K
[01m[K/home/robot/Software/ROS2/Madox/madox_ws/src/ros2_IMU/src/imu.cpp:114:30:[m[K [01;31m[Kerror: [m[Kbase operand of ‘[01m[K->[m[K’ has non-pointer type ‘[01m[KRTIMU[m[K’
  114 |     if ((imu == NULL) || (imu[01;31m[K->[m[KIMUType() == RTIMU_TYPE_NULL)) {
      |                              [01;31m[K^~[m[K
[01m[K/home/robot/Software/ROS2/Madox/madox_ws/src/ros2_IMU/src/imu.cpp:124:8:[m[K [01;31m[Kerror: [m[Kbase operand of ‘[01m[K->[m[K’ has non-pointer type ‘[01m[KRTIMU[m[K’
  124 |     imu[01;31m[K->[m[KIMUInit();
      |        [01;31m[K^~[m[K
[01m[K/home/robot/Software/ROS2/Madox/madox_ws/src/ros2_IMU/src/imu.cpp:128:8:[m[K [01;31m[Kerror: [m[Kbase operand of ‘[01m[K->[m[K’ has non-pointer type ‘[01m[KRTIMU[m[K’
  128 |     imu[01;31m[K->[m[KsetSlerpPower(0.02);
      |        [01;31m[K^~[m[K
[01m[K/home/robot/Software/ROS2/Madox/madox_ws/src/ros2_IMU/src/imu.cpp:129:8:[m[K [01;31m[Kerror: [m[Kbase operand of ‘[01m[K->[m[K’ has non-pointer type ‘[01m[KRTIMU[m[K’
  129 |     imu[01;31m[K->[m[KsetGyroEnable(true);
      |        [01;31m[K^~[m[K
[01m[K/home/robot/Software/ROS2/Madox/madox_ws/src/ros2_IMU/src/imu.cpp:130:8:[m[K [01;31m[Kerror: [m[Kbase operand of ‘[01m[K->[m[K’ has non-pointer type ‘[01m[KRTIMU[m[K’
  130 |     imu[01;31m[K->[m[KsetAccelEnable(true);
      |        [01;31m[K^~[m[K
[01m[K/home/robot/Software/ROS2/Madox/madox_ws/src/ros2_IMU/src/imu.cpp:131:8:[m[K [01;31m[Kerror: [m[Kbase operand of ‘[01m[K->[m[K’ has non-pointer type ‘[01m[KRTIMU[m[K’
  131 |     imu[01;31m[K->[m[KsetCompassEnable(true);
      |        [01;31m[K^~[m[K
[01m[K/home/robot/Software/ROS2/Madox/madox_ws/src/ros2_IMU/src/imu.cpp:[m[K In member function ‘[01m[Kvoid ImuNode::PubImuData()[m[K’:
[01m[K/home/robot/Software/ROS2/Madox/madox_ws/src/ros2_IMU/src/imu.cpp:150:30:[m[K [01;31m[Kerror: [m[Kbase operand of ‘[01m[K->[m[K’ has non-pointer type ‘[01m[KRTIMU[m[K’
  150 |     RTIMU_DATA imu_data = imu[01;31m[K->[m[KgetIMUData();
      |                              [01;31m[K^~[m[K
[01m[K/home/robot/Software/ROS2/Madox/madox_ws/src/ros2_IMU/src/imu.cpp:[m[K In member function ‘[01m[Kvoid ImuNode::PrintErrorCode(const int&)[m[K’:
[01m[K/home/robot/Software/ROS2/Madox/madox_ws/src/ros2_IMU/src/imu.cpp:236:34:[m[K [01;35m[Kwarning: [m[Kunused parameter ‘[01m[Kcode[m[K’ [[01;35m[K-Wunused-parameter[m[K]
  236 |   void PrintErrorCode([01;35m[Kconst int& code[m[K) {
      |                       [01;35m[K~~~~~~~~~~~^~~~[m[K
make[2]: *** [CMakeFiles/ros2_imu_node.dir/build.make:63: CMakeFiles/ros2_imu_node.dir/src/imu.cpp.o] Error 1
make[1]: *** [CMakeFiles/Makefile2:78: CMakeFiles/ros2_imu_node.dir/all] Error 2
make: *** [Makefile:141: all] Error 2
