[0.225s] Invoking command in '/home/robot/Software/ROS2/Madox/madox_ws/build/ros2_IMU': CMAKE_PREFIX_PATH=${CMAKE_PREFIX_PATH}:/home/robot/Software/ROS2/Madox/madox_ws/install/ros2_rtimulib:/home/robot/Software/ROS2/Madox/madox_ws/install/pid_node:/home/robot/Software/ROS2/Madox/madox_ws/install/jetbot_sys_info:/home/robot/Software/ROS2/Madox/madox_ws/install/jetbot_oled_display:/home/robot/Software/ROS2/Madox/madox_ws/install/jetbot_launch:/home/robot/Software/ROS2/Madox/madox_ws/install/jetbot_drive:/home/robot/Software/ROS2/Madox/madox_ws/install/camera_pan_tilt:/home/robot/Software/ROS2/Madox/madox_ws/install/camera:/opt/ros/foxy /usr/bin/cmake --build /home/robot/Software/ROS2/Madox/madox_ws/build/ros2_IMU -- -j4 -l4
[0.459s] [35m[1mScanning dependencies of target ros2_imu_node[0m
[0.676s] [ 50%] [32mBuilding CXX object CMakeFiles/ros2_imu_node.dir/src/imu.cpp.o[0m
[6.345s] [01m[K/home/robot/Software/ROS2/Madox/madox_ws/src/ros2_IMU/src/imu.cpp:68:3:[m[K [01;31m[Kerror: [m[K‘[01m[Kimu[m[K’ does not name a type
[6.346s]    68 |   [01;31m[Kimu[m[K->IMUInit();
[6.347s]       |   [01;31m[K^~~[m[K
[6.372s] [01m[K/home/robot/Software/ROS2/Madox/madox_ws/src/ros2_IMU/src/imu.cpp:66:9:[m[K [01;31m[Kerror: [m[Kcannot declare field ‘[01m[KImuNode::imu[m[K’ to be of abstract type ‘[01m[KRTIMU[m[K’
[6.372s]    66 |   RTIMU [01;31m[Kimu[m[K               = RTIMU::createIMU(settings);
[6.373s]       |         [01;31m[K^~~[m[K
[6.373s] In file included from [01m[K/usr/local/include/RTIMULib.h:36[m[K,
[6.374s]                  from [01m[K/home/robot/Software/ROS2/Madox/madox_ws/src/ros2_IMU/src/imu.cpp:30[m[K:
[6.374s] [01m[K/usr/local/include/IMUDrivers/RTIMU.h:66:7:[m[K [01;36m[Knote: [m[K  because the following virtual functions are pure within ‘[01m[KRTIMU[m[K’:
[6.374s]    66 | class [01;36m[KRTIMU[m[K
[6.375s]       |       [01;36m[K^~~~~[m[K
[6.375s] [01m[K/usr/local/include/IMUDrivers/RTIMU.h:80:25:[m[K [01;36m[Knote: [m[K	‘[01m[Kvirtual const char* RTIMU::IMUName()[m[K’
[6.375s]    80 |     virtual const char *[01;36m[KIMUName[m[K() = 0;                      // the name of the IMU
[6.376s]       |                         [01;36m[K^~~~~~~[m[K
[6.376s] [01m[K/usr/local/include/IMUDrivers/RTIMU.h:81:17:[m[K [01;36m[Knote: [m[K	‘[01m[Kvirtual int RTIMU::IMUType()[m[K’
[6.376s]    81 |     virtual int [01;36m[KIMUType[m[K() = 0;                              // the type code of the IMU
[6.377s]       |                 [01;36m[K^~~~~~~[m[K
[6.377s] [01m[K/usr/local/include/IMUDrivers/RTIMU.h:82:18:[m[K [01;36m[Knote: [m[K	‘[01m[Kvirtual bool RTIMU::IMUInit()[m[K’
[6.377s]    82 |     virtual bool [01;36m[KIMUInit[m[K() = 0;                             // set up the IMU
[6.378s]       |                  [01;36m[K^~~~~~~[m[K
[6.378s] [01m[K/usr/local/include/IMUDrivers/RTIMU.h:83:17:[m[K [01;36m[Knote: [m[K	‘[01m[Kvirtual int RTIMU::IMUGetPollInterval()[m[K’
[6.378s]    83 |     virtual int [01;36m[KIMUGetPollInterval[m[K() = 0;                   // returns the recommended poll interval in mS
[6.379s]       |                 [01;36m[K^~~~~~~~~~~~~~~~~~[m[K
[6.379s] [01m[K/usr/local/include/IMUDrivers/RTIMU.h:84:18:[m[K [01;36m[Knote: [m[K	‘[01m[Kvirtual bool RTIMU::IMURead()[m[K’
[6.379s]    84 |     virtual bool [01;36m[KIMURead[m[K() = 0;                             // get a sample
[6.379s]       |                  [01;36m[K^~~~~~~[m[K
[6.380s] [01m[K/home/robot/Software/ROS2/Madox/madox_ws/src/ros2_IMU/src/imu.cpp:66:45:[m[K [01;31m[Kerror: [m[Kcould not convert ‘[01m[KRTIMU::createIMU(((ImuNode*)this)->ImuNode::settings)[m[K’ from ‘[01m[KRTIMU*[m[K’ to ‘[01m[KRTIMU[m[K’
[6.380s]    66 |   RTIMU imu               = [01;31m[KRTIMU::createIMU(settings)[m[K;
[6.380s]       |                             [01;31m[K~~~~~~~~~~~~~~~~^~~~~~~~~~[m[K
[6.381s]       |                                             [01;31m[K|[m[K
[6.381s]       |                                             [01;31m[KRTIMU*[m[K
[6.438s] [01m[K/home/robot/Software/ROS2/Madox/madox_ws/src/ros2_IMU/src/imu.cpp:[m[K In member function ‘[01m[Kvoid ImuNode::InitParam()[m[K’:
[6.438s] [01m[K/home/robot/Software/ROS2/Madox/madox_ws/src/ros2_IMU/src/imu.cpp:114:14:[m[K [01;31m[Kerror: [m[Kno match for ‘[01m[Koperator==[m[K’ (operand types are ‘[01m[KRTIMU[m[K’ and ‘[01m[Klong int[m[K’)
[6.438s]   114 |     if ((imu [01;31m[K=[m[K= NULL) || (imu->IMUType() == RTIMU_TYPE_NULL)) {
[6.439s]       |              [01;31m[K^[m[K
[6.439s] [01m[K/home/robot/Software/ROS2/Madox/madox_ws/src/ros2_IMU/src/imu.cpp:114:30:[m[K [01;31m[Kerror: [m[Kbase operand of ‘[01m[K->[m[K’ has non-pointer type ‘[01m[KRTIMU[m[K’
[6.439s]   114 |     if ((imu == NULL) || (imu[01;31m[K->[m[KIMUType() == RTIMU_TYPE_NULL)) {
[6.440s]       |                              [01;31m[K^~[m[K
[6.440s] [01m[K/home/robot/Software/ROS2/Madox/madox_ws/src/ros2_IMU/src/imu.cpp:124:8:[m[K [01;31m[Kerror: [m[Kbase operand of ‘[01m[K->[m[K’ has non-pointer type ‘[01m[KRTIMU[m[K’
[6.441s]   124 |     imu[01;31m[K->[m[KIMUInit();
[6.441s]       |        [01;31m[K^~[m[K
[6.441s] [01m[K/home/robot/Software/ROS2/Madox/madox_ws/src/ros2_IMU/src/imu.cpp:128:8:[m[K [01;31m[Kerror: [m[Kbase operand of ‘[01m[K->[m[K’ has non-pointer type ‘[01m[KRTIMU[m[K’
[6.442s]   128 |     imu[01;31m[K->[m[KsetSlerpPower(0.02);
[6.442s]       |        [01;31m[K^~[m[K
[6.443s] [01m[K/home/robot/Software/ROS2/Madox/madox_ws/src/ros2_IMU/src/imu.cpp:129:8:[m[K [01;31m[Kerror: [m[Kbase operand of ‘[01m[K->[m[K’ has non-pointer type ‘[01m[KRTIMU[m[K’
[6.443s]   129 |     imu[01;31m[K->[m[KsetGyroEnable(true);
[6.443s]       |        [01;31m[K^~[m[K
[6.444s] [01m[K/home/robot/Software/ROS2/Madox/madox_ws/src/ros2_IMU/src/imu.cpp:130:8:[m[K [01;31m[Kerror: [m[Kbase operand of ‘[01m[K->[m[K’ has non-pointer type ‘[01m[KRTIMU[m[K’
[6.444s]   130 |     imu[01;31m[K->[m[KsetAccelEnable(true);
[6.444s]       |        [01;31m[K^~[m[K
[6.444s] [01m[K/home/robot/Software/ROS2/Madox/madox_ws/src/ros2_IMU/src/imu.cpp:131:8:[m[K [01;31m[Kerror: [m[Kbase operand of ‘[01m[K->[m[K’ has non-pointer type ‘[01m[KRTIMU[m[K’
[6.445s]   131 |     imu[01;31m[K->[m[KsetCompassEnable(true);
[6.445s]       |        [01;31m[K^~[m[K
[6.445s] [01m[K/home/robot/Software/ROS2/Madox/madox_ws/src/ros2_IMU/src/imu.cpp:[m[K In member function ‘[01m[Kvoid ImuNode::PubImuData()[m[K’:
[6.446s] [01m[K/home/robot/Software/ROS2/Madox/madox_ws/src/ros2_IMU/src/imu.cpp:150:30:[m[K [01;31m[Kerror: [m[Kbase operand of ‘[01m[K->[m[K’ has non-pointer type ‘[01m[KRTIMU[m[K’
[6.446s]   150 |     RTIMU_DATA imu_data = imu[01;31m[K->[m[KgetIMUData();
[6.446s]       |                              [01;31m[K^~[m[K
[6.447s] [01m[K/home/robot/Software/ROS2/Madox/madox_ws/src/ros2_IMU/src/imu.cpp:[m[K In member function ‘[01m[Kvoid ImuNode::PrintErrorCode(const int&)[m[K’:
[6.447s] [01m[K/home/robot/Software/ROS2/Madox/madox_ws/src/ros2_IMU/src/imu.cpp:236:34:[m[K [01;35m[Kwarning: [m[Kunused parameter ‘[01m[Kcode[m[K’ [[01;35m[K-Wunused-parameter[m[K]
[6.447s]   236 |   void PrintErrorCode([01;35m[Kconst int& code[m[K) {
[6.448s]       |                       [01;35m[K~~~~~~~~~~~^~~~[m[K
[8.880s] make[2]: *** [CMakeFiles/ros2_imu_node.dir/build.make:63: CMakeFiles/ros2_imu_node.dir/src/imu.cpp.o] Error 1
[8.883s] make[1]: *** [CMakeFiles/Makefile2:78: CMakeFiles/ros2_imu_node.dir/all] Error 2
[8.885s] make: *** [Makefile:141: all] Error 2
[8.903s] Invoked command in '/home/robot/Software/ROS2/Madox/madox_ws/build/ros2_IMU' returned '2': CMAKE_PREFIX_PATH=${CMAKE_PREFIX_PATH}:/home/robot/Software/ROS2/Madox/madox_ws/install/ros2_rtimulib:/home/robot/Software/ROS2/Madox/madox_ws/install/pid_node:/home/robot/Software/ROS2/Madox/madox_ws/install/jetbot_sys_info:/home/robot/Software/ROS2/Madox/madox_ws/install/jetbot_oled_display:/home/robot/Software/ROS2/Madox/madox_ws/install/jetbot_launch:/home/robot/Software/ROS2/Madox/madox_ws/install/jetbot_drive:/home/robot/Software/ROS2/Madox/madox_ws/install/camera_pan_tilt:/home/robot/Software/ROS2/Madox/madox_ws/install/camera:/opt/ros/foxy /usr/bin/cmake --build /home/robot/Software/ROS2/Madox/madox_ws/build/ros2_IMU -- -j4 -l4
