[35m[1mScanning dependencies of target ros2_imu_node[0m
[ 50%] [32mBuilding CXX object CMakeFiles/ros2_imu_node.dir/src/imu.cpp.o[0m
[100%] [32m[1mLinking CXX executable ros2_imu_node[0m
[100%] Built target ros2_imu_node
-- Install configuration: ""
-- Installing: /home/paolo/NAS/Software/ROS2/Madox/madox_ws/install/ros2_IMU/lib/ros2_IMU/ros2_imu_node
-- Set runtime path of "/home/paolo/NAS/Software/ROS2/Madox/madox_ws/install/ros2_IMU/lib/ros2_IMU/ros2_imu_node" to ""
-- Up-to-date: /home/paolo/NAS/Software/ROS2/Madox/madox_ws/install/ros2_IMU/share/ament_index/resource_index/package_run_dependencies/ros2_IMU
-- Up-to-date: /home/paolo/NAS/Software/ROS2/Madox/madox_ws/install/ros2_IMU/share/ament_index/resource_index/parent_prefix_path/ros2_IMU
-- Up-to-date: /home/paolo/NAS/Software/ROS2/Madox/madox_ws/install/ros2_IMU/share/ros2_IMU/environment/ament_prefix_path.sh
-- Up-to-date: /home/paolo/NAS/Software/ROS2/Madox/madox_ws/install/ros2_IMU/share/ros2_IMU/environment/ament_prefix_path.dsv
-- Up-to-date: /home/paolo/NAS/Software/ROS2/Madox/madox_ws/install/ros2_IMU/share/ros2_IMU/environment/path.sh
-- Up-to-date: /home/paolo/NAS/Software/ROS2/Madox/madox_ws/install/ros2_IMU/share/ros2_IMU/environment/path.dsv
-- Up-to-date: /home/paolo/NAS/Software/ROS2/Madox/madox_ws/install/ros2_IMU/share/ros2_IMU/local_setup.bash
-- Up-to-date: /home/paolo/NAS/Software/ROS2/Madox/madox_ws/install/ros2_IMU/share/ros2_IMU/local_setup.sh
-- Up-to-date: /home/paolo/NAS/Software/ROS2/Madox/madox_ws/install/ros2_IMU/share/ros2_IMU/local_setup.zsh
-- Up-to-date: /home/paolo/NAS/Software/ROS2/Madox/madox_ws/install/ros2_IMU/share/ros2_IMU/local_setup.dsv
-- Installing: /home/paolo/NAS/Software/ROS2/Madox/madox_ws/install/ros2_IMU/share/ros2_IMU/package.dsv
-- Up-to-date: /home/paolo/NAS/Software/ROS2/Madox/madox_ws/install/ros2_IMU/share/ament_index/resource_index/packages/ros2_IMU
-- Up-to-date: /home/paolo/NAS/Software/ROS2/Madox/madox_ws/install/ros2_IMU/share/ros2_IMU/cmake/ros2_IMUConfig.cmake
-- Up-to-date: /home/paolo/NAS/Software/ROS2/Madox/madox_ws/install/ros2_IMU/share/ros2_IMU/cmake/ros2_IMUConfig-version.cmake
-- Up-to-date: /home/paolo/NAS/Software/ROS2/Madox/madox_ws/install/ros2_IMU/share/ros2_IMU/package.xml
