[3.699s] Invoking command in '/home/robot/Software/ROS2/Madox/madox_ws/build/py_drive': PYTHONPATH=/home/robot/Software/ROS2/Madox/madox_ws/install/py_drive/lib/python3.8/site-packages:${PYTHONPATH} /usr/bin/python3 setup.py develop --prefix /home/robot/Software/ROS2/Madox/madox_ws/install/py_drive --uninstall --editable --build-directory /home/robot/Software/ROS2/Madox/madox_ws/build/py_drive/build
[4.584s] /home/robot/.local/lib/python3.8/site-packages/setuptools/dist.py:642: UserWarning: Usage of dash-separated 'script-dir' will not be supported in future versions. Please use the underscore name 'script_dir' instead
[4.585s]   warnings.warn(
[4.586s] /home/robot/.local/lib/python3.8/site-packages/setuptools/dist.py:642: UserWarning: Usage of dash-separated 'install-scripts' will not be supported in future versions. Please use the underscore name 'install_scripts' instead
[4.586s]   warnings.warn(
[4.807s] running develop
[5.606s] Invoked command in '/home/robot/Software/ROS2/Madox/madox_ws/build/py_drive' returned '0': PYTHONPATH=/home/robot/Software/ROS2/Madox/madox_ws/install/py_drive/lib/python3.8/site-packages:${PYTHONPATH} /usr/bin/python3 setup.py develop --prefix /home/robot/Software/ROS2/Madox/madox_ws/install/py_drive --uninstall --editable --build-directory /home/robot/Software/ROS2/Madox/madox_ws/build/py_drive/build
[5.618s] Invoking command in '/home/robot/Software/ROS2/Madox/madox_ws/src/py_drive': PYTHONPATH=/home/robot/Software/ROS2/Madox/madox_ws/install/py_drive/lib/python3.8/site-packages:${PYTHONPATH} /usr/bin/python3 setup.py egg_info --egg-base ../../build/py_drive build --build-base /home/robot/Software/ROS2/Madox/madox_ws/build/py_drive/build install --prefix /home/robot/Software/ROS2/Madox/madox_ws/install/py_drive --record /home/robot/Software/ROS2/Madox/madox_ws/build/py_drive/install.log --single-version-externally-managed
[6.511s] /home/robot/.local/lib/python3.8/site-packages/setuptools/dist.py:642: UserWarning: Usage of dash-separated 'script-dir' will not be supported in future versions. Please use the underscore name 'script_dir' instead
[6.512s]   warnings.warn(
[6.512s] /home/robot/.local/lib/python3.8/site-packages/setuptools/dist.py:642: UserWarning: Usage of dash-separated 'install-scripts' will not be supported in future versions. Please use the underscore name 'install_scripts' instead
[6.513s]   warnings.warn(
[6.671s] running egg_info
[6.675s] writing ../../build/py_drive/py_drive.egg-info/PKG-INFO
[6.690s] writing dependency_links to ../../build/py_drive/py_drive.egg-info/dependency_links.txt
[6.699s] writing entry points to ../../build/py_drive/py_drive.egg-info/entry_points.txt
[6.711s] writing requirements to ../../build/py_drive/py_drive.egg-info/requires.txt
[6.725s] writing top-level names to ../../build/py_drive/py_drive.egg-info/top_level.txt
[6.927s] reading manifest file '../../build/py_drive/py_drive.egg-info/SOURCES.txt'
[6.937s] writing manifest file '../../build/py_drive/py_drive.egg-info/SOURCES.txt'
[6.995s] running build
[6.996s] running build_py
[7.015s] running install
[7.019s] running install_lib
[7.056s] running install_data
[7.070s] running install_egg_info
[7.079s] removing '/home/robot/Software/ROS2/Madox/madox_ws/install/py_drive/lib/python3.8/site-packages/py_drive-0.0.0-py3.8.egg-info' (and everything under it)
[7.119s] Copying ../../build/py_drive/py_drive.egg-info to /home/robot/Software/ROS2/Madox/madox_ws/install/py_drive/lib/python3.8/site-packages/py_drive-0.0.0-py3.8.egg-info
[7.260s] running install_scripts
[7.343s] Installing listener script to /home/robot/Software/ROS2/Madox/madox_ws/install/py_drive/lib/py_drive
[7.358s] Installing talker script to /home/robot/Software/ROS2/Madox/madox_ws/install/py_drive/lib/py_drive
[7.377s] writing list of installed files to '/home/robot/Software/ROS2/Madox/madox_ws/build/py_drive/install.log'
[7.747s] Invoked command in '/home/robot/Software/ROS2/Madox/madox_ws/src/py_drive' returned '0': PYTHONPATH=/home/robot/Software/ROS2/Madox/madox_ws/install/py_drive/lib/python3.8/site-packages:${PYTHONPATH} /usr/bin/python3 setup.py egg_info --egg-base ../../build/py_drive build --build-base /home/robot/Software/ROS2/Madox/madox_ws/build/py_drive/build install --prefix /home/robot/Software/ROS2/Madox/madox_ws/install/py_drive --record /home/robot/Software/ROS2/Madox/madox_ws/build/py_drive/install.log --single-version-externally-managed
