[1.307s] DEBUG:colcon:Command line arguments: ['/usr/bin/colcon', 'build', '--packages-select', 'ros2_rtimulib']
[1.308s] DEBUG:colcon:Parsed command line arguments: Namespace(ament_cmake_args=None, base_paths=['.'], build_base='build', catkin_cmake_args=None, catkin_skip_building_tests=False, cmake_args=None, cmake_clean_cache=False, cmake_clean_first=False, cmake_force_configure=False, cmake_target=None, cmake_target_skip_unavailable=False, continue_on_error=False, event_handlers=None, executor='parallel', ignore_user_meta=False, install_base='install', log_base=None, log_level=None, main=<bound method BuildVerb.main of <colcon_core.verb.build.BuildVerb object at 0x7fa841e760>>, merge_install=False, metas=['./colcon.meta'], packages_above=None, packages_above_and_dependencies=None, packages_above_depth=None, packages_end=None, packages_ignore=None, packages_ignore_regex=None, packages_select=['ros2_rtimulib'], packages_select_build_failed=False, packages_select_by_dep=None, packages_select_regex=None, packages_select_test_failures=False, packages_skip=None, packages_skip_build_finished=False, packages_skip_by_dep=None, packages_skip_regex=None, packages_skip_test_passed=False, packages_skip_up_to=None, packages_start=None, packages_up_to=None, packages_up_to_regex=None, parallel_workers=4, paths=None, symlink_install=False, test_result_base=None, verb_extension=<colcon_core.verb.build.BuildVerb object at 0x7fa841e760>, verb_name='build', verb_parser=<colcon_defaults.argument_parser.defaults.DefaultArgumentsDecorator object at 0x7fa841ecd0>)
[1.358s] Level 1:colcon.colcon_core.package_discovery:discover_packages(colcon_meta) check parameters
[1.359s] Level 1:colcon.colcon_core.package_discovery:discover_packages(recursive) check parameters
[1.359s] Level 1:colcon.colcon_core.package_discovery:discover_packages(ignore) check parameters
[1.359s] Level 1:colcon.colcon_core.package_discovery:discover_packages(path) check parameters
[1.359s] Level 1:colcon.colcon_core.package_discovery:discover_packages(colcon_meta) discover
[1.360s] Level 1:colcon.colcon_core.package_discovery:discover_packages(recursive) discover
[1.360s] INFO:colcon.colcon_core.package_discovery:Crawling recursively for packages in '/home/robot/Software/ROS2/Madox/madox_ws'
[1.363s] Level 1:colcon.colcon_core.package_identification:_identify(.) by extensions ['ignore', 'ignore_ament_install']
[1.363s] Level 1:colcon.colcon_core.package_identification:_identify(.) by extension 'ignore'
[1.363s] Level 1:colcon.colcon_core.package_identification:_identify(.) by extension 'ignore_ament_install'
[1.364s] Level 1:colcon.colcon_core.package_identification:_identify(.) by extensions ['colcon_pkg']
[1.364s] Level 1:colcon.colcon_core.package_identification:_identify(.) by extension 'colcon_pkg'
[1.364s] Level 1:colcon.colcon_core.package_identification:_identify(.) by extensions ['colcon_meta']
[1.364s] Level 1:colcon.colcon_core.package_identification:_identify(.) by extension 'colcon_meta'
[1.364s] Level 1:colcon.colcon_core.package_identification:_identify(.) by extensions ['ros']
[1.364s] Level 1:colcon.colcon_core.package_identification:_identify(.) by extension 'ros'
[1.410s] Level 1:colcon.colcon_core.package_identification:_identify(.) by extensions ['cmake', 'python']
[1.411s] Level 1:colcon.colcon_core.package_identification:_identify(.) by extension 'cmake'
[1.411s] Level 1:colcon.colcon_core.package_identification:_identify(.) by extension 'python'
[1.411s] Level 1:colcon.colcon_core.package_identification:_identify(.) by extensions ['python_setup_py']
[1.411s] Level 1:colcon.colcon_core.package_identification:_identify(.) by extension 'python_setup_py'
[1.417s] Level 1:colcon.colcon_core.package_identification:_identify(build) by extensions ['ignore', 'ignore_ament_install']
[1.419s] Level 1:colcon.colcon_core.package_identification:_identify(build) by extension 'ignore'
[1.420s] Level 1:colcon.colcon_core.package_identification:_identify(build) ignored
[1.423s] Level 1:colcon.colcon_core.package_identification:_identify(install) by extensions ['ignore', 'ignore_ament_install']
[1.423s] Level 1:colcon.colcon_core.package_identification:_identify(install) by extension 'ignore'
[1.423s] Level 1:colcon.colcon_core.package_identification:_identify(install) ignored
[1.433s] Level 1:colcon.colcon_core.package_identification:_identify(log) by extensions ['ignore', 'ignore_ament_install']
[1.436s] Level 1:colcon.colcon_core.package_identification:_identify(log) by extension 'ignore'
[1.436s] Level 1:colcon.colcon_core.package_identification:_identify(log) ignored
[1.439s] Level 1:colcon.colcon_core.package_identification:_identify(snapshots) by extensions ['ignore', 'ignore_ament_install']
[1.439s] Level 1:colcon.colcon_core.package_identification:_identify(snapshots) by extension 'ignore'
[1.439s] Level 1:colcon.colcon_core.package_identification:_identify(snapshots) by extension 'ignore_ament_install'
[1.439s] Level 1:colcon.colcon_core.package_identification:_identify(snapshots) by extensions ['colcon_pkg']
[1.440s] Level 1:colcon.colcon_core.package_identification:_identify(snapshots) by extension 'colcon_pkg'
[1.440s] Level 1:colcon.colcon_core.package_identification:_identify(snapshots) by extensions ['colcon_meta']
[1.440s] Level 1:colcon.colcon_core.package_identification:_identify(snapshots) by extension 'colcon_meta'
[1.440s] Level 1:colcon.colcon_core.package_identification:_identify(snapshots) by extensions ['ros']
[1.440s] Level 1:colcon.colcon_core.package_identification:_identify(snapshots) by extension 'ros'
[1.441s] Level 1:colcon.colcon_core.package_identification:_identify(snapshots) by extensions ['cmake', 'python']
[1.441s] Level 1:colcon.colcon_core.package_identification:_identify(snapshots) by extension 'cmake'
[1.441s] Level 1:colcon.colcon_core.package_identification:_identify(snapshots) by extension 'python'
[1.441s] Level 1:colcon.colcon_core.package_identification:_identify(snapshots) by extensions ['python_setup_py']
[1.441s] Level 1:colcon.colcon_core.package_identification:_identify(snapshots) by extension 'python_setup_py'
[1.446s] Level 1:colcon.colcon_core.package_identification:_identify(src) by extensions ['ignore', 'ignore_ament_install']
[1.447s] Level 1:colcon.colcon_core.package_identification:_identify(src) by extension 'ignore'
[1.448s] Level 1:colcon.colcon_core.package_identification:_identify(src) by extension 'ignore_ament_install'
[1.448s] Level 1:colcon.colcon_core.package_identification:_identify(src) by extensions ['colcon_pkg']
[1.448s] Level 1:colcon.colcon_core.package_identification:_identify(src) by extension 'colcon_pkg'
[1.448s] Level 1:colcon.colcon_core.package_identification:_identify(src) by extensions ['colcon_meta']
[1.448s] Level 1:colcon.colcon_core.package_identification:_identify(src) by extension 'colcon_meta'
[1.448s] Level 1:colcon.colcon_core.package_identification:_identify(src) by extensions ['ros']
[1.449s] Level 1:colcon.colcon_core.package_identification:_identify(src) by extension 'ros'
[1.449s] Level 1:colcon.colcon_core.package_identification:_identify(src) by extensions ['cmake', 'python']
[1.449s] Level 1:colcon.colcon_core.package_identification:_identify(src) by extension 'cmake'
[1.449s] Level 1:colcon.colcon_core.package_identification:_identify(src) by extension 'python'
[1.449s] Level 1:colcon.colcon_core.package_identification:_identify(src) by extensions ['python_setup_py']
[1.450s] Level 1:colcon.colcon_core.package_identification:_identify(src) by extension 'python_setup_py'
[1.455s] Level 1:colcon.colcon_core.package_identification:_identify(src/camera_pan_tilt) by extensions ['ignore', 'ignore_ament_install']
[1.456s] Level 1:colcon.colcon_core.package_identification:_identify(src/camera_pan_tilt) by extension 'ignore'
[1.456s] Level 1:colcon.colcon_core.package_identification:_identify(src/camera_pan_tilt) by extension 'ignore_ament_install'
[1.456s] Level 1:colcon.colcon_core.package_identification:_identify(src/camera_pan_tilt) by extensions ['colcon_pkg']
[1.457s] Level 1:colcon.colcon_core.package_identification:_identify(src/camera_pan_tilt) by extension 'colcon_pkg'
[1.457s] Level 1:colcon.colcon_core.package_identification:_identify(src/camera_pan_tilt) by extensions ['colcon_meta']
[1.457s] Level 1:colcon.colcon_core.package_identification:_identify(src/camera_pan_tilt) by extension 'colcon_meta'
[1.457s] Level 1:colcon.colcon_core.package_identification:_identify(src/camera_pan_tilt) by extensions ['ros']
[1.457s] Level 1:colcon.colcon_core.package_identification:_identify(src/camera_pan_tilt) by extension 'ros'
[1.486s] DEBUG:colcon.colcon_core.package_identification:Package 'src/camera_pan_tilt' with type 'ros.ament_python' and name 'camera_pan_tilt'
[1.493s] Level 1:colcon.colcon_core.package_identification:_identify(src/imu_OLD) by extensions ['ignore', 'ignore_ament_install']
[1.493s] Level 1:colcon.colcon_core.package_identification:_identify(src/imu_OLD) by extension 'ignore'
[1.494s] Level 1:colcon.colcon_core.package_identification:_identify(src/imu_OLD) by extension 'ignore_ament_install'
[1.494s] Level 1:colcon.colcon_core.package_identification:_identify(src/imu_OLD) by extensions ['colcon_pkg']
[1.494s] Level 1:colcon.colcon_core.package_identification:_identify(src/imu_OLD) by extension 'colcon_pkg'
[1.494s] Level 1:colcon.colcon_core.package_identification:_identify(src/imu_OLD) by extensions ['colcon_meta']
[1.494s] Level 1:colcon.colcon_core.package_identification:_identify(src/imu_OLD) by extension 'colcon_meta'
[1.495s] Level 1:colcon.colcon_core.package_identification:_identify(src/imu_OLD) by extensions ['ros']
[1.495s] Level 1:colcon.colcon_core.package_identification:_identify(src/imu_OLD) by extension 'ros'
[1.514s] DEBUG:colcon.colcon_core.package_identification:Package 'src/imu_OLD' with type 'ros.ament_python' and name 'imu'
[1.517s] Level 1:colcon.colcon_core.package_identification:_identify(src/jetbot_camera) by extensions ['ignore', 'ignore_ament_install']
[1.519s] Level 1:colcon.colcon_core.package_identification:_identify(src/jetbot_camera) by extension 'ignore'
[1.519s] Level 1:colcon.colcon_core.package_identification:_identify(src/jetbot_camera) by extension 'ignore_ament_install'
[1.520s] Level 1:colcon.colcon_core.package_identification:_identify(src/jetbot_camera) by extensions ['colcon_pkg']
[1.520s] Level 1:colcon.colcon_core.package_identification:_identify(src/jetbot_camera) by extension 'colcon_pkg'
[1.520s] Level 1:colcon.colcon_core.package_identification:_identify(src/jetbot_camera) by extensions ['colcon_meta']
[1.520s] Level 1:colcon.colcon_core.package_identification:_identify(src/jetbot_camera) by extension 'colcon_meta'
[1.520s] Level 1:colcon.colcon_core.package_identification:_identify(src/jetbot_camera) by extensions ['ros']
[1.521s] Level 1:colcon.colcon_core.package_identification:_identify(src/jetbot_camera) by extension 'ros'
[1.537s] DEBUG:colcon.colcon_core.package_identification:Package 'src/jetbot_camera' with type 'ros.ament_python' and name 'jetbot_camera'
[1.540s] Level 1:colcon.colcon_core.package_identification:_identify(src/jetbot_drive) by extensions ['ignore', 'ignore_ament_install']
[1.540s] Level 1:colcon.colcon_core.package_identification:_identify(src/jetbot_drive) by extension 'ignore'
[1.540s] Level 1:colcon.colcon_core.package_identification:_identify(src/jetbot_drive) by extension 'ignore_ament_install'
[1.541s] Level 1:colcon.colcon_core.package_identification:_identify(src/jetbot_drive) by extensions ['colcon_pkg']
[1.541s] Level 1:colcon.colcon_core.package_identification:_identify(src/jetbot_drive) by extension 'colcon_pkg'
[1.541s] Level 1:colcon.colcon_core.package_identification:_identify(src/jetbot_drive) by extensions ['colcon_meta']
[1.541s] Level 1:colcon.colcon_core.package_identification:_identify(src/jetbot_drive) by extension 'colcon_meta'
[1.542s] Level 1:colcon.colcon_core.package_identification:_identify(src/jetbot_drive) by extensions ['ros']
[1.542s] Level 1:colcon.colcon_core.package_identification:_identify(src/jetbot_drive) by extension 'ros'
[1.562s] DEBUG:colcon.colcon_core.package_identification:Package 'src/jetbot_drive' with type 'ros.ament_python' and name 'jetbot_drive'
[1.567s] Level 1:colcon.colcon_core.package_identification:_identify(src/jetbot_oled_display) by extensions ['ignore', 'ignore_ament_install']
[1.568s] Level 1:colcon.colcon_core.package_identification:_identify(src/jetbot_oled_display) by extension 'ignore'
[1.568s] Level 1:colcon.colcon_core.package_identification:_identify(src/jetbot_oled_display) by extension 'ignore_ament_install'
[1.568s] Level 1:colcon.colcon_core.package_identification:_identify(src/jetbot_oled_display) by extensions ['colcon_pkg']
[1.568s] Level 1:colcon.colcon_core.package_identification:_identify(src/jetbot_oled_display) by extension 'colcon_pkg'
[1.569s] Level 1:colcon.colcon_core.package_identification:_identify(src/jetbot_oled_display) by extensions ['colcon_meta']
[1.569s] Level 1:colcon.colcon_core.package_identification:_identify(src/jetbot_oled_display) by extension 'colcon_meta'
[1.569s] Level 1:colcon.colcon_core.package_identification:_identify(src/jetbot_oled_display) by extensions ['ros']
[1.569s] Level 1:colcon.colcon_core.package_identification:_identify(src/jetbot_oled_display) by extension 'ros'
[1.589s] DEBUG:colcon.colcon_core.package_identification:Package 'src/jetbot_oled_display' with type 'ros.ament_python' and name 'jetbot_oled_display'
[1.594s] Level 1:colcon.colcon_core.package_identification:_identify(src/jetbot_sys_info) by extensions ['ignore', 'ignore_ament_install']
[1.595s] Level 1:colcon.colcon_core.package_identification:_identify(src/jetbot_sys_info) by extension 'ignore'
[1.596s] Level 1:colcon.colcon_core.package_identification:_identify(src/jetbot_sys_info) by extension 'ignore_ament_install'
[1.596s] Level 1:colcon.colcon_core.package_identification:_identify(src/jetbot_sys_info) by extensions ['colcon_pkg']
[1.596s] Level 1:colcon.colcon_core.package_identification:_identify(src/jetbot_sys_info) by extension 'colcon_pkg'
[1.597s] Level 1:colcon.colcon_core.package_identification:_identify(src/jetbot_sys_info) by extensions ['colcon_meta']
[1.597s] Level 1:colcon.colcon_core.package_identification:_identify(src/jetbot_sys_info) by extension 'colcon_meta'
[1.597s] Level 1:colcon.colcon_core.package_identification:_identify(src/jetbot_sys_info) by extensions ['ros']
[1.598s] Level 1:colcon.colcon_core.package_identification:_identify(src/jetbot_sys_info) by extension 'ros'
[1.614s] DEBUG:colcon.colcon_core.package_identification:Package 'src/jetbot_sys_info' with type 'ros.ament_python' and name 'jetbot_sys_info'
[1.617s] Level 1:colcon.colcon_core.package_identification:_identify(src/py_test_node) by extensions ['ignore', 'ignore_ament_install']
[1.618s] Level 1:colcon.colcon_core.package_identification:_identify(src/py_test_node) by extension 'ignore'
[1.618s] Level 1:colcon.colcon_core.package_identification:_identify(src/py_test_node) by extension 'ignore_ament_install'
[1.619s] Level 1:colcon.colcon_core.package_identification:_identify(src/py_test_node) by extensions ['colcon_pkg']
[1.619s] Level 1:colcon.colcon_core.package_identification:_identify(src/py_test_node) by extension 'colcon_pkg'
[1.619s] Level 1:colcon.colcon_core.package_identification:_identify(src/py_test_node) by extensions ['colcon_meta']
[1.619s] Level 1:colcon.colcon_core.package_identification:_identify(src/py_test_node) by extension 'colcon_meta'
[1.620s] Level 1:colcon.colcon_core.package_identification:_identify(src/py_test_node) by extensions ['ros']
[1.620s] Level 1:colcon.colcon_core.package_identification:_identify(src/py_test_node) by extension 'ros'
[1.643s] DEBUG:colcon.colcon_core.package_identification:Package 'src/py_test_node' with type 'ros.ament_python' and name 'py_test_node'
[1.648s] Level 1:colcon.colcon_core.package_identification:_identify(src/ros2_rtimulib) by extensions ['ignore', 'ignore_ament_install']
[1.649s] Level 1:colcon.colcon_core.package_identification:_identify(src/ros2_rtimulib) by extension 'ignore'
[1.649s] Level 1:colcon.colcon_core.package_identification:_identify(src/ros2_rtimulib) by extension 'ignore_ament_install'
[1.650s] Level 1:colcon.colcon_core.package_identification:_identify(src/ros2_rtimulib) by extensions ['colcon_pkg']
[1.650s] Level 1:colcon.colcon_core.package_identification:_identify(src/ros2_rtimulib) by extension 'colcon_pkg'
[1.651s] Level 1:colcon.colcon_core.package_identification:_identify(src/ros2_rtimulib) by extensions ['colcon_meta']
[1.651s] Level 1:colcon.colcon_core.package_identification:_identify(src/ros2_rtimulib) by extension 'colcon_meta'
[1.651s] Level 1:colcon.colcon_core.package_identification:_identify(src/ros2_rtimulib) by extensions ['ros']
[1.652s] Level 1:colcon.colcon_core.package_identification:_identify(src/ros2_rtimulib) by extension 'ros'
[1.672s] DEBUG:colcon.colcon_core.package_identification:Package 'src/ros2_rtimulib' with type 'ros.ament_python' and name 'ros2_rtimulib'
[1.672s] Level 1:colcon.colcon_core.package_discovery:discover_packages(recursive) using defaults
[1.672s] Level 1:colcon.colcon_core.package_discovery:discover_packages(ignore) discover
[1.673s] Level 1:colcon.colcon_core.package_discovery:discover_packages(ignore) using defaults
[1.673s] Level 1:colcon.colcon_core.package_discovery:discover_packages(path) discover
[1.673s] Level 1:colcon.colcon_core.package_discovery:discover_packages(path) using defaults
[1.759s] INFO:colcon.colcon_core.package_selection:Skipping not selected package 'camera_pan_tilt' in 'src/camera_pan_tilt'
[1.759s] INFO:colcon.colcon_core.package_selection:Skipping not selected package 'imu' in 'src/imu_OLD'
[1.759s] INFO:colcon.colcon_core.package_selection:Skipping not selected package 'jetbot_camera' in 'src/jetbot_camera'
[1.760s] INFO:colcon.colcon_core.package_selection:Skipping not selected package 'jetbot_drive' in 'src/jetbot_drive'
[1.760s] INFO:colcon.colcon_core.package_selection:Skipping not selected package 'jetbot_oled_display' in 'src/jetbot_oled_display'
[1.760s] INFO:colcon.colcon_core.package_selection:Skipping not selected package 'jetbot_sys_info' in 'src/jetbot_sys_info'
[1.760s] INFO:colcon.colcon_core.package_selection:Skipping not selected package 'py_test_node' in 'src/py_test_node'
[1.775s] Level 5:colcon.colcon_core.verb:set package 'ros2_rtimulib' build argument 'cmake_args' from command line to 'None'
[1.775s] Level 5:colcon.colcon_core.verb:set package 'ros2_rtimulib' build argument 'cmake_target' from command line to 'None'
[1.775s] Level 5:colcon.colcon_core.verb:set package 'ros2_rtimulib' build argument 'cmake_target_skip_unavailable' from command line to 'False'
[1.775s] Level 5:colcon.colcon_core.verb:set package 'ros2_rtimulib' build argument 'cmake_clean_cache' from command line to 'False'
[1.775s] Level 5:colcon.colcon_core.verb:set package 'ros2_rtimulib' build argument 'cmake_clean_first' from command line to 'False'
[1.775s] Level 5:colcon.colcon_core.verb:set package 'ros2_rtimulib' build argument 'cmake_force_configure' from command line to 'False'
[1.775s] Level 5:colcon.colcon_core.verb:set package 'ros2_rtimulib' build argument 'ament_cmake_args' from command line to 'None'
[1.775s] Level 5:colcon.colcon_core.verb:set package 'ros2_rtimulib' build argument 'catkin_cmake_args' from command line to 'None'
[1.776s] Level 5:colcon.colcon_core.verb:set package 'ros2_rtimulib' build argument 'catkin_skip_building_tests' from command line to 'False'
[1.776s] DEBUG:colcon.colcon_core.verb:Building package 'ros2_rtimulib' with the following arguments: {'ament_cmake_args': None, 'build_base': '/home/robot/Software/ROS2/Madox/madox_ws/build/ros2_rtimulib', 'catkin_cmake_args': None, 'catkin_skip_building_tests': False, 'cmake_args': None, 'cmake_clean_cache': False, 'cmake_clean_first': False, 'cmake_force_configure': False, 'cmake_target': None, 'cmake_target_skip_unavailable': False, 'install_base': '/home/robot/Software/ROS2/Madox/madox_ws/install/ros2_rtimulib', 'merge_install': False, 'path': '/home/robot/Software/ROS2/Madox/madox_ws/src/ros2_rtimulib', 'symlink_install': False, 'test_result_base': None}
[1.777s] INFO:colcon.colcon_core.executor:Executing jobs using 'parallel' executor
[1.786s] DEBUG:colcon.colcon_parallel_executor.executor.parallel:run_until_complete
[1.786s] INFO:colcon.colcon_ros.task.ament_python.build:Building ROS package in '/home/robot/Software/ROS2/Madox/madox_ws/src/ros2_rtimulib' with build type 'ament_python'
[1.787s] Level 1:colcon.colcon_core.shell:create_environment_hook('ros2_rtimulib', 'ament_prefix_path')
[1.802s] INFO:colcon.colcon_core.plugin_system:Skipping extension 'colcon_core.shell.bat': Not used on non-Windows systems
[1.803s] INFO:colcon.colcon_core.shell:Creating environment hook '/home/robot/Software/ROS2/Madox/madox_ws/install/ros2_rtimulib/share/ros2_rtimulib/hook/ament_prefix_path.ps1'
[1.823s] INFO:colcon.colcon_core.shell:Creating environment descriptor '/home/robot/Software/ROS2/Madox/madox_ws/install/ros2_rtimulib/share/ros2_rtimulib/hook/ament_prefix_path.dsv'
[1.843s] INFO:colcon.colcon_core.shell:Creating environment hook '/home/robot/Software/ROS2/Madox/madox_ws/install/ros2_rtimulib/share/ros2_rtimulib/hook/ament_prefix_path.sh'
[1.870s] INFO:colcon.colcon_core.shell:Skip shell extension 'powershell' for command environment: Not usable outside of PowerShell
[1.870s] DEBUG:colcon.colcon_core.shell:Skip shell extension 'dsv' for command environment
[1.927s] DEBUG:colcon.colcon_core.shell:Ignoring prefix path '/opt/ros/foxy'
[2.997s] INFO:colcon.colcon_core.task.python.build:Building Python package in '/home/robot/Software/ROS2/Madox/madox_ws/src/ros2_rtimulib'
[3.000s] INFO:colcon.colcon_core.shell:Skip shell extension 'powershell' for command environment: Not usable outside of PowerShell
[3.001s] DEBUG:colcon.colcon_core.shell:Skip shell extension 'dsv' for command environment
[3.023s] DEBUG:colcon.colcon_core.shell:Ignoring prefix path '/opt/ros/foxy'
[3.123s] DEBUG:colcon.colcon_core.event_handler.log_command:Invoking command in '/home/robot/Software/ROS2/Madox/madox_ws/src/ros2_rtimulib': PYTHONPATH=/home/robot/Software/ROS2/Madox/madox_ws/install/ros2_rtimulib/lib/python3.8/site-packages:${PYTHONPATH} /usr/bin/python3 setup.py egg_info --egg-base ../../build/ros2_rtimulib build --build-base /home/robot/Software/ROS2/Madox/madox_ws/build/ros2_rtimulib/build install --prefix /home/robot/Software/ROS2/Madox/madox_ws/install/ros2_rtimulib --record /home/robot/Software/ROS2/Madox/madox_ws/build/ros2_rtimulib/install.log --single-version-externally-managed
[4.985s] DEBUG:colcon.colcon_core.event_handler.log_command:Invoked command in '/home/robot/Software/ROS2/Madox/madox_ws/src/ros2_rtimulib' returned '0': PYTHONPATH=/home/robot/Software/ROS2/Madox/madox_ws/install/ros2_rtimulib/lib/python3.8/site-packages:${PYTHONPATH} /usr/bin/python3 setup.py egg_info --egg-base ../../build/ros2_rtimulib build --build-base /home/robot/Software/ROS2/Madox/madox_ws/build/ros2_rtimulib/build install --prefix /home/robot/Software/ROS2/Madox/madox_ws/install/ros2_rtimulib --record /home/robot/Software/ROS2/Madox/madox_ws/build/ros2_rtimulib/install.log --single-version-externally-managed
[5.000s] Level 1:colcon.colcon_core.environment:checking '/home/robot/Software/ROS2/Madox/madox_ws/install/ros2_rtimulib' for CMake module files
[5.025s] Level 1:colcon.colcon_core.environment:checking '/home/robot/Software/ROS2/Madox/madox_ws/install/ros2_rtimulib' for CMake config files
[5.097s] Level 1:colcon.colcon_core.environment:checking '/home/robot/Software/ROS2/Madox/madox_ws/install/ros2_rtimulib/lib'
[5.103s] Level 1:colcon.colcon_core.environment:checking '/home/robot/Software/ROS2/Madox/madox_ws/install/ros2_rtimulib/bin'
[5.105s] Level 1:colcon.colcon_core.environment:checking '/home/robot/Software/ROS2/Madox/madox_ws/install/ros2_rtimulib/lib/pkgconfig/ros2_rtimulib.pc'
[5.107s] Level 1:colcon.colcon_core.environment:checking '/home/robot/Software/ROS2/Madox/madox_ws/install/ros2_rtimulib/lib/python3.8/site-packages'
[5.108s] Level 1:colcon.colcon_core.shell:create_environment_hook('ros2_rtimulib', 'pythonpath')
[5.114s] INFO:colcon.colcon_core.shell:Creating environment hook '/home/robot/Software/ROS2/Madox/madox_ws/install/ros2_rtimulib/share/ros2_rtimulib/hook/pythonpath.ps1'
[5.136s] INFO:colcon.colcon_core.shell:Creating environment descriptor '/home/robot/Software/ROS2/Madox/madox_ws/install/ros2_rtimulib/share/ros2_rtimulib/hook/pythonpath.dsv'
[5.157s] INFO:colcon.colcon_core.shell:Creating environment hook '/home/robot/Software/ROS2/Madox/madox_ws/install/ros2_rtimulib/share/ros2_rtimulib/hook/pythonpath.sh'
[5.181s] Level 1:colcon.colcon_core.environment:create_environment_scripts_only(ros2_rtimulib)
[5.192s] INFO:colcon.colcon_core.shell:Creating package script '/home/robot/Software/ROS2/Madox/madox_ws/install/ros2_rtimulib/share/ros2_rtimulib/package.ps1'
[5.212s] INFO:colcon.colcon_core.shell:Creating package descriptor '/home/robot/Software/ROS2/Madox/madox_ws/install/ros2_rtimulib/share/ros2_rtimulib/package.dsv'
[5.229s] INFO:colcon.colcon_core.shell:Creating package script '/home/robot/Software/ROS2/Madox/madox_ws/install/ros2_rtimulib/share/ros2_rtimulib/package.sh'
[5.253s] INFO:colcon.colcon_core.shell:Creating package script '/home/robot/Software/ROS2/Madox/madox_ws/install/ros2_rtimulib/share/ros2_rtimulib/package.bash'
[5.275s] INFO:colcon.colcon_core.shell:Creating package script '/home/robot/Software/ROS2/Madox/madox_ws/install/ros2_rtimulib/share/ros2_rtimulib/package.zsh'
[5.298s] Level 1:colcon.colcon_core.environment:create_file_with_runtime_dependencies(/home/robot/Software/ROS2/Madox/madox_ws/install/ros2_rtimulib/share/colcon-core/packages/ros2_rtimulib)
[5.314s] DEBUG:colcon.colcon_parallel_executor.executor.parallel:closing loop
[5.318s] DEBUG:colcon.colcon_parallel_executor.executor.parallel:loop closed
[5.319s] DEBUG:colcon.colcon_parallel_executor.executor.parallel:run_until_complete finished with '0'
[5.319s] DEBUG:colcon.colcon_core.event_reactor:joining thread
[5.401s] INFO:colcon.colcon_core.plugin_system:Skipping extension 'colcon_notification.desktop_notification.terminal_notifier': Not used on non-Darwin systems
[5.402s] INFO:colcon.colcon_core.plugin_system:Skipping extension 'colcon_notification.desktop_notification.win32': Not used on non-Windows systems
[5.402s] INFO:colcon.colcon_notification.desktop_notification:Sending desktop notification using 'notify2'
[30.418s] DEBUG:colcon.colcon_notification.desktop_notification.notify2:Failed to initialize notify2: org.freedesktop.DBus.Error.NoReply: Did not receive a reply. Possible causes include: the remote application did not send a reply, the message bus security policy blocked the reply, the reply timeout expired, or the network connection was broken.
[30.429s] DEBUG:colcon.colcon_core.event_reactor:joined thread
[30.442s] INFO:colcon.colcon_core.shell:Creating prefix script '/home/robot/Software/ROS2/Madox/madox_ws/install/local_setup.ps1'
[30.470s] INFO:colcon.colcon_core.shell:Creating prefix util module '/home/robot/Software/ROS2/Madox/madox_ws/install/_local_setup_util_ps1.py'
[30.507s] INFO:colcon.colcon_core.shell:Creating prefix chain script '/home/robot/Software/ROS2/Madox/madox_ws/install/setup.ps1'
[30.555s] INFO:colcon.colcon_core.shell:Creating prefix script '/home/robot/Software/ROS2/Madox/madox_ws/install/local_setup.sh'
[30.583s] INFO:colcon.colcon_core.shell:Creating prefix util module '/home/robot/Software/ROS2/Madox/madox_ws/install/_local_setup_util_sh.py'
[30.608s] INFO:colcon.colcon_core.shell:Creating prefix chain script '/home/robot/Software/ROS2/Madox/madox_ws/install/setup.sh'
[30.655s] INFO:colcon.colcon_core.shell:Creating prefix script '/home/robot/Software/ROS2/Madox/madox_ws/install/local_setup.bash'
[30.678s] INFO:colcon.colcon_core.shell:Creating prefix chain script '/home/robot/Software/ROS2/Madox/madox_ws/install/setup.bash'
[30.728s] INFO:colcon.colcon_core.shell:Creating prefix script '/home/robot/Software/ROS2/Madox/madox_ws/install/local_setup.zsh'
[30.754s] INFO:colcon.colcon_core.shell:Creating prefix chain script '/home/robot/Software/ROS2/Madox/madox_ws/install/setup.zsh'
