[4.232s] Invoking command in '/home/robot/Software/ROS2/Madox/madox_ws/build/py_drive': PYTHONPATH=/home/robot/Software/ROS2/Madox/madox_ws/install/py_drive/lib/python3.8/site-packages:${PYTHONPATH} /usr/bin/python3 setup.py develop --prefix /home/robot/Software/ROS2/Madox/madox_ws/install/py_drive --uninstall --editable --build-directory /home/robot/Software/ROS2/Madox/madox_ws/build/py_drive/build
[5.114s] /home/robot/.local/lib/python3.8/site-packages/setuptools/dist.py:642: UserWarning: Usage of dash-separated 'script-dir' will not be supported in future versions. Please use the underscore name 'script_dir' instead
[5.115s]   warnings.warn(
[5.116s] /home/robot/.local/lib/python3.8/site-packages/setuptools/dist.py:642: UserWarning: Usage of dash-separated 'install-scripts' will not be supported in future versions. Please use the underscore name 'install_scripts' instead
[5.116s]   warnings.warn(
[5.341s] running develop
[6.105s] Invoked command in '/home/robot/Software/ROS2/Madox/madox_ws/build/py_drive' returned '0': PYTHONPATH=/home/robot/Software/ROS2/Madox/madox_ws/install/py_drive/lib/python3.8/site-packages:${PYTHONPATH} /usr/bin/python3 setup.py develop --prefix /home/robot/Software/ROS2/Madox/madox_ws/install/py_drive --uninstall --editable --build-directory /home/robot/Software/ROS2/Madox/madox_ws/build/py_drive/build
[6.124s] Invoking command in '/home/robot/Software/ROS2/Madox/madox_ws/src/py_drive': PYTHONPATH=/home/robot/Software/ROS2/Madox/madox_ws/install/py_drive/lib/python3.8/site-packages:${PYTHONPATH} /usr/bin/python3 setup.py egg_info --egg-base ../../build/py_drive build --build-base /home/robot/Software/ROS2/Madox/madox_ws/build/py_drive/build install --prefix /home/robot/Software/ROS2/Madox/madox_ws/install/py_drive --record /home/robot/Software/ROS2/Madox/madox_ws/build/py_drive/install.log --single-version-externally-managed
[7.008s] /home/robot/.local/lib/python3.8/site-packages/setuptools/dist.py:642: UserWarning: Usage of dash-separated 'script-dir' will not be supported in future versions. Please use the underscore name 'script_dir' instead
[7.008s]   warnings.warn(
[7.009s] /home/robot/.local/lib/python3.8/site-packages/setuptools/dist.py:642: UserWarning: Usage of dash-separated 'install-scripts' will not be supported in future versions. Please use the underscore name 'install_scripts' instead
[7.009s]   warnings.warn(
[7.154s] running egg_info
[7.159s] writing ../../build/py_drive/py_drive.egg-info/PKG-INFO
[7.174s] writing dependency_links to ../../build/py_drive/py_drive.egg-info/dependency_links.txt
[7.184s] writing entry points to ../../build/py_drive/py_drive.egg-info/entry_points.txt
[7.193s] writing requirements to ../../build/py_drive/py_drive.egg-info/requires.txt
[7.203s] writing top-level names to ../../build/py_drive/py_drive.egg-info/top_level.txt
[7.417s] reading manifest file '../../build/py_drive/py_drive.egg-info/SOURCES.txt'
[7.426s] writing manifest file '../../build/py_drive/py_drive.egg-info/SOURCES.txt'
[7.438s] running build
[7.438s] running build_py
[7.460s] running install
[7.463s] running install_lib
[7.498s] running install_data
[7.509s] running install_egg_info
[7.515s] removing '/home/robot/Software/ROS2/Madox/madox_ws/install/py_drive/lib/python3.8/site-packages/py_drive-0.0.0-py3.8.egg-info' (and everything under it)
[7.548s] Copying ../../build/py_drive/py_drive.egg-info to /home/robot/Software/ROS2/Madox/madox_ws/install/py_drive/lib/python3.8/site-packages/py_drive-0.0.0-py3.8.egg-info
[7.702s] running install_scripts
[7.793s] Installing listener script to /home/robot/Software/ROS2/Madox/madox_ws/install/py_drive/lib/py_drive
[7.809s] Installing talker script to /home/robot/Software/ROS2/Madox/madox_ws/install/py_drive/lib/py_drive
[7.825s] writing list of installed files to '/home/robot/Software/ROS2/Madox/madox_ws/build/py_drive/install.log'
[8.501s] Invoked command in '/home/robot/Software/ROS2/Madox/madox_ws/src/py_drive' returned '0': PYTHONPATH=/home/robot/Software/ROS2/Madox/madox_ws/install/py_drive/lib/python3.8/site-packages:${PYTHONPATH} /usr/bin/python3 setup.py egg_info --egg-base ../../build/py_drive build --build-base /home/robot/Software/ROS2/Madox/madox_ws/build/py_drive/build install --prefix /home/robot/Software/ROS2/Madox/madox_ws/install/py_drive --record /home/robot/Software/ROS2/Madox/madox_ws/build/py_drive/install.log --single-version-externally-managed
