[1.320s] Invoking command in '/home/robot/Software/ROS2/Madox/madox_ws/src/ros2_rtimulib': PYTHONPATH=/home/robot/Software/ROS2/Madox/madox_ws/install/ros2_rtimulib/lib/python3.8/site-packages:${PYTHONPATH} /usr/bin/python3 setup.py egg_info --egg-base ../../build/ros2_rtimulib build --build-base /home/robot/Software/ROS2/Madox/madox_ws/build/ros2_rtimulib/build install --prefix /home/robot/Software/ROS2/Madox/madox_ws/install/ros2_rtimulib --record /home/robot/Software/ROS2/Madox/madox_ws/build/ros2_rtimulib/install.log --single-version-externally-managed
[2.098s] /home/robot/.local/lib/python3.8/site-packages/setuptools/dist.py:642: UserWarning: Usage of dash-separated 'script-dir' will not be supported in future versions. Please use the underscore name 'script_dir' instead
[2.098s]   warnings.warn(
[2.099s] /home/robot/.local/lib/python3.8/site-packages/setuptools/dist.py:642: UserWarning: Usage of dash-separated 'install-scripts' will not be supported in future versions. Please use the underscore name 'install_scripts' instead
[2.099s]   warnings.warn(
[2.228s] running egg_info
[2.232s] writing ../../build/ros2_rtimulib/ros2_rtimulib.egg-info/PKG-INFO
[2.247s] writing dependency_links to ../../build/ros2_rtimulib/ros2_rtimulib.egg-info/dependency_links.txt
[2.257s] writing entry points to ../../build/ros2_rtimulib/ros2_rtimulib.egg-info/entry_points.txt
[2.269s] writing requirements to ../../build/ros2_rtimulib/ros2_rtimulib.egg-info/requires.txt
[2.278s] writing top-level names to ../../build/ros2_rtimulib/ros2_rtimulib.egg-info/top_level.txt
[2.478s] adding license file 'LICENSE' (matched pattern 'LICEN[CS]E*')
[2.486s] reading manifest file '../../build/ros2_rtimulib/ros2_rtimulib.egg-info/SOURCES.txt'
[2.496s] writing manifest file '../../build/ros2_rtimulib/ros2_rtimulib.egg-info/SOURCES.txt'
[2.505s] running build
[2.506s] running build_py
[2.521s] copying ros2_rtimulib/imu_node.py -> /home/robot/Software/ROS2/Madox/madox_ws/build/ros2_rtimulib/build/lib/ros2_rtimulib
[2.548s] running install
[2.552s] running install_lib
[2.566s] copying /home/robot/Software/ROS2/Madox/madox_ws/build/ros2_rtimulib/build/lib/ros2_rtimulib/imu_node.py -> /home/robot/Software/ROS2/Madox/madox_ws/install/ros2_rtimulib/lib/python3.8/site-packages/ros2_rtimulib
[2.600s] byte-compiling /home/robot/Software/ROS2/Madox/madox_ws/install/ros2_rtimulib/lib/python3.8/site-packages/ros2_rtimulib/imu_node.py to imu_node.cpython-38.pyc
[2.607s]   File "/home/robot/Software/ROS2/Madox/madox_ws/install/ros2_rtimulib/lib/python3.8/site-packages/ros2_rtimulib/imu_node.py", line 166
[2.608s]     ori = Quaternion(x=qfp[1], y=qfp[2], z=qfp[3], w=qfp[0])
[2.609s]     ^
[2.610s] SyntaxError: invalid syntax
[2.610s] 
[2.611s] running install_data
[2.633s] running install_egg_info
[2.642s] removing '/home/robot/Software/ROS2/Madox/madox_ws/install/ros2_rtimulib/lib/python3.8/site-packages/ros2_rtimulib-0.1.0-py3.8.egg-info' (and everything under it)
[2.682s] Copying ../../build/ros2_rtimulib/ros2_rtimulib.egg-info to /home/robot/Software/ROS2/Madox/madox_ws/install/ros2_rtimulib/lib/python3.8/site-packages/ros2_rtimulib-0.1.0-py3.8.egg-info
[2.886s] running install_scripts
[2.971s] Installing imu_node script to /home/robot/Software/ROS2/Madox/madox_ws/install/ros2_rtimulib/lib/ros2_rtimulib
[2.987s] writing list of installed files to '/home/robot/Software/ROS2/Madox/madox_ws/build/ros2_rtimulib/install.log'
[3.093s] Invoked command in '/home/robot/Software/ROS2/Madox/madox_ws/src/ros2_rtimulib' returned '0': PYTHONPATH=/home/robot/Software/ROS2/Madox/madox_ws/install/ros2_rtimulib/lib/python3.8/site-packages:${PYTHONPATH} /usr/bin/python3 setup.py egg_info --egg-base ../../build/ros2_rtimulib build --build-base /home/robot/Software/ROS2/Madox/madox_ws/build/ros2_rtimulib/build install --prefix /home/robot/Software/ROS2/Madox/madox_ws/install/ros2_rtimulib --record /home/robot/Software/ROS2/Madox/madox_ws/build/ros2_rtimulib/install.log --single-version-externally-managed
