[1.647s] DEBUG:colcon:Command line arguments: ['/usr/bin/colcon', 'build', '--packages-select', 'ros2_IMU']
[1.648s] DEBUG:colcon:Parsed command line arguments: Namespace(ament_cmake_args=None, base_paths=['.'], build_base='build', catkin_cmake_args=None, catkin_skip_building_tests=False, cmake_args=None, cmake_clean_cache=False, cmake_clean_first=False, cmake_force_configure=False, cmake_target=None, cmake_target_skip_unavailable=False, continue_on_error=False, event_handlers=None, executor='parallel', ignore_user_meta=False, install_base='install', log_base=None, log_level=None, main=<bound method BuildVerb.main of <colcon_core.verb.build.BuildVerb object at 0x7f90b83b20>>, merge_install=False, metas=['./colcon.meta'], packages_above=None, packages_above_and_dependencies=None, packages_above_depth=None, packages_end=None, packages_ignore=None, packages_ignore_regex=None, packages_select=['ros2_IMU'], packages_select_build_failed=False, packages_select_by_dep=None, packages_select_regex=None, packages_select_test_failures=False, packages_skip=None, packages_skip_build_finished=False, packages_skip_by_dep=None, packages_skip_regex=None, packages_skip_test_passed=False, packages_skip_up_to=None, packages_start=None, packages_up_to=None, packages_up_to_regex=None, parallel_workers=4, paths=None, symlink_install=False, test_result_base=None, verb_extension=<colcon_core.verb.build.BuildVerb object at 0x7f90b83b20>, verb_name='build', verb_parser=<colcon_defaults.argument_parser.defaults.DefaultArgumentsDecorator object at 0x7f90b960d0>)
[1.692s] Level 1:colcon.colcon_core.package_discovery:discover_packages(colcon_meta) check parameters
[1.698s] Level 1:colcon.colcon_core.package_discovery:discover_packages(recursive) check parameters
[1.698s] Level 1:colcon.colcon_core.package_discovery:discover_packages(ignore) check parameters
[1.699s] Level 1:colcon.colcon_core.package_discovery:discover_packages(path) check parameters
[1.699s] Level 1:colcon.colcon_core.package_discovery:discover_packages(colcon_meta) discover
[1.699s] Level 1:colcon.colcon_core.package_discovery:discover_packages(recursive) discover
[1.699s] INFO:colcon.colcon_core.package_discovery:Crawling recursively for packages in '/home/robot/Software/ROS2/Madox/madox_ws'
[1.709s] Level 1:colcon.colcon_core.package_identification:_identify(.) by extensions ['ignore', 'ignore_ament_install']
[1.709s] Level 1:colcon.colcon_core.package_identification:_identify(.) by extension 'ignore'
[1.715s] Level 1:colcon.colcon_core.package_identification:_identify(.) by extension 'ignore_ament_install'
[1.730s] Level 1:colcon.colcon_core.package_identification:_identify(.) by extensions ['colcon_pkg']
[1.731s] Level 1:colcon.colcon_core.package_identification:_identify(.) by extension 'colcon_pkg'
[1.741s] Level 1:colcon.colcon_core.package_identification:_identify(.) by extensions ['colcon_meta']
[1.741s] Level 1:colcon.colcon_core.package_identification:_identify(.) by extension 'colcon_meta'
[1.742s] Level 1:colcon.colcon_core.package_identification:_identify(.) by extensions ['ros']
[1.742s] Level 1:colcon.colcon_core.package_identification:_identify(.) by extension 'ros'
[1.815s] Level 1:colcon.colcon_core.package_identification:_identify(.) by extensions ['cmake', 'python']
[1.817s] Level 1:colcon.colcon_core.package_identification:_identify(.) by extension 'cmake'
[1.821s] Level 1:colcon.colcon_core.package_identification:_identify(.) by extension 'python'
[1.828s] Level 1:colcon.colcon_core.package_identification:_identify(.) by extensions ['python_setup_py']
[1.828s] Level 1:colcon.colcon_core.package_identification:_identify(.) by extension 'python_setup_py'
[1.837s] Level 1:colcon.colcon_core.package_identification:_identify(build) by extensions ['ignore', 'ignore_ament_install']
[1.840s] Level 1:colcon.colcon_core.package_identification:_identify(build) by extension 'ignore'
[1.840s] Level 1:colcon.colcon_core.package_identification:_identify(build) ignored
[1.843s] Level 1:colcon.colcon_core.package_identification:_identify(install) by extensions ['ignore', 'ignore_ament_install']
[1.843s] Level 1:colcon.colcon_core.package_identification:_identify(install) by extension 'ignore'
[1.843s] Level 1:colcon.colcon_core.package_identification:_identify(install) ignored
[1.846s] Level 1:colcon.colcon_core.package_identification:_identify(launch) by extensions ['ignore', 'ignore_ament_install']
[1.846s] Level 1:colcon.colcon_core.package_identification:_identify(launch) by extension 'ignore'
[1.846s] Level 1:colcon.colcon_core.package_identification:_identify(launch) by extension 'ignore_ament_install'
[1.846s] Level 1:colcon.colcon_core.package_identification:_identify(launch) by extensions ['colcon_pkg']
[1.846s] Level 1:colcon.colcon_core.package_identification:_identify(launch) by extension 'colcon_pkg'
[1.847s] Level 1:colcon.colcon_core.package_identification:_identify(launch) by extensions ['colcon_meta']
[1.847s] Level 1:colcon.colcon_core.package_identification:_identify(launch) by extension 'colcon_meta'
[1.847s] Level 1:colcon.colcon_core.package_identification:_identify(launch) by extensions ['ros']
[1.847s] Level 1:colcon.colcon_core.package_identification:_identify(launch) by extension 'ros'
[1.848s] Level 1:colcon.colcon_core.package_identification:_identify(launch) by extensions ['cmake', 'python']
[1.849s] Level 1:colcon.colcon_core.package_identification:_identify(launch) by extension 'cmake'
[1.849s] Level 1:colcon.colcon_core.package_identification:_identify(launch) by extension 'python'
[1.849s] Level 1:colcon.colcon_core.package_identification:_identify(launch) by extensions ['python_setup_py']
[1.850s] Level 1:colcon.colcon_core.package_identification:_identify(launch) by extension 'python_setup_py'
[1.852s] Level 1:colcon.colcon_core.package_identification:_identify(launch/__pycache__) by extensions ['ignore', 'ignore_ament_install']
[1.852s] Level 1:colcon.colcon_core.package_identification:_identify(launch/__pycache__) by extension 'ignore'
[1.852s] Level 1:colcon.colcon_core.package_identification:_identify(launch/__pycache__) by extension 'ignore_ament_install'
[1.853s] Level 1:colcon.colcon_core.package_identification:_identify(launch/__pycache__) by extensions ['colcon_pkg']
[1.853s] Level 1:colcon.colcon_core.package_identification:_identify(launch/__pycache__) by extension 'colcon_pkg'
[1.853s] Level 1:colcon.colcon_core.package_identification:_identify(launch/__pycache__) by extensions ['colcon_meta']
[1.853s] Level 1:colcon.colcon_core.package_identification:_identify(launch/__pycache__) by extension 'colcon_meta'
[1.853s] Level 1:colcon.colcon_core.package_identification:_identify(launch/__pycache__) by extensions ['ros']
[1.853s] Level 1:colcon.colcon_core.package_identification:_identify(launch/__pycache__) by extension 'ros'
[1.854s] Level 1:colcon.colcon_core.package_identification:_identify(launch/__pycache__) by extensions ['cmake', 'python']
[1.854s] Level 1:colcon.colcon_core.package_identification:_identify(launch/__pycache__) by extension 'cmake'
[1.854s] Level 1:colcon.colcon_core.package_identification:_identify(launch/__pycache__) by extension 'python'
[1.854s] Level 1:colcon.colcon_core.package_identification:_identify(launch/__pycache__) by extensions ['python_setup_py']
[1.854s] Level 1:colcon.colcon_core.package_identification:_identify(launch/__pycache__) by extension 'python_setup_py'
[1.858s] Level 1:colcon.colcon_core.package_identification:_identify(launch/build) by extensions ['ignore', 'ignore_ament_install']
[1.860s] Level 1:colcon.colcon_core.package_identification:_identify(launch/build) by extension 'ignore'
[1.862s] Level 1:colcon.colcon_core.package_identification:_identify(launch/build) ignored
[1.867s] Level 1:colcon.colcon_core.package_identification:_identify(launch/install) by extensions ['ignore', 'ignore_ament_install']
[1.868s] Level 1:colcon.colcon_core.package_identification:_identify(launch/install) by extension 'ignore'
[1.870s] Level 1:colcon.colcon_core.package_identification:_identify(launch/install) ignored
[1.884s] Level 1:colcon.colcon_core.package_identification:_identify(launch/log) by extensions ['ignore', 'ignore_ament_install']
[1.884s] Level 1:colcon.colcon_core.package_identification:_identify(launch/log) by extension 'ignore'
[1.884s] Level 1:colcon.colcon_core.package_identification:_identify(launch/log) ignored
[1.893s] Level 1:colcon.colcon_core.package_identification:_identify(log) by extensions ['ignore', 'ignore_ament_install']
[1.894s] Level 1:colcon.colcon_core.package_identification:_identify(log) by extension 'ignore'
[1.894s] Level 1:colcon.colcon_core.package_identification:_identify(log) ignored
[1.898s] Level 1:colcon.colcon_core.package_identification:_identify(snapshots) by extensions ['ignore', 'ignore_ament_install']
[1.900s] Level 1:colcon.colcon_core.package_identification:_identify(snapshots) by extension 'ignore'
[1.900s] Level 1:colcon.colcon_core.package_identification:_identify(snapshots) by extension 'ignore_ament_install'
[1.901s] Level 1:colcon.colcon_core.package_identification:_identify(snapshots) by extensions ['colcon_pkg']
[1.901s] Level 1:colcon.colcon_core.package_identification:_identify(snapshots) by extension 'colcon_pkg'
[1.901s] Level 1:colcon.colcon_core.package_identification:_identify(snapshots) by extensions ['colcon_meta']
[1.901s] Level 1:colcon.colcon_core.package_identification:_identify(snapshots) by extension 'colcon_meta'
[1.901s] Level 1:colcon.colcon_core.package_identification:_identify(snapshots) by extensions ['ros']
[1.902s] Level 1:colcon.colcon_core.package_identification:_identify(snapshots) by extension 'ros'
[1.902s] Level 1:colcon.colcon_core.package_identification:_identify(snapshots) by extensions ['cmake', 'python']
[1.902s] Level 1:colcon.colcon_core.package_identification:_identify(snapshots) by extension 'cmake'
[1.903s] Level 1:colcon.colcon_core.package_identification:_identify(snapshots) by extension 'python'
[1.903s] Level 1:colcon.colcon_core.package_identification:_identify(snapshots) by extensions ['python_setup_py']
[1.903s] Level 1:colcon.colcon_core.package_identification:_identify(snapshots) by extension 'python_setup_py'
[1.906s] Level 1:colcon.colcon_core.package_identification:_identify(src) by extensions ['ignore', 'ignore_ament_install']
[1.908s] Level 1:colcon.colcon_core.package_identification:_identify(src) by extension 'ignore'
[1.908s] Level 1:colcon.colcon_core.package_identification:_identify(src) by extension 'ignore_ament_install'
[1.908s] Level 1:colcon.colcon_core.package_identification:_identify(src) by extensions ['colcon_pkg']
[1.909s] Level 1:colcon.colcon_core.package_identification:_identify(src) by extension 'colcon_pkg'
[1.909s] Level 1:colcon.colcon_core.package_identification:_identify(src) by extensions ['colcon_meta']
[1.909s] Level 1:colcon.colcon_core.package_identification:_identify(src) by extension 'colcon_meta'
[1.909s] Level 1:colcon.colcon_core.package_identification:_identify(src) by extensions ['ros']
[1.909s] Level 1:colcon.colcon_core.package_identification:_identify(src) by extension 'ros'
[1.910s] Level 1:colcon.colcon_core.package_identification:_identify(src) by extensions ['cmake', 'python']
[1.910s] Level 1:colcon.colcon_core.package_identification:_identify(src) by extension 'cmake'
[1.910s] Level 1:colcon.colcon_core.package_identification:_identify(src) by extension 'python'
[1.911s] Level 1:colcon.colcon_core.package_identification:_identify(src) by extensions ['python_setup_py']
[1.911s] Level 1:colcon.colcon_core.package_identification:_identify(src) by extension 'python_setup_py'
[1.915s] Level 1:colcon.colcon_core.package_identification:_identify(src/camera) by extensions ['ignore', 'ignore_ament_install']
[1.916s] Level 1:colcon.colcon_core.package_identification:_identify(src/camera) by extension 'ignore'
[1.916s] Level 1:colcon.colcon_core.package_identification:_identify(src/camera) by extension 'ignore_ament_install'
[1.917s] Level 1:colcon.colcon_core.package_identification:_identify(src/camera) by extensions ['colcon_pkg']
[1.917s] Level 1:colcon.colcon_core.package_identification:_identify(src/camera) by extension 'colcon_pkg'
[1.917s] Level 1:colcon.colcon_core.package_identification:_identify(src/camera) by extensions ['colcon_meta']
[1.917s] Level 1:colcon.colcon_core.package_identification:_identify(src/camera) by extension 'colcon_meta'
[1.917s] Level 1:colcon.colcon_core.package_identification:_identify(src/camera) by extensions ['ros']
[1.918s] Level 1:colcon.colcon_core.package_identification:_identify(src/camera) by extension 'ros'
[1.942s] DEBUG:colcon.colcon_core.package_identification:Package 'src/camera' with type 'ros.ament_python' and name 'camera'
[1.947s] Level 1:colcon.colcon_core.package_identification:_identify(src/camera_pan_tilt) by extensions ['ignore', 'ignore_ament_install']
[1.948s] Level 1:colcon.colcon_core.package_identification:_identify(src/camera_pan_tilt) by extension 'ignore'
[1.949s] Level 1:colcon.colcon_core.package_identification:_identify(src/camera_pan_tilt) by extension 'ignore_ament_install'
[1.949s] Level 1:colcon.colcon_core.package_identification:_identify(src/camera_pan_tilt) by extensions ['colcon_pkg']
[1.949s] Level 1:colcon.colcon_core.package_identification:_identify(src/camera_pan_tilt) by extension 'colcon_pkg'
[1.949s] Level 1:colcon.colcon_core.package_identification:_identify(src/camera_pan_tilt) by extensions ['colcon_meta']
[1.950s] Level 1:colcon.colcon_core.package_identification:_identify(src/camera_pan_tilt) by extension 'colcon_meta'
[1.950s] Level 1:colcon.colcon_core.package_identification:_identify(src/camera_pan_tilt) by extensions ['ros']
[1.950s] Level 1:colcon.colcon_core.package_identification:_identify(src/camera_pan_tilt) by extension 'ros'
[1.970s] DEBUG:colcon.colcon_core.package_identification:Package 'src/camera_pan_tilt' with type 'ros.ament_python' and name 'camera_pan_tilt'
[1.973s] Level 1:colcon.colcon_core.package_identification:_identify(src/jetbot_drive) by extensions ['ignore', 'ignore_ament_install']
[1.973s] Level 1:colcon.colcon_core.package_identification:_identify(src/jetbot_drive) by extension 'ignore'
[1.974s] Level 1:colcon.colcon_core.package_identification:_identify(src/jetbot_drive) by extension 'ignore_ament_install'
[1.974s] Level 1:colcon.colcon_core.package_identification:_identify(src/jetbot_drive) by extensions ['colcon_pkg']
[1.974s] Level 1:colcon.colcon_core.package_identification:_identify(src/jetbot_drive) by extension 'colcon_pkg'
[1.975s] Level 1:colcon.colcon_core.package_identification:_identify(src/jetbot_drive) by extensions ['colcon_meta']
[1.975s] Level 1:colcon.colcon_core.package_identification:_identify(src/jetbot_drive) by extension 'colcon_meta'
[1.975s] Level 1:colcon.colcon_core.package_identification:_identify(src/jetbot_drive) by extensions ['ros']
[1.975s] Level 1:colcon.colcon_core.package_identification:_identify(src/jetbot_drive) by extension 'ros'
[1.991s] DEBUG:colcon.colcon_core.package_identification:Package 'src/jetbot_drive' with type 'ros.ament_python' and name 'jetbot_drive'
[1.995s] Level 1:colcon.colcon_core.package_identification:_identify(src/jetbot_launch) by extensions ['ignore', 'ignore_ament_install']
[1.996s] Level 1:colcon.colcon_core.package_identification:_identify(src/jetbot_launch) by extension 'ignore'
[1.997s] Level 1:colcon.colcon_core.package_identification:_identify(src/jetbot_launch) by extension 'ignore_ament_install'
[1.997s] Level 1:colcon.colcon_core.package_identification:_identify(src/jetbot_launch) by extensions ['colcon_pkg']
[1.997s] Level 1:colcon.colcon_core.package_identification:_identify(src/jetbot_launch) by extension 'colcon_pkg'
[1.998s] Level 1:colcon.colcon_core.package_identification:_identify(src/jetbot_launch) by extensions ['colcon_meta']
[1.998s] Level 1:colcon.colcon_core.package_identification:_identify(src/jetbot_launch) by extension 'colcon_meta'
[1.998s] Level 1:colcon.colcon_core.package_identification:_identify(src/jetbot_launch) by extensions ['ros']
[1.998s] Level 1:colcon.colcon_core.package_identification:_identify(src/jetbot_launch) by extension 'ros'
[2.007s] DEBUG:colcon.colcon_core.package_identification:Package 'src/jetbot_launch' with type 'ros.ament_cmake' and name 'jetbot_launch'
[2.009s] Level 1:colcon.colcon_core.package_identification:_identify(src/jetbot_oled_display) by extensions ['ignore', 'ignore_ament_install']
[2.010s] Level 1:colcon.colcon_core.package_identification:_identify(src/jetbot_oled_display) by extension 'ignore'
[2.010s] Level 1:colcon.colcon_core.package_identification:_identify(src/jetbot_oled_display) by extension 'ignore_ament_install'
[2.010s] Level 1:colcon.colcon_core.package_identification:_identify(src/jetbot_oled_display) by extensions ['colcon_pkg']
[2.011s] Level 1:colcon.colcon_core.package_identification:_identify(src/jetbot_oled_display) by extension 'colcon_pkg'
[2.011s] Level 1:colcon.colcon_core.package_identification:_identify(src/jetbot_oled_display) by extensions ['colcon_meta']
[2.011s] Level 1:colcon.colcon_core.package_identification:_identify(src/jetbot_oled_display) by extension 'colcon_meta'
[2.011s] Level 1:colcon.colcon_core.package_identification:_identify(src/jetbot_oled_display) by extensions ['ros']
[2.012s] Level 1:colcon.colcon_core.package_identification:_identify(src/jetbot_oled_display) by extension 'ros'
[2.028s] DEBUG:colcon.colcon_core.package_identification:Package 'src/jetbot_oled_display' with type 'ros.ament_python' and name 'jetbot_oled_display'
[2.032s] Level 1:colcon.colcon_core.package_identification:_identify(src/jetbot_sys_info) by extensions ['ignore', 'ignore_ament_install']
[2.033s] Level 1:colcon.colcon_core.package_identification:_identify(src/jetbot_sys_info) by extension 'ignore'
[2.033s] Level 1:colcon.colcon_core.package_identification:_identify(src/jetbot_sys_info) by extension 'ignore_ament_install'
[2.033s] Level 1:colcon.colcon_core.package_identification:_identify(src/jetbot_sys_info) by extensions ['colcon_pkg']
[2.034s] Level 1:colcon.colcon_core.package_identification:_identify(src/jetbot_sys_info) by extension 'colcon_pkg'
[2.034s] Level 1:colcon.colcon_core.package_identification:_identify(src/jetbot_sys_info) by extensions ['colcon_meta']
[2.034s] Level 1:colcon.colcon_core.package_identification:_identify(src/jetbot_sys_info) by extension 'colcon_meta'
[2.034s] Level 1:colcon.colcon_core.package_identification:_identify(src/jetbot_sys_info) by extensions ['ros']
[2.035s] Level 1:colcon.colcon_core.package_identification:_identify(src/jetbot_sys_info) by extension 'ros'
[2.052s] DEBUG:colcon.colcon_core.package_identification:Package 'src/jetbot_sys_info' with type 'ros.ament_python' and name 'jetbot_sys_info'
[2.056s] Level 1:colcon.colcon_core.package_identification:_identify(src/pid_node) by extensions ['ignore', 'ignore_ament_install']
[2.057s] Level 1:colcon.colcon_core.package_identification:_identify(src/pid_node) by extension 'ignore'
[2.058s] Level 1:colcon.colcon_core.package_identification:_identify(src/pid_node) by extension 'ignore_ament_install'
[2.058s] Level 1:colcon.colcon_core.package_identification:_identify(src/pid_node) by extensions ['colcon_pkg']
[2.059s] Level 1:colcon.colcon_core.package_identification:_identify(src/pid_node) by extension 'colcon_pkg'
[2.059s] Level 1:colcon.colcon_core.package_identification:_identify(src/pid_node) by extensions ['colcon_meta']
[2.059s] Level 1:colcon.colcon_core.package_identification:_identify(src/pid_node) by extension 'colcon_meta'
[2.060s] Level 1:colcon.colcon_core.package_identification:_identify(src/pid_node) by extensions ['ros']
[2.060s] Level 1:colcon.colcon_core.package_identification:_identify(src/pid_node) by extension 'ros'
[2.076s] DEBUG:colcon.colcon_core.package_identification:Package 'src/pid_node' with type 'ros.ament_python' and name 'pid_node'
[2.080s] Level 1:colcon.colcon_core.package_identification:_identify(src/ros2_IMU) by extensions ['ignore', 'ignore_ament_install']
[2.080s] Level 1:colcon.colcon_core.package_identification:_identify(src/ros2_IMU) by extension 'ignore'
[2.081s] Level 1:colcon.colcon_core.package_identification:_identify(src/ros2_IMU) by extension 'ignore_ament_install'
[2.081s] Level 1:colcon.colcon_core.package_identification:_identify(src/ros2_IMU) by extensions ['colcon_pkg']
[2.082s] Level 1:colcon.colcon_core.package_identification:_identify(src/ros2_IMU) by extension 'colcon_pkg'
[2.082s] Level 1:colcon.colcon_core.package_identification:_identify(src/ros2_IMU) by extensions ['colcon_meta']
[2.082s] Level 1:colcon.colcon_core.package_identification:_identify(src/ros2_IMU) by extension 'colcon_meta'
[2.083s] Level 1:colcon.colcon_core.package_identification:_identify(src/ros2_IMU) by extensions ['ros']
[2.083s] Level 1:colcon.colcon_core.package_identification:_identify(src/ros2_IMU) by extension 'ros'
[2.100s] DEBUG:colcon.colcon_core.package_identification:Package 'src/ros2_IMU' with type 'ros.ament_cmake' and name 'ros2_IMU'
[2.104s] Level 1:colcon.colcon_core.package_identification:_identify(src/ros2_rtimulib) by extensions ['ignore', 'ignore_ament_install']
[2.105s] Level 1:colcon.colcon_core.package_identification:_identify(src/ros2_rtimulib) by extension 'ignore'
[2.105s] Level 1:colcon.colcon_core.package_identification:_identify(src/ros2_rtimulib) by extension 'ignore_ament_install'
[2.105s] Level 1:colcon.colcon_core.package_identification:_identify(src/ros2_rtimulib) by extensions ['colcon_pkg']
[2.105s] Level 1:colcon.colcon_core.package_identification:_identify(src/ros2_rtimulib) by extension 'colcon_pkg'
[2.106s] Level 1:colcon.colcon_core.package_identification:_identify(src/ros2_rtimulib) by extensions ['colcon_meta']
[2.106s] Level 1:colcon.colcon_core.package_identification:_identify(src/ros2_rtimulib) by extension 'colcon_meta'
[2.106s] Level 1:colcon.colcon_core.package_identification:_identify(src/ros2_rtimulib) by extensions ['ros']
[2.106s] Level 1:colcon.colcon_core.package_identification:_identify(src/ros2_rtimulib) by extension 'ros'
[2.126s] DEBUG:colcon.colcon_core.package_identification:Package 'src/ros2_rtimulib' with type 'ros.ament_python' and name 'ros2_rtimulib'
[2.127s] Level 1:colcon.colcon_core.package_discovery:discover_packages(recursive) using defaults
[2.128s] Level 1:colcon.colcon_core.package_discovery:discover_packages(ignore) discover
[2.128s] Level 1:colcon.colcon_core.package_discovery:discover_packages(ignore) using defaults
[2.128s] Level 1:colcon.colcon_core.package_discovery:discover_packages(path) discover
[2.128s] Level 1:colcon.colcon_core.package_discovery:discover_packages(path) using defaults
[2.219s] INFO:colcon.colcon_core.package_selection:Skipping not selected package 'camera' in 'src/camera'
[2.219s] INFO:colcon.colcon_core.package_selection:Skipping not selected package 'camera_pan_tilt' in 'src/camera_pan_tilt'
[2.219s] INFO:colcon.colcon_core.package_selection:Skipping not selected package 'jetbot_drive' in 'src/jetbot_drive'
[2.219s] INFO:colcon.colcon_core.package_selection:Skipping not selected package 'jetbot_launch' in 'src/jetbot_launch'
[2.220s] INFO:colcon.colcon_core.package_selection:Skipping not selected package 'jetbot_sys_info' in 'src/jetbot_sys_info'
[2.220s] INFO:colcon.colcon_core.package_selection:Skipping not selected package 'pid_node' in 'src/pid_node'
[2.220s] INFO:colcon.colcon_core.package_selection:Skipping not selected package 'ros2_rtimulib' in 'src/ros2_rtimulib'
[2.220s] INFO:colcon.colcon_core.package_selection:Skipping not selected package 'jetbot_oled_display' in 'src/jetbot_oled_display'
[2.235s] Level 5:colcon.colcon_core.verb:set package 'ros2_IMU' build argument 'cmake_args' from command line to 'None'
[2.236s] Level 5:colcon.colcon_core.verb:set package 'ros2_IMU' build argument 'cmake_target' from command line to 'None'
[2.236s] Level 5:colcon.colcon_core.verb:set package 'ros2_IMU' build argument 'cmake_target_skip_unavailable' from command line to 'False'
[2.236s] Level 5:colcon.colcon_core.verb:set package 'ros2_IMU' build argument 'cmake_clean_cache' from command line to 'False'
[2.236s] Level 5:colcon.colcon_core.verb:set package 'ros2_IMU' build argument 'cmake_clean_first' from command line to 'False'
[2.236s] Level 5:colcon.colcon_core.verb:set package 'ros2_IMU' build argument 'cmake_force_configure' from command line to 'False'
[2.236s] Level 5:colcon.colcon_core.verb:set package 'ros2_IMU' build argument 'ament_cmake_args' from command line to 'None'
[2.236s] Level 5:colcon.colcon_core.verb:set package 'ros2_IMU' build argument 'catkin_cmake_args' from command line to 'None'
[2.237s] Level 5:colcon.colcon_core.verb:set package 'ros2_IMU' build argument 'catkin_skip_building_tests' from command line to 'False'
[2.237s] DEBUG:colcon.colcon_core.verb:Building package 'ros2_IMU' with the following arguments: {'ament_cmake_args': None, 'build_base': '/home/robot/Software/ROS2/Madox/madox_ws/build/ros2_IMU', 'catkin_cmake_args': None, 'catkin_skip_building_tests': False, 'cmake_args': None, 'cmake_clean_cache': False, 'cmake_clean_first': False, 'cmake_force_configure': False, 'cmake_target': None, 'cmake_target_skip_unavailable': False, 'install_base': '/home/robot/Software/ROS2/Madox/madox_ws/install/ros2_IMU', 'merge_install': False, 'path': '/home/robot/Software/ROS2/Madox/madox_ws/src/ros2_IMU', 'symlink_install': False, 'test_result_base': None}
[2.238s] INFO:colcon.colcon_core.executor:Executing jobs using 'parallel' executor
[2.247s] DEBUG:colcon.colcon_parallel_executor.executor.parallel:run_until_complete
[2.247s] INFO:colcon.colcon_ros.task.ament_cmake.build:Building ROS package in '/home/robot/Software/ROS2/Madox/madox_ws/src/ros2_IMU' with build type 'ament_cmake'
[2.248s] INFO:colcon.colcon_cmake.task.cmake.build:Building CMake package in '/home/robot/Software/ROS2/Madox/madox_ws/src/ros2_IMU'
[2.264s] INFO:colcon.colcon_core.plugin_system:Skipping extension 'colcon_core.shell.bat': Not used on non-Windows systems
[2.265s] INFO:colcon.colcon_core.shell:Skip shell extension 'powershell' for command environment: Not usable outside of PowerShell
[2.265s] DEBUG:colcon.colcon_core.shell:Skip shell extension 'dsv' for command environment
[2.447s] DEBUG:colcon.colcon_core.shell:Ignoring prefix path '/opt/ros/foxy'
[2.582s] DEBUG:colcon.colcon_core.event_handler.log_command:Invoking command in '/home/robot/Software/ROS2/Madox/madox_ws/build/ros2_IMU': CMAKE_PREFIX_PATH=${CMAKE_PREFIX_PATH}:/home/robot/Software/ROS2/Madox/madox_ws/install/ros2_rtimulib:/home/robot/Software/ROS2/Madox/madox_ws/install/pid_node:/home/robot/Software/ROS2/Madox/madox_ws/install/jetbot_sys_info:/home/robot/Software/ROS2/Madox/madox_ws/install/jetbot_oled_display:/home/robot/Software/ROS2/Madox/madox_ws/install/jetbot_launch:/home/robot/Software/ROS2/Madox/madox_ws/install/jetbot_drive:/home/robot/Software/ROS2/Madox/madox_ws/install/camera_pan_tilt:/home/robot/Software/ROS2/Madox/madox_ws/install/camera:/opt/ros/foxy /usr/bin/cmake --build /home/robot/Software/ROS2/Madox/madox_ws/build/ros2_IMU -- -j4 -l4
[12.904s] DEBUG:colcon.colcon_core.event_handler.log_command:Invoked command in '/home/robot/Software/ROS2/Madox/madox_ws/build/ros2_IMU' returned '0': CMAKE_PREFIX_PATH=${CMAKE_PREFIX_PATH}:/home/robot/Software/ROS2/Madox/madox_ws/install/ros2_rtimulib:/home/robot/Software/ROS2/Madox/madox_ws/install/pid_node:/home/robot/Software/ROS2/Madox/madox_ws/install/jetbot_sys_info:/home/robot/Software/ROS2/Madox/madox_ws/install/jetbot_oled_display:/home/robot/Software/ROS2/Madox/madox_ws/install/jetbot_launch:/home/robot/Software/ROS2/Madox/madox_ws/install/jetbot_drive:/home/robot/Software/ROS2/Madox/madox_ws/install/camera_pan_tilt:/home/robot/Software/ROS2/Madox/madox_ws/install/camera:/opt/ros/foxy /usr/bin/cmake --build /home/robot/Software/ROS2/Madox/madox_ws/build/ros2_IMU -- -j4 -l4
[13.090s] DEBUG:colcon.colcon_core.event_handler.log_command:Invoking command in '/home/robot/Software/ROS2/Madox/madox_ws/build/ros2_IMU': CMAKE_PREFIX_PATH=${CMAKE_PREFIX_PATH}:/home/robot/Software/ROS2/Madox/madox_ws/install/ros2_rtimulib:/home/robot/Software/ROS2/Madox/madox_ws/install/pid_node:/home/robot/Software/ROS2/Madox/madox_ws/install/jetbot_sys_info:/home/robot/Software/ROS2/Madox/madox_ws/install/jetbot_oled_display:/home/robot/Software/ROS2/Madox/madox_ws/install/jetbot_launch:/home/robot/Software/ROS2/Madox/madox_ws/install/jetbot_drive:/home/robot/Software/ROS2/Madox/madox_ws/install/camera_pan_tilt:/home/robot/Software/ROS2/Madox/madox_ws/install/camera:/opt/ros/foxy /usr/bin/cmake --install /home/robot/Software/ROS2/Madox/madox_ws/build/ros2_IMU
[13.350s] Level 1:colcon.colcon_core.environment:create_environment_scripts_only(ros2_IMU)
[13.357s] DEBUG:colcon.colcon_core.event_handler.log_command:Invoked command in '/home/robot/Software/ROS2/Madox/madox_ws/build/ros2_IMU' returned '0': CMAKE_PREFIX_PATH=${CMAKE_PREFIX_PATH}:/home/robot/Software/ROS2/Madox/madox_ws/install/ros2_rtimulib:/home/robot/Software/ROS2/Madox/madox_ws/install/pid_node:/home/robot/Software/ROS2/Madox/madox_ws/install/jetbot_sys_info:/home/robot/Software/ROS2/Madox/madox_ws/install/jetbot_oled_display:/home/robot/Software/ROS2/Madox/madox_ws/install/jetbot_launch:/home/robot/Software/ROS2/Madox/madox_ws/install/jetbot_drive:/home/robot/Software/ROS2/Madox/madox_ws/install/camera_pan_tilt:/home/robot/Software/ROS2/Madox/madox_ws/install/camera:/opt/ros/foxy /usr/bin/cmake --install /home/robot/Software/ROS2/Madox/madox_ws/build/ros2_IMU
[13.377s] Level 1:colcon.colcon_core.environment:checking '/home/robot/Software/ROS2/Madox/madox_ws/install/ros2_IMU' for CMake module files
[13.395s] Level 1:colcon.colcon_core.environment:checking '/home/robot/Software/ROS2/Madox/madox_ws/install/ros2_IMU' for CMake config files
[13.411s] Level 1:colcon.colcon_core.shell:create_environment_hook('ros2_IMU', 'cmake_prefix_path')
[13.416s] INFO:colcon.colcon_core.shell:Creating environment hook '/home/robot/Software/ROS2/Madox/madox_ws/install/ros2_IMU/share/ros2_IMU/hook/cmake_prefix_path.ps1'
[13.436s] INFO:colcon.colcon_core.shell:Creating environment descriptor '/home/robot/Software/ROS2/Madox/madox_ws/install/ros2_IMU/share/ros2_IMU/hook/cmake_prefix_path.dsv'
[13.453s] INFO:colcon.colcon_core.shell:Creating environment hook '/home/robot/Software/ROS2/Madox/madox_ws/install/ros2_IMU/share/ros2_IMU/hook/cmake_prefix_path.sh'
[13.478s] Level 1:colcon.colcon_core.environment:checking '/home/robot/Software/ROS2/Madox/madox_ws/install/ros2_IMU/lib'
[13.481s] Level 1:colcon.colcon_core.environment:checking '/home/robot/Software/ROS2/Madox/madox_ws/install/ros2_IMU/bin'
[13.483s] Level 1:colcon.colcon_core.environment:checking '/home/robot/Software/ROS2/Madox/madox_ws/install/ros2_IMU/lib/pkgconfig/ros2_IMU.pc'
[13.484s] Level 1:colcon.colcon_core.environment:checking '/home/robot/Software/ROS2/Madox/madox_ws/install/ros2_IMU/lib/python3.8/site-packages'
[13.489s] INFO:colcon.colcon_core.shell:Creating package script '/home/robot/Software/ROS2/Madox/madox_ws/install/ros2_IMU/share/ros2_IMU/package.ps1'
[13.538s] INFO:colcon.colcon_core.shell:Creating package descriptor '/home/robot/Software/ROS2/Madox/madox_ws/install/ros2_IMU/share/ros2_IMU/package.dsv'
[13.559s] INFO:colcon.colcon_core.shell:Creating package script '/home/robot/Software/ROS2/Madox/madox_ws/install/ros2_IMU/share/ros2_IMU/package.sh'
[13.577s] INFO:colcon.colcon_core.shell:Creating package script '/home/robot/Software/ROS2/Madox/madox_ws/install/ros2_IMU/share/ros2_IMU/package.bash'
[13.594s] INFO:colcon.colcon_core.shell:Creating package script '/home/robot/Software/ROS2/Madox/madox_ws/install/ros2_IMU/share/ros2_IMU/package.zsh'
[13.609s] Level 1:colcon.colcon_core.environment:create_file_with_runtime_dependencies(/home/robot/Software/ROS2/Madox/madox_ws/install/ros2_IMU/share/colcon-core/packages/ros2_IMU)
[13.738s] Level 1:colcon.colcon_core.environment:create_environment_scripts_only(ros2_IMU)
[13.742s] Level 1:colcon.colcon_core.environment:checking '/home/robot/Software/ROS2/Madox/madox_ws/install/ros2_IMU' for CMake module files
[13.752s] Level 1:colcon.colcon_core.environment:checking '/home/robot/Software/ROS2/Madox/madox_ws/install/ros2_IMU' for CMake config files
[13.766s] Level 1:colcon.colcon_core.shell:create_environment_hook('ros2_IMU', 'cmake_prefix_path')
[13.770s] INFO:colcon.colcon_core.shell:Creating environment hook '/home/robot/Software/ROS2/Madox/madox_ws/install/ros2_IMU/share/ros2_IMU/hook/cmake_prefix_path.ps1'
[13.787s] INFO:colcon.colcon_core.shell:Creating environment descriptor '/home/robot/Software/ROS2/Madox/madox_ws/install/ros2_IMU/share/ros2_IMU/hook/cmake_prefix_path.dsv'
[13.802s] INFO:colcon.colcon_core.shell:Creating environment hook '/home/robot/Software/ROS2/Madox/madox_ws/install/ros2_IMU/share/ros2_IMU/hook/cmake_prefix_path.sh'
[13.817s] Level 1:colcon.colcon_core.environment:checking '/home/robot/Software/ROS2/Madox/madox_ws/install/ros2_IMU/lib'
[13.819s] Level 1:colcon.colcon_core.environment:checking '/home/robot/Software/ROS2/Madox/madox_ws/install/ros2_IMU/bin'
[13.820s] Level 1:colcon.colcon_core.environment:checking '/home/robot/Software/ROS2/Madox/madox_ws/install/ros2_IMU/lib/pkgconfig/ros2_IMU.pc'
[13.820s] Level 1:colcon.colcon_core.environment:checking '/home/robot/Software/ROS2/Madox/madox_ws/install/ros2_IMU/lib/python3.8/site-packages'
[13.826s] INFO:colcon.colcon_core.shell:Creating package script '/home/robot/Software/ROS2/Madox/madox_ws/install/ros2_IMU/share/ros2_IMU/package.ps1'
[13.839s] INFO:colcon.colcon_core.shell:Creating package descriptor '/home/robot/Software/ROS2/Madox/madox_ws/install/ros2_IMU/share/ros2_IMU/package.dsv'
[13.855s] INFO:colcon.colcon_core.shell:Creating package script '/home/robot/Software/ROS2/Madox/madox_ws/install/ros2_IMU/share/ros2_IMU/package.sh'
[13.867s] INFO:colcon.colcon_core.shell:Creating package script '/home/robot/Software/ROS2/Madox/madox_ws/install/ros2_IMU/share/ros2_IMU/package.bash'
[13.880s] INFO:colcon.colcon_core.shell:Creating package script '/home/robot/Software/ROS2/Madox/madox_ws/install/ros2_IMU/share/ros2_IMU/package.zsh'
[13.893s] Level 1:colcon.colcon_core.environment:create_file_with_runtime_dependencies(/home/robot/Software/ROS2/Madox/madox_ws/install/ros2_IMU/share/colcon-core/packages/ros2_IMU)
[13.906s] DEBUG:colcon.colcon_parallel_executor.executor.parallel:closing loop
[13.907s] DEBUG:colcon.colcon_parallel_executor.executor.parallel:loop closed
[13.908s] DEBUG:colcon.colcon_parallel_executor.executor.parallel:run_until_complete finished with '0'
[13.908s] DEBUG:colcon.colcon_core.event_reactor:joining thread
[13.969s] INFO:colcon.colcon_core.plugin_system:Skipping extension 'colcon_notification.desktop_notification.terminal_notifier': Not used on non-Darwin systems
[13.969s] INFO:colcon.colcon_core.plugin_system:Skipping extension 'colcon_notification.desktop_notification.win32': Not used on non-Windows systems
[13.969s] INFO:colcon.colcon_notification.desktop_notification:Sending desktop notification using 'notify2'
[39.001s] DEBUG:colcon.colcon_notification.desktop_notification.notify2:Failed to initialize notify2: org.freedesktop.DBus.Error.NoReply: Did not receive a reply. Possible causes include: the remote application did not send a reply, the message bus security policy blocked the reply, the reply timeout expired, or the network connection was broken.
[39.011s] DEBUG:colcon.colcon_core.event_reactor:joined thread
[39.024s] INFO:colcon.colcon_core.shell:Creating prefix script '/home/robot/Software/ROS2/Madox/madox_ws/install/local_setup.ps1'
[39.043s] INFO:colcon.colcon_core.shell:Creating prefix util module '/home/robot/Software/ROS2/Madox/madox_ws/install/_local_setup_util_ps1.py'
[39.078s] INFO:colcon.colcon_core.shell:Creating prefix chain script '/home/robot/Software/ROS2/Madox/madox_ws/install/setup.ps1'
[39.202s] INFO:colcon.colcon_core.shell:Creating prefix script '/home/robot/Software/ROS2/Madox/madox_ws/install/local_setup.sh'
[39.235s] INFO:colcon.colcon_core.shell:Creating prefix util module '/home/robot/Software/ROS2/Madox/madox_ws/install/_local_setup_util_sh.py'
[39.264s] INFO:colcon.colcon_core.shell:Creating prefix chain script '/home/robot/Software/ROS2/Madox/madox_ws/install/setup.sh'
[39.379s] INFO:colcon.colcon_core.shell:Creating prefix script '/home/robot/Software/ROS2/Madox/madox_ws/install/local_setup.bash'
[39.412s] INFO:colcon.colcon_core.shell:Creating prefix chain script '/home/robot/Software/ROS2/Madox/madox_ws/install/setup.bash'
[39.511s] INFO:colcon.colcon_core.shell:Creating prefix script '/home/robot/Software/ROS2/Madox/madox_ws/install/local_setup.zsh'
[39.535s] INFO:colcon.colcon_core.shell:Creating prefix chain script '/home/robot/Software/ROS2/Madox/madox_ws/install/setup.zsh'
