[1.616s] Invoking command in '/home/robot/Software/ROS2/Madox/madox_ws/build/jetbot_drive': PYTHONPATH=/home/robot/Software/ROS2/Madox/madox_ws/install/jetbot_drive/lib/python3.8/site-packages:${PYTHONPATH} /usr/bin/python3 setup.py develop --prefix /home/robot/Software/ROS2/Madox/madox_ws/install/jetbot_drive --uninstall --editable --build-directory /home/robot/Software/ROS2/Madox/madox_ws/build/jetbot_drive/build
[2.613s] /home/robot/.local/lib/python3.8/site-packages/setuptools/dist.py:642: UserWarning: Usage of dash-separated 'script-dir' will not be supported in future versions. Please use the underscore name 'script_dir' instead
[2.614s]   warnings.warn(
[2.614s] /home/robot/.local/lib/python3.8/site-packages/setuptools/dist.py:642: UserWarning: Usage of dash-separated 'install-scripts' will not be supported in future versions. Please use the underscore name 'install_scripts' instead
[2.614s]   warnings.warn(
[2.818s] running develop
[3.720s] Invoked command in '/home/robot/Software/ROS2/Madox/madox_ws/build/jetbot_drive' returned '0': PYTHONPATH=/home/robot/Software/ROS2/Madox/madox_ws/install/jetbot_drive/lib/python3.8/site-packages:${PYTHONPATH} /usr/bin/python3 setup.py develop --prefix /home/robot/Software/ROS2/Madox/madox_ws/install/jetbot_drive --uninstall --editable --build-directory /home/robot/Software/ROS2/Madox/madox_ws/build/jetbot_drive/build
[3.738s] Invoking command in '/home/robot/Software/ROS2/Madox/madox_ws/src/jetbot_drive': PYTHONPATH=/home/robot/Software/ROS2/Madox/madox_ws/install/jetbot_drive/lib/python3.8/site-packages:${PYTHONPATH} /usr/bin/python3 setup.py egg_info --egg-base ../../build/jetbot_drive build --build-base /home/robot/Software/ROS2/Madox/madox_ws/build/jetbot_drive/build install --prefix /home/robot/Software/ROS2/Madox/madox_ws/install/jetbot_drive --record /home/robot/Software/ROS2/Madox/madox_ws/build/jetbot_drive/install.log --single-version-externally-managed
[4.760s] /home/robot/.local/lib/python3.8/site-packages/setuptools/dist.py:642: UserWarning: Usage of dash-separated 'script-dir' will not be supported in future versions. Please use the underscore name 'script_dir' instead
[4.760s]   warnings.warn(
[4.761s] /home/robot/.local/lib/python3.8/site-packages/setuptools/dist.py:642: UserWarning: Usage of dash-separated 'install-scripts' will not be supported in future versions. Please use the underscore name 'install_scripts' instead
[4.761s]   warnings.warn(
[4.889s] running egg_info
[4.893s] writing ../../build/jetbot_drive/jetbot_drive.egg-info/PKG-INFO
[4.906s] writing dependency_links to ../../build/jetbot_drive/jetbot_drive.egg-info/dependency_links.txt
[4.915s] writing entry points to ../../build/jetbot_drive/jetbot_drive.egg-info/entry_points.txt
[4.924s] writing requirements to ../../build/jetbot_drive/jetbot_drive.egg-info/requires.txt
[4.933s] writing top-level names to ../../build/jetbot_drive/jetbot_drive.egg-info/top_level.txt
[5.144s] reading manifest file '../../build/jetbot_drive/jetbot_drive.egg-info/SOURCES.txt'
[5.155s] writing manifest file '../../build/jetbot_drive/jetbot_drive.egg-info/SOURCES.txt'
[5.165s] running build
[5.165s] running build_py
[5.186s] copying jetbot_drive/jetbot_drive.py -> /home/robot/Software/ROS2/Madox/madox_ws/build/jetbot_drive/build/lib/jetbot_drive
[5.210s] running install
[5.214s] running install_lib
[5.225s] copying /home/robot/Software/ROS2/Madox/madox_ws/build/jetbot_drive/build/lib/jetbot_drive/jetbot_drive.py -> /home/robot/Software/ROS2/Madox/madox_ws/install/jetbot_drive/lib/python3.8/site-packages/jetbot_drive
[5.257s] byte-compiling /home/robot/Software/ROS2/Madox/madox_ws/install/jetbot_drive/lib/python3.8/site-packages/jetbot_drive/jetbot_drive.py to jetbot_drive.cpython-38.pyc
[5.288s] running install_data
[5.292s] running install_egg_info
[5.300s] removing '/home/robot/Software/ROS2/Madox/madox_ws/install/jetbot_drive/lib/python3.8/site-packages/jetbot_drive-1.0.0-py3.8.egg-info' (and everything under it)
[5.334s] Copying ../../build/jetbot_drive/jetbot_drive.egg-info to /home/robot/Software/ROS2/Madox/madox_ws/install/jetbot_drive/lib/python3.8/site-packages/jetbot_drive-1.0.0-py3.8.egg-info
[5.466s] running install_scripts
[5.547s] Installing ros2_jetbot_drive script to /home/robot/Software/ROS2/Madox/madox_ws/install/jetbot_drive/lib/jetbot_drive
[5.563s] writing list of installed files to '/home/robot/Software/ROS2/Madox/madox_ws/build/jetbot_drive/install.log'
[5.669s] Invoked command in '/home/robot/Software/ROS2/Madox/madox_ws/src/jetbot_drive' returned '0': PYTHONPATH=/home/robot/Software/ROS2/Madox/madox_ws/install/jetbot_drive/lib/python3.8/site-packages:${PYTHONPATH} /usr/bin/python3 setup.py egg_info --egg-base ../../build/jetbot_drive build --build-base /home/robot/Software/ROS2/Madox/madox_ws/build/jetbot_drive/build install --prefix /home/robot/Software/ROS2/Madox/madox_ws/install/jetbot_drive --record /home/robot/Software/ROS2/Madox/madox_ws/build/jetbot_drive/install.log --single-version-externally-managed
