[1.640s] DEBUG:colcon:Command line arguments: ['/usr/bin/colcon', 'build', '--packages-select', 'ros2_IMU']
[1.640s] DEBUG:colcon:Parsed command line arguments: Namespace(ament_cmake_args=None, base_paths=['.'], build_base='build', catkin_cmake_args=None, catkin_skip_building_tests=False, cmake_args=None, cmake_clean_cache=False, cmake_clean_first=False, cmake_force_configure=False, cmake_target=None, cmake_target_skip_unavailable=False, continue_on_error=False, event_handlers=None, executor='parallel', ignore_user_meta=False, install_base='install', log_base=None, log_level=None, main=<bound method BuildVerb.main of <colcon_core.verb.build.BuildVerb object at 0x7f77590b80>>, merge_install=False, metas=['./colcon.meta'], packages_above=None, packages_above_and_dependencies=None, packages_above_depth=None, packages_end=None, packages_ignore=None, packages_ignore_regex=None, packages_select=['ros2_IMU'], packages_select_build_failed=False, packages_select_by_dep=None, packages_select_regex=None, packages_select_test_failures=False, packages_skip=None, packages_skip_build_finished=False, packages_skip_by_dep=None, packages_skip_regex=None, packages_skip_test_passed=False, packages_skip_up_to=None, packages_start=None, packages_up_to=None, packages_up_to_regex=None, parallel_workers=4, paths=None, symlink_install=False, test_result_base=None, verb_extension=<colcon_core.verb.build.BuildVerb object at 0x7f77590b80>, verb_name='build', verb_parser=<colcon_defaults.argument_parser.defaults.DefaultArgumentsDecorator object at 0x7f775a3130>)
[1.670s] Level 1:colcon.colcon_core.package_discovery:discover_packages(colcon_meta) check parameters
[1.670s] Level 1:colcon.colcon_core.package_discovery:discover_packages(recursive) check parameters
[1.671s] Level 1:colcon.colcon_core.package_discovery:discover_packages(ignore) check parameters
[1.671s] Level 1:colcon.colcon_core.package_discovery:discover_packages(path) check parameters
[1.671s] Level 1:colcon.colcon_core.package_discovery:discover_packages(colcon_meta) discover
[1.671s] Level 1:colcon.colcon_core.package_discovery:discover_packages(recursive) discover
[1.671s] INFO:colcon.colcon_core.package_discovery:Crawling recursively for packages in '/home/robot/Software/ROS2/Madox/madox_ws'
[1.678s] Level 1:colcon.colcon_core.package_identification:_identify(.) by extensions ['ignore', 'ignore_ament_install']
[1.678s] Level 1:colcon.colcon_core.package_identification:_identify(.) by extension 'ignore'
[1.678s] Level 1:colcon.colcon_core.package_identification:_identify(.) by extension 'ignore_ament_install'
[1.679s] Level 1:colcon.colcon_core.package_identification:_identify(.) by extensions ['colcon_pkg']
[1.679s] Level 1:colcon.colcon_core.package_identification:_identify(.) by extension 'colcon_pkg'
[1.679s] Level 1:colcon.colcon_core.package_identification:_identify(.) by extensions ['colcon_meta']
[1.679s] Level 1:colcon.colcon_core.package_identification:_identify(.) by extension 'colcon_meta'
[1.679s] Level 1:colcon.colcon_core.package_identification:_identify(.) by extensions ['ros']
[1.679s] Level 1:colcon.colcon_core.package_identification:_identify(.) by extension 'ros'
[1.725s] Level 1:colcon.colcon_core.package_identification:_identify(.) by extensions ['cmake', 'python']
[1.725s] Level 1:colcon.colcon_core.package_identification:_identify(.) by extension 'cmake'
[1.725s] Level 1:colcon.colcon_core.package_identification:_identify(.) by extension 'python'
[1.725s] Level 1:colcon.colcon_core.package_identification:_identify(.) by extensions ['python_setup_py']
[1.725s] Level 1:colcon.colcon_core.package_identification:_identify(.) by extension 'python_setup_py'
[1.728s] Level 1:colcon.colcon_core.package_identification:_identify(build) by extensions ['ignore', 'ignore_ament_install']
[1.728s] Level 1:colcon.colcon_core.package_identification:_identify(build) by extension 'ignore'
[1.729s] Level 1:colcon.colcon_core.package_identification:_identify(build) ignored
[1.734s] Level 1:colcon.colcon_core.package_identification:_identify(install) by extensions ['ignore', 'ignore_ament_install']
[1.735s] Level 1:colcon.colcon_core.package_identification:_identify(install) by extension 'ignore'
[1.735s] Level 1:colcon.colcon_core.package_identification:_identify(install) ignored
[1.738s] Level 1:colcon.colcon_core.package_identification:_identify(launch) by extensions ['ignore', 'ignore_ament_install']
[1.739s] Level 1:colcon.colcon_core.package_identification:_identify(launch) by extension 'ignore'
[1.739s] Level 1:colcon.colcon_core.package_identification:_identify(launch) by extension 'ignore_ament_install'
[1.739s] Level 1:colcon.colcon_core.package_identification:_identify(launch) by extensions ['colcon_pkg']
[1.739s] Level 1:colcon.colcon_core.package_identification:_identify(launch) by extension 'colcon_pkg'
[1.740s] Level 1:colcon.colcon_core.package_identification:_identify(launch) by extensions ['colcon_meta']
[1.740s] Level 1:colcon.colcon_core.package_identification:_identify(launch) by extension 'colcon_meta'
[1.740s] Level 1:colcon.colcon_core.package_identification:_identify(launch) by extensions ['ros']
[1.740s] Level 1:colcon.colcon_core.package_identification:_identify(launch) by extension 'ros'
[1.741s] Level 1:colcon.colcon_core.package_identification:_identify(launch) by extensions ['cmake', 'python']
[1.741s] Level 1:colcon.colcon_core.package_identification:_identify(launch) by extension 'cmake'
[1.741s] Level 1:colcon.colcon_core.package_identification:_identify(launch) by extension 'python'
[1.741s] Level 1:colcon.colcon_core.package_identification:_identify(launch) by extensions ['python_setup_py']
[1.741s] Level 1:colcon.colcon_core.package_identification:_identify(launch) by extension 'python_setup_py'
[1.743s] Level 1:colcon.colcon_core.package_identification:_identify(launch/__pycache__) by extensions ['ignore', 'ignore_ament_install']
[1.744s] Level 1:colcon.colcon_core.package_identification:_identify(launch/__pycache__) by extension 'ignore'
[1.744s] Level 1:colcon.colcon_core.package_identification:_identify(launch/__pycache__) by extension 'ignore_ament_install'
[1.744s] Level 1:colcon.colcon_core.package_identification:_identify(launch/__pycache__) by extensions ['colcon_pkg']
[1.744s] Level 1:colcon.colcon_core.package_identification:_identify(launch/__pycache__) by extension 'colcon_pkg'
[1.745s] Level 1:colcon.colcon_core.package_identification:_identify(launch/__pycache__) by extensions ['colcon_meta']
[1.745s] Level 1:colcon.colcon_core.package_identification:_identify(launch/__pycache__) by extension 'colcon_meta'
[1.745s] Level 1:colcon.colcon_core.package_identification:_identify(launch/__pycache__) by extensions ['ros']
[1.745s] Level 1:colcon.colcon_core.package_identification:_identify(launch/__pycache__) by extension 'ros'
[1.745s] Level 1:colcon.colcon_core.package_identification:_identify(launch/__pycache__) by extensions ['cmake', 'python']
[1.746s] Level 1:colcon.colcon_core.package_identification:_identify(launch/__pycache__) by extension 'cmake'
[1.746s] Level 1:colcon.colcon_core.package_identification:_identify(launch/__pycache__) by extension 'python'
[1.746s] Level 1:colcon.colcon_core.package_identification:_identify(launch/__pycache__) by extensions ['python_setup_py']
[1.746s] Level 1:colcon.colcon_core.package_identification:_identify(launch/__pycache__) by extension 'python_setup_py'
[1.750s] Level 1:colcon.colcon_core.package_identification:_identify(launch/build) by extensions ['ignore', 'ignore_ament_install']
[1.751s] Level 1:colcon.colcon_core.package_identification:_identify(launch/build) by extension 'ignore'
[1.752s] Level 1:colcon.colcon_core.package_identification:_identify(launch/build) ignored
[1.755s] Level 1:colcon.colcon_core.package_identification:_identify(launch/install) by extensions ['ignore', 'ignore_ament_install']
[1.756s] Level 1:colcon.colcon_core.package_identification:_identify(launch/install) by extension 'ignore'
[1.756s] Level 1:colcon.colcon_core.package_identification:_identify(launch/install) ignored
[1.760s] Level 1:colcon.colcon_core.package_identification:_identify(launch/log) by extensions ['ignore', 'ignore_ament_install']
[1.761s] Level 1:colcon.colcon_core.package_identification:_identify(launch/log) by extension 'ignore'
[1.761s] Level 1:colcon.colcon_core.package_identification:_identify(launch/log) ignored
[1.767s] Level 1:colcon.colcon_core.package_identification:_identify(log) by extensions ['ignore', 'ignore_ament_install']
[1.768s] Level 1:colcon.colcon_core.package_identification:_identify(log) by extension 'ignore'
[1.768s] Level 1:colcon.colcon_core.package_identification:_identify(log) ignored
[1.772s] Level 1:colcon.colcon_core.package_identification:_identify(snapshots) by extensions ['ignore', 'ignore_ament_install']
[1.772s] Level 1:colcon.colcon_core.package_identification:_identify(snapshots) by extension 'ignore'
[1.772s] Level 1:colcon.colcon_core.package_identification:_identify(snapshots) by extension 'ignore_ament_install'
[1.773s] Level 1:colcon.colcon_core.package_identification:_identify(snapshots) by extensions ['colcon_pkg']
[1.773s] Level 1:colcon.colcon_core.package_identification:_identify(snapshots) by extension 'colcon_pkg'
[1.773s] Level 1:colcon.colcon_core.package_identification:_identify(snapshots) by extensions ['colcon_meta']
[1.773s] Level 1:colcon.colcon_core.package_identification:_identify(snapshots) by extension 'colcon_meta'
[1.773s] Level 1:colcon.colcon_core.package_identification:_identify(snapshots) by extensions ['ros']
[1.773s] Level 1:colcon.colcon_core.package_identification:_identify(snapshots) by extension 'ros'
[1.774s] Level 1:colcon.colcon_core.package_identification:_identify(snapshots) by extensions ['cmake', 'python']
[1.774s] Level 1:colcon.colcon_core.package_identification:_identify(snapshots) by extension 'cmake'
[1.774s] Level 1:colcon.colcon_core.package_identification:_identify(snapshots) by extension 'python'
[1.774s] Level 1:colcon.colcon_core.package_identification:_identify(snapshots) by extensions ['python_setup_py']
[1.774s] Level 1:colcon.colcon_core.package_identification:_identify(snapshots) by extension 'python_setup_py'
[1.780s] Level 1:colcon.colcon_core.package_identification:_identify(src) by extensions ['ignore', 'ignore_ament_install']
[1.780s] Level 1:colcon.colcon_core.package_identification:_identify(src) by extension 'ignore'
[1.780s] Level 1:colcon.colcon_core.package_identification:_identify(src) by extension 'ignore_ament_install'
[1.781s] Level 1:colcon.colcon_core.package_identification:_identify(src) by extensions ['colcon_pkg']
[1.781s] Level 1:colcon.colcon_core.package_identification:_identify(src) by extension 'colcon_pkg'
[1.781s] Level 1:colcon.colcon_core.package_identification:_identify(src) by extensions ['colcon_meta']
[1.781s] Level 1:colcon.colcon_core.package_identification:_identify(src) by extension 'colcon_meta'
[1.781s] Level 1:colcon.colcon_core.package_identification:_identify(src) by extensions ['ros']
[1.781s] Level 1:colcon.colcon_core.package_identification:_identify(src) by extension 'ros'
[1.782s] Level 1:colcon.colcon_core.package_identification:_identify(src) by extensions ['cmake', 'python']
[1.782s] Level 1:colcon.colcon_core.package_identification:_identify(src) by extension 'cmake'
[1.782s] Level 1:colcon.colcon_core.package_identification:_identify(src) by extension 'python'
[1.782s] Level 1:colcon.colcon_core.package_identification:_identify(src) by extensions ['python_setup_py']
[1.782s] Level 1:colcon.colcon_core.package_identification:_identify(src) by extension 'python_setup_py'
[1.788s] Level 1:colcon.colcon_core.package_identification:_identify(src/camera) by extensions ['ignore', 'ignore_ament_install']
[1.788s] Level 1:colcon.colcon_core.package_identification:_identify(src/camera) by extension 'ignore'
[1.788s] Level 1:colcon.colcon_core.package_identification:_identify(src/camera) by extension 'ignore_ament_install'
[1.789s] Level 1:colcon.colcon_core.package_identification:_identify(src/camera) by extensions ['colcon_pkg']
[1.789s] Level 1:colcon.colcon_core.package_identification:_identify(src/camera) by extension 'colcon_pkg'
[1.789s] Level 1:colcon.colcon_core.package_identification:_identify(src/camera) by extensions ['colcon_meta']
[1.789s] Level 1:colcon.colcon_core.package_identification:_identify(src/camera) by extension 'colcon_meta'
[1.789s] Level 1:colcon.colcon_core.package_identification:_identify(src/camera) by extensions ['ros']
[1.789s] Level 1:colcon.colcon_core.package_identification:_identify(src/camera) by extension 'ros'
[1.806s] DEBUG:colcon.colcon_core.package_identification:Package 'src/camera' with type 'ros.ament_python' and name 'camera'
[1.811s] Level 1:colcon.colcon_core.package_identification:_identify(src/camera_pan_tilt) by extensions ['ignore', 'ignore_ament_install']
[1.812s] Level 1:colcon.colcon_core.package_identification:_identify(src/camera_pan_tilt) by extension 'ignore'
[1.812s] Level 1:colcon.colcon_core.package_identification:_identify(src/camera_pan_tilt) by extension 'ignore_ament_install'
[1.812s] Level 1:colcon.colcon_core.package_identification:_identify(src/camera_pan_tilt) by extensions ['colcon_pkg']
[1.813s] Level 1:colcon.colcon_core.package_identification:_identify(src/camera_pan_tilt) by extension 'colcon_pkg'
[1.813s] Level 1:colcon.colcon_core.package_identification:_identify(src/camera_pan_tilt) by extensions ['colcon_meta']
[1.813s] Level 1:colcon.colcon_core.package_identification:_identify(src/camera_pan_tilt) by extension 'colcon_meta'
[1.813s] Level 1:colcon.colcon_core.package_identification:_identify(src/camera_pan_tilt) by extensions ['ros']
[1.813s] Level 1:colcon.colcon_core.package_identification:_identify(src/camera_pan_tilt) by extension 'ros'
[1.821s] DEBUG:colcon.colcon_core.package_identification:Package 'src/camera_pan_tilt' with type 'ros.ament_python' and name 'camera_pan_tilt'
[1.826s] Level 1:colcon.colcon_core.package_identification:_identify(src/jetbot_drive) by extensions ['ignore', 'ignore_ament_install']
[1.827s] Level 1:colcon.colcon_core.package_identification:_identify(src/jetbot_drive) by extension 'ignore'
[1.828s] Level 1:colcon.colcon_core.package_identification:_identify(src/jetbot_drive) by extension 'ignore_ament_install'
[1.828s] Level 1:colcon.colcon_core.package_identification:_identify(src/jetbot_drive) by extensions ['colcon_pkg']
[1.828s] Level 1:colcon.colcon_core.package_identification:_identify(src/jetbot_drive) by extension 'colcon_pkg'
[1.828s] Level 1:colcon.colcon_core.package_identification:_identify(src/jetbot_drive) by extensions ['colcon_meta']
[1.828s] Level 1:colcon.colcon_core.package_identification:_identify(src/jetbot_drive) by extension 'colcon_meta'
[1.829s] Level 1:colcon.colcon_core.package_identification:_identify(src/jetbot_drive) by extensions ['ros']
[1.829s] Level 1:colcon.colcon_core.package_identification:_identify(src/jetbot_drive) by extension 'ros'
[1.835s] DEBUG:colcon.colcon_core.package_identification:Package 'src/jetbot_drive' with type 'ros.ament_python' and name 'jetbot_drive'
[1.839s] Level 1:colcon.colcon_core.package_identification:_identify(src/jetbot_launch) by extensions ['ignore', 'ignore_ament_install']
[1.839s] Level 1:colcon.colcon_core.package_identification:_identify(src/jetbot_launch) by extension 'ignore'
[1.840s] Level 1:colcon.colcon_core.package_identification:_identify(src/jetbot_launch) by extension 'ignore_ament_install'
[1.840s] Level 1:colcon.colcon_core.package_identification:_identify(src/jetbot_launch) by extensions ['colcon_pkg']
[1.840s] Level 1:colcon.colcon_core.package_identification:_identify(src/jetbot_launch) by extension 'colcon_pkg'
[1.840s] Level 1:colcon.colcon_core.package_identification:_identify(src/jetbot_launch) by extensions ['colcon_meta']
[1.840s] Level 1:colcon.colcon_core.package_identification:_identify(src/jetbot_launch) by extension 'colcon_meta'
[1.841s] Level 1:colcon.colcon_core.package_identification:_identify(src/jetbot_launch) by extensions ['ros']
[1.841s] Level 1:colcon.colcon_core.package_identification:_identify(src/jetbot_launch) by extension 'ros'
[1.849s] DEBUG:colcon.colcon_core.package_identification:Package 'src/jetbot_launch' with type 'ros.ament_cmake' and name 'jetbot_launch'
[1.851s] Level 1:colcon.colcon_core.package_identification:_identify(src/jetbot_oled_display) by extensions ['ignore', 'ignore_ament_install']
[1.851s] Level 1:colcon.colcon_core.package_identification:_identify(src/jetbot_oled_display) by extension 'ignore'
[1.852s] Level 1:colcon.colcon_core.package_identification:_identify(src/jetbot_oled_display) by extension 'ignore_ament_install'
[1.852s] Level 1:colcon.colcon_core.package_identification:_identify(src/jetbot_oled_display) by extensions ['colcon_pkg']
[1.852s] Level 1:colcon.colcon_core.package_identification:_identify(src/jetbot_oled_display) by extension 'colcon_pkg'
[1.852s] Level 1:colcon.colcon_core.package_identification:_identify(src/jetbot_oled_display) by extensions ['colcon_meta']
[1.852s] Level 1:colcon.colcon_core.package_identification:_identify(src/jetbot_oled_display) by extension 'colcon_meta'
[1.853s] Level 1:colcon.colcon_core.package_identification:_identify(src/jetbot_oled_display) by extensions ['ros']
[1.853s] Level 1:colcon.colcon_core.package_identification:_identify(src/jetbot_oled_display) by extension 'ros'
[1.864s] DEBUG:colcon.colcon_core.package_identification:Package 'src/jetbot_oled_display' with type 'ros.ament_python' and name 'jetbot_oled_display'
[1.868s] Level 1:colcon.colcon_core.package_identification:_identify(src/jetbot_sys_info) by extensions ['ignore', 'ignore_ament_install']
[1.871s] Level 1:colcon.colcon_core.package_identification:_identify(src/jetbot_sys_info) by extension 'ignore'
[1.871s] Level 1:colcon.colcon_core.package_identification:_identify(src/jetbot_sys_info) by extension 'ignore_ament_install'
[1.872s] Level 1:colcon.colcon_core.package_identification:_identify(src/jetbot_sys_info) by extensions ['colcon_pkg']
[1.872s] Level 1:colcon.colcon_core.package_identification:_identify(src/jetbot_sys_info) by extension 'colcon_pkg'
[1.872s] Level 1:colcon.colcon_core.package_identification:_identify(src/jetbot_sys_info) by extensions ['colcon_meta']
[1.872s] Level 1:colcon.colcon_core.package_identification:_identify(src/jetbot_sys_info) by extension 'colcon_meta'
[1.872s] Level 1:colcon.colcon_core.package_identification:_identify(src/jetbot_sys_info) by extensions ['ros']
[1.873s] Level 1:colcon.colcon_core.package_identification:_identify(src/jetbot_sys_info) by extension 'ros'
[1.880s] DEBUG:colcon.colcon_core.package_identification:Package 'src/jetbot_sys_info' with type 'ros.ament_python' and name 'jetbot_sys_info'
[1.886s] Level 1:colcon.colcon_core.package_identification:_identify(src/pid_node) by extensions ['ignore', 'ignore_ament_install']
[1.887s] Level 1:colcon.colcon_core.package_identification:_identify(src/pid_node) by extension 'ignore'
[1.888s] Level 1:colcon.colcon_core.package_identification:_identify(src/pid_node) by extension 'ignore_ament_install'
[1.888s] Level 1:colcon.colcon_core.package_identification:_identify(src/pid_node) by extensions ['colcon_pkg']
[1.888s] Level 1:colcon.colcon_core.package_identification:_identify(src/pid_node) by extension 'colcon_pkg'
[1.888s] Level 1:colcon.colcon_core.package_identification:_identify(src/pid_node) by extensions ['colcon_meta']
[1.889s] Level 1:colcon.colcon_core.package_identification:_identify(src/pid_node) by extension 'colcon_meta'
[1.889s] Level 1:colcon.colcon_core.package_identification:_identify(src/pid_node) by extensions ['ros']
[1.889s] Level 1:colcon.colcon_core.package_identification:_identify(src/pid_node) by extension 'ros'
[1.896s] DEBUG:colcon.colcon_core.package_identification:Package 'src/pid_node' with type 'ros.ament_python' and name 'pid_node'
[1.902s] Level 1:colcon.colcon_core.package_identification:_identify(src/ros2_IMU) by extensions ['ignore', 'ignore_ament_install']
[1.903s] Level 1:colcon.colcon_core.package_identification:_identify(src/ros2_IMU) by extension 'ignore'
[1.904s] Level 1:colcon.colcon_core.package_identification:_identify(src/ros2_IMU) by extension 'ignore_ament_install'
[1.904s] Level 1:colcon.colcon_core.package_identification:_identify(src/ros2_IMU) by extensions ['colcon_pkg']
[1.904s] Level 1:colcon.colcon_core.package_identification:_identify(src/ros2_IMU) by extension 'colcon_pkg'
[1.905s] Level 1:colcon.colcon_core.package_identification:_identify(src/ros2_IMU) by extensions ['colcon_meta']
[1.905s] Level 1:colcon.colcon_core.package_identification:_identify(src/ros2_IMU) by extension 'colcon_meta'
[1.905s] Level 1:colcon.colcon_core.package_identification:_identify(src/ros2_IMU) by extensions ['ros']
[1.905s] Level 1:colcon.colcon_core.package_identification:_identify(src/ros2_IMU) by extension 'ros'
[1.918s] DEBUG:colcon.colcon_core.package_identification:Package 'src/ros2_IMU' with type 'ros.ament_cmake' and name 'ros2_IMU'
[1.922s] Level 1:colcon.colcon_core.package_identification:_identify(src/ros2_rtimulib) by extensions ['ignore', 'ignore_ament_install']
[1.924s] Level 1:colcon.colcon_core.package_identification:_identify(src/ros2_rtimulib) by extension 'ignore'
[1.924s] Level 1:colcon.colcon_core.package_identification:_identify(src/ros2_rtimulib) by extension 'ignore_ament_install'
[1.924s] Level 1:colcon.colcon_core.package_identification:_identify(src/ros2_rtimulib) by extensions ['colcon_pkg']
[1.924s] Level 1:colcon.colcon_core.package_identification:_identify(src/ros2_rtimulib) by extension 'colcon_pkg'
[1.925s] Level 1:colcon.colcon_core.package_identification:_identify(src/ros2_rtimulib) by extensions ['colcon_meta']
[1.925s] Level 1:colcon.colcon_core.package_identification:_identify(src/ros2_rtimulib) by extension 'colcon_meta'
[1.925s] Level 1:colcon.colcon_core.package_identification:_identify(src/ros2_rtimulib) by extensions ['ros']
[1.925s] Level 1:colcon.colcon_core.package_identification:_identify(src/ros2_rtimulib) by extension 'ros'
[1.936s] DEBUG:colcon.colcon_core.package_identification:Package 'src/ros2_rtimulib' with type 'ros.ament_python' and name 'ros2_rtimulib'
[1.938s] Level 1:colcon.colcon_core.package_discovery:discover_packages(recursive) using defaults
[1.939s] Level 1:colcon.colcon_core.package_discovery:discover_packages(ignore) discover
[1.939s] Level 1:colcon.colcon_core.package_discovery:discover_packages(ignore) using defaults
[1.939s] Level 1:colcon.colcon_core.package_discovery:discover_packages(path) discover
[1.940s] Level 1:colcon.colcon_core.package_discovery:discover_packages(path) using defaults
[2.028s] INFO:colcon.colcon_core.package_selection:Skipping not selected package 'camera' in 'src/camera'
[2.029s] INFO:colcon.colcon_core.package_selection:Skipping not selected package 'camera_pan_tilt' in 'src/camera_pan_tilt'
[2.029s] INFO:colcon.colcon_core.package_selection:Skipping not selected package 'jetbot_drive' in 'src/jetbot_drive'
[2.029s] INFO:colcon.colcon_core.package_selection:Skipping not selected package 'jetbot_launch' in 'src/jetbot_launch'
[2.029s] INFO:colcon.colcon_core.package_selection:Skipping not selected package 'jetbot_sys_info' in 'src/jetbot_sys_info'
[2.029s] INFO:colcon.colcon_core.package_selection:Skipping not selected package 'pid_node' in 'src/pid_node'
[2.029s] INFO:colcon.colcon_core.package_selection:Skipping not selected package 'ros2_rtimulib' in 'src/ros2_rtimulib'
[2.029s] INFO:colcon.colcon_core.package_selection:Skipping not selected package 'jetbot_oled_display' in 'src/jetbot_oled_display'
[2.045s] Level 5:colcon.colcon_core.verb:set package 'ros2_IMU' build argument 'cmake_args' from command line to 'None'
[2.045s] Level 5:colcon.colcon_core.verb:set package 'ros2_IMU' build argument 'cmake_target' from command line to 'None'
[2.045s] Level 5:colcon.colcon_core.verb:set package 'ros2_IMU' build argument 'cmake_target_skip_unavailable' from command line to 'False'
[2.045s] Level 5:colcon.colcon_core.verb:set package 'ros2_IMU' build argument 'cmake_clean_cache' from command line to 'False'
[2.046s] Level 5:colcon.colcon_core.verb:set package 'ros2_IMU' build argument 'cmake_clean_first' from command line to 'False'
[2.046s] Level 5:colcon.colcon_core.verb:set package 'ros2_IMU' build argument 'cmake_force_configure' from command line to 'False'
[2.046s] Level 5:colcon.colcon_core.verb:set package 'ros2_IMU' build argument 'ament_cmake_args' from command line to 'None'
[2.046s] Level 5:colcon.colcon_core.verb:set package 'ros2_IMU' build argument 'catkin_cmake_args' from command line to 'None'
[2.046s] Level 5:colcon.colcon_core.verb:set package 'ros2_IMU' build argument 'catkin_skip_building_tests' from command line to 'False'
[2.046s] DEBUG:colcon.colcon_core.verb:Building package 'ros2_IMU' with the following arguments: {'ament_cmake_args': None, 'build_base': '/home/robot/Software/ROS2/Madox/madox_ws/build/ros2_IMU', 'catkin_cmake_args': None, 'catkin_skip_building_tests': False, 'cmake_args': None, 'cmake_clean_cache': False, 'cmake_clean_first': False, 'cmake_force_configure': False, 'cmake_target': None, 'cmake_target_skip_unavailable': False, 'install_base': '/home/robot/Software/ROS2/Madox/madox_ws/install/ros2_IMU', 'merge_install': False, 'path': '/home/robot/Software/ROS2/Madox/madox_ws/src/ros2_IMU', 'symlink_install': False, 'test_result_base': None}
[2.048s] INFO:colcon.colcon_core.executor:Executing jobs using 'parallel' executor
[2.056s] DEBUG:colcon.colcon_parallel_executor.executor.parallel:run_until_complete
[2.057s] INFO:colcon.colcon_ros.task.ament_cmake.build:Building ROS package in '/home/robot/Software/ROS2/Madox/madox_ws/src/ros2_IMU' with build type 'ament_cmake'
[2.057s] INFO:colcon.colcon_cmake.task.cmake.build:Building CMake package in '/home/robot/Software/ROS2/Madox/madox_ws/src/ros2_IMU'
[2.074s] INFO:colcon.colcon_core.plugin_system:Skipping extension 'colcon_core.shell.bat': Not used on non-Windows systems
[2.074s] INFO:colcon.colcon_core.shell:Skip shell extension 'powershell' for command environment: Not usable outside of PowerShell
[2.075s] DEBUG:colcon.colcon_core.shell:Skip shell extension 'dsv' for command environment
[2.177s] DEBUG:colcon.colcon_core.shell:Ignoring prefix path '/opt/ros/foxy'
[2.290s] DEBUG:colcon.colcon_core.event_handler.log_command:Invoking command in '/home/robot/Software/ROS2/Madox/madox_ws/build/ros2_IMU': CMAKE_PREFIX_PATH=/home/robot/Software/ROS2/Madox/madox_ws/install/ros2_rtimulib:/home/robot/Software/ROS2/Madox/madox_ws/install/pid_node:/home/robot/Software/ROS2/Madox/madox_ws/install/jetbot_sys_info:/home/robot/Software/ROS2/Madox/madox_ws/install/jetbot_oled_display:/home/robot/Software/ROS2/Madox/madox_ws/install/jetbot_launch:/home/robot/Software/ROS2/Madox/madox_ws/install/jetbot_drive:/home/robot/Software/ROS2/Madox/madox_ws/install/camera_pan_tilt:/home/robot/Software/ROS2/Madox/madox_ws/install/camera:/opt/ros/foxy /usr/bin/cmake --build /home/robot/Software/ROS2/Madox/madox_ws/build/ros2_IMU -- -j4 -l4
[5.997s] DEBUG:colcon.colcon_core.event_handler.log_command:Invoked command in '/home/robot/Software/ROS2/Madox/madox_ws/build/ros2_IMU' returned '2': CMAKE_PREFIX_PATH=/home/robot/Software/ROS2/Madox/madox_ws/install/ros2_rtimulib:/home/robot/Software/ROS2/Madox/madox_ws/install/pid_node:/home/robot/Software/ROS2/Madox/madox_ws/install/jetbot_sys_info:/home/robot/Software/ROS2/Madox/madox_ws/install/jetbot_oled_display:/home/robot/Software/ROS2/Madox/madox_ws/install/jetbot_launch:/home/robot/Software/ROS2/Madox/madox_ws/install/jetbot_drive:/home/robot/Software/ROS2/Madox/madox_ws/install/camera_pan_tilt:/home/robot/Software/ROS2/Madox/madox_ws/install/camera:/opt/ros/foxy /usr/bin/cmake --build /home/robot/Software/ROS2/Madox/madox_ws/build/ros2_IMU -- -j4 -l4
[6.141s] Level 1:colcon.colcon_core.environment:create_environment_scripts_only(ros2_IMU)
[6.155s] Level 1:colcon.colcon_core.environment:checking '/home/robot/Software/ROS2/Madox/madox_ws/install/ros2_IMU' for CMake module files
[6.174s] Level 1:colcon.colcon_core.environment:checking '/home/robot/Software/ROS2/Madox/madox_ws/install/ros2_IMU' for CMake config files
[6.196s] Level 1:colcon.colcon_core.environment:checking '/home/robot/Software/ROS2/Madox/madox_ws/install/ros2_IMU/bin'
[6.197s] Level 1:colcon.colcon_core.environment:checking '/home/robot/Software/ROS2/Madox/madox_ws/install/ros2_IMU/lib/pkgconfig/ros2_IMU.pc'
[6.197s] Level 1:colcon.colcon_core.environment:checking '/home/robot/Software/ROS2/Madox/madox_ws/install/ros2_IMU/lib/python3.8/site-packages'
[6.201s] INFO:colcon.colcon_core.shell:Creating package script '/home/robot/Software/ROS2/Madox/madox_ws/install/ros2_IMU/share/ros2_IMU/package.ps1'
[6.216s] INFO:colcon.colcon_core.shell:Creating package descriptor '/home/robot/Software/ROS2/Madox/madox_ws/install/ros2_IMU/share/ros2_IMU/package.dsv'
[6.229s] INFO:colcon.colcon_core.shell:Creating package script '/home/robot/Software/ROS2/Madox/madox_ws/install/ros2_IMU/share/ros2_IMU/package.sh'
[6.245s] INFO:colcon.colcon_core.shell:Creating package script '/home/robot/Software/ROS2/Madox/madox_ws/install/ros2_IMU/share/ros2_IMU/package.bash'
[6.260s] INFO:colcon.colcon_core.shell:Creating package script '/home/robot/Software/ROS2/Madox/madox_ws/install/ros2_IMU/share/ros2_IMU/package.zsh'
[6.277s] Level 1:colcon.colcon_core.environment:create_file_with_runtime_dependencies(/home/robot/Software/ROS2/Madox/madox_ws/install/ros2_IMU/share/colcon-core/packages/ros2_IMU)
[6.299s] DEBUG:colcon.colcon_parallel_executor.executor.parallel:closing loop
[6.300s] DEBUG:colcon.colcon_parallel_executor.executor.parallel:loop closed
[6.300s] DEBUG:colcon.colcon_parallel_executor.executor.parallel:run_until_complete finished with '2'
[6.301s] DEBUG:colcon.colcon_core.event_reactor:joining thread
[6.338s] INFO:colcon.colcon_core.plugin_system:Skipping extension 'colcon_notification.desktop_notification.terminal_notifier': Not used on non-Darwin systems
[6.339s] INFO:colcon.colcon_core.plugin_system:Skipping extension 'colcon_notification.desktop_notification.win32': Not used on non-Windows systems
[6.339s] INFO:colcon.colcon_notification.desktop_notification:Sending desktop notification using 'notify2'
[31.348s] DEBUG:colcon.colcon_notification.desktop_notification.notify2:Failed to initialize notify2: org.freedesktop.DBus.Error.NoReply: Did not receive a reply. Possible causes include: the remote application did not send a reply, the message bus security policy blocked the reply, the reply timeout expired, or the network connection was broken.
[31.358s] DEBUG:colcon.colcon_core.event_reactor:joined thread
[31.371s] INFO:colcon.colcon_core.shell:Creating prefix script '/home/robot/Software/ROS2/Madox/madox_ws/install/local_setup.ps1'
[31.401s] INFO:colcon.colcon_core.shell:Creating prefix util module '/home/robot/Software/ROS2/Madox/madox_ws/install/_local_setup_util_ps1.py'
[31.432s] INFO:colcon.colcon_core.shell:Creating prefix chain script '/home/robot/Software/ROS2/Madox/madox_ws/install/setup.ps1'
[31.532s] INFO:colcon.colcon_core.shell:Creating prefix script '/home/robot/Software/ROS2/Madox/madox_ws/install/local_setup.sh'
[31.556s] INFO:colcon.colcon_core.shell:Creating prefix util module '/home/robot/Software/ROS2/Madox/madox_ws/install/_local_setup_util_sh.py'
[31.576s] INFO:colcon.colcon_core.shell:Creating prefix chain script '/home/robot/Software/ROS2/Madox/madox_ws/install/setup.sh'
[31.673s] INFO:colcon.colcon_core.shell:Creating prefix script '/home/robot/Software/ROS2/Madox/madox_ws/install/local_setup.bash'
[31.693s] INFO:colcon.colcon_core.shell:Creating prefix chain script '/home/robot/Software/ROS2/Madox/madox_ws/install/setup.bash'
[31.772s] INFO:colcon.colcon_core.shell:Creating prefix script '/home/robot/Software/ROS2/Madox/madox_ws/install/local_setup.zsh'
[31.792s] INFO:colcon.colcon_core.shell:Creating prefix chain script '/home/robot/Software/ROS2/Madox/madox_ws/install/setup.zsh'
