/home/paolo/NAS/Software/ROS2/Madox/madox_ws/install/camera/lib/python3.8/site-packages/camera/server.py
/home/paolo/NAS/Software/ROS2/Madox/madox_ws/install/camera/lib/python3.8/site-packages/camera/__init__.py
/home/paolo/NAS/Software/ROS2/Madox/madox_ws/install/camera/lib/python3.8/site-packages/camera/imu_utils.py
/home/paolo/NAS/Software/ROS2/Madox/madox_ws/install/camera/lib/python3.8/site-packages/camera/camera.py
/home/paolo/NAS/Software/ROS2/Madox/madox_ws/install/camera/lib/python3.8/site-packages/camera/overlay_lib.py
/home/paolo/NAS/Software/ROS2/Madox/madox_ws/install/camera/lib/python3.8/site-packages/camera/debounce.py
/home/paolo/NAS/Software/ROS2/Madox/madox_ws/install/camera/lib/python3.8/site-packages/camera/log.py
/home/paolo/NAS/Software/ROS2/Madox/madox_ws/install/camera/lib/python3.8/site-packages/camera/__pycache__/server.cpython-38.pyc
/home/paolo/NAS/Software/ROS2/Madox/madox_ws/install/camera/lib/python3.8/site-packages/camera/__pycache__/__init__.cpython-38.pyc
/home/paolo/NAS/Software/ROS2/Madox/madox_ws/install/camera/lib/python3.8/site-packages/camera/__pycache__/imu_utils.cpython-38.pyc
/home/paolo/NAS/Software/ROS2/Madox/madox_ws/install/camera/lib/python3.8/site-packages/camera/__pycache__/camera.cpython-38.pyc
/home/paolo/NAS/Software/ROS2/Madox/madox_ws/install/camera/lib/python3.8/site-packages/camera/__pycache__/overlay_lib.cpython-38.pyc
/home/paolo/NAS/Software/ROS2/Madox/madox_ws/install/camera/lib/python3.8/site-packages/camera/__pycache__/debounce.cpython-38.pyc
/home/paolo/NAS/Software/ROS2/Madox/madox_ws/install/camera/lib/python3.8/site-packages/camera/__pycache__/log.cpython-38.pyc
/home/paolo/NAS/Software/ROS2/Madox/madox_ws/install/camera/share/ament_index/resource_index/packages/camera
/home/paolo/NAS/Software/ROS2/Madox/madox_ws/install/camera/share/camera/package.xml
/home/paolo/NAS/Software/ROS2/Madox/madox_ws/install/camera/lib/python3.8/site-packages/camera-1.0.0-py3.8.egg-info/PKG-INFO
/home/paolo/NAS/Software/ROS2/Madox/madox_ws/install/camera/lib/python3.8/site-packages/camera-1.0.0-py3.8.egg-info/SOURCES.txt
/home/paolo/NAS/Software/ROS2/Madox/madox_ws/install/camera/lib/python3.8/site-packages/camera-1.0.0-py3.8.egg-info/requires.txt
/home/paolo/NAS/Software/ROS2/Madox/madox_ws/install/camera/lib/python3.8/site-packages/camera-1.0.0-py3.8.egg-info/entry_points.txt
/home/paolo/NAS/Software/ROS2/Madox/madox_ws/install/camera/lib/python3.8/site-packages/camera-1.0.0-py3.8.egg-info/dependency_links.txt
/home/paolo/NAS/Software/ROS2/Madox/madox_ws/install/camera/lib/python3.8/site-packages/camera-1.0.0-py3.8.egg-info/zip-safe
/home/paolo/NAS/Software/ROS2/Madox/madox_ws/install/camera/lib/python3.8/site-packages/camera-1.0.0-py3.8.egg-info/top_level.txt
/home/paolo/NAS/Software/ROS2/Madox/madox_ws/install/camera/lib/camera/ros2_camera
