[3.646s] Invoking command in '/home/robot/Software/ROS2/Madox/madox_ws/src/py_camera': PYTHONPATH=/home/robot/Software/ROS2/Madox/madox_ws/install/py_camera/lib/python3.8/site-packages:${PYTHONPATH} /usr/bin/python3 setup.py egg_info --egg-base ../../build/py_camera build --build-base /home/robot/Software/ROS2/Madox/madox_ws/build/py_camera/build install --prefix /home/robot/Software/ROS2/Madox/madox_ws/install/py_camera --record /home/robot/Software/ROS2/Madox/madox_ws/build/py_camera/install.log --single-version-externally-managed
[4.477s] /home/robot/.local/lib/python3.8/site-packages/setuptools/dist.py:642: UserWarning: Usage of dash-separated 'script-dir' will not be supported in future versions. Please use the underscore name 'script_dir' instead
[4.478s]   warnings.warn(
[4.478s] /home/robot/.local/lib/python3.8/site-packages/setuptools/dist.py:642: UserWarning: Usage of dash-separated 'install-scripts' will not be supported in future versions. Please use the underscore name 'install_scripts' instead
[4.479s]   warnings.warn(
[4.640s] running egg_info
[4.645s] creating ../../build/py_camera/py_camera.egg-info
[4.650s] writing ../../build/py_camera/py_camera.egg-info/PKG-INFO
[4.676s] writing dependency_links to ../../build/py_camera/py_camera.egg-info/dependency_links.txt
[4.691s] writing entry points to ../../build/py_camera/py_camera.egg-info/entry_points.txt
[4.703s] writing requirements to ../../build/py_camera/py_camera.egg-info/requires.txt
[4.714s] writing top-level names to ../../build/py_camera/py_camera.egg-info/top_level.txt
[4.736s] writing manifest file '../../build/py_camera/py_camera.egg-info/SOURCES.txt'
[4.931s] reading manifest file '../../build/py_camera/py_camera.egg-info/SOURCES.txt'
[4.944s] writing manifest file '../../build/py_camera/py_camera.egg-info/SOURCES.txt'
[4.953s] running build
[4.954s] running build_py
[4.958s] creating /home/robot/Software/ROS2/Madox/madox_ws/build/py_camera/build
[4.960s] creating /home/robot/Software/ROS2/Madox/madox_ws/build/py_camera/build/lib
[4.965s] creating /home/robot/Software/ROS2/Madox/madox_ws/build/py_camera/build/lib/py_camera
[4.974s] copying py_camera/camera.py -> /home/robot/Software/ROS2/Madox/madox_ws/build/py_camera/build/lib/py_camera
[5.003s] copying py_camera/server.py -> /home/robot/Software/ROS2/Madox/madox_ws/build/py_camera/build/lib/py_camera
[5.019s] copying py_camera/log.py -> /home/robot/Software/ROS2/Madox/madox_ws/build/py_camera/build/lib/py_camera
[5.040s] copying py_camera/__init__.py -> /home/robot/Software/ROS2/Madox/madox_ws/build/py_camera/build/lib/py_camera
[5.055s] running install
[5.058s] running install_lib
[5.073s] creating /home/robot/Software/ROS2/Madox/madox_ws/install/py_camera/lib/python3.8/site-packages/py_camera
[5.081s] copying /home/robot/Software/ROS2/Madox/madox_ws/build/py_camera/build/lib/py_camera/camera.py -> /home/robot/Software/ROS2/Madox/madox_ws/install/py_camera/lib/python3.8/site-packages/py_camera
[5.100s] copying /home/robot/Software/ROS2/Madox/madox_ws/build/py_camera/build/lib/py_camera/__init__.py -> /home/robot/Software/ROS2/Madox/madox_ws/install/py_camera/lib/python3.8/site-packages/py_camera
[5.113s] copying /home/robot/Software/ROS2/Madox/madox_ws/build/py_camera/build/lib/py_camera/server.py -> /home/robot/Software/ROS2/Madox/madox_ws/install/py_camera/lib/python3.8/site-packages/py_camera
[5.139s] copying /home/robot/Software/ROS2/Madox/madox_ws/build/py_camera/build/lib/py_camera/log.py -> /home/robot/Software/ROS2/Madox/madox_ws/install/py_camera/lib/python3.8/site-packages/py_camera
[5.163s] byte-compiling /home/robot/Software/ROS2/Madox/madox_ws/install/py_camera/lib/python3.8/site-packages/py_camera/camera.py to camera.cpython-38.pyc
[5.196s] byte-compiling /home/robot/Software/ROS2/Madox/madox_ws/install/py_camera/lib/python3.8/site-packages/py_camera/__init__.py to __init__.cpython-38.pyc
[5.217s] byte-compiling /home/robot/Software/ROS2/Madox/madox_ws/install/py_camera/lib/python3.8/site-packages/py_camera/server.py to server.cpython-38.pyc
[5.244s] byte-compiling /home/robot/Software/ROS2/Madox/madox_ws/install/py_camera/lib/python3.8/site-packages/py_camera/log.py to log.cpython-38.pyc
[5.265s] running install_data
[5.271s] creating /home/robot/Software/ROS2/Madox/madox_ws/install/py_camera/share/ament_index
[5.273s] creating /home/robot/Software/ROS2/Madox/madox_ws/install/py_camera/share/ament_index/resource_index
[5.277s] creating /home/robot/Software/ROS2/Madox/madox_ws/install/py_camera/share/ament_index/resource_index/packages
[5.286s] copying resource/py_camera -> /home/robot/Software/ROS2/Madox/madox_ws/install/py_camera/share/ament_index/resource_index/packages
[5.299s] copying package.xml -> /home/robot/Software/ROS2/Madox/madox_ws/install/py_camera/share/py_camera
[5.313s] running install_egg_info
[5.325s] Copying ../../build/py_camera/py_camera.egg-info to /home/robot/Software/ROS2/Madox/madox_ws/install/py_camera/lib/python3.8/site-packages/py_camera-0.0.0-py3.8.egg-info
[5.493s] running install_scripts
[5.568s] Installing camera script to /home/robot/Software/ROS2/Madox/madox_ws/install/py_camera/lib/py_camera
[5.591s] writing list of installed files to '/home/robot/Software/ROS2/Madox/madox_ws/build/py_camera/install.log'
[5.707s] Invoked command in '/home/robot/Software/ROS2/Madox/madox_ws/src/py_camera' returned '0': PYTHONPATH=/home/robot/Software/ROS2/Madox/madox_ws/install/py_camera/lib/python3.8/site-packages:${PYTHONPATH} /usr/bin/python3 setup.py egg_info --egg-base ../../build/py_camera build --build-base /home/robot/Software/ROS2/Madox/madox_ws/build/py_camera/build install --prefix /home/robot/Software/ROS2/Madox/madox_ws/install/py_camera --record /home/robot/Software/ROS2/Madox/madox_ws/build/py_camera/install.log --single-version-externally-managed
