[1.336s] Invoking command in '/home/robot/Software/ROS2/Madox/madox_ws/src/ros2_rtimulib': PYTHONPATH=/home/robot/Software/ROS2/Madox/madox_ws/install/ros2_rtimulib/lib/python3.8/site-packages:${PYTHONPATH} /usr/bin/python3 setup.py egg_info --egg-base ../../build/ros2_rtimulib build --build-base /home/robot/Software/ROS2/Madox/madox_ws/build/ros2_rtimulib/build install --prefix /home/robot/Software/ROS2/Madox/madox_ws/install/ros2_rtimulib --record /home/robot/Software/ROS2/Madox/madox_ws/build/ros2_rtimulib/install.log --single-version-externally-managed
[2.136s] /home/robot/.local/lib/python3.8/site-packages/setuptools/dist.py:642: UserWarning: Usage of dash-separated 'script-dir' will not be supported in future versions. Please use the underscore name 'script_dir' instead
[2.136s]   warnings.warn(
[2.137s] /home/robot/.local/lib/python3.8/site-packages/setuptools/dist.py:642: UserWarning: Usage of dash-separated 'install-scripts' will not be supported in future versions. Please use the underscore name 'install_scripts' instead
[2.137s]   warnings.warn(
[2.264s] running egg_info
[2.272s] writing ../../build/ros2_rtimulib/ros2_rtimulib.egg-info/PKG-INFO
[2.288s] writing dependency_links to ../../build/ros2_rtimulib/ros2_rtimulib.egg-info/dependency_links.txt
[2.300s] writing entry points to ../../build/ros2_rtimulib/ros2_rtimulib.egg-info/entry_points.txt
[2.311s] writing requirements to ../../build/ros2_rtimulib/ros2_rtimulib.egg-info/requires.txt
[2.320s] writing top-level names to ../../build/ros2_rtimulib/ros2_rtimulib.egg-info/top_level.txt
[2.553s] adding license file 'LICENSE' (matched pattern 'LICEN[CS]E*')
[2.562s] reading manifest file '../../build/ros2_rtimulib/ros2_rtimulib.egg-info/SOURCES.txt'
[2.572s] writing manifest file '../../build/ros2_rtimulib/ros2_rtimulib.egg-info/SOURCES.txt'
[2.586s] running build
[2.586s] running build_py
[2.601s] copying ros2_rtimulib/imu_node.py -> /home/robot/Software/ROS2/Madox/madox_ws/build/ros2_rtimulib/build/lib/ros2_rtimulib
[2.630s] running install
[2.634s] running install_lib
[2.650s] copying /home/robot/Software/ROS2/Madox/madox_ws/build/ros2_rtimulib/build/lib/ros2_rtimulib/imu_node.py -> /home/robot/Software/ROS2/Madox/madox_ws/install/ros2_rtimulib/lib/python3.8/site-packages/ros2_rtimulib
[2.690s] byte-compiling /home/robot/Software/ROS2/Madox/madox_ws/install/ros2_rtimulib/lib/python3.8/site-packages/ros2_rtimulib/imu_node.py to imu_node.cpython-38.pyc
[2.719s] running install_data
[2.752s] running install_egg_info
[2.760s] removing '/home/robot/Software/ROS2/Madox/madox_ws/install/ros2_rtimulib/lib/python3.8/site-packages/ros2_rtimulib-0.1.0-py3.8.egg-info' (and everything under it)
[2.798s] Copying ../../build/ros2_rtimulib/ros2_rtimulib.egg-info to /home/robot/Software/ROS2/Madox/madox_ws/install/ros2_rtimulib/lib/python3.8/site-packages/ros2_rtimulib-0.1.0-py3.8.egg-info
[2.958s] running install_scripts
[3.035s] Installing imu_node script to /home/robot/Software/ROS2/Madox/madox_ws/install/ros2_rtimulib/lib/ros2_rtimulib
[3.052s] writing list of installed files to '/home/robot/Software/ROS2/Madox/madox_ws/build/ros2_rtimulib/install.log'
[3.169s] Invoked command in '/home/robot/Software/ROS2/Madox/madox_ws/src/ros2_rtimulib' returned '0': PYTHONPATH=/home/robot/Software/ROS2/Madox/madox_ws/install/ros2_rtimulib/lib/python3.8/site-packages:${PYTHONPATH} /usr/bin/python3 setup.py egg_info --egg-base ../../build/ros2_rtimulib build --build-base /home/robot/Software/ROS2/Madox/madox_ws/build/ros2_rtimulib/build install --prefix /home/robot/Software/ROS2/Madox/madox_ws/install/ros2_rtimulib --record /home/robot/Software/ROS2/Madox/madox_ws/build/ros2_rtimulib/install.log --single-version-externally-managed
