[1.614s] Invoking command in '/home/robot/Software/ROS2/Madox/madox_ws/build/jetbot_drive': PYTHONPATH=/home/robot/Software/ROS2/Madox/madox_ws/install/jetbot_drive/lib/python3.8/site-packages:${PYTHONPATH} /usr/bin/python3 setup.py develop --prefix /home/robot/Software/ROS2/Madox/madox_ws/install/jetbot_drive --uninstall --editable --build-directory /home/robot/Software/ROS2/Madox/madox_ws/build/jetbot_drive/build
[2.608s] /home/robot/.local/lib/python3.8/site-packages/setuptools/dist.py:642: UserWarning: Usage of dash-separated 'script-dir' will not be supported in future versions. Please use the underscore name 'script_dir' instead
[2.608s]   warnings.warn(
[2.608s] /home/robot/.local/lib/python3.8/site-packages/setuptools/dist.py:642: UserWarning: Usage of dash-separated 'install-scripts' will not be supported in future versions. Please use the underscore name 'install_scripts' instead
[2.609s]   warnings.warn(
[2.812s] running develop
[3.717s] Invoked command in '/home/robot/Software/ROS2/Madox/madox_ws/build/jetbot_drive' returned '0': PYTHONPATH=/home/robot/Software/ROS2/Madox/madox_ws/install/jetbot_drive/lib/python3.8/site-packages:${PYTHONPATH} /usr/bin/python3 setup.py develop --prefix /home/robot/Software/ROS2/Madox/madox_ws/install/jetbot_drive --uninstall --editable --build-directory /home/robot/Software/ROS2/Madox/madox_ws/build/jetbot_drive/build
[3.735s] Invoking command in '/home/robot/Software/ROS2/Madox/madox_ws/src/jetbot_drive': PYTHONPATH=/home/robot/Software/ROS2/Madox/madox_ws/install/jetbot_drive/lib/python3.8/site-packages:${PYTHONPATH} /usr/bin/python3 setup.py egg_info --egg-base ../../build/jetbot_drive build --build-base /home/robot/Software/ROS2/Madox/madox_ws/build/jetbot_drive/build install --prefix /home/robot/Software/ROS2/Madox/madox_ws/install/jetbot_drive --record /home/robot/Software/ROS2/Madox/madox_ws/build/jetbot_drive/install.log --single-version-externally-managed
[4.763s] /home/robot/.local/lib/python3.8/site-packages/setuptools/dist.py:642: UserWarning: Usage of dash-separated 'script-dir' will not be supported in future versions. Please use the underscore name 'script_dir' instead
[4.764s]   warnings.warn(
[4.764s] /home/robot/.local/lib/python3.8/site-packages/setuptools/dist.py:642: UserWarning: Usage of dash-separated 'install-scripts' will not be supported in future versions. Please use the underscore name 'install_scripts' instead
[4.764s]   warnings.warn(
[4.893s] running egg_info
[4.897s] writing ../../build/jetbot_drive/jetbot_drive.egg-info/PKG-INFO
[4.909s] writing dependency_links to ../../build/jetbot_drive/jetbot_drive.egg-info/dependency_links.txt
[4.918s] writing entry points to ../../build/jetbot_drive/jetbot_drive.egg-info/entry_points.txt
[4.930s] writing requirements to ../../build/jetbot_drive/jetbot_drive.egg-info/requires.txt
[4.939s] writing top-level names to ../../build/jetbot_drive/jetbot_drive.egg-info/top_level.txt
[5.148s] reading manifest file '../../build/jetbot_drive/jetbot_drive.egg-info/SOURCES.txt'
[5.162s] writing manifest file '../../build/jetbot_drive/jetbot_drive.egg-info/SOURCES.txt'
[5.171s] running build
[5.171s] running build_py
[5.198s] copying jetbot_drive/jetbot_drive.py -> /home/robot/Software/ROS2/Madox/madox_ws/build/jetbot_drive/build/lib/jetbot_drive
[5.220s] running install
[5.225s] running install_lib
[5.242s] copying /home/robot/Software/ROS2/Madox/madox_ws/build/jetbot_drive/build/lib/jetbot_drive/jetbot_drive.py -> /home/robot/Software/ROS2/Madox/madox_ws/install/jetbot_drive/lib/python3.8/site-packages/jetbot_drive
[5.284s] byte-compiling /home/robot/Software/ROS2/Madox/madox_ws/install/jetbot_drive/lib/python3.8/site-packages/jetbot_drive/jetbot_drive.py to jetbot_drive.cpython-38.pyc
[5.317s] running install_data
[5.329s] running install_egg_info
[5.336s] removing '/home/robot/Software/ROS2/Madox/madox_ws/install/jetbot_drive/lib/python3.8/site-packages/jetbot_drive-1.0.0-py3.8.egg-info' (and everything under it)
[5.369s] Copying ../../build/jetbot_drive/jetbot_drive.egg-info to /home/robot/Software/ROS2/Madox/madox_ws/install/jetbot_drive/lib/python3.8/site-packages/jetbot_drive-1.0.0-py3.8.egg-info
[5.495s] running install_scripts
[5.573s] Installing ros2_jetbot_drive script to /home/robot/Software/ROS2/Madox/madox_ws/install/jetbot_drive/lib/jetbot_drive
[5.591s] writing list of installed files to '/home/robot/Software/ROS2/Madox/madox_ws/build/jetbot_drive/install.log'
[5.700s] Invoked command in '/home/robot/Software/ROS2/Madox/madox_ws/src/jetbot_drive' returned '0': PYTHONPATH=/home/robot/Software/ROS2/Madox/madox_ws/install/jetbot_drive/lib/python3.8/site-packages:${PYTHONPATH} /usr/bin/python3 setup.py egg_info --egg-base ../../build/jetbot_drive build --build-base /home/robot/Software/ROS2/Madox/madox_ws/build/jetbot_drive/build install --prefix /home/robot/Software/ROS2/Madox/madox_ws/install/jetbot_drive --record /home/robot/Software/ROS2/Madox/madox_ws/build/jetbot_drive/install.log --single-version-externally-managed
