[1.585s] Invoking command in '/home/robot/Software/ROS2/Madox/madox_ws/src/jetbot_camera': PYTHONPATH=/home/robot/Software/ROS2/Madox/madox_ws/install/jetbot_camera/lib/python3.8/site-packages:${PYTHONPATH} /usr/bin/python3 setup.py egg_info --egg-base ../../build/jetbot_camera build --build-base /home/robot/Software/ROS2/Madox/madox_ws/build/jetbot_camera/build install --prefix /home/robot/Software/ROS2/Madox/madox_ws/install/jetbot_camera --record /home/robot/Software/ROS2/Madox/madox_ws/build/jetbot_camera/install.log --single-version-externally-managed
[2.551s] /home/robot/.local/lib/python3.8/site-packages/setuptools/dist.py:642: UserWarning: Usage of dash-separated 'script-dir' will not be supported in future versions. Please use the underscore name 'script_dir' instead
[2.552s]   warnings.warn(
[2.552s] /home/robot/.local/lib/python3.8/site-packages/setuptools/dist.py:642: UserWarning: Usage of dash-separated 'install-scripts' will not be supported in future versions. Please use the underscore name 'install_scripts' instead
[2.552s]   warnings.warn(
[2.682s] running egg_info
[2.688s] writing ../../build/jetbot_camera/jetbot_camera.egg-info/PKG-INFO
[2.706s] writing dependency_links to ../../build/jetbot_camera/jetbot_camera.egg-info/dependency_links.txt
[2.719s] writing entry points to ../../build/jetbot_camera/jetbot_camera.egg-info/entry_points.txt
[2.732s] writing requirements to ../../build/jetbot_camera/jetbot_camera.egg-info/requires.txt
[2.743s] writing top-level names to ../../build/jetbot_camera/jetbot_camera.egg-info/top_level.txt
[2.961s] reading manifest file '../../build/jetbot_camera/jetbot_camera.egg-info/SOURCES.txt'
[2.973s] writing manifest file '../../build/jetbot_camera/jetbot_camera.egg-info/SOURCES.txt'
[2.984s] running build
[2.985s] running build_py
[3.006s] copying jetbot_camera/server.py -> /home/robot/Software/ROS2/Madox/madox_ws/build/jetbot_camera/build/lib/jetbot_camera
[3.037s] running install
[3.042s] running install_lib
[3.061s] copying /home/robot/Software/ROS2/Madox/madox_ws/build/jetbot_camera/build/lib/jetbot_camera/server.py -> /home/robot/Software/ROS2/Madox/madox_ws/install/jetbot_camera/lib/python3.8/site-packages/jetbot_camera
[3.098s] byte-compiling /home/robot/Software/ROS2/Madox/madox_ws/install/jetbot_camera/lib/python3.8/site-packages/jetbot_camera/server.py to server.cpython-38.pyc
[3.136s] running install_data
[3.151s] running install_egg_info
[3.162s] removing '/home/robot/Software/ROS2/Madox/madox_ws/install/jetbot_camera/lib/python3.8/site-packages/jetbot_camera-1.0.0-py3.8.egg-info' (and everything under it)
[3.210s] Copying ../../build/jetbot_camera/jetbot_camera.egg-info to /home/robot/Software/ROS2/Madox/madox_ws/install/jetbot_camera/lib/python3.8/site-packages/jetbot_camera-1.0.0-py3.8.egg-info
[3.400s] running install_scripts
[3.482s] Installing ros2_jetbot_camera script to /home/robot/Software/ROS2/Madox/madox_ws/install/jetbot_camera/lib/jetbot_camera
[3.500s] writing list of installed files to '/home/robot/Software/ROS2/Madox/madox_ws/build/jetbot_camera/install.log'
[3.616s] Invoked command in '/home/robot/Software/ROS2/Madox/madox_ws/src/jetbot_camera' returned '0': PYTHONPATH=/home/robot/Software/ROS2/Madox/madox_ws/install/jetbot_camera/lib/python3.8/site-packages:${PYTHONPATH} /usr/bin/python3 setup.py egg_info --egg-base ../../build/jetbot_camera build --build-base /home/robot/Software/ROS2/Madox/madox_ws/build/jetbot_camera/build install --prefix /home/robot/Software/ROS2/Madox/madox_ws/install/jetbot_camera --record /home/robot/Software/ROS2/Madox/madox_ws/build/jetbot_camera/install.log --single-version-externally-managed
