[01m[K/home/paolo/NAS/Software/ROS2/Madox/madox_ws/src/ros2_IMU/src/imu.cpp:[m[K In constructor ‘[01m[Kimu_node::imu_node(const rclcpp::NodeOptions&)[m[K’:
[01m[K/home/paolo/NAS/Software/ROS2/Madox/madox_ws/src/ros2_IMU/src/imu.cpp:43:9:[m[K [01;35m[Kwarning: [m[Kunused variable ‘[01m[Kx[m[K’ [[01;35m[K-Wunused-variable[m[K]
   43 |     int [01;35m[Kx[m[K = init_imu();
      |         [01;35m[K^[m[K
[01m[K/home/paolo/NAS/Software/ROS2/Madox/madox_ws/src/ros2_IMU/src/imu.cpp:[m[K In member function ‘[01m[Kint imu_node::init_imu()[m[K’:
[01m[K/home/paolo/NAS/Software/ROS2/Madox/madox_ws/src/ros2_IMU/src/imu.cpp:74:9:[m[K [01;35m[Kwarning: [m[Kunused variable ‘[01m[KsampleCount[m[K’ [[01;35m[K-Wunused-variable[m[K]
   74 |     int [01;35m[KsampleCount[m[K = 0;
      |         [01;35m[K^~~~~~~~~~~[m[K
[01m[K/home/paolo/NAS/Software/ROS2/Madox/madox_ws/src/ros2_IMU/src/imu.cpp:75:9:[m[K [01;35m[Kwarning: [m[Kunused variable ‘[01m[KsampleRate[m[K’ [[01;35m[K-Wunused-variable[m[K]
   75 |     int [01;35m[KsampleRate[m[K  = 0;
      |         [01;35m[K^~~~~~~~~~[m[K
[01m[K/home/paolo/NAS/Software/ROS2/Madox/madox_ws/src/ros2_IMU/src/imu.cpp:76:14:[m[K [01;35m[Kwarning: [m[Kvariable ‘[01m[KrateTimer[m[K’ set but not used [[01;35m[K-Wunused-but-set-variable[m[K]
   76 |     uint64_t [01;35m[KrateTimer[m[K;
      |              [01;35m[K^~~~~~~~~[m[K
[01m[K/home/paolo/NAS/Software/ROS2/Madox/madox_ws/src/ros2_IMU/src/imu.cpp:78:14:[m[K [01;35m[Kwarning: [m[Kunused variable ‘[01m[Know[m[K’ [[01;35m[K-Wunused-variable[m[K]
   78 |     uint64_t [01;35m[Know[m[K;
      |              [01;35m[K^~~[m[K
[01m[K/home/paolo/NAS/Software/ROS2/Madox/madox_ws/src/ros2_IMU/src/imu.cpp:[m[K In member function ‘[01m[Kvoid imu_node::PubImuData()[m[K’:
[01m[K/home/paolo/NAS/Software/ROS2/Madox/madox_ws/src/ros2_IMU/src/imu.cpp:144:22:[m[K [01;31m[Kerror: [m[K‘[01m[Kusing SharedPtr = class std::shared_ptr<rclcpp::Publisher<sensor_msgs::msg::Imu_<std::allocator<void> > > >[m[K’ {aka ‘[01m[Kclass std::shared_ptr<rclcpp::Publisher<sensor_msgs::msg::Imu_<std::allocator<void> > > >[m[K’} has no member named ‘[01m[Kpublish[m[K’
  144 |         imu_data_pub.[01;31m[Kpublish[m[K(imu_msg);
      |                      [01;31m[K^~~~~~~[m[K
[01m[K/home/paolo/NAS/Software/ROS2/Madox/madox_ws/src/ros2_IMU/src/imu.cpp:[m[K In function ‘[01m[Kint main(int, char**)[m[K’:
[01m[K/home/paolo/NAS/Software/ROS2/Madox/madox_ws/src/ros2_IMU/src/imu.cpp:164:36:[m[K [01;31m[Kerror: [m[Kuse of ‘[01m[Kimu_node[m[K’ before deduction of ‘[01m[Kauto[m[K’
  164 |   auto imu_node = std::make_shared<[01;31m[Kimu_node[m[K>(options);
      |                                    [01;31m[K^~~~~~~~[m[K
[01m[K/home/paolo/NAS/Software/ROS2/Madox/madox_ws/src/ros2_IMU/src/imu.cpp:164:36:[m[K [01;31m[Kerror: [m[Kuse of ‘[01m[Kimu_node[m[K’ before deduction of ‘[01m[Kauto[m[K’
[01m[K/home/paolo/NAS/Software/ROS2/Madox/madox_ws/src/ros2_IMU/src/imu.cpp:164:36:[m[K [01;31m[Kerror: [m[Kuse of ‘[01m[Kimu_node[m[K’ before deduction of ‘[01m[Kauto[m[K’
[01m[K/home/paolo/NAS/Software/ROS2/Madox/madox_ws/src/ros2_IMU/src/imu.cpp:164:53:[m[K [01;31m[Kerror: [m[Kno matching function for call to ‘[01m[Kmake_shared<<expression error> >(rclcpp::NodeOptions&)[m[K’
  164 |   auto imu_node = std::make_shared<imu_node>(options[01;31m[K)[m[K;
      |                                                     [01;31m[K^[m[K
In file included from [01m[K/usr/include/c++/9/memory:81[m[K,
                 from [01m[K/opt/ros/foxy/include/rclcpp/rclcpp.hpp:144[m[K,
                 from [01m[K/home/paolo/NAS/Software/ROS2/Madox/madox_ws/src/ros2_IMU/src/imu.cpp:23[m[K:
[01m[K/usr/include/c++/9/bits/shared_ptr.h:714:5:[m[K [01;36m[Knote: [m[Kcandidate: ‘[01m[Ktemplate<class _Tp, class ... _Args> std::shared_ptr<_Tp> std::make_shared(_Args&& ...)[m[K’
  714 |     [01;36m[Kmake_shared[m[K(_Args&&... __args)
      |     [01;36m[K^~~~~~~~~~~[m[K
[01m[K/usr/include/c++/9/bits/shared_ptr.h:714:5:[m[K [01;36m[Knote: [m[K  template argument deduction/substitution failed:
[01m[K/home/paolo/NAS/Software/ROS2/Madox/madox_ws/src/ros2_IMU/src/imu.cpp:164:53:[m[K [01;31m[Kerror: [m[Ktemplate argument 1 is invalid
  164 |   auto imu_node = std::make_shared<imu_node>(options[01;31m[K)[m[K;
      |                                                     [01;31m[K^[m[K
make[2]: *** [CMakeFiles/ros2_imu_node.dir/build.make:63: CMakeFiles/ros2_imu_node.dir/src/imu.cpp.o] Error 1
make[1]: *** [CMakeFiles/Makefile2:78: CMakeFiles/ros2_imu_node.dir/all] Error 2
make: *** [Makefile:141: all] Error 2
