[1.579s] Invoking command in '/home/robot/Software/ROS2/Madox/madox_ws/src/camera': PYTHONPATH=/home/robot/Software/ROS2/Madox/madox_ws/install/camera/lib/python3.8/site-packages:${PYTHONPATH} /usr/bin/python3 setup.py egg_info --egg-base ../../build/camera build --build-base /home/robot/Software/ROS2/Madox/madox_ws/build/camera/build install --prefix /home/robot/Software/ROS2/Madox/madox_ws/install/camera --record /home/robot/Software/ROS2/Madox/madox_ws/build/camera/install.log --single-version-externally-managed
[2.553s] /home/robot/.local/lib/python3.8/site-packages/setuptools/dist.py:642: UserWarning: Usage of dash-separated 'script-dir' will not be supported in future versions. Please use the underscore name 'script_dir' instead
[2.553s]   warnings.warn(
[2.553s] /home/robot/.local/lib/python3.8/site-packages/setuptools/dist.py:642: UserWarning: Usage of dash-separated 'install-scripts' will not be supported in future versions. Please use the underscore name 'install_scripts' instead
[2.554s]   warnings.warn(
[2.683s] running egg_info
[2.685s] creating ../../build/camera/camera.egg-info
[2.690s] writing ../../build/camera/camera.egg-info/PKG-INFO
[2.714s] writing dependency_links to ../../build/camera/camera.egg-info/dependency_links.txt
[2.730s] writing entry points to ../../build/camera/camera.egg-info/entry_points.txt
[2.741s] writing requirements to ../../build/camera/camera.egg-info/requires.txt
[2.750s] writing top-level names to ../../build/camera/camera.egg-info/top_level.txt
[2.776s] writing manifest file '../../build/camera/camera.egg-info/SOURCES.txt'
[2.975s] reading manifest file '../../build/camera/camera.egg-info/SOURCES.txt'
[2.986s] writing manifest file '../../build/camera/camera.egg-info/SOURCES.txt'
[2.995s] running build
[2.996s] running build_py
[3.000s] creating /home/robot/Software/ROS2/Madox/madox_ws/build/camera/build
[3.002s] creating /home/robot/Software/ROS2/Madox/madox_ws/build/camera/build/lib
[3.006s] creating /home/robot/Software/ROS2/Madox/madox_ws/build/camera/build/lib/camera
[3.014s] copying camera/server.py -> /home/robot/Software/ROS2/Madox/madox_ws/build/camera/build/lib/camera
[3.031s] copying camera/__init__.py -> /home/robot/Software/ROS2/Madox/madox_ws/build/camera/build/lib/camera
[3.041s] copying camera/imu_utils.py -> /home/robot/Software/ROS2/Madox/madox_ws/build/camera/build/lib/camera
[3.059s] copying camera/camera.py -> /home/robot/Software/ROS2/Madox/madox_ws/build/camera/build/lib/camera
[3.077s] copying camera/overlay_lib.py -> /home/robot/Software/ROS2/Madox/madox_ws/build/camera/build/lib/camera
[3.098s] copying camera/debounce.py -> /home/robot/Software/ROS2/Madox/madox_ws/build/camera/build/lib/camera
[3.114s] copying camera/log.py -> /home/robot/Software/ROS2/Madox/madox_ws/build/camera/build/lib/camera
[3.135s] running install
[3.143s] running install_lib
[3.157s] creating /home/robot/Software/ROS2/Madox/madox_ws/install/camera/lib/python3.8/site-packages/camera
[3.163s] copying /home/robot/Software/ROS2/Madox/madox_ws/build/camera/build/lib/camera/log.py -> /home/robot/Software/ROS2/Madox/madox_ws/install/camera/lib/python3.8/site-packages/camera
[3.182s] copying /home/robot/Software/ROS2/Madox/madox_ws/build/camera/build/lib/camera/__init__.py -> /home/robot/Software/ROS2/Madox/madox_ws/install/camera/lib/python3.8/site-packages/camera
[3.196s] copying /home/robot/Software/ROS2/Madox/madox_ws/build/camera/build/lib/camera/camera.py -> /home/robot/Software/ROS2/Madox/madox_ws/install/camera/lib/python3.8/site-packages/camera
[3.212s] copying /home/robot/Software/ROS2/Madox/madox_ws/build/camera/build/lib/camera/overlay_lib.py -> /home/robot/Software/ROS2/Madox/madox_ws/install/camera/lib/python3.8/site-packages/camera
[3.234s] copying /home/robot/Software/ROS2/Madox/madox_ws/build/camera/build/lib/camera/imu_utils.py -> /home/robot/Software/ROS2/Madox/madox_ws/install/camera/lib/python3.8/site-packages/camera
[3.252s] copying /home/robot/Software/ROS2/Madox/madox_ws/build/camera/build/lib/camera/server.py -> /home/robot/Software/ROS2/Madox/madox_ws/install/camera/lib/python3.8/site-packages/camera
[3.274s] copying /home/robot/Software/ROS2/Madox/madox_ws/build/camera/build/lib/camera/debounce.py -> /home/robot/Software/ROS2/Madox/madox_ws/install/camera/lib/python3.8/site-packages/camera
[3.300s] byte-compiling /home/robot/Software/ROS2/Madox/madox_ws/install/camera/lib/python3.8/site-packages/camera/log.py to log.cpython-38.pyc
[3.324s] byte-compiling /home/robot/Software/ROS2/Madox/madox_ws/install/camera/lib/python3.8/site-packages/camera/__init__.py to __init__.cpython-38.pyc
[3.346s] byte-compiling /home/robot/Software/ROS2/Madox/madox_ws/install/camera/lib/python3.8/site-packages/camera/camera.py to camera.cpython-38.pyc
[3.371s] byte-compiling /home/robot/Software/ROS2/Madox/madox_ws/install/camera/lib/python3.8/site-packages/camera/overlay_lib.py to overlay_lib.cpython-38.pyc
[3.401s] byte-compiling /home/robot/Software/ROS2/Madox/madox_ws/install/camera/lib/python3.8/site-packages/camera/imu_utils.py to imu_utils.cpython-38.pyc
[3.420s] byte-compiling /home/robot/Software/ROS2/Madox/madox_ws/install/camera/lib/python3.8/site-packages/camera/server.py to server.cpython-38.pyc
[3.450s] byte-compiling /home/robot/Software/ROS2/Madox/madox_ws/install/camera/lib/python3.8/site-packages/camera/debounce.py to debounce.cpython-38.pyc
[3.469s] running install_data
[3.473s] creating /home/robot/Software/ROS2/Madox/madox_ws/install/camera/share/ament_index
[3.476s] creating /home/robot/Software/ROS2/Madox/madox_ws/install/camera/share/ament_index/resource_index
[3.480s] creating /home/robot/Software/ROS2/Madox/madox_ws/install/camera/share/ament_index/resource_index/packages
[3.488s] copying resource/camera -> /home/robot/Software/ROS2/Madox/madox_ws/install/camera/share/ament_index/resource_index/packages
[3.502s] copying package.xml -> /home/robot/Software/ROS2/Madox/madox_ws/install/camera/share/camera
[3.518s] running install_egg_info
[3.530s] Copying ../../build/camera/camera.egg-info to /home/robot/Software/ROS2/Madox/madox_ws/install/camera/lib/python3.8/site-packages/camera-1.0.0-py3.8.egg-info
[4.473s] running install_scripts
[4.552s] Installing ros2_camera script to /home/robot/Software/ROS2/Madox/madox_ws/install/camera/lib/camera
[4.573s] writing list of installed files to '/home/robot/Software/ROS2/Madox/madox_ws/build/camera/install.log'
[4.680s] Invoked command in '/home/robot/Software/ROS2/Madox/madox_ws/src/camera' returned '0': PYTHONPATH=/home/robot/Software/ROS2/Madox/madox_ws/install/camera/lib/python3.8/site-packages:${PYTHONPATH} /usr/bin/python3 setup.py egg_info --egg-base ../../build/camera build --build-base /home/robot/Software/ROS2/Madox/madox_ws/build/camera/build install --prefix /home/robot/Software/ROS2/Madox/madox_ws/install/camera --record /home/robot/Software/ROS2/Madox/madox_ws/build/camera/install.log --single-version-externally-managed
