[1.437s] Invoking command in '/home/robot/Software/ROS2/Madox/madox_ws/src/jetbot_drive': PYTHONPATH=/home/robot/Software/ROS2/Madox/madox_ws/install/jetbot_drive/lib/python3.8/site-packages:${PYTHONPATH} /usr/bin/python3 setup.py egg_info --egg-base ../../build/jetbot_drive build --build-base /home/robot/Software/ROS2/Madox/madox_ws/build/jetbot_drive/build install --prefix /home/robot/Software/ROS2/Madox/madox_ws/install/jetbot_drive --record /home/robot/Software/ROS2/Madox/madox_ws/build/jetbot_drive/install.log --single-version-externally-managed
[2.257s] /home/robot/.local/lib/python3.8/site-packages/setuptools/dist.py:642: UserWarning: Usage of dash-separated 'script-dir' will not be supported in future versions. Please use the underscore name 'script_dir' instead
[2.258s]   warnings.warn(
[2.258s] /home/robot/.local/lib/python3.8/site-packages/setuptools/dist.py:642: UserWarning: Usage of dash-separated 'install-scripts' will not be supported in future versions. Please use the underscore name 'install_scripts' instead
[2.258s]   warnings.warn(
[2.388s] running egg_info
[2.392s] writing ../../build/jetbot_drive/jetbot_drive.egg-info/PKG-INFO
[2.404s] writing dependency_links to ../../build/jetbot_drive/jetbot_drive.egg-info/dependency_links.txt
[2.414s] writing entry points to ../../build/jetbot_drive/jetbot_drive.egg-info/entry_points.txt
[2.424s] writing requirements to ../../build/jetbot_drive/jetbot_drive.egg-info/requires.txt
[2.433s] writing top-level names to ../../build/jetbot_drive/jetbot_drive.egg-info/top_level.txt
[2.627s] reading manifest file '../../build/jetbot_drive/jetbot_drive.egg-info/SOURCES.txt'
[2.640s] writing manifest file '../../build/jetbot_drive/jetbot_drive.egg-info/SOURCES.txt'
[2.650s] running build
[2.651s] running build_py
[2.672s] copying jetbot_drive/jetbot_drive.py -> /home/robot/Software/ROS2/Madox/madox_ws/build/jetbot_drive/build/lib/jetbot_drive
[2.691s] running install
[2.695s] running install_lib
[2.710s] copying /home/robot/Software/ROS2/Madox/madox_ws/build/jetbot_drive/build/lib/jetbot_drive/jetbot_drive.py -> /home/robot/Software/ROS2/Madox/madox_ws/install/jetbot_drive/lib/python3.8/site-packages/jetbot_drive
[2.742s] byte-compiling /home/robot/Software/ROS2/Madox/madox_ws/install/jetbot_drive/lib/python3.8/site-packages/jetbot_drive/jetbot_drive.py to jetbot_drive.cpython-38.pyc
[2.777s] running install_data
[2.801s] running install_egg_info
[2.811s] removing '/home/robot/Software/ROS2/Madox/madox_ws/install/jetbot_drive/lib/python3.8/site-packages/jetbot_drive-0.0.0-py3.8.egg-info' (and everything under it)
[2.853s] Copying ../../build/jetbot_drive/jetbot_drive.egg-info to /home/robot/Software/ROS2/Madox/madox_ws/install/jetbot_drive/lib/python3.8/site-packages/jetbot_drive-0.0.0-py3.8.egg-info
[3.009s] running install_scripts
[3.086s] Installing ros2_jetbot_drive script to /home/robot/Software/ROS2/Madox/madox_ws/install/jetbot_drive/lib/jetbot_drive
[3.103s] writing list of installed files to '/home/robot/Software/ROS2/Madox/madox_ws/build/jetbot_drive/install.log'
[3.213s] Invoked command in '/home/robot/Software/ROS2/Madox/madox_ws/src/jetbot_drive' returned '0': PYTHONPATH=/home/robot/Software/ROS2/Madox/madox_ws/install/jetbot_drive/lib/python3.8/site-packages:${PYTHONPATH} /usr/bin/python3 setup.py egg_info --egg-base ../../build/jetbot_drive build --build-base /home/robot/Software/ROS2/Madox/madox_ws/build/jetbot_drive/build install --prefix /home/robot/Software/ROS2/Madox/madox_ws/install/jetbot_drive --record /home/robot/Software/ROS2/Madox/madox_ws/build/jetbot_drive/install.log --single-version-externally-managed
