[1.751s] Invoking command in '/home/robot/Software/ROS2/Madox/madox_ws/build/camera': PYTHONPATH=/home/robot/Software/ROS2/Madox/madox_ws/install/camera/lib/python3.8/site-packages:${PYTHONPATH} /usr/bin/python3 setup.py develop --prefix /home/robot/Software/ROS2/Madox/madox_ws/install/camera --editable --build-directory /home/robot/Software/ROS2/Madox/madox_ws/build/camera/build --no-deps install_data --install-dir /home/robot/Software/ROS2/Madox/madox_ws/install/camera
[2.735s] /home/robot/.local/lib/python3.8/site-packages/setuptools/dist.py:642: UserWarning: Usage of dash-separated 'script-dir' will not be supported in future versions. Please use the underscore name 'script_dir' instead
[2.736s]   warnings.warn(
[2.736s] /home/robot/.local/lib/python3.8/site-packages/setuptools/dist.py:642: UserWarning: Usage of dash-separated 'install-scripts' will not be supported in future versions. Please use the underscore name 'install_scripts' instead
[2.736s]   warnings.warn(
[2.943s] running develop
[3.684s] running egg_info
[3.686s] writing camera.egg-info/PKG-INFO
[3.700s] writing dependency_links to camera.egg-info/dependency_links.txt
[3.711s] writing entry points to camera.egg-info/entry_points.txt
[3.720s] writing requirements to camera.egg-info/requires.txt
[3.751s] writing top-level names to camera.egg-info/top_level.txt
[3.972s] reading manifest file 'camera.egg-info/SOURCES.txt'
[3.982s] writing manifest file 'camera.egg-info/SOURCES.txt'
[4.176s] running build_ext
[4.177s] Creating /home/robot/Software/ROS2/Madox/madox_ws/install/camera/lib/python3.8/site-packages/camera.egg-link (link to .)
[4.196s] Installing ros2_camera script to /home/robot/Software/ROS2/Madox/madox_ws/install/camera/lib/camera
[4.213s] 
[4.214s] Installed /home/robot/Software/ROS2/Madox/madox_ws/build/camera
[4.215s] running install_data
[4.340s] Invoked command in '/home/robot/Software/ROS2/Madox/madox_ws/build/camera' returned '0': PYTHONPATH=/home/robot/Software/ROS2/Madox/madox_ws/install/camera/lib/python3.8/site-packages:${PYTHONPATH} /usr/bin/python3 setup.py develop --prefix /home/robot/Software/ROS2/Madox/madox_ws/install/camera --editable --build-directory /home/robot/Software/ROS2/Madox/madox_ws/build/camera/build --no-deps install_data --install-dir /home/robot/Software/ROS2/Madox/madox_ws/install/camera
