[3.657s] Invoking command in '/home/robot/Software/ROS2/Madox/madox_ws/build/py_drive': PYTHONPATH=/home/robot/Software/ROS2/Madox/madox_ws/install/py_drive/lib/python3.8/site-packages:${PYTHONPATH} /usr/bin/python3 setup.py develop --prefix /home/robot/Software/ROS2/Madox/madox_ws/install/py_drive --uninstall --editable --build-directory /home/robot/Software/ROS2/Madox/madox_ws/build/py_drive/build
[4.552s] /home/robot/.local/lib/python3.8/site-packages/setuptools/dist.py:642: UserWarning: Usage of dash-separated 'script-dir' will not be supported in future versions. Please use the underscore name 'script_dir' instead
[4.553s]   warnings.warn(
[4.553s] /home/robot/.local/lib/python3.8/site-packages/setuptools/dist.py:642: UserWarning: Usage of dash-separated 'install-scripts' will not be supported in future versions. Please use the underscore name 'install_scripts' instead
[4.554s]   warnings.warn(
[4.780s] running develop
[5.547s] Invoked command in '/home/robot/Software/ROS2/Madox/madox_ws/build/py_drive' returned '0': PYTHONPATH=/home/robot/Software/ROS2/Madox/madox_ws/install/py_drive/lib/python3.8/site-packages:${PYTHONPATH} /usr/bin/python3 setup.py develop --prefix /home/robot/Software/ROS2/Madox/madox_ws/install/py_drive --uninstall --editable --build-directory /home/robot/Software/ROS2/Madox/madox_ws/build/py_drive/build
[5.559s] Invoking command in '/home/robot/Software/ROS2/Madox/madox_ws/src/py_drive': PYTHONPATH=/home/robot/Software/ROS2/Madox/madox_ws/install/py_drive/lib/python3.8/site-packages:${PYTHONPATH} /usr/bin/python3 setup.py egg_info --egg-base ../../build/py_drive build --build-base /home/robot/Software/ROS2/Madox/madox_ws/build/py_drive/build install --prefix /home/robot/Software/ROS2/Madox/madox_ws/install/py_drive --record /home/robot/Software/ROS2/Madox/madox_ws/build/py_drive/install.log --single-version-externally-managed
[6.458s] /home/robot/.local/lib/python3.8/site-packages/setuptools/dist.py:642: UserWarning: Usage of dash-separated 'script-dir' will not be supported in future versions. Please use the underscore name 'script_dir' instead
[6.459s]   warnings.warn(
[6.459s] /home/robot/.local/lib/python3.8/site-packages/setuptools/dist.py:642: UserWarning: Usage of dash-separated 'install-scripts' will not be supported in future versions. Please use the underscore name 'install_scripts' instead
[6.460s]   warnings.warn(
[6.605s] running egg_info
[6.609s] writing ../../build/py_drive/py_drive.egg-info/PKG-INFO
[6.623s] writing dependency_links to ../../build/py_drive/py_drive.egg-info/dependency_links.txt
[6.633s] writing entry points to ../../build/py_drive/py_drive.egg-info/entry_points.txt
[6.642s] writing requirements to ../../build/py_drive/py_drive.egg-info/requires.txt
[6.652s] writing top-level names to ../../build/py_drive/py_drive.egg-info/top_level.txt
[6.860s] reading manifest file '../../build/py_drive/py_drive.egg-info/SOURCES.txt'
[6.871s] writing manifest file '../../build/py_drive/py_drive.egg-info/SOURCES.txt'
[6.879s] running build
[6.880s] running build_py
[6.903s] running install
[6.906s] running install_lib
[6.940s] running install_data
[6.955s] running install_egg_info
[6.961s] removing '/home/robot/Software/ROS2/Madox/madox_ws/install/py_drive/lib/python3.8/site-packages/py_drive-0.0.0-py3.8.egg-info' (and everything under it)
[6.993s] Copying ../../build/py_drive/py_drive.egg-info to /home/robot/Software/ROS2/Madox/madox_ws/install/py_drive/lib/python3.8/site-packages/py_drive-0.0.0-py3.8.egg-info
[7.135s] running install_scripts
[7.222s] Installing listener script to /home/robot/Software/ROS2/Madox/madox_ws/install/py_drive/lib/py_drive
[7.240s] Installing talker script to /home/robot/Software/ROS2/Madox/madox_ws/install/py_drive/lib/py_drive
[7.258s] writing list of installed files to '/home/robot/Software/ROS2/Madox/madox_ws/build/py_drive/install.log'
[7.646s] Invoked command in '/home/robot/Software/ROS2/Madox/madox_ws/src/py_drive' returned '0': PYTHONPATH=/home/robot/Software/ROS2/Madox/madox_ws/install/py_drive/lib/python3.8/site-packages:${PYTHONPATH} /usr/bin/python3 setup.py egg_info --egg-base ../../build/py_drive build --build-base /home/robot/Software/ROS2/Madox/madox_ws/build/py_drive/build install --prefix /home/robot/Software/ROS2/Madox/madox_ws/install/py_drive --record /home/robot/Software/ROS2/Madox/madox_ws/build/py_drive/install.log --single-version-externally-managed
