[0.314s] Invoking command in '/home/robot/Software/ROS2/Madox/madox_ws/build/ros2_IMU': CMAKE_PREFIX_PATH=${CMAKE_PREFIX_PATH}:/home/robot/Software/ROS2/Madox/madox_ws/install/ros2_rtimulib:/home/robot/Software/ROS2/Madox/madox_ws/install/pid_node:/home/robot/Software/ROS2/Madox/madox_ws/install/jetbot_sys_info:/home/robot/Software/ROS2/Madox/madox_ws/install/jetbot_oled_display:/home/robot/Software/ROS2/Madox/madox_ws/install/jetbot_launch:/home/robot/Software/ROS2/Madox/madox_ws/install/jetbot_drive:/home/robot/Software/ROS2/Madox/madox_ws/install/camera_pan_tilt:/home/robot/Software/ROS2/Madox/madox_ws/install/camera:/opt/ros/foxy /usr/bin/cmake --build /home/robot/Software/ROS2/Madox/madox_ws/build/ros2_IMU -- -j4 -l4
[0.993s] [35m[1mScanning dependencies of target ros2_imu_node[0m
[1.804s] [ 50%] [32mBuilding CXX object CMakeFiles/ros2_imu_node.dir/src/imu.cpp.o[0m
[8.601s] [01m[K/home/robot/Software/ROS2/Madox/madox_ws/src/ros2_IMU/src/imu.cpp:[m[K In constructor ‘[01m[KImuNode::ImuNode(const rclcpp::NodeOptions&)[m[K’:
[8.602s] [01m[K/home/robot/Software/ROS2/Madox/madox_ws/src/ros2_IMU/src/imu.cpp:43:9:[m[K [01;35m[Kwarning: [m[Kunused variable ‘[01m[Kx[m[K’ [[01;35m[K-Wunused-variable[m[K]
[8.602s]    43 |     int [01;35m[Kx[m[K = init3();
[8.602s]       |         [01;35m[K^[m[K
[8.607s] [01m[K/home/robot/Software/ROS2/Madox/madox_ws/src/ros2_IMU/src/imu.cpp:[m[K In member function ‘[01m[Kint ImuNode::init3()[m[K’:
[8.607s] [01m[K/home/robot/Software/ROS2/Madox/madox_ws/src/ros2_IMU/src/imu.cpp:121:42:[m[K [01;35m[Kwarning: [m[Kformat ‘[01m[K%d[m[K’ expects argument of type ‘[01m[Kint[m[K’, but argument 3 has type ‘[01m[Kuint64_t[m[K’ {aka ‘[01m[Klong unsigned int[m[K’} [[01;35m[K-Wformat=[m[K]
[8.608s]   121 |           printf("Sample rate %d (cycle [01;35m[K%d[m[K): %s\n", sampleRate,
[8.608s]       |                                         [01;35m[K~^[m[K
[8.608s]       |                                          [01;35m[K|[m[K
[8.609s]       |                                          [01;35m[Kint[m[K
[8.609s]       |                                         [32m[K%ld[m[K
[8.610s]   122 |                  [32m[K(now - displayTimer) / 1000[m[K,
[8.610s]       |                  [32m[K~~~~~~~~~~~~~~~~~~~~~~~~~~~[m[K
[8.610s]       |                                       [32m[K|[m[K
[8.611s]       |                                       [32m[Kuint64_t {aka long unsigned int}[m[K
[8.611s] [01m[K/home/robot/Software/ROS2/Madox/madox_ws/src/ros2_IMU/src/imu.cpp:[m[K In member function ‘[01m[Kint ImuNode::InitParam()[m[K’:
[8.611s] [01m[K/home/robot/Software/ROS2/Madox/madox_ws/src/ros2_IMU/src/imu.cpp:145:9:[m[K [01;35m[Kwarning: [m[Kunused variable ‘[01m[KsampleCount[m[K’ [[01;35m[K-Wunused-variable[m[K]
[8.612s]   145 |     int [01;35m[KsampleCount[m[K = 0;
[8.612s]       |         [01;35m[K^~~~~~~~~~~[m[K
[8.612s] [01m[K/home/robot/Software/ROS2/Madox/madox_ws/src/ros2_IMU/src/imu.cpp:146:9:[m[K [01;35m[Kwarning: [m[Kunused variable ‘[01m[KsampleRate[m[K’ [[01;35m[K-Wunused-variable[m[K]
[8.613s]   146 |     int [01;35m[KsampleRate[m[K  = 0;
[8.613s]       |         [01;35m[K^~~~~~~~~~[m[K
[8.613s] [01m[K/home/robot/Software/ROS2/Madox/madox_ws/src/ros2_IMU/src/imu.cpp:147:14:[m[K [01;35m[Kwarning: [m[Kvariable ‘[01m[KrateTimer[m[K’ set but not used [[01;35m[K-Wunused-but-set-variable[m[K]
[8.614s]   147 |     uint64_t [01;35m[KrateTimer[m[K;
[8.614s]       |              [01;35m[K^~~~~~~~~[m[K
[8.614s] [01m[K/home/robot/Software/ROS2/Madox/madox_ws/src/ros2_IMU/src/imu.cpp:149:14:[m[K [01;35m[Kwarning: [m[Kvariable ‘[01m[Know[m[K’ set but not used [[01;35m[K-Wunused-but-set-variable[m[K]
[8.615s]   149 |     uint64_t [01;35m[Know[m[K;
[8.615s]       |              [01;35m[K^~~[m[K
[12.207s] [100%] [32m[1mLinking CXX executable ros2_imu_node[0m
[12.917s] [100%] Built target ros2_imu_node
[12.983s] Invoked command in '/home/robot/Software/ROS2/Madox/madox_ws/build/ros2_IMU' returned '0': CMAKE_PREFIX_PATH=${CMAKE_PREFIX_PATH}:/home/robot/Software/ROS2/Madox/madox_ws/install/ros2_rtimulib:/home/robot/Software/ROS2/Madox/madox_ws/install/pid_node:/home/robot/Software/ROS2/Madox/madox_ws/install/jetbot_sys_info:/home/robot/Software/ROS2/Madox/madox_ws/install/jetbot_oled_display:/home/robot/Software/ROS2/Madox/madox_ws/install/jetbot_launch:/home/robot/Software/ROS2/Madox/madox_ws/install/jetbot_drive:/home/robot/Software/ROS2/Madox/madox_ws/install/camera_pan_tilt:/home/robot/Software/ROS2/Madox/madox_ws/install/camera:/opt/ros/foxy /usr/bin/cmake --build /home/robot/Software/ROS2/Madox/madox_ws/build/ros2_IMU -- -j4 -l4
[13.161s] Invoking command in '/home/robot/Software/ROS2/Madox/madox_ws/build/ros2_IMU': CMAKE_PREFIX_PATH=${CMAKE_PREFIX_PATH}:/home/robot/Software/ROS2/Madox/madox_ws/install/ros2_rtimulib:/home/robot/Software/ROS2/Madox/madox_ws/install/pid_node:/home/robot/Software/ROS2/Madox/madox_ws/install/jetbot_sys_info:/home/robot/Software/ROS2/Madox/madox_ws/install/jetbot_oled_display:/home/robot/Software/ROS2/Madox/madox_ws/install/jetbot_launch:/home/robot/Software/ROS2/Madox/madox_ws/install/jetbot_drive:/home/robot/Software/ROS2/Madox/madox_ws/install/camera_pan_tilt:/home/robot/Software/ROS2/Madox/madox_ws/install/camera:/opt/ros/foxy /usr/bin/cmake --install /home/robot/Software/ROS2/Madox/madox_ws/build/ros2_IMU
[13.194s] -- Install configuration: ""
[13.218s] -- Installing: /home/robot/Software/ROS2/Madox/madox_ws/install/ros2_IMU/lib/ros2_IMU/ros2_imu_node
[13.296s] -- Set runtime path of "/home/robot/Software/ROS2/Madox/madox_ws/install/ros2_IMU/lib/ros2_IMU/ros2_imu_node" to ""
[13.321s] -- Up-to-date: /home/robot/Software/ROS2/Madox/madox_ws/install/ros2_IMU/share/ament_index/resource_index/package_run_dependencies/ros2_IMU
[13.338s] -- Up-to-date: /home/robot/Software/ROS2/Madox/madox_ws/install/ros2_IMU/share/ament_index/resource_index/parent_prefix_path/ros2_IMU
[13.346s] -- Up-to-date: /home/robot/Software/ROS2/Madox/madox_ws/install/ros2_IMU/share/ros2_IMU/environment/ament_prefix_path.sh
[13.357s] -- Up-to-date: /home/robot/Software/ROS2/Madox/madox_ws/install/ros2_IMU/share/ros2_IMU/environment/ament_prefix_path.dsv
[13.362s] -- Up-to-date: /home/robot/Software/ROS2/Madox/madox_ws/install/ros2_IMU/share/ros2_IMU/environment/path.sh
[13.373s] -- Up-to-date: /home/robot/Software/ROS2/Madox/madox_ws/install/ros2_IMU/share/ros2_IMU/environment/path.dsv
[13.382s] -- Up-to-date: /home/robot/Software/ROS2/Madox/madox_ws/install/ros2_IMU/share/ros2_IMU/local_setup.bash
[13.392s] -- Up-to-date: /home/robot/Software/ROS2/Madox/madox_ws/install/ros2_IMU/share/ros2_IMU/local_setup.sh
[13.400s] -- Up-to-date: /home/robot/Software/ROS2/Madox/madox_ws/install/ros2_IMU/share/ros2_IMU/local_setup.zsh
[13.413s] -- Up-to-date: /home/robot/Software/ROS2/Madox/madox_ws/install/ros2_IMU/share/ros2_IMU/local_setup.dsv
[13.424s] -- Installing: /home/robot/Software/ROS2/Madox/madox_ws/install/ros2_IMU/share/ros2_IMU/package.dsv
[13.478s] -- Up-to-date: /home/robot/Software/ROS2/Madox/madox_ws/install/ros2_IMU/share/ament_index/resource_index/packages/ros2_IMU
[13.490s] -- Up-to-date: /home/robot/Software/ROS2/Madox/madox_ws/install/ros2_IMU/share/ros2_IMU/cmake/ros2_IMUConfig.cmake
[13.497s] -- Up-to-date: /home/robot/Software/ROS2/Madox/madox_ws/install/ros2_IMU/share/ros2_IMU/cmake/ros2_IMUConfig-version.cmake
[13.506s] -- Up-to-date: /home/robot/Software/ROS2/Madox/madox_ws/install/ros2_IMU/share/ros2_IMU/package.xml
[13.535s] Invoked command in '/home/robot/Software/ROS2/Madox/madox_ws/build/ros2_IMU' returned '0': CMAKE_PREFIX_PATH=${CMAKE_PREFIX_PATH}:/home/robot/Software/ROS2/Madox/madox_ws/install/ros2_rtimulib:/home/robot/Software/ROS2/Madox/madox_ws/install/pid_node:/home/robot/Software/ROS2/Madox/madox_ws/install/jetbot_sys_info:/home/robot/Software/ROS2/Madox/madox_ws/install/jetbot_oled_display:/home/robot/Software/ROS2/Madox/madox_ws/install/jetbot_launch:/home/robot/Software/ROS2/Madox/madox_ws/install/jetbot_drive:/home/robot/Software/ROS2/Madox/madox_ws/install/camera_pan_tilt:/home/robot/Software/ROS2/Madox/madox_ws/install/camera:/opt/ros/foxy /usr/bin/cmake --install /home/robot/Software/ROS2/Madox/madox_ws/build/ros2_IMU
