[1.312s] Invoking command in '/home/robot/Software/ROS2/Madox/madox_ws/src/imu': PYTHONPATH=/home/robot/Software/ROS2/Madox/madox_ws/install/imu/lib/python3.8/site-packages:${PYTHONPATH} /usr/bin/python3 setup.py egg_info --egg-base ../../build/imu build --build-base /home/robot/Software/ROS2/Madox/madox_ws/build/imu/build install --prefix /home/robot/Software/ROS2/Madox/madox_ws/install/imu --record /home/robot/Software/ROS2/Madox/madox_ws/build/imu/install.log --single-version-externally-managed
[2.089s] /home/robot/.local/lib/python3.8/site-packages/setuptools/dist.py:642: UserWarning: Usage of dash-separated 'script-dir' will not be supported in future versions. Please use the underscore name 'script_dir' instead
[2.089s]   warnings.warn(
[2.090s] /home/robot/.local/lib/python3.8/site-packages/setuptools/dist.py:642: UserWarning: Usage of dash-separated 'install-scripts' will not be supported in future versions. Please use the underscore name 'install_scripts' instead
[2.090s]   warnings.warn(
[2.216s] running egg_info
[2.221s] writing ../../build/imu/imu.egg-info/PKG-INFO
[2.232s] writing dependency_links to ../../build/imu/imu.egg-info/dependency_links.txt
[2.241s] writing entry points to ../../build/imu/imu.egg-info/entry_points.txt
[2.254s] writing requirements to ../../build/imu/imu.egg-info/requires.txt
[2.295s] writing top-level names to ../../build/imu/imu.egg-info/top_level.txt
[2.501s] reading manifest file '../../build/imu/imu.egg-info/SOURCES.txt'
[2.513s] writing manifest file '../../build/imu/imu.egg-info/SOURCES.txt'
[2.526s] running build
[2.527s] running build_py
[2.539s] copying imu/imu.py -> /home/robot/Software/ROS2/Madox/madox_ws/build/imu/build/lib/imu
[2.565s] running install
[2.569s] running install_lib
[2.582s] copying /home/robot/Software/ROS2/Madox/madox_ws/build/imu/build/lib/imu/imu.py -> /home/robot/Software/ROS2/Madox/madox_ws/install/imu/lib/python3.8/site-packages/imu
[2.618s] byte-compiling /home/robot/Software/ROS2/Madox/madox_ws/install/imu/lib/python3.8/site-packages/imu/imu.py to imu.cpython-38.pyc
[2.659s] running install_data
[2.683s] running install_egg_info
[2.692s] removing '/home/robot/Software/ROS2/Madox/madox_ws/install/imu/lib/python3.8/site-packages/imu-0.0.1-py3.8.egg-info' (and everything under it)
[2.742s] Copying ../../build/imu/imu.egg-info to /home/robot/Software/ROS2/Madox/madox_ws/install/imu/lib/python3.8/site-packages/imu-0.0.1-py3.8.egg-info
[2.919s] running install_scripts
[3.000s] Installing ros2_imu script to /home/robot/Software/ROS2/Madox/madox_ws/install/imu/lib/imu
[3.017s] writing list of installed files to '/home/robot/Software/ROS2/Madox/madox_ws/build/imu/install.log'
[3.125s] Invoked command in '/home/robot/Software/ROS2/Madox/madox_ws/src/imu' returned '0': PYTHONPATH=/home/robot/Software/ROS2/Madox/madox_ws/install/imu/lib/python3.8/site-packages:${PYTHONPATH} /usr/bin/python3 setup.py egg_info --egg-base ../../build/imu build --build-base /home/robot/Software/ROS2/Madox/madox_ws/build/imu/build install --prefix /home/robot/Software/ROS2/Madox/madox_ws/install/imu --record /home/robot/Software/ROS2/Madox/madox_ws/build/imu/install.log --single-version-externally-managed
