[1.561s] Invoking command in '/home/paolo/NAS/Software/ROS2/service_client_ws/src/drive2': PYTHONPATH=/home/paolo/NAS/Software/ROS2/service_client_ws/install/drive2/lib/python3.8/site-packages:${PYTHONPATH} /usr/bin/python3 setup.py egg_info --egg-base ../../build/drive2 build --build-base /home/paolo/NAS/Software/ROS2/service_client_ws/build/drive2/build install --prefix /home/paolo/NAS/Software/ROS2/service_client_ws/install/drive2 --record /home/paolo/NAS/Software/ROS2/service_client_ws/build/drive2/install.log --single-version-externally-managed
[1.981s] running egg_info
[1.981s] creating ../../build/drive2/drive2.egg-info
[1.985s] writing ../../build/drive2/drive2.egg-info/PKG-INFO
[2.011s] writing dependency_links to ../../build/drive2/drive2.egg-info/dependency_links.txt
[2.023s] writing entry points to ../../build/drive2/drive2.egg-info/entry_points.txt
[2.034s] writing requirements to ../../build/drive2/drive2.egg-info/requires.txt
[2.044s] writing top-level names to ../../build/drive2/drive2.egg-info/top_level.txt
[2.061s] writing manifest file '../../build/drive2/drive2.egg-info/SOURCES.txt'
[2.182s] reading manifest file '../../build/drive2/drive2.egg-info/SOURCES.txt'
[2.193s] writing manifest file '../../build/drive2/drive2.egg-info/SOURCES.txt'
[2.203s] running build
[2.204s] running build_py
[2.210s] creating /home/paolo/NAS/Software/ROS2/service_client_ws/build/drive2/build
[2.212s] creating /home/paolo/NAS/Software/ROS2/service_client_ws/build/drive2/build/lib
[2.218s] creating /home/paolo/NAS/Software/ROS2/service_client_ws/build/drive2/build/lib/drive2
[2.228s] copying drive2/__init__.py -> /home/paolo/NAS/Software/ROS2/service_client_ws/build/drive2/build/lib/drive2
[2.245s] copying drive2/service_drive.py -> /home/paolo/NAS/Software/ROS2/service_client_ws/build/drive2/build/lib/drive2
[2.273s] copying drive2/client_drive.py -> /home/paolo/NAS/Software/ROS2/service_client_ws/build/drive2/build/lib/drive2
[2.299s] running install
[2.305s] running install_lib
[2.325s] creating /home/paolo/NAS/Software/ROS2/service_client_ws/install/drive2/lib/python3.8/site-packages/drive2
[2.331s] copying /home/paolo/NAS/Software/ROS2/service_client_ws/build/drive2/build/lib/drive2/service_drive.py -> /home/paolo/NAS/Software/ROS2/service_client_ws/install/drive2/lib/python3.8/site-packages/drive2
[2.360s] copying /home/paolo/NAS/Software/ROS2/service_client_ws/build/drive2/build/lib/drive2/client_drive.py -> /home/paolo/NAS/Software/ROS2/service_client_ws/install/drive2/lib/python3.8/site-packages/drive2
[2.387s] copying /home/paolo/NAS/Software/ROS2/service_client_ws/build/drive2/build/lib/drive2/__init__.py -> /home/paolo/NAS/Software/ROS2/service_client_ws/install/drive2/lib/python3.8/site-packages/drive2
[2.417s] byte-compiling /home/paolo/NAS/Software/ROS2/service_client_ws/install/drive2/lib/python3.8/site-packages/drive2/service_drive.py to service_drive.cpython-38.pyc
[2.489s] byte-compiling /home/paolo/NAS/Software/ROS2/service_client_ws/install/drive2/lib/python3.8/site-packages/drive2/client_drive.py to client_drive.cpython-38.pyc
[2.492s] byte-compiling /home/paolo/NAS/Software/ROS2/service_client_ws/install/drive2/lib/python3.8/site-packages/drive2/__init__.py to __init__.cpython-38.pyc
[2.514s] running install_data
[2.520s] creating /home/paolo/NAS/Software/ROS2/service_client_ws/install/drive2/share/ament_index
[2.522s] creating /home/paolo/NAS/Software/ROS2/service_client_ws/install/drive2/share/ament_index/resource_index
[2.526s] creating /home/paolo/NAS/Software/ROS2/service_client_ws/install/drive2/share/ament_index/resource_index/packages
[2.531s] error: can't copy 'resource/drive2': doesn't exist or not a regular file
