/home/robot/.local/lib/python3.8/site-packages/setuptools/dist.py:642: UserWarning: Usage of dash-separated 'script-dir' will not be supported in future versions. Please use the underscore name 'script_dir' instead
  warnings.warn(
/home/robot/.local/lib/python3.8/site-packages/setuptools/dist.py:642: UserWarning: Usage of dash-separated 'install-scripts' will not be supported in future versions. Please use the underscore name 'install_scripts' instead
  warnings.warn(
running egg_info
writing ../../build/jetbot_sys_info/jetbot_sys_info.egg-info/PKG-INFO
writing dependency_links to ../../build/jetbot_sys_info/jetbot_sys_info.egg-info/dependency_links.txt
writing entry points to ../../build/jetbot_sys_info/jetbot_sys_info.egg-info/entry_points.txt
writing requirements to ../../build/jetbot_sys_info/jetbot_sys_info.egg-info/requires.txt
writing top-level names to ../../build/jetbot_sys_info/jetbot_sys_info.egg-info/top_level.txt
reading manifest file '../../build/jetbot_sys_info/jetbot_sys_info.egg-info/SOURCES.txt'
writing manifest file '../../build/jetbot_sys_info/jetbot_sys_info.egg-info/SOURCES.txt'
running build
running build_py
copying jetbot_sys_info/sys_info.py -> /home/robot/Software/ROS2/Madox/madox_ws/build/jetbot_sys_info/build/lib/jetbot_sys_info
running install
running install_lib
copying /home/robot/Software/ROS2/Madox/madox_ws/build/jetbot_sys_info/build/lib/jetbot_sys_info/sys_info.py -> /home/robot/Software/ROS2/Madox/madox_ws/install/jetbot_sys_info/lib/python3.8/site-packages/jetbot_sys_info
byte-compiling /home/robot/Software/ROS2/Madox/madox_ws/install/jetbot_sys_info/lib/python3.8/site-packages/jetbot_sys_info/sys_info.py to sys_info.cpython-38.pyc
running install_data
running install_egg_info
removing '/home/robot/Software/ROS2/Madox/madox_ws/install/jetbot_sys_info/lib/python3.8/site-packages/jetbot_sys_info-0.0.0-py3.8.egg-info' (and everything under it)
Copying ../../build/jetbot_sys_info/jetbot_sys_info.egg-info to /home/robot/Software/ROS2/Madox/madox_ws/install/jetbot_sys_info/lib/python3.8/site-packages/jetbot_sys_info-0.0.0-py3.8.egg-info
running install_scripts
Installing ros2_sys_info script to /home/robot/Software/ROS2/Madox/madox_ws/install/jetbot_sys_info/lib/jetbot_sys_info
writing list of installed files to '/home/robot/Software/ROS2/Madox/madox_ws/build/jetbot_sys_info/install.log'
