[2.901s] Invoking command in '/home/paolo/NAS/Software/ROS2/Madox/madox_ws/src/jetbot_oled_display': AMENT_PREFIX_PATH=/home/paolo/NAS/Software/ROS2/Madox/madox_ws/install/jetbot_launch:${AMENT_PREFIX_PATH} PYTHONPATH=/home/paolo/NAS/Software/ROS2/Madox/madox_ws/install/jetbot_oled_display/lib/python3.8/site-packages:/home/paolo/NAS/Software/ROS2/Madox/madox_ws/install/jetbot_launch/lib/python3.8/site-packages:${PYTHONPATH} /usr/bin/python3 setup.py egg_info --egg-base ../../build/jetbot_oled_display build --build-base /home/paolo/NAS/Software/ROS2/Madox/madox_ws/build/jetbot_oled_display/build install --prefix /home/paolo/NAS/Software/ROS2/Madox/madox_ws/install/jetbot_oled_display --record /home/paolo/NAS/Software/ROS2/Madox/madox_ws/build/jetbot_oled_display/install.log --single-version-externally-managed
[3.471s] running egg_info
[3.474s] writing ../../build/jetbot_oled_display/jetbot_oled_display.egg-info/PKG-INFO
[3.498s] writing dependency_links to ../../build/jetbot_oled_display/jetbot_oled_display.egg-info/dependency_links.txt
[3.522s] writing entry points to ../../build/jetbot_oled_display/jetbot_oled_display.egg-info/entry_points.txt
[3.539s] writing requirements to ../../build/jetbot_oled_display/jetbot_oled_display.egg-info/requires.txt
[3.562s] writing top-level names to ../../build/jetbot_oled_display/jetbot_oled_display.egg-info/top_level.txt
[3.729s] reading manifest file '../../build/jetbot_oled_display/jetbot_oled_display.egg-info/SOURCES.txt'
[3.755s] writing manifest file '../../build/jetbot_oled_display/jetbot_oled_display.egg-info/SOURCES.txt'
[3.768s] running build
[3.769s] running build_py
[3.775s] running install
[3.792s] running install_lib
[3.808s] running install_data
[3.813s] running install_egg_info
[3.821s] removing '/home/paolo/NAS/Software/ROS2/Madox/madox_ws/install/jetbot_oled_display/lib/python3.8/site-packages/jetbot_oled_display-1.0.0-py3.8.egg-info' (and everything under it)
[3.869s] Copying ../../build/jetbot_oled_display/jetbot_oled_display.egg-info to /home/paolo/NAS/Software/ROS2/Madox/madox_ws/install/jetbot_oled_display/lib/python3.8/site-packages/jetbot_oled_display-1.0.0-py3.8.egg-info
[4.092s] running install_scripts
[4.141s] Installing ros2_jetbot_oled_display script to /home/paolo/NAS/Software/ROS2/Madox/madox_ws/install/jetbot_oled_display/lib/jetbot_oled_display
[4.160s] writing list of installed files to '/home/paolo/NAS/Software/ROS2/Madox/madox_ws/build/jetbot_oled_display/install.log'
[4.813s] Invoked command in '/home/paolo/NAS/Software/ROS2/Madox/madox_ws/src/jetbot_oled_display' returned '0': AMENT_PREFIX_PATH=/home/paolo/NAS/Software/ROS2/Madox/madox_ws/install/jetbot_launch:${AMENT_PREFIX_PATH} PYTHONPATH=/home/paolo/NAS/Software/ROS2/Madox/madox_ws/install/jetbot_oled_display/lib/python3.8/site-packages:/home/paolo/NAS/Software/ROS2/Madox/madox_ws/install/jetbot_launch/lib/python3.8/site-packages:${PYTHONPATH} /usr/bin/python3 setup.py egg_info --egg-base ../../build/jetbot_oled_display build --build-base /home/paolo/NAS/Software/ROS2/Madox/madox_ws/build/jetbot_oled_display/build install --prefix /home/paolo/NAS/Software/ROS2/Madox/madox_ws/install/jetbot_oled_display --record /home/paolo/NAS/Software/ROS2/Madox/madox_ws/build/jetbot_oled_display/install.log --single-version-externally-managed
