[0.357s] DEBUG:colcon:Command line arguments: ['/usr/bin/colcon', 'build']
[0.357s] DEBUG:colcon:Parsed command line arguments: Namespace(ament_cmake_args=None, base_paths=['.'], build_base='build', catkin_cmake_args=None, catkin_skip_building_tests=False, cmake_args=None, cmake_clean_cache=False, cmake_clean_first=False, cmake_force_configure=False, cmake_target=None, cmake_target_skip_unavailable=False, continue_on_error=False, event_handlers=None, executor='parallel', ignore_user_meta=False, install_base='install', log_base=None, log_level=None, main=<bound method BuildVerb.main of <colcon_core.verb.build.BuildVerb object at 0x7f4873b7cb80>>, merge_install=False, metas=['./colcon.meta'], packages_above=None, packages_above_and_dependencies=None, packages_above_depth=None, packages_end=None, packages_ignore=None, packages_ignore_regex=None, packages_select=None, packages_select_build_failed=False, packages_select_by_dep=None, packages_select_regex=None, packages_select_test_failures=False, packages_skip=None, packages_skip_build_finished=False, packages_skip_by_dep=None, packages_skip_regex=None, packages_skip_test_passed=False, packages_skip_up_to=None, packages_start=None, packages_up_to=None, packages_up_to_regex=None, parallel_workers=4, paths=None, symlink_install=False, test_result_base=None, verb_extension=<colcon_core.verb.build.BuildVerb object at 0x7f4873b7cb80>, verb_name='build', verb_parser=<colcon_defaults.argument_parser.defaults.DefaultArgumentsDecorator object at 0x7f4873b87130>)
[0.376s] Level 1:colcon.colcon_core.package_discovery:discover_packages(colcon_meta) check parameters
[0.379s] Level 1:colcon.colcon_core.package_discovery:discover_packages(recursive) check parameters
[0.379s] Level 1:colcon.colcon_core.package_discovery:discover_packages(ignore) check parameters
[0.379s] Level 1:colcon.colcon_core.package_discovery:discover_packages(path) check parameters
[0.379s] Level 1:colcon.colcon_core.package_discovery:discover_packages(colcon_meta) discover
[0.379s] Level 1:colcon.colcon_core.package_discovery:discover_packages(recursive) discover
[0.379s] INFO:colcon.colcon_core.package_discovery:Crawling recursively for packages in '/home/paolo/NAS/Software/ROS2/service_client_ws'
[0.387s] Level 1:colcon.colcon_core.package_identification:_identify(.) by extensions ['ignore', 'ignore_ament_install']
[0.387s] Level 1:colcon.colcon_core.package_identification:_identify(.) by extension 'ignore'
[0.390s] Level 1:colcon.colcon_core.package_identification:_identify(.) by extension 'ignore_ament_install'
[0.400s] Level 1:colcon.colcon_core.package_identification:_identify(.) by extensions ['colcon_pkg']
[0.400s] Level 1:colcon.colcon_core.package_identification:_identify(.) by extension 'colcon_pkg'
[0.404s] Level 1:colcon.colcon_core.package_identification:_identify(.) by extensions ['colcon_meta']
[0.405s] Level 1:colcon.colcon_core.package_identification:_identify(.) by extension 'colcon_meta'
[0.405s] Level 1:colcon.colcon_core.package_identification:_identify(.) by extensions ['ros']
[0.405s] Level 1:colcon.colcon_core.package_identification:_identify(.) by extension 'ros'
[0.458s] Level 1:colcon.colcon_core.package_identification:_identify(.) by extensions ['cmake', 'python']
[0.458s] Level 1:colcon.colcon_core.package_identification:_identify(.) by extension 'cmake'
[0.463s] Level 1:colcon.colcon_core.package_identification:_identify(.) by extension 'python'
[0.469s] Level 1:colcon.colcon_core.package_identification:_identify(.) by extensions ['python_setup_py']
[0.469s] Level 1:colcon.colcon_core.package_identification:_identify(.) by extension 'python_setup_py'
[0.473s] Level 1:colcon.colcon_core.package_identification:_identify(build) by extensions ['ignore', 'ignore_ament_install']
[0.473s] Level 1:colcon.colcon_core.package_identification:_identify(build) by extension 'ignore'
[0.474s] Level 1:colcon.colcon_core.package_identification:_identify(build) ignored
[0.476s] Level 1:colcon.colcon_core.package_identification:_identify(install) by extensions ['ignore', 'ignore_ament_install']
[0.476s] Level 1:colcon.colcon_core.package_identification:_identify(install) by extension 'ignore'
[0.476s] Level 1:colcon.colcon_core.package_identification:_identify(install) ignored
[0.488s] Level 1:colcon.colcon_core.package_identification:_identify(log) by extensions ['ignore', 'ignore_ament_install']
[0.488s] Level 1:colcon.colcon_core.package_identification:_identify(log) by extension 'ignore'
[0.489s] Level 1:colcon.colcon_core.package_identification:_identify(log) ignored
[0.491s] Level 1:colcon.colcon_core.package_identification:_identify(src) by extensions ['ignore', 'ignore_ament_install']
[0.491s] Level 1:colcon.colcon_core.package_identification:_identify(src) by extension 'ignore'
[0.493s] Level 1:colcon.colcon_core.package_identification:_identify(src) by extension 'ignore_ament_install'
[0.501s] Level 1:colcon.colcon_core.package_identification:_identify(src) by extensions ['colcon_pkg']
[0.502s] Level 1:colcon.colcon_core.package_identification:_identify(src) by extension 'colcon_pkg'
[0.507s] Level 1:colcon.colcon_core.package_identification:_identify(src) by extensions ['colcon_meta']
[0.507s] Level 1:colcon.colcon_core.package_identification:_identify(src) by extension 'colcon_meta'
[0.509s] Level 1:colcon.colcon_core.package_identification:_identify(src) by extensions ['ros']
[0.510s] Level 1:colcon.colcon_core.package_identification:_identify(src) by extension 'ros'
[0.531s] Level 1:colcon.colcon_core.package_identification:_identify(src) by extensions ['cmake', 'python']
[0.531s] Level 1:colcon.colcon_core.package_identification:_identify(src) by extension 'cmake'
[0.536s] Level 1:colcon.colcon_core.package_identification:_identify(src) by extension 'python'
[0.540s] Level 1:colcon.colcon_core.package_identification:_identify(src) by extensions ['python_setup_py']
[0.541s] Level 1:colcon.colcon_core.package_identification:_identify(src) by extension 'python_setup_py'
[0.545s] Level 1:colcon.colcon_core.package_identification:_identify(src/drive) by extensions ['ignore', 'ignore_ament_install']
[0.546s] Level 1:colcon.colcon_core.package_identification:_identify(src/drive) by extension 'ignore'
[0.548s] Level 1:colcon.colcon_core.package_identification:_identify(src/drive) by extension 'ignore_ament_install'
[0.557s] Level 1:colcon.colcon_core.package_identification:_identify(src/drive) by extensions ['colcon_pkg']
[0.557s] Level 1:colcon.colcon_core.package_identification:_identify(src/drive) by extension 'colcon_pkg'
[0.561s] Level 1:colcon.colcon_core.package_identification:_identify(src/drive) by extensions ['colcon_meta']
[0.562s] Level 1:colcon.colcon_core.package_identification:_identify(src/drive) by extension 'colcon_meta'
[0.565s] Level 1:colcon.colcon_core.package_identification:_identify(src/drive) by extensions ['ros']
[0.565s] Level 1:colcon.colcon_core.package_identification:_identify(src/drive) by extension 'ros'
[0.600s] DEBUG:colcon.colcon_core.package_identification:Package 'src/drive' with type 'ros.ament_python' and name 'drive'
[0.602s] Level 1:colcon.colcon_core.package_identification:_identify(src/py_srvcli) by extensions ['ignore', 'ignore_ament_install']
[0.603s] Level 1:colcon.colcon_core.package_identification:_identify(src/py_srvcli) by extension 'ignore'
[0.603s] Level 1:colcon.colcon_core.package_identification:_identify(src/py_srvcli) by extension 'ignore_ament_install'
[0.604s] Level 1:colcon.colcon_core.package_identification:_identify(src/py_srvcli) by extensions ['colcon_pkg']
[0.604s] Level 1:colcon.colcon_core.package_identification:_identify(src/py_srvcli) by extension 'colcon_pkg'
[0.604s] Level 1:colcon.colcon_core.package_identification:_identify(src/py_srvcli) by extensions ['colcon_meta']
[0.604s] Level 1:colcon.colcon_core.package_identification:_identify(src/py_srvcli) by extension 'colcon_meta'
[0.604s] Level 1:colcon.colcon_core.package_identification:_identify(src/py_srvcli) by extensions ['ros']
[0.605s] Level 1:colcon.colcon_core.package_identification:_identify(src/py_srvcli) by extension 'ros'
[0.617s] DEBUG:colcon.colcon_core.package_identification:Package 'src/py_srvcli' with type 'ros.ament_python' and name 'py_srvcli'
[0.617s] Level 1:colcon.colcon_core.package_discovery:discover_packages(recursive) using defaults
[0.618s] Level 1:colcon.colcon_core.package_discovery:discover_packages(ignore) discover
[0.618s] Level 1:colcon.colcon_core.package_discovery:discover_packages(ignore) using defaults
[0.618s] Level 1:colcon.colcon_core.package_discovery:discover_packages(path) discover
[0.618s] Level 1:colcon.colcon_core.package_discovery:discover_packages(path) using defaults
[0.660s] Level 5:colcon.colcon_core.verb:set package 'drive' build argument 'cmake_args' from command line to 'None'
[0.660s] Level 5:colcon.colcon_core.verb:set package 'drive' build argument 'cmake_target' from command line to 'None'
[0.660s] Level 5:colcon.colcon_core.verb:set package 'drive' build argument 'cmake_target_skip_unavailable' from command line to 'False'
[0.660s] Level 5:colcon.colcon_core.verb:set package 'drive' build argument 'cmake_clean_cache' from command line to 'False'
[0.660s] Level 5:colcon.colcon_core.verb:set package 'drive' build argument 'cmake_clean_first' from command line to 'False'
[0.660s] Level 5:colcon.colcon_core.verb:set package 'drive' build argument 'cmake_force_configure' from command line to 'False'
[0.660s] Level 5:colcon.colcon_core.verb:set package 'drive' build argument 'ament_cmake_args' from command line to 'None'
[0.660s] Level 5:colcon.colcon_core.verb:set package 'drive' build argument 'catkin_cmake_args' from command line to 'None'
[0.660s] Level 5:colcon.colcon_core.verb:set package 'drive' build argument 'catkin_skip_building_tests' from command line to 'False'
[0.660s] DEBUG:colcon.colcon_core.verb:Building package 'drive' with the following arguments: {'ament_cmake_args': None, 'build_base': '/home/paolo/NAS/Software/ROS2/service_client_ws/build/drive', 'catkin_cmake_args': None, 'catkin_skip_building_tests': False, 'cmake_args': None, 'cmake_clean_cache': False, 'cmake_clean_first': False, 'cmake_force_configure': False, 'cmake_target': None, 'cmake_target_skip_unavailable': False, 'install_base': '/home/paolo/NAS/Software/ROS2/service_client_ws/install/drive', 'merge_install': False, 'path': '/home/paolo/NAS/Software/ROS2/service_client_ws/src/drive', 'symlink_install': False, 'test_result_base': None}
[0.663s] Level 5:colcon.colcon_core.verb:set package 'py_srvcli' build argument 'cmake_args' from command line to 'None'
[0.663s] Level 5:colcon.colcon_core.verb:set package 'py_srvcli' build argument 'cmake_target' from command line to 'None'
[0.663s] Level 5:colcon.colcon_core.verb:set package 'py_srvcli' build argument 'cmake_target_skip_unavailable' from command line to 'False'
[0.663s] Level 5:colcon.colcon_core.verb:set package 'py_srvcli' build argument 'cmake_clean_cache' from command line to 'False'
[0.663s] Level 5:colcon.colcon_core.verb:set package 'py_srvcli' build argument 'cmake_clean_first' from command line to 'False'
[0.663s] Level 5:colcon.colcon_core.verb:set package 'py_srvcli' build argument 'cmake_force_configure' from command line to 'False'
[0.663s] Level 5:colcon.colcon_core.verb:set package 'py_srvcli' build argument 'ament_cmake_args' from command line to 'None'
[0.663s] Level 5:colcon.colcon_core.verb:set package 'py_srvcli' build argument 'catkin_cmake_args' from command line to 'None'
[0.663s] Level 5:colcon.colcon_core.verb:set package 'py_srvcli' build argument 'catkin_skip_building_tests' from command line to 'False'
[0.663s] DEBUG:colcon.colcon_core.verb:Building package 'py_srvcli' with the following arguments: {'ament_cmake_args': None, 'build_base': '/home/paolo/NAS/Software/ROS2/service_client_ws/build/py_srvcli', 'catkin_cmake_args': None, 'catkin_skip_building_tests': False, 'cmake_args': None, 'cmake_clean_cache': False, 'cmake_clean_first': False, 'cmake_force_configure': False, 'cmake_target': None, 'cmake_target_skip_unavailable': False, 'install_base': '/home/paolo/NAS/Software/ROS2/service_client_ws/install/py_srvcli', 'merge_install': False, 'path': '/home/paolo/NAS/Software/ROS2/service_client_ws/src/py_srvcli', 'symlink_install': False, 'test_result_base': None}
[0.664s] INFO:colcon.colcon_core.executor:Executing jobs using 'parallel' executor
[0.666s] DEBUG:colcon.colcon_parallel_executor.executor.parallel:run_until_complete
[0.666s] INFO:colcon.colcon_ros.task.ament_python.build:Building ROS package in '/home/paolo/NAS/Software/ROS2/service_client_ws/src/drive' with build type 'ament_python'
[0.666s] Level 1:colcon.colcon_core.shell:create_environment_hook('drive', 'ament_prefix_path')
[0.670s] INFO:colcon.colcon_core.plugin_system:Skipping extension 'colcon_core.shell.bat': Not used on non-Windows systems
[0.670s] INFO:colcon.colcon_core.shell:Creating environment hook '/home/paolo/NAS/Software/ROS2/service_client_ws/install/drive/share/drive/hook/ament_prefix_path.ps1'
[0.692s] INFO:colcon.colcon_core.shell:Creating environment descriptor '/home/paolo/NAS/Software/ROS2/service_client_ws/install/drive/share/drive/hook/ament_prefix_path.dsv'
[0.709s] INFO:colcon.colcon_core.shell:Creating environment hook '/home/paolo/NAS/Software/ROS2/service_client_ws/install/drive/share/drive/hook/ament_prefix_path.sh'
[0.730s] INFO:colcon.colcon_core.shell:Skip shell extension 'powershell' for command environment: Not usable outside of PowerShell
[0.731s] DEBUG:colcon.colcon_core.shell:Skip shell extension 'dsv' for command environment
[0.738s] WARNING:colcon.colcon_core.prefix_path.colcon:The path '/home/paolo/NAS/Software/ROS2/install' in the environment variable COLCON_PREFIX_PATH doesn't exist
[0.745s] WARNING:colcon.colcon_ros.prefix_path.ament:The path '/home/paolo/NAS/Software/ROS2/service_client_ws/install/service_clent' in the environment variable AMENT_PREFIX_PATH doesn't exist
[0.786s] DEBUG:colcon.colcon_core.shell:Ignoring prefix path '/opt/ros/foxy'
[0.821s] INFO:colcon.colcon_ros.task.ament_python.build:Building ROS package in '/home/paolo/NAS/Software/ROS2/service_client_ws/src/py_srvcli' with build type 'ament_python'
[0.823s] Level 1:colcon.colcon_core.shell:create_environment_hook('py_srvcli', 'ament_prefix_path')
[0.827s] INFO:colcon.colcon_core.shell:Creating environment hook '/home/paolo/NAS/Software/ROS2/service_client_ws/install/py_srvcli/share/py_srvcli/hook/ament_prefix_path.ps1'
[0.844s] INFO:colcon.colcon_core.shell:Creating environment descriptor '/home/paolo/NAS/Software/ROS2/service_client_ws/install/py_srvcli/share/py_srvcli/hook/ament_prefix_path.dsv'
[0.860s] INFO:colcon.colcon_core.shell:Creating environment hook '/home/paolo/NAS/Software/ROS2/service_client_ws/install/py_srvcli/share/py_srvcli/hook/ament_prefix_path.sh'
[0.885s] INFO:colcon.colcon_core.shell:Skip shell extension 'powershell' for command environment: Not usable outside of PowerShell
[0.885s] DEBUG:colcon.colcon_core.shell:Skip shell extension 'dsv' for command environment
[0.904s] DEBUG:colcon.colcon_core.shell:Ignoring prefix path '/opt/ros/foxy'
[1.278s] INFO:colcon.colcon_core.task.python.build:Building Python package in '/home/paolo/NAS/Software/ROS2/service_client_ws/src/drive'
[1.279s] INFO:colcon.colcon_core.shell:Skip shell extension 'powershell' for command environment: Not usable outside of PowerShell
[1.280s] DEBUG:colcon.colcon_core.shell:Skip shell extension 'dsv' for command environment
[1.294s] DEBUG:colcon.colcon_core.shell:Ignoring prefix path '/opt/ros/foxy'
[1.672s] INFO:colcon.colcon_core.task.python.build:Building Python package in '/home/paolo/NAS/Software/ROS2/service_client_ws/src/py_srvcli'
[1.673s] INFO:colcon.colcon_core.shell:Skip shell extension 'powershell' for command environment: Not usable outside of PowerShell
[1.673s] DEBUG:colcon.colcon_core.shell:Skip shell extension 'dsv' for command environment
[1.689s] DEBUG:colcon.colcon_core.shell:Ignoring prefix path '/opt/ros/foxy'
[1.793s] DEBUG:colcon.colcon_core.event_handler.log_command:Invoking command in '/home/paolo/NAS/Software/ROS2/service_client_ws/src/drive': PYTHONPATH=/home/paolo/NAS/Software/ROS2/service_client_ws/install/drive/lib/python3.8/site-packages:${PYTHONPATH} /usr/bin/python3 setup.py egg_info --egg-base ../../build/drive build --build-base /home/paolo/NAS/Software/ROS2/service_client_ws/build/drive/build install --prefix /home/paolo/NAS/Software/ROS2/service_client_ws/install/drive --record /home/paolo/NAS/Software/ROS2/service_client_ws/build/drive/install.log --single-version-externally-managed
[1.831s] DEBUG:colcon.colcon_core.event_handler.log_command:Invoking command in '/home/paolo/NAS/Software/ROS2/service_client_ws/src/py_srvcli': PYTHONPATH=/home/paolo/NAS/Software/ROS2/service_client_ws/install/py_srvcli/lib/python3.8/site-packages:${PYTHONPATH} /usr/bin/python3 setup.py egg_info --egg-base ../../build/py_srvcli build --build-base /home/paolo/NAS/Software/ROS2/service_client_ws/build/py_srvcli/build install --prefix /home/paolo/NAS/Software/ROS2/service_client_ws/install/py_srvcli --record /home/paolo/NAS/Software/ROS2/service_client_ws/build/py_srvcli/install.log --single-version-externally-managed
[2.951s] DEBUG:colcon.colcon_core.event_handler.log_command:Invoked command in '/home/paolo/NAS/Software/ROS2/service_client_ws/src/py_srvcli' returned '0': PYTHONPATH=/home/paolo/NAS/Software/ROS2/service_client_ws/install/py_srvcli/lib/python3.8/site-packages:${PYTHONPATH} /usr/bin/python3 setup.py egg_info --egg-base ../../build/py_srvcli build --build-base /home/paolo/NAS/Software/ROS2/service_client_ws/build/py_srvcli/build install --prefix /home/paolo/NAS/Software/ROS2/service_client_ws/install/py_srvcli --record /home/paolo/NAS/Software/ROS2/service_client_ws/build/py_srvcli/install.log --single-version-externally-managed
[2.957s] Level 1:colcon.colcon_core.environment:checking '/home/paolo/NAS/Software/ROS2/service_client_ws/install/py_srvcli' for CMake module files
[2.971s] Level 1:colcon.colcon_core.environment:checking '/home/paolo/NAS/Software/ROS2/service_client_ws/install/py_srvcli' for CMake config files
[3.012s] Level 1:colcon.colcon_core.environment:checking '/home/paolo/NAS/Software/ROS2/service_client_ws/install/py_srvcli/lib'
[3.015s] Level 1:colcon.colcon_core.environment:checking '/home/paolo/NAS/Software/ROS2/service_client_ws/install/py_srvcli/bin'
[3.015s] Level 1:colcon.colcon_core.environment:checking '/home/paolo/NAS/Software/ROS2/service_client_ws/install/py_srvcli/lib/pkgconfig/py_srvcli.pc'
[3.015s] Level 1:colcon.colcon_core.environment:checking '/home/paolo/NAS/Software/ROS2/service_client_ws/install/py_srvcli/lib/python3.8/site-packages'
[3.015s] Level 1:colcon.colcon_core.shell:create_environment_hook('py_srvcli', 'pythonpath')
[3.017s] INFO:colcon.colcon_core.shell:Creating environment hook '/home/paolo/NAS/Software/ROS2/service_client_ws/install/py_srvcli/share/py_srvcli/hook/pythonpath.ps1'
[3.033s] INFO:colcon.colcon_core.shell:Creating environment descriptor '/home/paolo/NAS/Software/ROS2/service_client_ws/install/py_srvcli/share/py_srvcli/hook/pythonpath.dsv'
[3.050s] INFO:colcon.colcon_core.shell:Creating environment hook '/home/paolo/NAS/Software/ROS2/service_client_ws/install/py_srvcli/share/py_srvcli/hook/pythonpath.sh'
[3.069s] Level 1:colcon.colcon_core.environment:create_environment_scripts_only(py_srvcli)
[3.072s] INFO:colcon.colcon_core.shell:Creating package script '/home/paolo/NAS/Software/ROS2/service_client_ws/install/py_srvcli/share/py_srvcli/package.ps1'
[3.090s] INFO:colcon.colcon_core.shell:Creating package descriptor '/home/paolo/NAS/Software/ROS2/service_client_ws/install/py_srvcli/share/py_srvcli/package.dsv'
[3.106s] INFO:colcon.colcon_core.shell:Creating package script '/home/paolo/NAS/Software/ROS2/service_client_ws/install/py_srvcli/share/py_srvcli/package.sh'
[3.124s] INFO:colcon.colcon_core.shell:Creating package script '/home/paolo/NAS/Software/ROS2/service_client_ws/install/py_srvcli/share/py_srvcli/package.bash'
[3.141s] INFO:colcon.colcon_core.shell:Creating package script '/home/paolo/NAS/Software/ROS2/service_client_ws/install/py_srvcli/share/py_srvcli/package.zsh'
[3.161s] Level 1:colcon.colcon_core.environment:create_file_with_runtime_dependencies(/home/paolo/NAS/Software/ROS2/service_client_ws/install/py_srvcli/share/colcon-core/packages/py_srvcli)
[3.181s] Level 1:colcon.colcon_core.environment:checking '/home/paolo/NAS/Software/ROS2/service_client_ws/install/drive' for CMake module files
[3.198s] Level 1:colcon.colcon_core.environment:checking '/home/paolo/NAS/Software/ROS2/service_client_ws/install/drive' for CMake config files
[3.233s] DEBUG:colcon.colcon_core.event_handler.log_command:Invoked command in '/home/paolo/NAS/Software/ROS2/service_client_ws/src/drive' returned '0': PYTHONPATH=/home/paolo/NAS/Software/ROS2/service_client_ws/install/drive/lib/python3.8/site-packages:${PYTHONPATH} /usr/bin/python3 setup.py egg_info --egg-base ../../build/drive build --build-base /home/paolo/NAS/Software/ROS2/service_client_ws/build/drive/build install --prefix /home/paolo/NAS/Software/ROS2/service_client_ws/install/drive --record /home/paolo/NAS/Software/ROS2/service_client_ws/build/drive/install.log --single-version-externally-managed
[3.248s] Level 1:colcon.colcon_core.environment:checking '/home/paolo/NAS/Software/ROS2/service_client_ws/install/drive/lib'
[3.251s] Level 1:colcon.colcon_core.environment:checking '/home/paolo/NAS/Software/ROS2/service_client_ws/install/drive/bin'
[3.252s] Level 1:colcon.colcon_core.environment:checking '/home/paolo/NAS/Software/ROS2/service_client_ws/install/drive/lib/pkgconfig/drive.pc'
[3.252s] Level 1:colcon.colcon_core.environment:checking '/home/paolo/NAS/Software/ROS2/service_client_ws/install/drive/lib/python3.8/site-packages'
[3.252s] Level 1:colcon.colcon_core.shell:create_environment_hook('drive', 'pythonpath')
[3.254s] INFO:colcon.colcon_core.shell:Creating environment hook '/home/paolo/NAS/Software/ROS2/service_client_ws/install/drive/share/drive/hook/pythonpath.ps1'
[3.271s] INFO:colcon.colcon_core.shell:Creating environment descriptor '/home/paolo/NAS/Software/ROS2/service_client_ws/install/drive/share/drive/hook/pythonpath.dsv'
[3.288s] INFO:colcon.colcon_core.shell:Creating environment hook '/home/paolo/NAS/Software/ROS2/service_client_ws/install/drive/share/drive/hook/pythonpath.sh'
[3.303s] Level 1:colcon.colcon_core.environment:create_environment_scripts_only(drive)
[3.305s] INFO:colcon.colcon_core.shell:Creating package script '/home/paolo/NAS/Software/ROS2/service_client_ws/install/drive/share/drive/package.ps1'
[3.321s] INFO:colcon.colcon_core.shell:Creating package descriptor '/home/paolo/NAS/Software/ROS2/service_client_ws/install/drive/share/drive/package.dsv'
[3.337s] INFO:colcon.colcon_core.shell:Creating package script '/home/paolo/NAS/Software/ROS2/service_client_ws/install/drive/share/drive/package.sh'
[3.352s] INFO:colcon.colcon_core.shell:Creating package script '/home/paolo/NAS/Software/ROS2/service_client_ws/install/drive/share/drive/package.bash'
[3.368s] INFO:colcon.colcon_core.shell:Creating package script '/home/paolo/NAS/Software/ROS2/service_client_ws/install/drive/share/drive/package.zsh'
[3.385s] Level 1:colcon.colcon_core.environment:create_file_with_runtime_dependencies(/home/paolo/NAS/Software/ROS2/service_client_ws/install/drive/share/colcon-core/packages/drive)
[3.402s] DEBUG:colcon.colcon_parallel_executor.executor.parallel:closing loop
[3.403s] DEBUG:colcon.colcon_parallel_executor.executor.parallel:loop closed
[3.403s] DEBUG:colcon.colcon_parallel_executor.executor.parallel:run_until_complete finished with '0'
[3.404s] DEBUG:colcon.colcon_core.event_reactor:joining thread
[3.486s] INFO:colcon.colcon_core.plugin_system:Skipping extension 'colcon_notification.desktop_notification.terminal_notifier': Not used on non-Darwin systems
[3.487s] INFO:colcon.colcon_core.plugin_system:Skipping extension 'colcon_notification.desktop_notification.win32': Not used on non-Windows systems
[3.488s] INFO:colcon.colcon_notification.desktop_notification:Sending desktop notification using 'notify2'
[3.509s] DEBUG:colcon.colcon_core.event_reactor:joined thread
[3.510s] INFO:colcon.colcon_core.shell:Creating prefix script '/home/paolo/NAS/Software/ROS2/service_client_ws/install/local_setup.ps1'
[3.525s] INFO:colcon.colcon_core.shell:Creating prefix util module '/home/paolo/NAS/Software/ROS2/service_client_ws/install/_local_setup_util_ps1.py'
[3.541s] INFO:colcon.colcon_core.shell:Creating prefix chain script '/home/paolo/NAS/Software/ROS2/service_client_ws/install/setup.ps1'
[3.573s] INFO:colcon.colcon_core.shell:Creating prefix script '/home/paolo/NAS/Software/ROS2/service_client_ws/install/local_setup.sh'
[3.591s] INFO:colcon.colcon_core.shell:Creating prefix util module '/home/paolo/NAS/Software/ROS2/service_client_ws/install/_local_setup_util_sh.py'
[3.607s] INFO:colcon.colcon_core.shell:Creating prefix chain script '/home/paolo/NAS/Software/ROS2/service_client_ws/install/setup.sh'
[3.635s] INFO:colcon.colcon_core.shell:Creating prefix script '/home/paolo/NAS/Software/ROS2/service_client_ws/install/local_setup.bash'
[3.650s] INFO:colcon.colcon_core.shell:Creating prefix chain script '/home/paolo/NAS/Software/ROS2/service_client_ws/install/setup.bash'
[3.676s] INFO:colcon.colcon_core.shell:Creating prefix script '/home/paolo/NAS/Software/ROS2/service_client_ws/install/local_setup.zsh'
[3.692s] INFO:colcon.colcon_core.shell:Creating prefix chain script '/home/paolo/NAS/Software/ROS2/service_client_ws/install/setup.zsh'
