[2.095s] Invoking command in '/home/paolo/NAS/Software/ROS2/Madox/madox_ws/src/camera': PYTHONPATH=/home/paolo/NAS/Software/ROS2/Madox/madox_ws/install/camera/lib/python3.8/site-packages:${PYTHONPATH} /usr/bin/python3 setup.py egg_info --egg-base ../../build/camera build --build-base /home/paolo/NAS/Software/ROS2/Madox/madox_ws/build/camera/build install --prefix /home/paolo/NAS/Software/ROS2/Madox/madox_ws/install/camera --record /home/paolo/NAS/Software/ROS2/Madox/madox_ws/build/camera/install.log --single-version-externally-managed
[2.532s] running egg_info
[2.533s] creating ../../build/camera/camera.egg-info
[2.536s] writing ../../build/camera/camera.egg-info/PKG-INFO
[2.563s] writing dependency_links to ../../build/camera/camera.egg-info/dependency_links.txt
[2.577s] writing entry points to ../../build/camera/camera.egg-info/entry_points.txt
[2.587s] writing requirements to ../../build/camera/camera.egg-info/requires.txt
[2.598s] writing top-level names to ../../build/camera/camera.egg-info/top_level.txt
[2.613s] writing manifest file '../../build/camera/camera.egg-info/SOURCES.txt'
[2.714s] reading manifest file '../../build/camera/camera.egg-info/SOURCES.txt'
[2.724s] writing manifest file '../../build/camera/camera.egg-info/SOURCES.txt'
[2.734s] running build
[2.734s] running build_py
[2.741s] creating /home/paolo/NAS/Software/ROS2/Madox/madox_ws/build/camera/build
[2.742s] creating /home/paolo/NAS/Software/ROS2/Madox/madox_ws/build/camera/build/lib
[2.747s] creating /home/paolo/NAS/Software/ROS2/Madox/madox_ws/build/camera/build/lib/camera
[2.760s] copying camera/log.py -> /home/paolo/NAS/Software/ROS2/Madox/madox_ws/build/camera/build/lib/camera
[2.785s] copying camera/__init__.py -> /home/paolo/NAS/Software/ROS2/Madox/madox_ws/build/camera/build/lib/camera
[2.803s] copying camera/camera.py -> /home/paolo/NAS/Software/ROS2/Madox/madox_ws/build/camera/build/lib/camera
[2.829s] copying camera/server.py -> /home/paolo/NAS/Software/ROS2/Madox/madox_ws/build/camera/build/lib/camera
[2.850s] running install
[2.854s] running install_lib
[2.878s] creating /home/paolo/NAS/Software/ROS2/Madox/madox_ws/install/camera/lib/python3.8/site-packages/camera
[2.884s] copying /home/paolo/NAS/Software/ROS2/Madox/madox_ws/build/camera/build/lib/camera/__init__.py -> /home/paolo/NAS/Software/ROS2/Madox/madox_ws/install/camera/lib/python3.8/site-packages/camera
[2.900s] copying /home/paolo/NAS/Software/ROS2/Madox/madox_ws/build/camera/build/lib/camera/camera.py -> /home/paolo/NAS/Software/ROS2/Madox/madox_ws/install/camera/lib/python3.8/site-packages/camera
[2.926s] copying /home/paolo/NAS/Software/ROS2/Madox/madox_ws/build/camera/build/lib/camera/log.py -> /home/paolo/NAS/Software/ROS2/Madox/madox_ws/install/camera/lib/python3.8/site-packages/camera
[2.951s] copying /home/paolo/NAS/Software/ROS2/Madox/madox_ws/build/camera/build/lib/camera/server.py -> /home/paolo/NAS/Software/ROS2/Madox/madox_ws/install/camera/lib/python3.8/site-packages/camera
[2.994s] byte-compiling /home/paolo/NAS/Software/ROS2/Madox/madox_ws/install/camera/lib/python3.8/site-packages/camera/__init__.py to __init__.cpython-38.pyc
[3.032s] byte-compiling /home/paolo/NAS/Software/ROS2/Madox/madox_ws/install/camera/lib/python3.8/site-packages/camera/camera.py to camera.cpython-38.pyc
[3.072s] byte-compiling /home/paolo/NAS/Software/ROS2/Madox/madox_ws/install/camera/lib/python3.8/site-packages/camera/log.py to log.cpython-38.pyc
[3.108s] byte-compiling /home/paolo/NAS/Software/ROS2/Madox/madox_ws/install/camera/lib/python3.8/site-packages/camera/server.py to server.cpython-38.pyc
[3.146s] running install_data
[3.152s] creating /home/paolo/NAS/Software/ROS2/Madox/madox_ws/install/camera/share/ament_index
[3.155s] creating /home/paolo/NAS/Software/ROS2/Madox/madox_ws/install/camera/share/ament_index/resource_index
[3.164s] creating /home/paolo/NAS/Software/ROS2/Madox/madox_ws/install/camera/share/ament_index/resource_index/packages
[3.175s] copying resource/camera -> /home/paolo/NAS/Software/ROS2/Madox/madox_ws/install/camera/share/ament_index/resource_index/packages
[3.197s] copying package.xml -> /home/paolo/NAS/Software/ROS2/Madox/madox_ws/install/camera/share/camera
[3.221s] running install_egg_info
[3.233s] Copying ../../build/camera/camera.egg-info to /home/paolo/NAS/Software/ROS2/Madox/madox_ws/install/camera/lib/python3.8/site-packages/camera-1.0.0-py3.8.egg-info
[3.446s] running install_scripts
[3.509s] Installing ros2_camera script to /home/paolo/NAS/Software/ROS2/Madox/madox_ws/install/camera/lib/camera
[3.534s] writing list of installed files to '/home/paolo/NAS/Software/ROS2/Madox/madox_ws/build/camera/install.log'
[3.909s] Invoked command in '/home/paolo/NAS/Software/ROS2/Madox/madox_ws/src/camera' returned '0': PYTHONPATH=/home/paolo/NAS/Software/ROS2/Madox/madox_ws/install/camera/lib/python3.8/site-packages:${PYTHONPATH} /usr/bin/python3 setup.py egg_info --egg-base ../../build/camera build --build-base /home/paolo/NAS/Software/ROS2/Madox/madox_ws/build/camera/build install --prefix /home/paolo/NAS/Software/ROS2/Madox/madox_ws/install/camera --record /home/paolo/NAS/Software/ROS2/Madox/madox_ws/build/camera/install.log --single-version-externally-managed
