[1.322s] Invoking command in '/home/robot/Software/ROS2/Madox/madox_ws/src/imu': PYTHONPATH=/home/robot/Software/ROS2/Madox/madox_ws/install/imu/lib/python3.8/site-packages:${PYTHONPATH} /usr/bin/python3 setup.py egg_info --egg-base ../../build/imu build --build-base /home/robot/Software/ROS2/Madox/madox_ws/build/imu/build install --prefix /home/robot/Software/ROS2/Madox/madox_ws/install/imu --record /home/robot/Software/ROS2/Madox/madox_ws/build/imu/install.log --single-version-externally-managed
[2.087s] /home/robot/.local/lib/python3.8/site-packages/setuptools/dist.py:642: UserWarning: Usage of dash-separated 'script-dir' will not be supported in future versions. Please use the underscore name 'script_dir' instead
[2.088s]   warnings.warn(
[2.088s] /home/robot/.local/lib/python3.8/site-packages/setuptools/dist.py:642: UserWarning: Usage of dash-separated 'install-scripts' will not be supported in future versions. Please use the underscore name 'install_scripts' instead
[2.088s]   warnings.warn(
[2.217s] running egg_info
[2.221s] writing ../../build/imu/imu.egg-info/PKG-INFO
[2.236s] writing dependency_links to ../../build/imu/imu.egg-info/dependency_links.txt
[2.248s] writing entry points to ../../build/imu/imu.egg-info/entry_points.txt
[2.258s] writing requirements to ../../build/imu/imu.egg-info/requires.txt
[2.270s] writing top-level names to ../../build/imu/imu.egg-info/top_level.txt
[2.468s] reading manifest file '../../build/imu/imu.egg-info/SOURCES.txt'
[2.478s] writing manifest file '../../build/imu/imu.egg-info/SOURCES.txt'
[2.487s] running build
[2.488s] running build_py
[2.499s] copying imu/imu_BCK.py -> /home/robot/Software/ROS2/Madox/madox_ws/build/imu/build/lib/imu
[2.520s] copying imu/imu.py -> /home/robot/Software/ROS2/Madox/madox_ws/build/imu/build/lib/imu
[2.551s] running install
[2.556s] running install_lib
[2.569s] copying /home/robot/Software/ROS2/Madox/madox_ws/build/imu/build/lib/imu/imu.py -> /home/robot/Software/ROS2/Madox/madox_ws/install/imu/lib/python3.8/site-packages/imu
[2.599s] copying /home/robot/Software/ROS2/Madox/madox_ws/build/imu/build/lib/imu/imu_BCK.py -> /home/robot/Software/ROS2/Madox/madox_ws/install/imu/lib/python3.8/site-packages/imu
[2.626s] byte-compiling /home/robot/Software/ROS2/Madox/madox_ws/install/imu/lib/python3.8/site-packages/imu/imu.py to imu.cpython-38.pyc
[2.673s] byte-compiling /home/robot/Software/ROS2/Madox/madox_ws/install/imu/lib/python3.8/site-packages/imu/imu_BCK.py to imu_BCK.cpython-38.pyc
[2.708s] running install_data
[2.727s] running install_egg_info
[2.738s] removing '/home/robot/Software/ROS2/Madox/madox_ws/install/imu/lib/python3.8/site-packages/imu-0.0.1-py3.8.egg-info' (and everything under it)
[2.781s] Copying ../../build/imu/imu.egg-info to /home/robot/Software/ROS2/Madox/madox_ws/install/imu/lib/python3.8/site-packages/imu-0.0.1-py3.8.egg-info
[2.978s] running install_scripts
[3.063s] Installing ros2_imu script to /home/robot/Software/ROS2/Madox/madox_ws/install/imu/lib/imu
[3.092s] writing list of installed files to '/home/robot/Software/ROS2/Madox/madox_ws/build/imu/install.log'
[3.204s] Invoked command in '/home/robot/Software/ROS2/Madox/madox_ws/src/imu' returned '0': PYTHONPATH=/home/robot/Software/ROS2/Madox/madox_ws/install/imu/lib/python3.8/site-packages:${PYTHONPATH} /usr/bin/python3 setup.py egg_info --egg-base ../../build/imu build --build-base /home/robot/Software/ROS2/Madox/madox_ws/build/imu/build install --prefix /home/robot/Software/ROS2/Madox/madox_ws/install/imu --record /home/robot/Software/ROS2/Madox/madox_ws/build/imu/install.log --single-version-externally-managed
