[0.000000] (-) TimerEvent: {}
[0.000258] (camera) JobQueued: {'identifier': 'camera', 'dependencies': OrderedDict()}
[0.000337] (camera_pan_tilt) JobQueued: {'identifier': 'camera_pan_tilt', 'dependencies': OrderedDict()}
[0.000401] (jetbot_drive) JobQueued: {'identifier': 'jetbot_drive', 'dependencies': OrderedDict()}
[0.000460] (jetbot_oled_display) JobQueued: {'identifier': 'jetbot_oled_display', 'dependencies': OrderedDict()}
[0.000517] (jetbot_sys_info) JobQueued: {'identifier': 'jetbot_sys_info', 'dependencies': OrderedDict()}
[0.000566] (pid_node) JobQueued: {'identifier': 'pid_node', 'dependencies': OrderedDict()}
[0.000616] (ros2_rtimulib) JobQueued: {'identifier': 'ros2_rtimulib', 'dependencies': OrderedDict()}
[0.000663] (camera) JobStarted: {'identifier': 'camera'}
[0.098101] (-) TimerEvent: {}
[0.153134] (camera_pan_tilt) JobStarted: {'identifier': 'camera_pan_tilt'}
[0.198312] (-) TimerEvent: {}
[0.299182] (-) TimerEvent: {}
[0.307044] (jetbot_drive) JobStarted: {'identifier': 'jetbot_drive'}
[0.399276] (-) TimerEvent: {}
[0.467434] (jetbot_oled_display) JobStarted: {'identifier': 'jetbot_oled_display'}
[0.499486] (-) TimerEvent: {}
[0.600246] (-) TimerEvent: {}
[0.700942] (-) TimerEvent: {}
[0.801474] (-) TimerEvent: {}
[0.901804] (-) TimerEvent: {}
[1.002129] (-) TimerEvent: {}
[1.102678] (-) TimerEvent: {}
[1.203331] (-) TimerEvent: {}
[1.303693] (-) TimerEvent: {}
[1.404201] (-) TimerEvent: {}
[1.504717] (-) TimerEvent: {}
[1.605499] (-) TimerEvent: {}
[1.705928] (-) TimerEvent: {}
[1.806242] (-) TimerEvent: {}
[1.906842] (-) TimerEvent: {}
[2.007426] (-) TimerEvent: {}
[2.107799] (-) TimerEvent: {}
[2.208127] (-) TimerEvent: {}
[2.266884] (jetbot_oled_display) StderrLine: {'line': b'Traceback (most recent call last):\n  File "/usr/lib/python3/dist-packages/colcon_core/executor/__init__.py", line 91, in __call__\n    rc = await self.task(*args, **kwargs)\n  File "/usr/lib/python3/dist-packages/colcon_core/task/__init__.py", line 93, in __call__\n    return await task_method(*args, **kwargs)\n  File "/usr/lib/python3/dist-packages/colcon_ros/task/ament_python/build.py", line 51, in build\n    setup_py_data = get_setup_data(self.context.pkg, env)\n  File "/usr/lib/python3/dist-packages/colcon_core/task/python/__init__.py", line 20, in get_setup_data\n    return dict(pkg.metadata[key](env))\n  File "/usr/lib/python3/dist-packages/colcon_ros/package_identification/ros.py", line 129, in getter\n    return get_setup_information(\n  File "/usr/lib/python3/dist-packages/colcon_python_setup_py/package_identification/python_setup_py.py", line 241, in get_setup_information\n    _setup_information_cache[hashable_env] = _get_setup_information(\n  File "/usr/lib/python3/dist-packages/colcon_python_setup_py/package_identification/python_setup_py.py", line 281, in _get_setup_information\n    result = subprocess.run(\n  File "/usr/lib/python3.8/subprocess.py", line 512, in run\n    raise CalledProcessError(retcode, process.args,\nsubprocess.CalledProcessError: Command \'[\'/usr/bin/python3\', \'-c\', "import sys;from setuptools.extern.packaging.specifiers import SpecifierSet;from distutils.core import run_setup;dist = run_setup(    \'setup.py\', script_args=(\'--dry-run\',), stop_after=\'config\');skip_keys = (\'cmdclass\', \'distclass\', \'ext_modules\', \'metadata\');data = {    key: value for key, value in dist.__dict__.items()     if (        not key.startswith(\'_\') and         not callable(value) and         key not in skip_keys and         key not in dist.display_option_names    )};data[\'metadata\'] = {    k: v for k, v in dist.metadata.__dict__.items()     if k not in (\'license_files\', \'provides_extras\')};sys.stdout.buffer.write(repr(data).encode(\'utf-8\'))"]\' returned non-zero exit status 1.\n'}
[2.290725] (jetbot_oled_display) JobEnded: {'identifier': 'jetbot_oled_display', 'rc': 1}
[2.333843] (-) TimerEvent: {}
[2.334423] (camera) JobEnded: {'identifier': 'camera', 'rc': 'SIGINT'}
[2.349256] (camera_pan_tilt) JobEnded: {'identifier': 'camera_pan_tilt', 'rc': 'SIGINT'}
[2.362591] (jetbot_drive) JobEnded: {'identifier': 'jetbot_drive', 'rc': 'SIGINT'}
[2.375053] (jetbot_sys_info) JobSkipped: {'identifier': 'jetbot_sys_info'}
[2.375146] (pid_node) JobSkipped: {'identifier': 'pid_node'}
[2.375192] (ros2_rtimulib) JobSkipped: {'identifier': 'ros2_rtimulib'}
[2.375233] (-) EventReactorShutdown: {}
