[3.152s] Invoking command in '/home/paolo/NAS/Software/ROS2/Madox/madox_ws/src/camera_pan_tilt': PYTHONPATH=/home/paolo/NAS/Software/ROS2/Madox/madox_ws/install/camera_pan_tilt/lib/python3.8/site-packages:${PYTHONPATH} /usr/bin/python3 setup.py egg_info --egg-base ../../build/camera_pan_tilt build --build-base /home/paolo/NAS/Software/ROS2/Madox/madox_ws/build/camera_pan_tilt/build install --prefix /home/paolo/NAS/Software/ROS2/Madox/madox_ws/install/camera_pan_tilt --record /home/paolo/NAS/Software/ROS2/Madox/madox_ws/build/camera_pan_tilt/install.log --single-version-externally-managed
[3.756s] running egg_info
[3.759s] writing ../../build/camera_pan_tilt/camera_pan_tilt.egg-info/PKG-INFO
[3.778s] writing dependency_links to ../../build/camera_pan_tilt/camera_pan_tilt.egg-info/dependency_links.txt
[3.798s] writing entry points to ../../build/camera_pan_tilt/camera_pan_tilt.egg-info/entry_points.txt
[3.814s] writing requirements to ../../build/camera_pan_tilt/camera_pan_tilt.egg-info/requires.txt
[3.828s] writing top-level names to ../../build/camera_pan_tilt/camera_pan_tilt.egg-info/top_level.txt
[3.900s] reading manifest file '../../build/camera_pan_tilt/camera_pan_tilt.egg-info/SOURCES.txt'
[3.922s] writing manifest file '../../build/camera_pan_tilt/camera_pan_tilt.egg-info/SOURCES.txt'
[3.931s] running build
[3.931s] running build_py
[3.935s] running install
[3.940s] running install_lib
[3.951s] running install_data
[3.952s] running install_egg_info
[3.957s] removing '/home/paolo/NAS/Software/ROS2/Madox/madox_ws/install/camera_pan_tilt/lib/python3.8/site-packages/camera_pan_tilt-0.0.0-py3.8.egg-info' (and everything under it)
[4.007s] Copying ../../build/camera_pan_tilt/camera_pan_tilt.egg-info to /home/paolo/NAS/Software/ROS2/Madox/madox_ws/install/camera_pan_tilt/lib/python3.8/site-packages/camera_pan_tilt-0.0.0-py3.8.egg-info
[4.237s] running install_scripts
[4.283s] writing list of installed files to '/home/paolo/NAS/Software/ROS2/Madox/madox_ws/build/camera_pan_tilt/install.log'
[4.368s] Invoked command in '/home/paolo/NAS/Software/ROS2/Madox/madox_ws/src/camera_pan_tilt' returned '0': PYTHONPATH=/home/paolo/NAS/Software/ROS2/Madox/madox_ws/install/camera_pan_tilt/lib/python3.8/site-packages:${PYTHONPATH} /usr/bin/python3 setup.py egg_info --egg-base ../../build/camera_pan_tilt build --build-base /home/paolo/NAS/Software/ROS2/Madox/madox_ws/build/camera_pan_tilt/build install --prefix /home/paolo/NAS/Software/ROS2/Madox/madox_ws/install/camera_pan_tilt --record /home/paolo/NAS/Software/ROS2/Madox/madox_ws/build/camera_pan_tilt/install.log --single-version-externally-managed
