[1.903s] Invoking command in '/home/paolo/NAS/Software/ROS2/service_client_ws/src/drive': PYTHONPATH=/home/paolo/NAS/Software/ROS2/service_client_ws/install/drive/lib/python3.8/site-packages:${PYTHONPATH} /usr/bin/python3 setup.py egg_info --egg-base ../../build/drive build --build-base /home/paolo/NAS/Software/ROS2/service_client_ws/build/drive/build install --prefix /home/paolo/NAS/Software/ROS2/service_client_ws/install/drive --record /home/paolo/NAS/Software/ROS2/service_client_ws/build/drive/install.log --single-version-externally-managed
[2.325s] running egg_info
[2.327s] writing ../../build/drive/drive.egg-info/PKG-INFO
[2.347s] writing dependency_links to ../../build/drive/drive.egg-info/dependency_links.txt
[2.444s] writing entry points to ../../build/drive/drive.egg-info/entry_points.txt
[2.466s] writing requirements to ../../build/drive/drive.egg-info/requires.txt
[2.481s] writing top-level names to ../../build/drive/drive.egg-info/top_level.txt
[2.657s] reading manifest file '../../build/drive/drive.egg-info/SOURCES.txt'
[2.676s] writing manifest file '../../build/drive/drive.egg-info/SOURCES.txt'
[2.686s] running build
[2.686s] running build_py
[2.689s] running install
[2.690s] running install_lib
[2.697s] running install_data
[2.698s] running install_egg_info
[2.700s] removing '/home/paolo/NAS/Software/ROS2/service_client_ws/install/drive/lib/python3.8/site-packages/drive-0.0.0-py3.8.egg-info' (and everything under it)
[2.747s] Copying ../../build/drive/drive.egg-info to /home/paolo/NAS/Software/ROS2/service_client_ws/install/drive/lib/python3.8/site-packages/drive-0.0.0-py3.8.egg-info
[2.981s] running install_scripts
[3.060s] Installing client script to /home/paolo/NAS/Software/ROS2/service_client_ws/install/drive/lib/drive
[3.075s] Installing service script to /home/paolo/NAS/Software/ROS2/service_client_ws/install/drive/lib/drive
[3.095s] writing list of installed files to '/home/paolo/NAS/Software/ROS2/service_client_ws/build/drive/install.log'
[3.488s] Invoked command in '/home/paolo/NAS/Software/ROS2/service_client_ws/src/drive' returned '0': PYTHONPATH=/home/paolo/NAS/Software/ROS2/service_client_ws/install/drive/lib/python3.8/site-packages:${PYTHONPATH} /usr/bin/python3 setup.py egg_info --egg-base ../../build/drive build --build-base /home/paolo/NAS/Software/ROS2/service_client_ws/build/drive/build install --prefix /home/paolo/NAS/Software/ROS2/service_client_ws/install/drive --record /home/paolo/NAS/Software/ROS2/service_client_ws/build/drive/install.log --single-version-externally-managed
