/home/robot/Software/ROS2/Madox/madox_ws/install/oled_display/lib/python3.8/site-packages/oled_display/ina219.py
/home/robot/Software/ROS2/Madox/madox_ws/install/oled_display/lib/python3.8/site-packages/oled_display/utils.py
/home/robot/Software/ROS2/Madox/madox_ws/install/oled_display/lib/python3.8/site-packages/oled_display/oled.py
/home/robot/Software/ROS2/Madox/madox_ws/install/oled_display/lib/python3.8/site-packages/oled_display/timer.py
/home/robot/Software/ROS2/Madox/madox_ws/install/oled_display/lib/python3.8/site-packages/oled_display/__init__.py
/home/robot/Software/ROS2/Madox/madox_ws/install/oled_display/lib/python3.8/site-packages/oled_display/ads1115.py
/home/robot/Software/ROS2/Madox/madox_ws/install/oled_display/lib/python3.8/site-packages/oled_display/__pycache__/ina219.cpython-38.pyc
/home/robot/Software/ROS2/Madox/madox_ws/install/oled_display/lib/python3.8/site-packages/oled_display/__pycache__/utils.cpython-38.pyc
/home/robot/Software/ROS2/Madox/madox_ws/install/oled_display/lib/python3.8/site-packages/oled_display/__pycache__/oled.cpython-38.pyc
/home/robot/Software/ROS2/Madox/madox_ws/install/oled_display/lib/python3.8/site-packages/oled_display/__pycache__/timer.cpython-38.pyc
/home/robot/Software/ROS2/Madox/madox_ws/install/oled_display/lib/python3.8/site-packages/oled_display/__pycache__/__init__.cpython-38.pyc
/home/robot/Software/ROS2/Madox/madox_ws/install/oled_display/lib/python3.8/site-packages/oled_display/__pycache__/ads1115.cpython-38.pyc
/home/robot/Software/ROS2/Madox/madox_ws/install/oled_display/share/ament_index/resource_index/packages/oled_display
/home/robot/Software/ROS2/Madox/madox_ws/install/oled_display/share/oled_display/package.xml
/home/robot/Software/ROS2/Madox/madox_ws/install/oled_display/lib/python3.8/site-packages/oled_display-0.0.0-py3.8.egg-info/PKG-INFO
/home/robot/Software/ROS2/Madox/madox_ws/install/oled_display/lib/python3.8/site-packages/oled_display-0.0.0-py3.8.egg-info/top_level.txt
/home/robot/Software/ROS2/Madox/madox_ws/install/oled_display/lib/python3.8/site-packages/oled_display-0.0.0-py3.8.egg-info/zip-safe
/home/robot/Software/ROS2/Madox/madox_ws/install/oled_display/lib/python3.8/site-packages/oled_display-0.0.0-py3.8.egg-info/entry_points.txt
/home/robot/Software/ROS2/Madox/madox_ws/install/oled_display/lib/python3.8/site-packages/oled_display-0.0.0-py3.8.egg-info/dependency_links.txt
/home/robot/Software/ROS2/Madox/madox_ws/install/oled_display/lib/python3.8/site-packages/oled_display-0.0.0-py3.8.egg-info/SOURCES.txt
/home/robot/Software/ROS2/Madox/madox_ws/install/oled_display/lib/python3.8/site-packages/oled_display-0.0.0-py3.8.egg-info/requires.txt
/home/robot/Software/ROS2/Madox/madox_ws/install/oled_display/lib/oled_display/display
