[3.035s] Invoking command in '/home/paolo/NAS/Software/ROS2/Madox/madox_ws/src/jetbot_drive': PYTHONPATH=/home/paolo/NAS/Software/ROS2/Madox/madox_ws/install/jetbot_drive/lib/python3.8/site-packages:${PYTHONPATH} /usr/bin/python3 setup.py egg_info --egg-base ../../build/jetbot_drive build --build-base /home/paolo/NAS/Software/ROS2/Madox/madox_ws/build/jetbot_drive/build install --prefix /home/paolo/NAS/Software/ROS2/Madox/madox_ws/install/jetbot_drive --record /home/paolo/NAS/Software/ROS2/Madox/madox_ws/build/jetbot_drive/install.log --single-version-externally-managed
[3.632s] running egg_info
[3.636s] writing ../../build/jetbot_drive/jetbot_drive.egg-info/PKG-INFO
[3.660s] writing dependency_links to ../../build/jetbot_drive/jetbot_drive.egg-info/dependency_links.txt
[3.677s] writing entry points to ../../build/jetbot_drive/jetbot_drive.egg-info/entry_points.txt
[3.690s] writing requirements to ../../build/jetbot_drive/jetbot_drive.egg-info/requires.txt
[3.704s] writing top-level names to ../../build/jetbot_drive/jetbot_drive.egg-info/top_level.txt
[3.781s] reading manifest file '../../build/jetbot_drive/jetbot_drive.egg-info/SOURCES.txt'
[3.800s] writing manifest file '../../build/jetbot_drive/jetbot_drive.egg-info/SOURCES.txt'
[3.810s] running build
[3.810s] running build_py
[3.818s] running install
[3.825s] running install_lib
[3.837s] running install_data
[3.839s] running install_egg_info
[3.847s] removing '/home/paolo/NAS/Software/ROS2/Madox/madox_ws/install/jetbot_drive/lib/python3.8/site-packages/jetbot_drive-1.0.0-py3.8.egg-info' (and everything under it)
[3.894s] Copying ../../build/jetbot_drive/jetbot_drive.egg-info to /home/paolo/NAS/Software/ROS2/Madox/madox_ws/install/jetbot_drive/lib/python3.8/site-packages/jetbot_drive-1.0.0-py3.8.egg-info
[4.135s] running install_scripts
[4.225s] Installing ros2_jetbot_drive script to /home/paolo/NAS/Software/ROS2/Madox/madox_ws/install/jetbot_drive/lib/jetbot_drive
[4.242s] writing list of installed files to '/home/paolo/NAS/Software/ROS2/Madox/madox_ws/build/jetbot_drive/install.log'
[5.110s] Invoked command in '/home/paolo/NAS/Software/ROS2/Madox/madox_ws/src/jetbot_drive' returned '0': PYTHONPATH=/home/paolo/NAS/Software/ROS2/Madox/madox_ws/install/jetbot_drive/lib/python3.8/site-packages:${PYTHONPATH} /usr/bin/python3 setup.py egg_info --egg-base ../../build/jetbot_drive build --build-base /home/paolo/NAS/Software/ROS2/Madox/madox_ws/build/jetbot_drive/build install --prefix /home/paolo/NAS/Software/ROS2/Madox/madox_ws/install/jetbot_drive --record /home/paolo/NAS/Software/ROS2/Madox/madox_ws/build/jetbot_drive/install.log --single-version-externally-managed
