[1.055s] Invoking command in '/home/paolo/NAS/Software/ROS2/Scrap/scrap_ws/src/py_drive': PYTHONPATH=/home/paolo/NAS/Software/ROS2/Scrap/scrap_ws/install/py_drive/lib/python3.8/site-packages:${PYTHONPATH} /usr/bin/python3 setup.py egg_info --egg-base ../../build/py_drive build --build-base /home/paolo/NAS/Software/ROS2/Scrap/scrap_ws/build/py_drive/build install --prefix /home/paolo/NAS/Software/ROS2/Scrap/scrap_ws/install/py_drive --record /home/paolo/NAS/Software/ROS2/Scrap/scrap_ws/build/py_drive/install.log --single-version-externally-managed
[1.354s] running egg_info
[1.363s] writing ../../build/py_drive/py_drive.egg-info/PKG-INFO
[1.382s] writing dependency_links to ../../build/py_drive/py_drive.egg-info/dependency_links.txt
[1.404s] writing entry points to ../../build/py_drive/py_drive.egg-info/entry_points.txt
[1.421s] writing requirements to ../../build/py_drive/py_drive.egg-info/requires.txt
[1.440s] writing top-level names to ../../build/py_drive/py_drive.egg-info/top_level.txt
[1.541s] reading manifest file '../../build/py_drive/py_drive.egg-info/SOURCES.txt'
[1.562s] writing manifest file '../../build/py_drive/py_drive.egg-info/SOURCES.txt'
[1.575s] running build
[1.576s] running build_py
[1.586s] running install
[1.589s] running install_lib
[1.615s] running install_data
[1.617s] copying resource/py_drive -> /home/paolo/NAS/Software/ROS2/Scrap/scrap_ws/install/py_drive/share/ament_index/resource_index/packages
[1.642s] copying package.xml -> /home/paolo/NAS/Software/ROS2/Scrap/scrap_ws/install/py_drive/share/py_drive
[1.661s] running install_egg_info
[1.671s] Copying ../../build/py_drive/py_drive.egg-info to /home/paolo/NAS/Software/ROS2/Scrap/scrap_ws/install/py_drive/lib/python3.8/site-packages/py_drive-0.0.0-py3.8.egg-info
[1.914s] running install_scripts
[2.003s] Installing listener script to /home/paolo/NAS/Software/ROS2/Scrap/scrap_ws/install/py_drive/lib/py_drive
[2.022s] Installing talker script to /home/paolo/NAS/Software/ROS2/Scrap/scrap_ws/install/py_drive/lib/py_drive
[2.046s] writing list of installed files to '/home/paolo/NAS/Software/ROS2/Scrap/scrap_ws/build/py_drive/install.log'
[2.099s] Invoked command in '/home/paolo/NAS/Software/ROS2/Scrap/scrap_ws/src/py_drive' returned '0': PYTHONPATH=/home/paolo/NAS/Software/ROS2/Scrap/scrap_ws/install/py_drive/lib/python3.8/site-packages:${PYTHONPATH} /usr/bin/python3 setup.py egg_info --egg-base ../../build/py_drive build --build-base /home/paolo/NAS/Software/ROS2/Scrap/scrap_ws/build/py_drive/build install --prefix /home/paolo/NAS/Software/ROS2/Scrap/scrap_ws/install/py_drive --record /home/paolo/NAS/Software/ROS2/Scrap/scrap_ws/build/py_drive/install.log --single-version-externally-managed
