[3.797s] Invoking command in '/home/robot/Software/ROS2/Madox/madox_ws/build/py_camera': PYTHONPATH=/home/robot/Software/ROS2/Madox/madox_ws/install/py_camera/lib/python3.8/site-packages:${PYTHONPATH} /usr/bin/python3 setup.py develop --prefix /home/robot/Software/ROS2/Madox/madox_ws/install/py_camera --uninstall --editable --build-directory /home/robot/Software/ROS2/Madox/madox_ws/build/py_camera/build
[4.665s] /home/robot/.local/lib/python3.8/site-packages/setuptools/dist.py:642: UserWarning: Usage of dash-separated 'script-dir' will not be supported in future versions. Please use the underscore name 'script_dir' instead
[4.666s]   warnings.warn(
[4.666s] /home/robot/.local/lib/python3.8/site-packages/setuptools/dist.py:642: UserWarning: Usage of dash-separated 'install-scripts' will not be supported in future versions. Please use the underscore name 'install_scripts' instead
[4.667s]   warnings.warn(
[4.888s] running develop
[5.622s] Invoked command in '/home/robot/Software/ROS2/Madox/madox_ws/build/py_camera' returned '0': PYTHONPATH=/home/robot/Software/ROS2/Madox/madox_ws/install/py_camera/lib/python3.8/site-packages:${PYTHONPATH} /usr/bin/python3 setup.py develop --prefix /home/robot/Software/ROS2/Madox/madox_ws/install/py_camera --uninstall --editable --build-directory /home/robot/Software/ROS2/Madox/madox_ws/build/py_camera/build
[5.639s] Invoking command in '/home/robot/Software/ROS2/Madox/madox_ws/src/py_camera': PYTHONPATH=/home/robot/Software/ROS2/Madox/madox_ws/install/py_camera/lib/python3.8/site-packages:${PYTHONPATH} /usr/bin/python3 setup.py egg_info --egg-base ../../build/py_camera build --build-base /home/robot/Software/ROS2/Madox/madox_ws/build/py_camera/build install --prefix /home/robot/Software/ROS2/Madox/madox_ws/install/py_camera --record /home/robot/Software/ROS2/Madox/madox_ws/build/py_camera/install.log --single-version-externally-managed
[6.585s] /home/robot/.local/lib/python3.8/site-packages/setuptools/dist.py:642: UserWarning: Usage of dash-separated 'script-dir' will not be supported in future versions. Please use the underscore name 'script_dir' instead
[6.586s]   warnings.warn(
[6.587s] /home/robot/.local/lib/python3.8/site-packages/setuptools/dist.py:642: UserWarning: Usage of dash-separated 'install-scripts' will not be supported in future versions. Please use the underscore name 'install_scripts' instead
[6.587s]   warnings.warn(
[6.745s] running egg_info
[6.751s] writing ../../build/py_camera/py_camera.egg-info/PKG-INFO
[6.858s] writing dependency_links to ../../build/py_camera/py_camera.egg-info/dependency_links.txt
[6.872s] writing entry points to ../../build/py_camera/py_camera.egg-info/entry_points.txt
[6.882s] writing requirements to ../../build/py_camera/py_camera.egg-info/requires.txt
[6.894s] writing top-level names to ../../build/py_camera/py_camera.egg-info/top_level.txt
[7.098s] reading manifest file '../../build/py_camera/py_camera.egg-info/SOURCES.txt'
[7.110s] writing manifest file '../../build/py_camera/py_camera.egg-info/SOURCES.txt'
[7.120s] running build
[7.120s] running build_py
[7.134s] copying py_camera/server.py -> /home/robot/Software/ROS2/Madox/madox_ws/build/py_camera/build/lib/py_camera
[7.168s] running install
[7.171s] running install_lib
[7.185s] copying /home/robot/Software/ROS2/Madox/madox_ws/build/py_camera/build/lib/py_camera/server.py -> /home/robot/Software/ROS2/Madox/madox_ws/install/py_camera/lib/python3.8/site-packages/py_camera
[7.219s] byte-compiling /home/robot/Software/ROS2/Madox/madox_ws/install/py_camera/lib/python3.8/site-packages/py_camera/server.py to server.cpython-38.pyc
[7.248s] running install_data
[7.258s] running install_egg_info
[7.276s] removing '/home/robot/Software/ROS2/Madox/madox_ws/install/py_camera/lib/python3.8/site-packages/py_camera-0.0.0-py3.8.egg-info' (and everything under it)
[7.312s] Copying ../../build/py_camera/py_camera.egg-info to /home/robot/Software/ROS2/Madox/madox_ws/install/py_camera/lib/python3.8/site-packages/py_camera-0.0.0-py3.8.egg-info
[7.461s] running install_scripts
[7.546s] Installing camera script to /home/robot/Software/ROS2/Madox/madox_ws/install/py_camera/lib/py_camera
[7.563s] writing list of installed files to '/home/robot/Software/ROS2/Madox/madox_ws/build/py_camera/install.log'
[8.104s] Invoked command in '/home/robot/Software/ROS2/Madox/madox_ws/src/py_camera' returned '0': PYTHONPATH=/home/robot/Software/ROS2/Madox/madox_ws/install/py_camera/lib/python3.8/site-packages:${PYTHONPATH} /usr/bin/python3 setup.py egg_info --egg-base ../../build/py_camera build --build-base /home/robot/Software/ROS2/Madox/madox_ws/build/py_camera/build install --prefix /home/robot/Software/ROS2/Madox/madox_ws/install/py_camera --record /home/robot/Software/ROS2/Madox/madox_ws/build/py_camera/install.log --single-version-externally-managed
