[3.827s] Invoking command in '/home/robot/Software/ROS2/Scrap/scrap_ws/build/py_srvcli': PYTHONPATH=/home/robot/Software/ROS2/Scrap/scrap_ws/install/py_srvcli/lib/python3.8/site-packages:${PYTHONPATH} /usr/bin/python3 setup.py develop --prefix /home/robot/Software/ROS2/Scrap/scrap_ws/install/py_srvcli --editable --build-directory /home/robot/Software/ROS2/Scrap/scrap_ws/build/py_srvcli/build --no-deps install_data --install-dir /home/robot/Software/ROS2/Scrap/scrap_ws/install/py_srvcli
[4.766s] /home/robot/.local/lib/python3.8/site-packages/setuptools/dist.py:642: UserWarning: Usage of dash-separated 'script-dir' will not be supported in future versions. Please use the underscore name 'script_dir' instead
[4.767s]   warnings.warn(
[4.767s] /home/robot/.local/lib/python3.8/site-packages/setuptools/dist.py:642: UserWarning: Usage of dash-separated 'install-scripts' will not be supported in future versions. Please use the underscore name 'install_scripts' instead
[4.768s]   warnings.warn(
[5.005s] running develop
[5.748s] running egg_info
[5.750s] writing py_srvcli.egg-info/PKG-INFO
[5.766s] writing dependency_links to py_srvcli.egg-info/dependency_links.txt
[5.782s] writing entry points to py_srvcli.egg-info/entry_points.txt
[5.791s] writing requirements to py_srvcli.egg-info/requires.txt
[5.802s] writing top-level names to py_srvcli.egg-info/top_level.txt
[6.000s] reading manifest file 'py_srvcli.egg-info/SOURCES.txt'
[6.014s] writing manifest file 'py_srvcli.egg-info/SOURCES.txt'
[6.198s] running build_ext
[6.199s] Creating /home/robot/Software/ROS2/Scrap/scrap_ws/install/py_srvcli/lib/python3.8/site-packages/py-srvcli.egg-link (link to .)
[6.222s] Installing client script to /home/robot/Software/ROS2/Scrap/scrap_ws/install/py_srvcli/lib/py_srvcli
[6.240s] Installing service script to /home/robot/Software/ROS2/Scrap/scrap_ws/install/py_srvcli/lib/py_srvcli
[6.261s] 
[6.261s] Installed /home/robot/Software/ROS2/Scrap/scrap_ws/build/py_srvcli
[6.263s] running install_data
[6.724s] Invoked command in '/home/robot/Software/ROS2/Scrap/scrap_ws/build/py_srvcli' returned '0': PYTHONPATH=/home/robot/Software/ROS2/Scrap/scrap_ws/install/py_srvcli/lib/python3.8/site-packages:${PYTHONPATH} /usr/bin/python3 setup.py develop --prefix /home/robot/Software/ROS2/Scrap/scrap_ws/install/py_srvcli --editable --build-directory /home/robot/Software/ROS2/Scrap/scrap_ws/build/py_srvcli/build --no-deps install_data --install-dir /home/robot/Software/ROS2/Scrap/scrap_ws/install/py_srvcli
