[1.689s] DEBUG:colcon:Command line arguments: ['/usr/bin/colcon', 'build', '--packages-select', 'ros2_IMU']
[1.690s] DEBUG:colcon:Parsed command line arguments: Namespace(ament_cmake_args=None, base_paths=['.'], build_base='build', catkin_cmake_args=None, catkin_skip_building_tests=False, cmake_args=None, cmake_clean_cache=False, cmake_clean_first=False, cmake_force_configure=False, cmake_target=None, cmake_target_skip_unavailable=False, continue_on_error=False, event_handlers=None, executor='parallel', ignore_user_meta=False, install_base='install', log_base=None, log_level=None, main=<bound method BuildVerb.main of <colcon_core.verb.build.BuildVerb object at 0x7f8b7289d0>>, merge_install=False, metas=['./colcon.meta'], packages_above=None, packages_above_and_dependencies=None, packages_above_depth=None, packages_end=None, packages_ignore=None, packages_ignore_regex=None, packages_select=['ros2_IMU'], packages_select_build_failed=False, packages_select_by_dep=None, packages_select_regex=None, packages_select_test_failures=False, packages_skip=None, packages_skip_build_finished=False, packages_skip_by_dep=None, packages_skip_regex=None, packages_skip_test_passed=False, packages_skip_up_to=None, packages_start=None, packages_up_to=None, packages_up_to_regex=None, parallel_workers=4, paths=None, symlink_install=False, test_result_base=None, verb_extension=<colcon_core.verb.build.BuildVerb object at 0x7f8b7289d0>, verb_name='build', verb_parser=<colcon_defaults.argument_parser.defaults.DefaultArgumentsDecorator object at 0x7f8b728f40>)
[1.750s] Level 1:colcon.colcon_core.package_discovery:discover_packages(colcon_meta) check parameters
[1.753s] Level 1:colcon.colcon_core.package_discovery:discover_packages(recursive) check parameters
[1.755s] Level 1:colcon.colcon_core.package_discovery:discover_packages(ignore) check parameters
[1.757s] Level 1:colcon.colcon_core.package_discovery:discover_packages(path) check parameters
[1.757s] Level 1:colcon.colcon_core.package_discovery:discover_packages(colcon_meta) discover
[1.757s] Level 1:colcon.colcon_core.package_discovery:discover_packages(recursive) discover
[1.758s] INFO:colcon.colcon_core.package_discovery:Crawling recursively for packages in '/home/robot/Software/ROS2/Madox/madox_ws'
[1.762s] Level 1:colcon.colcon_core.package_identification:_identify(.) by extensions ['ignore', 'ignore_ament_install']
[1.763s] Level 1:colcon.colcon_core.package_identification:_identify(.) by extension 'ignore'
[1.766s] Level 1:colcon.colcon_core.package_identification:_identify(.) by extension 'ignore_ament_install'
[1.772s] Level 1:colcon.colcon_core.package_identification:_identify(.) by extensions ['colcon_pkg']
[1.773s] Level 1:colcon.colcon_core.package_identification:_identify(.) by extension 'colcon_pkg'
[1.776s] Level 1:colcon.colcon_core.package_identification:_identify(.) by extensions ['colcon_meta']
[1.776s] Level 1:colcon.colcon_core.package_identification:_identify(.) by extension 'colcon_meta'
[1.776s] Level 1:colcon.colcon_core.package_identification:_identify(.) by extensions ['ros']
[1.776s] Level 1:colcon.colcon_core.package_identification:_identify(.) by extension 'ros'
[1.834s] Level 1:colcon.colcon_core.package_identification:_identify(.) by extensions ['cmake', 'python']
[1.834s] Level 1:colcon.colcon_core.package_identification:_identify(.) by extension 'cmake'
[1.838s] Level 1:colcon.colcon_core.package_identification:_identify(.) by extension 'python'
[1.845s] Level 1:colcon.colcon_core.package_identification:_identify(.) by extensions ['python_setup_py']
[1.846s] Level 1:colcon.colcon_core.package_identification:_identify(.) by extension 'python_setup_py'
[1.854s] Level 1:colcon.colcon_core.package_identification:_identify(build) by extensions ['ignore', 'ignore_ament_install']
[1.856s] Level 1:colcon.colcon_core.package_identification:_identify(build) by extension 'ignore'
[1.856s] Level 1:colcon.colcon_core.package_identification:_identify(build) ignored
[1.860s] Level 1:colcon.colcon_core.package_identification:_identify(install) by extensions ['ignore', 'ignore_ament_install']
[1.861s] Level 1:colcon.colcon_core.package_identification:_identify(install) by extension 'ignore'
[1.861s] Level 1:colcon.colcon_core.package_identification:_identify(install) ignored
[1.869s] Level 1:colcon.colcon_core.package_identification:_identify(launch) by extensions ['ignore', 'ignore_ament_install']
[1.870s] Level 1:colcon.colcon_core.package_identification:_identify(launch) by extension 'ignore'
[1.872s] Level 1:colcon.colcon_core.package_identification:_identify(launch) by extension 'ignore_ament_install'
[1.879s] Level 1:colcon.colcon_core.package_identification:_identify(launch) by extensions ['colcon_pkg']
[1.880s] Level 1:colcon.colcon_core.package_identification:_identify(launch) by extension 'colcon_pkg'
[1.884s] Level 1:colcon.colcon_core.package_identification:_identify(launch) by extensions ['colcon_meta']
[1.884s] Level 1:colcon.colcon_core.package_identification:_identify(launch) by extension 'colcon_meta'
[1.884s] Level 1:colcon.colcon_core.package_identification:_identify(launch) by extensions ['ros']
[1.884s] Level 1:colcon.colcon_core.package_identification:_identify(launch) by extension 'ros'
[1.895s] Level 1:colcon.colcon_core.package_identification:_identify(launch) by extensions ['cmake', 'python']
[1.896s] Level 1:colcon.colcon_core.package_identification:_identify(launch) by extension 'cmake'
[1.900s] Level 1:colcon.colcon_core.package_identification:_identify(launch) by extension 'python'
[1.905s] Level 1:colcon.colcon_core.package_identification:_identify(launch) by extensions ['python_setup_py']
[1.905s] Level 1:colcon.colcon_core.package_identification:_identify(launch) by extension 'python_setup_py'
[1.916s] Level 1:colcon.colcon_core.package_identification:_identify(launch/__pycache__) by extensions ['ignore', 'ignore_ament_install']
[1.917s] Level 1:colcon.colcon_core.package_identification:_identify(launch/__pycache__) by extension 'ignore'
[1.920s] Level 1:colcon.colcon_core.package_identification:_identify(launch/__pycache__) by extension 'ignore_ament_install'
[1.930s] Level 1:colcon.colcon_core.package_identification:_identify(launch/__pycache__) by extensions ['colcon_pkg']
[1.933s] Level 1:colcon.colcon_core.package_identification:_identify(launch/__pycache__) by extension 'colcon_pkg'
[1.935s] Level 1:colcon.colcon_core.package_identification:_identify(launch/__pycache__) by extensions ['colcon_meta']
[1.936s] Level 1:colcon.colcon_core.package_identification:_identify(launch/__pycache__) by extension 'colcon_meta'
[1.937s] Level 1:colcon.colcon_core.package_identification:_identify(launch/__pycache__) by extensions ['ros']
[1.937s] Level 1:colcon.colcon_core.package_identification:_identify(launch/__pycache__) by extension 'ros'
[1.947s] Level 1:colcon.colcon_core.package_identification:_identify(launch/__pycache__) by extensions ['cmake', 'python']
[1.948s] Level 1:colcon.colcon_core.package_identification:_identify(launch/__pycache__) by extension 'cmake'
[1.951s] Level 1:colcon.colcon_core.package_identification:_identify(launch/__pycache__) by extension 'python'
[1.954s] Level 1:colcon.colcon_core.package_identification:_identify(launch/__pycache__) by extensions ['python_setup_py']
[1.955s] Level 1:colcon.colcon_core.package_identification:_identify(launch/__pycache__) by extension 'python_setup_py'
[1.963s] Level 1:colcon.colcon_core.package_identification:_identify(launch/build) by extensions ['ignore', 'ignore_ament_install']
[1.964s] Level 1:colcon.colcon_core.package_identification:_identify(launch/build) by extension 'ignore'
[1.965s] Level 1:colcon.colcon_core.package_identification:_identify(launch/build) ignored
[1.973s] Level 1:colcon.colcon_core.package_identification:_identify(launch/install) by extensions ['ignore', 'ignore_ament_install']
[1.975s] Level 1:colcon.colcon_core.package_identification:_identify(launch/install) by extension 'ignore'
[1.976s] Level 1:colcon.colcon_core.package_identification:_identify(launch/install) ignored
[1.989s] Level 1:colcon.colcon_core.package_identification:_identify(launch/log) by extensions ['ignore', 'ignore_ament_install']
[1.991s] Level 1:colcon.colcon_core.package_identification:_identify(launch/log) by extension 'ignore'
[1.991s] Level 1:colcon.colcon_core.package_identification:_identify(launch/log) ignored
[1.998s] Level 1:colcon.colcon_core.package_identification:_identify(log) by extensions ['ignore', 'ignore_ament_install']
[1.999s] Level 1:colcon.colcon_core.package_identification:_identify(log) by extension 'ignore'
[2.000s] Level 1:colcon.colcon_core.package_identification:_identify(log) ignored
[2.009s] Level 1:colcon.colcon_core.package_identification:_identify(snapshots) by extensions ['ignore', 'ignore_ament_install']
[2.011s] Level 1:colcon.colcon_core.package_identification:_identify(snapshots) by extension 'ignore'
[2.014s] Level 1:colcon.colcon_core.package_identification:_identify(snapshots) by extension 'ignore_ament_install'
[2.020s] Level 1:colcon.colcon_core.package_identification:_identify(snapshots) by extensions ['colcon_pkg']
[2.020s] Level 1:colcon.colcon_core.package_identification:_identify(snapshots) by extension 'colcon_pkg'
[2.023s] Level 1:colcon.colcon_core.package_identification:_identify(snapshots) by extensions ['colcon_meta']
[2.024s] Level 1:colcon.colcon_core.package_identification:_identify(snapshots) by extension 'colcon_meta'
[2.025s] Level 1:colcon.colcon_core.package_identification:_identify(snapshots) by extensions ['ros']
[2.026s] Level 1:colcon.colcon_core.package_identification:_identify(snapshots) by extension 'ros'
[2.036s] Level 1:colcon.colcon_core.package_identification:_identify(snapshots) by extensions ['cmake', 'python']
[2.036s] Level 1:colcon.colcon_core.package_identification:_identify(snapshots) by extension 'cmake'
[2.039s] Level 1:colcon.colcon_core.package_identification:_identify(snapshots) by extension 'python'
[2.042s] Level 1:colcon.colcon_core.package_identification:_identify(snapshots) by extensions ['python_setup_py']
[2.043s] Level 1:colcon.colcon_core.package_identification:_identify(snapshots) by extension 'python_setup_py'
[2.052s] Level 1:colcon.colcon_core.package_identification:_identify(src) by extensions ['ignore', 'ignore_ament_install']
[2.054s] Level 1:colcon.colcon_core.package_identification:_identify(src) by extension 'ignore'
[2.057s] Level 1:colcon.colcon_core.package_identification:_identify(src) by extension 'ignore_ament_install'
[2.067s] Level 1:colcon.colcon_core.package_identification:_identify(src) by extensions ['colcon_pkg']
[2.068s] Level 1:colcon.colcon_core.package_identification:_identify(src) by extension 'colcon_pkg'
[2.073s] Level 1:colcon.colcon_core.package_identification:_identify(src) by extensions ['colcon_meta']
[2.074s] Level 1:colcon.colcon_core.package_identification:_identify(src) by extension 'colcon_meta'
[2.075s] Level 1:colcon.colcon_core.package_identification:_identify(src) by extensions ['ros']
[2.076s] Level 1:colcon.colcon_core.package_identification:_identify(src) by extension 'ros'
[2.095s] Level 1:colcon.colcon_core.package_identification:_identify(src) by extensions ['cmake', 'python']
[2.096s] Level 1:colcon.colcon_core.package_identification:_identify(src) by extension 'cmake'
[2.102s] Level 1:colcon.colcon_core.package_identification:_identify(src) by extension 'python'
[2.108s] Level 1:colcon.colcon_core.package_identification:_identify(src) by extensions ['python_setup_py']
[2.109s] Level 1:colcon.colcon_core.package_identification:_identify(src) by extension 'python_setup_py'
[2.115s] Level 1:colcon.colcon_core.package_identification:_identify(src/camera) by extensions ['ignore', 'ignore_ament_install']
[2.117s] Level 1:colcon.colcon_core.package_identification:_identify(src/camera) by extension 'ignore'
[2.118s] Level 1:colcon.colcon_core.package_identification:_identify(src/camera) by extension 'ignore_ament_install'
[2.119s] Level 1:colcon.colcon_core.package_identification:_identify(src/camera) by extensions ['colcon_pkg']
[2.120s] Level 1:colcon.colcon_core.package_identification:_identify(src/camera) by extension 'colcon_pkg'
[2.120s] Level 1:colcon.colcon_core.package_identification:_identify(src/camera) by extensions ['colcon_meta']
[2.121s] Level 1:colcon.colcon_core.package_identification:_identify(src/camera) by extension 'colcon_meta'
[2.121s] Level 1:colcon.colcon_core.package_identification:_identify(src/camera) by extensions ['ros']
[2.122s] Level 1:colcon.colcon_core.package_identification:_identify(src/camera) by extension 'ros'
[2.149s] DEBUG:colcon.colcon_core.package_identification:Package 'src/camera' with type 'ros.ament_python' and name 'camera'
[2.154s] Level 1:colcon.colcon_core.package_identification:_identify(src/camera_pan_tilt) by extensions ['ignore', 'ignore_ament_install']
[2.155s] Level 1:colcon.colcon_core.package_identification:_identify(src/camera_pan_tilt) by extension 'ignore'
[2.156s] Level 1:colcon.colcon_core.package_identification:_identify(src/camera_pan_tilt) by extension 'ignore_ament_install'
[2.157s] Level 1:colcon.colcon_core.package_identification:_identify(src/camera_pan_tilt) by extensions ['colcon_pkg']
[2.157s] Level 1:colcon.colcon_core.package_identification:_identify(src/camera_pan_tilt) by extension 'colcon_pkg'
[2.157s] Level 1:colcon.colcon_core.package_identification:_identify(src/camera_pan_tilt) by extensions ['colcon_meta']
[2.158s] Level 1:colcon.colcon_core.package_identification:_identify(src/camera_pan_tilt) by extension 'colcon_meta'
[2.158s] Level 1:colcon.colcon_core.package_identification:_identify(src/camera_pan_tilt) by extensions ['ros']
[2.158s] Level 1:colcon.colcon_core.package_identification:_identify(src/camera_pan_tilt) by extension 'ros'
[2.178s] DEBUG:colcon.colcon_core.package_identification:Package 'src/camera_pan_tilt' with type 'ros.ament_python' and name 'camera_pan_tilt'
[2.182s] Level 1:colcon.colcon_core.package_identification:_identify(src/jetbot_drive) by extensions ['ignore', 'ignore_ament_install']
[2.183s] Level 1:colcon.colcon_core.package_identification:_identify(src/jetbot_drive) by extension 'ignore'
[2.184s] Level 1:colcon.colcon_core.package_identification:_identify(src/jetbot_drive) by extension 'ignore_ament_install'
[2.184s] Level 1:colcon.colcon_core.package_identification:_identify(src/jetbot_drive) by extensions ['colcon_pkg']
[2.185s] Level 1:colcon.colcon_core.package_identification:_identify(src/jetbot_drive) by extension 'colcon_pkg'
[2.185s] Level 1:colcon.colcon_core.package_identification:_identify(src/jetbot_drive) by extensions ['colcon_meta']
[2.185s] Level 1:colcon.colcon_core.package_identification:_identify(src/jetbot_drive) by extension 'colcon_meta'
[2.186s] Level 1:colcon.colcon_core.package_identification:_identify(src/jetbot_drive) by extensions ['ros']
[2.186s] Level 1:colcon.colcon_core.package_identification:_identify(src/jetbot_drive) by extension 'ros'
[2.202s] DEBUG:colcon.colcon_core.package_identification:Package 'src/jetbot_drive' with type 'ros.ament_python' and name 'jetbot_drive'
[2.206s] Level 1:colcon.colcon_core.package_identification:_identify(src/jetbot_launch) by extensions ['ignore', 'ignore_ament_install']
[2.208s] Level 1:colcon.colcon_core.package_identification:_identify(src/jetbot_launch) by extension 'ignore'
[2.208s] Level 1:colcon.colcon_core.package_identification:_identify(src/jetbot_launch) by extension 'ignore_ament_install'
[2.209s] Level 1:colcon.colcon_core.package_identification:_identify(src/jetbot_launch) by extensions ['colcon_pkg']
[2.209s] Level 1:colcon.colcon_core.package_identification:_identify(src/jetbot_launch) by extension 'colcon_pkg'
[2.209s] Level 1:colcon.colcon_core.package_identification:_identify(src/jetbot_launch) by extensions ['colcon_meta']
[2.210s] Level 1:colcon.colcon_core.package_identification:_identify(src/jetbot_launch) by extension 'colcon_meta'
[2.210s] Level 1:colcon.colcon_core.package_identification:_identify(src/jetbot_launch) by extensions ['ros']
[2.211s] Level 1:colcon.colcon_core.package_identification:_identify(src/jetbot_launch) by extension 'ros'
[2.221s] DEBUG:colcon.colcon_core.package_identification:Package 'src/jetbot_launch' with type 'ros.ament_cmake' and name 'jetbot_launch'
[2.223s] Level 1:colcon.colcon_core.package_identification:_identify(src/jetbot_oled_display) by extensions ['ignore', 'ignore_ament_install']
[2.224s] Level 1:colcon.colcon_core.package_identification:_identify(src/jetbot_oled_display) by extension 'ignore'
[2.224s] Level 1:colcon.colcon_core.package_identification:_identify(src/jetbot_oled_display) by extension 'ignore_ament_install'
[2.225s] Level 1:colcon.colcon_core.package_identification:_identify(src/jetbot_oled_display) by extensions ['colcon_pkg']
[2.225s] Level 1:colcon.colcon_core.package_identification:_identify(src/jetbot_oled_display) by extension 'colcon_pkg'
[2.225s] Level 1:colcon.colcon_core.package_identification:_identify(src/jetbot_oled_display) by extensions ['colcon_meta']
[2.225s] Level 1:colcon.colcon_core.package_identification:_identify(src/jetbot_oled_display) by extension 'colcon_meta'
[2.226s] Level 1:colcon.colcon_core.package_identification:_identify(src/jetbot_oled_display) by extensions ['ros']
[2.226s] Level 1:colcon.colcon_core.package_identification:_identify(src/jetbot_oled_display) by extension 'ros'
[2.243s] DEBUG:colcon.colcon_core.package_identification:Package 'src/jetbot_oled_display' with type 'ros.ament_python' and name 'jetbot_oled_display'
[2.247s] Level 1:colcon.colcon_core.package_identification:_identify(src/jetbot_sys_info) by extensions ['ignore', 'ignore_ament_install']
[2.249s] Level 1:colcon.colcon_core.package_identification:_identify(src/jetbot_sys_info) by extension 'ignore'
[2.250s] Level 1:colcon.colcon_core.package_identification:_identify(src/jetbot_sys_info) by extension 'ignore_ament_install'
[2.251s] Level 1:colcon.colcon_core.package_identification:_identify(src/jetbot_sys_info) by extensions ['colcon_pkg']
[2.251s] Level 1:colcon.colcon_core.package_identification:_identify(src/jetbot_sys_info) by extension 'colcon_pkg'
[2.252s] Level 1:colcon.colcon_core.package_identification:_identify(src/jetbot_sys_info) by extensions ['colcon_meta']
[2.252s] Level 1:colcon.colcon_core.package_identification:_identify(src/jetbot_sys_info) by extension 'colcon_meta'
[2.252s] Level 1:colcon.colcon_core.package_identification:_identify(src/jetbot_sys_info) by extensions ['ros']
[2.253s] Level 1:colcon.colcon_core.package_identification:_identify(src/jetbot_sys_info) by extension 'ros'
[2.269s] DEBUG:colcon.colcon_core.package_identification:Package 'src/jetbot_sys_info' with type 'ros.ament_python' and name 'jetbot_sys_info'
[2.273s] Level 1:colcon.colcon_core.package_identification:_identify(src/pid_node) by extensions ['ignore', 'ignore_ament_install']
[2.275s] Level 1:colcon.colcon_core.package_identification:_identify(src/pid_node) by extension 'ignore'
[2.276s] Level 1:colcon.colcon_core.package_identification:_identify(src/pid_node) by extension 'ignore_ament_install'
[2.276s] Level 1:colcon.colcon_core.package_identification:_identify(src/pid_node) by extensions ['colcon_pkg']
[2.277s] Level 1:colcon.colcon_core.package_identification:_identify(src/pid_node) by extension 'colcon_pkg'
[2.277s] Level 1:colcon.colcon_core.package_identification:_identify(src/pid_node) by extensions ['colcon_meta']
[2.277s] Level 1:colcon.colcon_core.package_identification:_identify(src/pid_node) by extension 'colcon_meta'
[2.278s] Level 1:colcon.colcon_core.package_identification:_identify(src/pid_node) by extensions ['ros']
[2.278s] Level 1:colcon.colcon_core.package_identification:_identify(src/pid_node) by extension 'ros'
[2.296s] DEBUG:colcon.colcon_core.package_identification:Package 'src/pid_node' with type 'ros.ament_python' and name 'pid_node'
[2.300s] Level 1:colcon.colcon_core.package_identification:_identify(src/ros2_IMU) by extensions ['ignore', 'ignore_ament_install']
[2.302s] Level 1:colcon.colcon_core.package_identification:_identify(src/ros2_IMU) by extension 'ignore'
[2.303s] Level 1:colcon.colcon_core.package_identification:_identify(src/ros2_IMU) by extension 'ignore_ament_install'
[2.304s] Level 1:colcon.colcon_core.package_identification:_identify(src/ros2_IMU) by extensions ['colcon_pkg']
[2.304s] Level 1:colcon.colcon_core.package_identification:_identify(src/ros2_IMU) by extension 'colcon_pkg'
[2.305s] Level 1:colcon.colcon_core.package_identification:_identify(src/ros2_IMU) by extensions ['colcon_meta']
[2.305s] Level 1:colcon.colcon_core.package_identification:_identify(src/ros2_IMU) by extension 'colcon_meta'
[2.305s] Level 1:colcon.colcon_core.package_identification:_identify(src/ros2_IMU) by extensions ['ros']
[2.306s] Level 1:colcon.colcon_core.package_identification:_identify(src/ros2_IMU) by extension 'ros'
[2.323s] DEBUG:colcon.colcon_core.package_identification:Package 'src/ros2_IMU' with type 'ros.ament_cmake' and name 'ros2_IMU'
[2.325s] Level 1:colcon.colcon_core.package_identification:_identify(src/ros2_rtimulib) by extensions ['ignore', 'ignore_ament_install']
[2.326s] Level 1:colcon.colcon_core.package_identification:_identify(src/ros2_rtimulib) by extension 'ignore'
[2.326s] Level 1:colcon.colcon_core.package_identification:_identify(src/ros2_rtimulib) by extension 'ignore_ament_install'
[2.326s] Level 1:colcon.colcon_core.package_identification:_identify(src/ros2_rtimulib) by extensions ['colcon_pkg']
[2.327s] Level 1:colcon.colcon_core.package_identification:_identify(src/ros2_rtimulib) by extension 'colcon_pkg'
[2.327s] Level 1:colcon.colcon_core.package_identification:_identify(src/ros2_rtimulib) by extensions ['colcon_meta']
[2.327s] Level 1:colcon.colcon_core.package_identification:_identify(src/ros2_rtimulib) by extension 'colcon_meta'
[2.327s] Level 1:colcon.colcon_core.package_identification:_identify(src/ros2_rtimulib) by extensions ['ros']
[2.327s] Level 1:colcon.colcon_core.package_identification:_identify(src/ros2_rtimulib) by extension 'ros'
[2.344s] DEBUG:colcon.colcon_core.package_identification:Package 'src/ros2_rtimulib' with type 'ros.ament_python' and name 'ros2_rtimulib'
[2.345s] Level 1:colcon.colcon_core.package_discovery:discover_packages(recursive) using defaults
[2.345s] Level 1:colcon.colcon_core.package_discovery:discover_packages(ignore) discover
[2.345s] Level 1:colcon.colcon_core.package_discovery:discover_packages(ignore) using defaults
[2.345s] Level 1:colcon.colcon_core.package_discovery:discover_packages(path) discover
[2.346s] Level 1:colcon.colcon_core.package_discovery:discover_packages(path) using defaults
[2.434s] INFO:colcon.colcon_core.package_selection:Skipping not selected package 'camera' in 'src/camera'
[2.434s] INFO:colcon.colcon_core.package_selection:Skipping not selected package 'camera_pan_tilt' in 'src/camera_pan_tilt'
[2.435s] INFO:colcon.colcon_core.package_selection:Skipping not selected package 'jetbot_drive' in 'src/jetbot_drive'
[2.435s] INFO:colcon.colcon_core.package_selection:Skipping not selected package 'jetbot_launch' in 'src/jetbot_launch'
[2.435s] INFO:colcon.colcon_core.package_selection:Skipping not selected package 'jetbot_sys_info' in 'src/jetbot_sys_info'
[2.435s] INFO:colcon.colcon_core.package_selection:Skipping not selected package 'pid_node' in 'src/pid_node'
[2.435s] INFO:colcon.colcon_core.package_selection:Skipping not selected package 'ros2_rtimulib' in 'src/ros2_rtimulib'
[2.435s] INFO:colcon.colcon_core.package_selection:Skipping not selected package 'jetbot_oled_display' in 'src/jetbot_oled_display'
[2.451s] Level 5:colcon.colcon_core.verb:set package 'ros2_IMU' build argument 'cmake_args' from command line to 'None'
[2.451s] Level 5:colcon.colcon_core.verb:set package 'ros2_IMU' build argument 'cmake_target' from command line to 'None'
[2.451s] Level 5:colcon.colcon_core.verb:set package 'ros2_IMU' build argument 'cmake_target_skip_unavailable' from command line to 'False'
[2.451s] Level 5:colcon.colcon_core.verb:set package 'ros2_IMU' build argument 'cmake_clean_cache' from command line to 'False'
[2.451s] Level 5:colcon.colcon_core.verb:set package 'ros2_IMU' build argument 'cmake_clean_first' from command line to 'False'
[2.452s] Level 5:colcon.colcon_core.verb:set package 'ros2_IMU' build argument 'cmake_force_configure' from command line to 'False'
[2.452s] Level 5:colcon.colcon_core.verb:set package 'ros2_IMU' build argument 'ament_cmake_args' from command line to 'None'
[2.452s] Level 5:colcon.colcon_core.verb:set package 'ros2_IMU' build argument 'catkin_cmake_args' from command line to 'None'
[2.452s] Level 5:colcon.colcon_core.verb:set package 'ros2_IMU' build argument 'catkin_skip_building_tests' from command line to 'False'
[2.452s] DEBUG:colcon.colcon_core.verb:Building package 'ros2_IMU' with the following arguments: {'ament_cmake_args': None, 'build_base': '/home/robot/Software/ROS2/Madox/madox_ws/build/ros2_IMU', 'catkin_cmake_args': None, 'catkin_skip_building_tests': False, 'cmake_args': None, 'cmake_clean_cache': False, 'cmake_clean_first': False, 'cmake_force_configure': False, 'cmake_target': None, 'cmake_target_skip_unavailable': False, 'install_base': '/home/robot/Software/ROS2/Madox/madox_ws/install/ros2_IMU', 'merge_install': False, 'path': '/home/robot/Software/ROS2/Madox/madox_ws/src/ros2_IMU', 'symlink_install': False, 'test_result_base': None}
[2.454s] INFO:colcon.colcon_core.executor:Executing jobs using 'parallel' executor
[2.462s] DEBUG:colcon.colcon_parallel_executor.executor.parallel:run_until_complete
[2.463s] INFO:colcon.colcon_ros.task.ament_cmake.build:Building ROS package in '/home/robot/Software/ROS2/Madox/madox_ws/src/ros2_IMU' with build type 'ament_cmake'
[2.463s] INFO:colcon.colcon_cmake.task.cmake.build:Building CMake package in '/home/robot/Software/ROS2/Madox/madox_ws/src/ros2_IMU'
[2.480s] INFO:colcon.colcon_core.plugin_system:Skipping extension 'colcon_core.shell.bat': Not used on non-Windows systems
[2.481s] INFO:colcon.colcon_core.shell:Skip shell extension 'powershell' for command environment: Not usable outside of PowerShell
[2.481s] DEBUG:colcon.colcon_core.shell:Skip shell extension 'dsv' for command environment
[2.621s] DEBUG:colcon.colcon_core.shell:Ignoring prefix path '/opt/ros/foxy'
[2.735s] DEBUG:colcon.colcon_core.event_handler.log_command:Invoking command in '/home/robot/Software/ROS2/Madox/madox_ws/build/ros2_IMU': CMAKE_PREFIX_PATH=/home/robot/Software/ROS2/Madox/madox_ws/install/ros2_rtimulib:/home/robot/Software/ROS2/Madox/madox_ws/install/pid_node:/home/robot/Software/ROS2/Madox/madox_ws/install/jetbot_sys_info:/home/robot/Software/ROS2/Madox/madox_ws/install/jetbot_oled_display:/home/robot/Software/ROS2/Madox/madox_ws/install/jetbot_launch:/home/robot/Software/ROS2/Madox/madox_ws/install/jetbot_drive:/home/robot/Software/ROS2/Madox/madox_ws/install/camera_pan_tilt:/home/robot/Software/ROS2/Madox/madox_ws/install/camera:/opt/ros/foxy /usr/bin/cmake /home/robot/Software/ROS2/Madox/madox_ws/src/ros2_IMU -DCMAKE_INSTALL_PREFIX=/home/robot/Software/ROS2/Madox/madox_ws/install/ros2_IMU
[34.688s] DEBUG:colcon.colcon_core.event_handler.log_command:Invoked command in '/home/robot/Software/ROS2/Madox/madox_ws/build/ros2_IMU' returned '0': CMAKE_PREFIX_PATH=/home/robot/Software/ROS2/Madox/madox_ws/install/ros2_rtimulib:/home/robot/Software/ROS2/Madox/madox_ws/install/pid_node:/home/robot/Software/ROS2/Madox/madox_ws/install/jetbot_sys_info:/home/robot/Software/ROS2/Madox/madox_ws/install/jetbot_oled_display:/home/robot/Software/ROS2/Madox/madox_ws/install/jetbot_launch:/home/robot/Software/ROS2/Madox/madox_ws/install/jetbot_drive:/home/robot/Software/ROS2/Madox/madox_ws/install/camera_pan_tilt:/home/robot/Software/ROS2/Madox/madox_ws/install/camera:/opt/ros/foxy /usr/bin/cmake /home/robot/Software/ROS2/Madox/madox_ws/src/ros2_IMU -DCMAKE_INSTALL_PREFIX=/home/robot/Software/ROS2/Madox/madox_ws/install/ros2_IMU
[34.708s] DEBUG:colcon.colcon_core.event_handler.log_command:Invoking command in '/home/robot/Software/ROS2/Madox/madox_ws/build/ros2_IMU': CMAKE_PREFIX_PATH=/home/robot/Software/ROS2/Madox/madox_ws/install/ros2_rtimulib:/home/robot/Software/ROS2/Madox/madox_ws/install/pid_node:/home/robot/Software/ROS2/Madox/madox_ws/install/jetbot_sys_info:/home/robot/Software/ROS2/Madox/madox_ws/install/jetbot_oled_display:/home/robot/Software/ROS2/Madox/madox_ws/install/jetbot_launch:/home/robot/Software/ROS2/Madox/madox_ws/install/jetbot_drive:/home/robot/Software/ROS2/Madox/madox_ws/install/camera_pan_tilt:/home/robot/Software/ROS2/Madox/madox_ws/install/camera:/opt/ros/foxy /usr/bin/cmake --build /home/robot/Software/ROS2/Madox/madox_ws/build/ros2_IMU -- -j4 -l4
[48.007s] DEBUG:colcon.colcon_core.event_handler.log_command:Invoked command in '/home/robot/Software/ROS2/Madox/madox_ws/build/ros2_IMU' returned '0': CMAKE_PREFIX_PATH=/home/robot/Software/ROS2/Madox/madox_ws/install/ros2_rtimulib:/home/robot/Software/ROS2/Madox/madox_ws/install/pid_node:/home/robot/Software/ROS2/Madox/madox_ws/install/jetbot_sys_info:/home/robot/Software/ROS2/Madox/madox_ws/install/jetbot_oled_display:/home/robot/Software/ROS2/Madox/madox_ws/install/jetbot_launch:/home/robot/Software/ROS2/Madox/madox_ws/install/jetbot_drive:/home/robot/Software/ROS2/Madox/madox_ws/install/camera_pan_tilt:/home/robot/Software/ROS2/Madox/madox_ws/install/camera:/opt/ros/foxy /usr/bin/cmake --build /home/robot/Software/ROS2/Madox/madox_ws/build/ros2_IMU -- -j4 -l4
[48.287s] DEBUG:colcon.colcon_core.event_handler.log_command:Invoking command in '/home/robot/Software/ROS2/Madox/madox_ws/build/ros2_IMU': CMAKE_PREFIX_PATH=/home/robot/Software/ROS2/Madox/madox_ws/install/ros2_rtimulib:/home/robot/Software/ROS2/Madox/madox_ws/install/pid_node:/home/robot/Software/ROS2/Madox/madox_ws/install/jetbot_sys_info:/home/robot/Software/ROS2/Madox/madox_ws/install/jetbot_oled_display:/home/robot/Software/ROS2/Madox/madox_ws/install/jetbot_launch:/home/robot/Software/ROS2/Madox/madox_ws/install/jetbot_drive:/home/robot/Software/ROS2/Madox/madox_ws/install/camera_pan_tilt:/home/robot/Software/ROS2/Madox/madox_ws/install/camera:/opt/ros/foxy /usr/bin/cmake --install /home/robot/Software/ROS2/Madox/madox_ws/build/ros2_IMU
[49.289s] Level 1:colcon.colcon_core.environment:create_environment_scripts_only(ros2_IMU)
[49.299s] DEBUG:colcon.colcon_core.event_handler.log_command:Invoked command in '/home/robot/Software/ROS2/Madox/madox_ws/build/ros2_IMU' returned '0': CMAKE_PREFIX_PATH=/home/robot/Software/ROS2/Madox/madox_ws/install/ros2_rtimulib:/home/robot/Software/ROS2/Madox/madox_ws/install/pid_node:/home/robot/Software/ROS2/Madox/madox_ws/install/jetbot_sys_info:/home/robot/Software/ROS2/Madox/madox_ws/install/jetbot_oled_display:/home/robot/Software/ROS2/Madox/madox_ws/install/jetbot_launch:/home/robot/Software/ROS2/Madox/madox_ws/install/jetbot_drive:/home/robot/Software/ROS2/Madox/madox_ws/install/camera_pan_tilt:/home/robot/Software/ROS2/Madox/madox_ws/install/camera:/opt/ros/foxy /usr/bin/cmake --install /home/robot/Software/ROS2/Madox/madox_ws/build/ros2_IMU
[49.318s] Level 1:colcon.colcon_core.environment:checking '/home/robot/Software/ROS2/Madox/madox_ws/install/ros2_IMU' for CMake module files
[49.370s] Level 1:colcon.colcon_core.environment:checking '/home/robot/Software/ROS2/Madox/madox_ws/install/ros2_IMU' for CMake config files
[49.386s] Level 1:colcon.colcon_core.shell:create_environment_hook('ros2_IMU', 'cmake_prefix_path')
[49.395s] INFO:colcon.colcon_core.shell:Creating environment hook '/home/robot/Software/ROS2/Madox/madox_ws/install/ros2_IMU/share/ros2_IMU/hook/cmake_prefix_path.ps1'
[49.415s] INFO:colcon.colcon_core.shell:Creating environment descriptor '/home/robot/Software/ROS2/Madox/madox_ws/install/ros2_IMU/share/ros2_IMU/hook/cmake_prefix_path.dsv'
[49.436s] INFO:colcon.colcon_core.shell:Creating environment hook '/home/robot/Software/ROS2/Madox/madox_ws/install/ros2_IMU/share/ros2_IMU/hook/cmake_prefix_path.sh'
[49.461s] Level 1:colcon.colcon_core.environment:checking '/home/robot/Software/ROS2/Madox/madox_ws/install/ros2_IMU/lib'
[49.470s] Level 1:colcon.colcon_core.environment:checking '/home/robot/Software/ROS2/Madox/madox_ws/install/ros2_IMU/bin'
[49.473s] Level 1:colcon.colcon_core.environment:checking '/home/robot/Software/ROS2/Madox/madox_ws/install/ros2_IMU/lib/pkgconfig/ros2_IMU.pc'
[49.476s] Level 1:colcon.colcon_core.environment:checking '/home/robot/Software/ROS2/Madox/madox_ws/install/ros2_IMU/lib/python3.8/site-packages'
[49.484s] INFO:colcon.colcon_core.shell:Creating package script '/home/robot/Software/ROS2/Madox/madox_ws/install/ros2_IMU/share/ros2_IMU/package.ps1'
[49.499s] INFO:colcon.colcon_core.shell:Creating package descriptor '/home/robot/Software/ROS2/Madox/madox_ws/install/ros2_IMU/share/ros2_IMU/package.dsv'
[49.518s] INFO:colcon.colcon_core.shell:Creating package script '/home/robot/Software/ROS2/Madox/madox_ws/install/ros2_IMU/share/ros2_IMU/package.sh'
[49.536s] INFO:colcon.colcon_core.shell:Creating package script '/home/robot/Software/ROS2/Madox/madox_ws/install/ros2_IMU/share/ros2_IMU/package.bash'
[49.553s] INFO:colcon.colcon_core.shell:Creating package script '/home/robot/Software/ROS2/Madox/madox_ws/install/ros2_IMU/share/ros2_IMU/package.zsh'
[49.574s] Level 1:colcon.colcon_core.environment:create_file_with_runtime_dependencies(/home/robot/Software/ROS2/Madox/madox_ws/install/ros2_IMU/share/colcon-core/packages/ros2_IMU)
[49.717s] Level 1:colcon.colcon_core.environment:create_environment_scripts_only(ros2_IMU)
[49.721s] Level 1:colcon.colcon_core.environment:checking '/home/robot/Software/ROS2/Madox/madox_ws/install/ros2_IMU' for CMake module files
[49.740s] Level 1:colcon.colcon_core.environment:checking '/home/robot/Software/ROS2/Madox/madox_ws/install/ros2_IMU' for CMake config files
[49.753s] Level 1:colcon.colcon_core.shell:create_environment_hook('ros2_IMU', 'cmake_prefix_path')
[49.760s] INFO:colcon.colcon_core.shell:Creating environment hook '/home/robot/Software/ROS2/Madox/madox_ws/install/ros2_IMU/share/ros2_IMU/hook/cmake_prefix_path.ps1'
[49.779s] INFO:colcon.colcon_core.shell:Creating environment descriptor '/home/robot/Software/ROS2/Madox/madox_ws/install/ros2_IMU/share/ros2_IMU/hook/cmake_prefix_path.dsv'
[49.800s] INFO:colcon.colcon_core.shell:Creating environment hook '/home/robot/Software/ROS2/Madox/madox_ws/install/ros2_IMU/share/ros2_IMU/hook/cmake_prefix_path.sh'
[49.830s] Level 1:colcon.colcon_core.environment:checking '/home/robot/Software/ROS2/Madox/madox_ws/install/ros2_IMU/lib'
[49.835s] Level 1:colcon.colcon_core.environment:checking '/home/robot/Software/ROS2/Madox/madox_ws/install/ros2_IMU/bin'
[49.836s] Level 1:colcon.colcon_core.environment:checking '/home/robot/Software/ROS2/Madox/madox_ws/install/ros2_IMU/lib/pkgconfig/ros2_IMU.pc'
[49.836s] Level 1:colcon.colcon_core.environment:checking '/home/robot/Software/ROS2/Madox/madox_ws/install/ros2_IMU/lib/python3.8/site-packages'
[49.842s] INFO:colcon.colcon_core.shell:Creating package script '/home/robot/Software/ROS2/Madox/madox_ws/install/ros2_IMU/share/ros2_IMU/package.ps1'
[49.868s] INFO:colcon.colcon_core.shell:Creating package descriptor '/home/robot/Software/ROS2/Madox/madox_ws/install/ros2_IMU/share/ros2_IMU/package.dsv'
[49.887s] INFO:colcon.colcon_core.shell:Creating package script '/home/robot/Software/ROS2/Madox/madox_ws/install/ros2_IMU/share/ros2_IMU/package.sh'
[49.910s] INFO:colcon.colcon_core.shell:Creating package script '/home/robot/Software/ROS2/Madox/madox_ws/install/ros2_IMU/share/ros2_IMU/package.bash'
[49.933s] INFO:colcon.colcon_core.shell:Creating package script '/home/robot/Software/ROS2/Madox/madox_ws/install/ros2_IMU/share/ros2_IMU/package.zsh'
[49.954s] Level 1:colcon.colcon_core.environment:create_file_with_runtime_dependencies(/home/robot/Software/ROS2/Madox/madox_ws/install/ros2_IMU/share/colcon-core/packages/ros2_IMU)
[49.977s] DEBUG:colcon.colcon_parallel_executor.executor.parallel:closing loop
[49.980s] DEBUG:colcon.colcon_parallel_executor.executor.parallel:loop closed
[49.981s] DEBUG:colcon.colcon_parallel_executor.executor.parallel:run_until_complete finished with '0'
[49.982s] DEBUG:colcon.colcon_core.event_reactor:joining thread
[50.089s] INFO:colcon.colcon_core.plugin_system:Skipping extension 'colcon_notification.desktop_notification.terminal_notifier': Not used on non-Darwin systems
[50.089s] INFO:colcon.colcon_core.plugin_system:Skipping extension 'colcon_notification.desktop_notification.win32': Not used on non-Windows systems
[50.090s] INFO:colcon.colcon_notification.desktop_notification:Sending desktop notification using 'notify2'
[75.119s] DEBUG:colcon.colcon_notification.desktop_notification.notify2:Failed to initialize notify2: org.freedesktop.DBus.Error.NoReply: Did not receive a reply. Possible causes include: the remote application did not send a reply, the message bus security policy blocked the reply, the reply timeout expired, or the network connection was broken.
[75.130s] DEBUG:colcon.colcon_core.event_reactor:joined thread
[75.143s] INFO:colcon.colcon_core.shell:Creating prefix script '/home/robot/Software/ROS2/Madox/madox_ws/install/local_setup.ps1'
[75.171s] INFO:colcon.colcon_core.shell:Creating prefix util module '/home/robot/Software/ROS2/Madox/madox_ws/install/_local_setup_util_ps1.py'
[75.212s] INFO:colcon.colcon_core.shell:Creating prefix chain script '/home/robot/Software/ROS2/Madox/madox_ws/install/setup.ps1'
[75.302s] INFO:colcon.colcon_core.shell:Creating prefix script '/home/robot/Software/ROS2/Madox/madox_ws/install/local_setup.sh'
[75.332s] INFO:colcon.colcon_core.shell:Creating prefix util module '/home/robot/Software/ROS2/Madox/madox_ws/install/_local_setup_util_sh.py'
[75.350s] INFO:colcon.colcon_core.shell:Creating prefix chain script '/home/robot/Software/ROS2/Madox/madox_ws/install/setup.sh'
[75.413s] INFO:colcon.colcon_core.shell:Creating prefix script '/home/robot/Software/ROS2/Madox/madox_ws/install/local_setup.bash'
[75.430s] INFO:colcon.colcon_core.shell:Creating prefix chain script '/home/robot/Software/ROS2/Madox/madox_ws/install/setup.bash'
[75.497s] INFO:colcon.colcon_core.shell:Creating prefix script '/home/robot/Software/ROS2/Madox/madox_ws/install/local_setup.zsh'
[75.515s] INFO:colcon.colcon_core.shell:Creating prefix chain script '/home/robot/Software/ROS2/Madox/madox_ws/install/setup.zsh'
