[1.347s] DEBUG:colcon:Command line arguments: ['/usr/bin/colcon', 'build']
[1.347s] DEBUG:colcon:Parsed command line arguments: Namespace(ament_cmake_args=None, base_paths=['.'], build_base='build', catkin_cmake_args=None, catkin_skip_building_tests=False, cmake_args=None, cmake_clean_cache=False, cmake_clean_first=False, cmake_force_configure=False, cmake_target=None, cmake_target_skip_unavailable=False, continue_on_error=False, event_handlers=None, executor='parallel', ignore_user_meta=False, install_base='install', log_base=None, log_level=None, main=<bound method BuildVerb.main of <colcon_core.verb.build.BuildVerb object at 0x7fa3003790>>, merge_install=False, metas=['./colcon.meta'], packages_above=None, packages_above_and_dependencies=None, packages_above_depth=None, packages_end=None, packages_ignore=None, packages_ignore_regex=None, packages_select=None, packages_select_build_failed=False, packages_select_by_dep=None, packages_select_regex=None, packages_select_test_failures=False, packages_skip=None, packages_skip_build_finished=False, packages_skip_by_dep=None, packages_skip_regex=None, packages_skip_test_passed=False, packages_skip_up_to=None, packages_start=None, packages_up_to=None, packages_up_to_regex=None, parallel_workers=4, paths=None, symlink_install=False, test_result_base=None, verb_extension=<colcon_core.verb.build.BuildVerb object at 0x7fa3003790>, verb_name='build', verb_parser=<colcon_defaults.argument_parser.defaults.DefaultArgumentsDecorator object at 0x7fa3003d00>)
[1.390s] Level 1:colcon.colcon_core.package_discovery:discover_packages(colcon_meta) check parameters
[1.391s] Level 1:colcon.colcon_core.package_discovery:discover_packages(recursive) check parameters
[1.391s] Level 1:colcon.colcon_core.package_discovery:discover_packages(ignore) check parameters
[1.391s] Level 1:colcon.colcon_core.package_discovery:discover_packages(path) check parameters
[1.391s] Level 1:colcon.colcon_core.package_discovery:discover_packages(colcon_meta) discover
[1.392s] Level 1:colcon.colcon_core.package_discovery:discover_packages(recursive) discover
[1.392s] INFO:colcon.colcon_core.package_discovery:Crawling recursively for packages in '/home/robot/Software/ROS2/Scrap/scrap_ws'
[1.394s] Level 1:colcon.colcon_core.package_identification:_identify(.) by extensions ['ignore', 'ignore_ament_install']
[1.394s] Level 1:colcon.colcon_core.package_identification:_identify(.) by extension 'ignore'
[1.394s] Level 1:colcon.colcon_core.package_identification:_identify(.) by extension 'ignore_ament_install'
[1.395s] Level 1:colcon.colcon_core.package_identification:_identify(.) by extensions ['colcon_pkg']
[1.395s] Level 1:colcon.colcon_core.package_identification:_identify(.) by extension 'colcon_pkg'
[1.395s] Level 1:colcon.colcon_core.package_identification:_identify(.) by extensions ['colcon_meta']
[1.395s] Level 1:colcon.colcon_core.package_identification:_identify(.) by extension 'colcon_meta'
[1.395s] Level 1:colcon.colcon_core.package_identification:_identify(.) by extensions ['ros']
[1.395s] Level 1:colcon.colcon_core.package_identification:_identify(.) by extension 'ros'
[1.441s] Level 1:colcon.colcon_core.package_identification:_identify(.) by extensions ['cmake', 'python']
[1.441s] Level 1:colcon.colcon_core.package_identification:_identify(.) by extension 'cmake'
[1.441s] Level 1:colcon.colcon_core.package_identification:_identify(.) by extension 'python'
[1.442s] Level 1:colcon.colcon_core.package_identification:_identify(.) by extensions ['python_setup_py']
[1.442s] Level 1:colcon.colcon_core.package_identification:_identify(.) by extension 'python_setup_py'
[1.444s] Level 1:colcon.colcon_core.package_identification:_identify(build) by extensions ['ignore', 'ignore_ament_install']
[1.445s] Level 1:colcon.colcon_core.package_identification:_identify(build) by extension 'ignore'
[1.445s] Level 1:colcon.colcon_core.package_identification:_identify(build) ignored
[1.447s] Level 1:colcon.colcon_core.package_identification:_identify(install) by extensions ['ignore', 'ignore_ament_install']
[1.448s] Level 1:colcon.colcon_core.package_identification:_identify(install) by extension 'ignore'
[1.448s] Level 1:colcon.colcon_core.package_identification:_identify(install) ignored
[1.459s] Level 1:colcon.colcon_core.package_identification:_identify(log) by extensions ['ignore', 'ignore_ament_install']
[1.459s] Level 1:colcon.colcon_core.package_identification:_identify(log) by extension 'ignore'
[1.460s] Level 1:colcon.colcon_core.package_identification:_identify(log) ignored
[1.462s] Level 1:colcon.colcon_core.package_identification:_identify(src) by extensions ['ignore', 'ignore_ament_install']
[1.462s] Level 1:colcon.colcon_core.package_identification:_identify(src) by extension 'ignore'
[1.462s] Level 1:colcon.colcon_core.package_identification:_identify(src) by extension 'ignore_ament_install'
[1.463s] Level 1:colcon.colcon_core.package_identification:_identify(src) by extensions ['colcon_pkg']
[1.463s] Level 1:colcon.colcon_core.package_identification:_identify(src) by extension 'colcon_pkg'
[1.463s] Level 1:colcon.colcon_core.package_identification:_identify(src) by extensions ['colcon_meta']
[1.463s] Level 1:colcon.colcon_core.package_identification:_identify(src) by extension 'colcon_meta'
[1.463s] Level 1:colcon.colcon_core.package_identification:_identify(src) by extensions ['ros']
[1.463s] Level 1:colcon.colcon_core.package_identification:_identify(src) by extension 'ros'
[1.464s] Level 1:colcon.colcon_core.package_identification:_identify(src) by extensions ['cmake', 'python']
[1.464s] Level 1:colcon.colcon_core.package_identification:_identify(src) by extension 'cmake'
[1.464s] Level 1:colcon.colcon_core.package_identification:_identify(src) by extension 'python'
[1.464s] Level 1:colcon.colcon_core.package_identification:_identify(src) by extensions ['python_setup_py']
[1.464s] Level 1:colcon.colcon_core.package_identification:_identify(src) by extension 'python_setup_py'
[1.467s] Level 1:colcon.colcon_core.package_identification:_identify(src/py_drive) by extensions ['ignore', 'ignore_ament_install']
[1.468s] Level 1:colcon.colcon_core.package_identification:_identify(src/py_drive) by extension 'ignore'
[1.468s] Level 1:colcon.colcon_core.package_identification:_identify(src/py_drive) by extension 'ignore_ament_install'
[1.468s] Level 1:colcon.colcon_core.package_identification:_identify(src/py_drive) by extensions ['colcon_pkg']
[1.469s] Level 1:colcon.colcon_core.package_identification:_identify(src/py_drive) by extension 'colcon_pkg'
[1.469s] Level 1:colcon.colcon_core.package_identification:_identify(src/py_drive) by extensions ['colcon_meta']
[1.469s] Level 1:colcon.colcon_core.package_identification:_identify(src/py_drive) by extension 'colcon_meta'
[1.469s] Level 1:colcon.colcon_core.package_identification:_identify(src/py_drive) by extensions ['ros']
[1.469s] Level 1:colcon.colcon_core.package_identification:_identify(src/py_drive) by extension 'ros'
[1.488s] DEBUG:colcon.colcon_core.package_identification:Package 'src/py_drive' with type 'ros.ament_python' and name 'py_drive'
[1.491s] Level 1:colcon.colcon_core.package_identification:_identify(src/py_srvcli) by extensions ['ignore', 'ignore_ament_install']
[1.491s] Level 1:colcon.colcon_core.package_identification:_identify(src/py_srvcli) by extension 'ignore'
[1.491s] Level 1:colcon.colcon_core.package_identification:_identify(src/py_srvcli) by extension 'ignore_ament_install'
[1.491s] Level 1:colcon.colcon_core.package_identification:_identify(src/py_srvcli) by extensions ['colcon_pkg']
[1.492s] Level 1:colcon.colcon_core.package_identification:_identify(src/py_srvcli) by extension 'colcon_pkg'
[1.492s] Level 1:colcon.colcon_core.package_identification:_identify(src/py_srvcli) by extensions ['colcon_meta']
[1.492s] Level 1:colcon.colcon_core.package_identification:_identify(src/py_srvcli) by extension 'colcon_meta'
[1.492s] Level 1:colcon.colcon_core.package_identification:_identify(src/py_srvcli) by extensions ['ros']
[1.492s] Level 1:colcon.colcon_core.package_identification:_identify(src/py_srvcli) by extension 'ros'
[1.507s] DEBUG:colcon.colcon_core.package_identification:Package 'src/py_srvcli' with type 'ros.ament_python' and name 'py_srvcli'
[1.509s] Level 1:colcon.colcon_core.package_identification:_identify(src/ros2-web-bridge) by extensions ['ignore', 'ignore_ament_install']
[1.509s] Level 1:colcon.colcon_core.package_identification:_identify(src/ros2-web-bridge) by extension 'ignore'
[1.510s] Level 1:colcon.colcon_core.package_identification:_identify(src/ros2-web-bridge) by extension 'ignore_ament_install'
[1.510s] Level 1:colcon.colcon_core.package_identification:_identify(src/ros2-web-bridge) by extensions ['colcon_pkg']
[1.510s] Level 1:colcon.colcon_core.package_identification:_identify(src/ros2-web-bridge) by extension 'colcon_pkg'
[1.511s] Level 1:colcon.colcon_core.package_identification:_identify(src/ros2-web-bridge) by extensions ['colcon_meta']
[1.511s] Level 1:colcon.colcon_core.package_identification:_identify(src/ros2-web-bridge) by extension 'colcon_meta'
[1.511s] Level 1:colcon.colcon_core.package_identification:_identify(src/ros2-web-bridge) by extensions ['ros']
[1.511s] Level 1:colcon.colcon_core.package_identification:_identify(src/ros2-web-bridge) by extension 'ros'
[1.512s] Level 1:colcon.colcon_core.package_identification:_identify(src/ros2-web-bridge) by extensions ['cmake', 'python']
[1.512s] Level 1:colcon.colcon_core.package_identification:_identify(src/ros2-web-bridge) by extension 'cmake'
[1.512s] Level 1:colcon.colcon_core.package_identification:_identify(src/ros2-web-bridge) by extension 'python'
[1.512s] Level 1:colcon.colcon_core.package_identification:_identify(src/ros2-web-bridge) by extensions ['python_setup_py']
[1.512s] Level 1:colcon.colcon_core.package_identification:_identify(src/ros2-web-bridge) by extension 'python_setup_py'
[1.515s] Level 1:colcon.colcon_core.package_identification:_identify(src/test_joy) by extensions ['ignore', 'ignore_ament_install']
[1.515s] Level 1:colcon.colcon_core.package_identification:_identify(src/test_joy) by extension 'ignore'
[1.515s] Level 1:colcon.colcon_core.package_identification:_identify(src/test_joy) by extension 'ignore_ament_install'
[1.516s] Level 1:colcon.colcon_core.package_identification:_identify(src/test_joy) by extensions ['colcon_pkg']
[1.516s] Level 1:colcon.colcon_core.package_identification:_identify(src/test_joy) by extension 'colcon_pkg'
[1.516s] Level 1:colcon.colcon_core.package_identification:_identify(src/test_joy) by extensions ['colcon_meta']
[1.516s] Level 1:colcon.colcon_core.package_identification:_identify(src/test_joy) by extension 'colcon_meta'
[1.516s] Level 1:colcon.colcon_core.package_identification:_identify(src/test_joy) by extensions ['ros']
[1.516s] Level 1:colcon.colcon_core.package_identification:_identify(src/test_joy) by extension 'ros'
[1.532s] DEBUG:colcon.colcon_core.package_identification:Package 'src/test_joy' with type 'ros.ament_python' and name 'test_joy'
[1.532s] Level 1:colcon.colcon_core.package_discovery:discover_packages(recursive) using defaults
[1.533s] Level 1:colcon.colcon_core.package_discovery:discover_packages(ignore) discover
[1.533s] Level 1:colcon.colcon_core.package_discovery:discover_packages(ignore) using defaults
[1.533s] Level 1:colcon.colcon_core.package_discovery:discover_packages(path) discover
[1.533s] Level 1:colcon.colcon_core.package_discovery:discover_packages(path) using defaults
[1.639s] Level 5:colcon.colcon_core.verb:set package 'py_drive' build argument 'cmake_args' from command line to 'None'
[1.639s] Level 5:colcon.colcon_core.verb:set package 'py_drive' build argument 'cmake_target' from command line to 'None'
[1.639s] Level 5:colcon.colcon_core.verb:set package 'py_drive' build argument 'cmake_target_skip_unavailable' from command line to 'False'
[1.640s] Level 5:colcon.colcon_core.verb:set package 'py_drive' build argument 'cmake_clean_cache' from command line to 'False'
[1.640s] Level 5:colcon.colcon_core.verb:set package 'py_drive' build argument 'cmake_clean_first' from command line to 'False'
[1.640s] Level 5:colcon.colcon_core.verb:set package 'py_drive' build argument 'cmake_force_configure' from command line to 'False'
[1.640s] Level 5:colcon.colcon_core.verb:set package 'py_drive' build argument 'ament_cmake_args' from command line to 'None'
[1.640s] Level 5:colcon.colcon_core.verb:set package 'py_drive' build argument 'catkin_cmake_args' from command line to 'None'
[1.640s] Level 5:colcon.colcon_core.verb:set package 'py_drive' build argument 'catkin_skip_building_tests' from command line to 'False'
[1.640s] DEBUG:colcon.colcon_core.verb:Building package 'py_drive' with the following arguments: {'ament_cmake_args': None, 'build_base': '/home/robot/Software/ROS2/Scrap/scrap_ws/build/py_drive', 'catkin_cmake_args': None, 'catkin_skip_building_tests': False, 'cmake_args': None, 'cmake_clean_cache': False, 'cmake_clean_first': False, 'cmake_force_configure': False, 'cmake_target': None, 'cmake_target_skip_unavailable': False, 'install_base': '/home/robot/Software/ROS2/Scrap/scrap_ws/install/py_drive', 'merge_install': False, 'path': '/home/robot/Software/ROS2/Scrap/scrap_ws/src/py_drive', 'symlink_install': False, 'test_result_base': None}
[1.655s] Level 5:colcon.colcon_core.verb:set package 'py_srvcli' build argument 'cmake_args' from command line to 'None'
[1.656s] Level 5:colcon.colcon_core.verb:set package 'py_srvcli' build argument 'cmake_target' from command line to 'None'
[1.656s] Level 5:colcon.colcon_core.verb:set package 'py_srvcli' build argument 'cmake_target_skip_unavailable' from command line to 'False'
[1.656s] Level 5:colcon.colcon_core.verb:set package 'py_srvcli' build argument 'cmake_clean_cache' from command line to 'False'
[1.656s] Level 5:colcon.colcon_core.verb:set package 'py_srvcli' build argument 'cmake_clean_first' from command line to 'False'
[1.656s] Level 5:colcon.colcon_core.verb:set package 'py_srvcli' build argument 'cmake_force_configure' from command line to 'False'
[1.656s] Level 5:colcon.colcon_core.verb:set package 'py_srvcli' build argument 'ament_cmake_args' from command line to 'None'
[1.656s] Level 5:colcon.colcon_core.verb:set package 'py_srvcli' build argument 'catkin_cmake_args' from command line to 'None'
[1.656s] Level 5:colcon.colcon_core.verb:set package 'py_srvcli' build argument 'catkin_skip_building_tests' from command line to 'False'
[1.657s] DEBUG:colcon.colcon_core.verb:Building package 'py_srvcli' with the following arguments: {'ament_cmake_args': None, 'build_base': '/home/robot/Software/ROS2/Scrap/scrap_ws/build/py_srvcli', 'catkin_cmake_args': None, 'catkin_skip_building_tests': False, 'cmake_args': None, 'cmake_clean_cache': False, 'cmake_clean_first': False, 'cmake_force_configure': False, 'cmake_target': None, 'cmake_target_skip_unavailable': False, 'install_base': '/home/robot/Software/ROS2/Scrap/scrap_ws/install/py_srvcli', 'merge_install': False, 'path': '/home/robot/Software/ROS2/Scrap/scrap_ws/src/py_srvcli', 'symlink_install': False, 'test_result_base': None}
[1.673s] Level 5:colcon.colcon_core.verb:set package 'test_joy' build argument 'cmake_args' from command line to 'None'
[1.673s] Level 5:colcon.colcon_core.verb:set package 'test_joy' build argument 'cmake_target' from command line to 'None'
[1.673s] Level 5:colcon.colcon_core.verb:set package 'test_joy' build argument 'cmake_target_skip_unavailable' from command line to 'False'
[1.673s] Level 5:colcon.colcon_core.verb:set package 'test_joy' build argument 'cmake_clean_cache' from command line to 'False'
[1.673s] Level 5:colcon.colcon_core.verb:set package 'test_joy' build argument 'cmake_clean_first' from command line to 'False'
[1.673s] Level 5:colcon.colcon_core.verb:set package 'test_joy' build argument 'cmake_force_configure' from command line to 'False'
[1.674s] Level 5:colcon.colcon_core.verb:set package 'test_joy' build argument 'ament_cmake_args' from command line to 'None'
[1.674s] Level 5:colcon.colcon_core.verb:set package 'test_joy' build argument 'catkin_cmake_args' from command line to 'None'
[1.674s] Level 5:colcon.colcon_core.verb:set package 'test_joy' build argument 'catkin_skip_building_tests' from command line to 'False'
[1.674s] DEBUG:colcon.colcon_core.verb:Building package 'test_joy' with the following arguments: {'ament_cmake_args': None, 'build_base': '/home/robot/Software/ROS2/Scrap/scrap_ws/build/test_joy', 'catkin_cmake_args': None, 'catkin_skip_building_tests': False, 'cmake_args': None, 'cmake_clean_cache': False, 'cmake_clean_first': False, 'cmake_force_configure': False, 'cmake_target': None, 'cmake_target_skip_unavailable': False, 'install_base': '/home/robot/Software/ROS2/Scrap/scrap_ws/install/test_joy', 'merge_install': False, 'path': '/home/robot/Software/ROS2/Scrap/scrap_ws/src/test_joy', 'symlink_install': False, 'test_result_base': None}
[1.675s] INFO:colcon.colcon_core.executor:Executing jobs using 'parallel' executor
[1.684s] DEBUG:colcon.colcon_parallel_executor.executor.parallel:run_until_complete
[1.684s] INFO:colcon.colcon_ros.task.ament_python.build:Building ROS package in '/home/robot/Software/ROS2/Scrap/scrap_ws/src/py_drive' with build type 'ament_python'
[1.685s] Level 1:colcon.colcon_core.shell:create_environment_hook('py_drive', 'ament_prefix_path')
[1.699s] INFO:colcon.colcon_core.plugin_system:Skipping extension 'colcon_core.shell.bat': Not used on non-Windows systems
[1.700s] INFO:colcon.colcon_core.shell:Creating environment hook '/home/robot/Software/ROS2/Scrap/scrap_ws/install/py_drive/share/py_drive/hook/ament_prefix_path.ps1'
[1.722s] INFO:colcon.colcon_core.shell:Creating environment descriptor '/home/robot/Software/ROS2/Scrap/scrap_ws/install/py_drive/share/py_drive/hook/ament_prefix_path.dsv'
[1.739s] INFO:colcon.colcon_core.shell:Creating environment hook '/home/robot/Software/ROS2/Scrap/scrap_ws/install/py_drive/share/py_drive/hook/ament_prefix_path.sh'
[1.756s] INFO:colcon.colcon_core.shell:Skip shell extension 'powershell' for command environment: Not usable outside of PowerShell
[1.757s] DEBUG:colcon.colcon_core.shell:Skip shell extension 'dsv' for command environment
[1.830s] DEBUG:colcon.colcon_core.shell:Ignoring prefix path '/opt/ros/foxy'
[1.869s] INFO:colcon.colcon_ros.task.ament_python.build:Building ROS package in '/home/robot/Software/ROS2/Scrap/scrap_ws/src/py_srvcli' with build type 'ament_python'
[1.870s] Level 1:colcon.colcon_core.shell:create_environment_hook('py_srvcli', 'ament_prefix_path')
[1.874s] INFO:colcon.colcon_core.shell:Creating environment hook '/home/robot/Software/ROS2/Scrap/scrap_ws/install/py_srvcli/share/py_srvcli/hook/ament_prefix_path.ps1'
[1.893s] INFO:colcon.colcon_core.shell:Creating environment descriptor '/home/robot/Software/ROS2/Scrap/scrap_ws/install/py_srvcli/share/py_srvcli/hook/ament_prefix_path.dsv'
[1.907s] INFO:colcon.colcon_core.shell:Creating environment hook '/home/robot/Software/ROS2/Scrap/scrap_ws/install/py_srvcli/share/py_srvcli/hook/ament_prefix_path.sh'
[1.925s] INFO:colcon.colcon_core.shell:Skip shell extension 'powershell' for command environment: Not usable outside of PowerShell
[1.925s] DEBUG:colcon.colcon_core.shell:Skip shell extension 'dsv' for command environment
[1.952s] DEBUG:colcon.colcon_core.shell:Ignoring prefix path '/opt/ros/foxy'
[1.984s] INFO:colcon.colcon_ros.task.ament_python.build:Building ROS package in '/home/robot/Software/ROS2/Scrap/scrap_ws/src/test_joy' with build type 'ament_python'
[1.985s] Level 1:colcon.colcon_core.shell:create_environment_hook('test_joy', 'ament_prefix_path')
[1.989s] INFO:colcon.colcon_core.shell:Creating environment hook '/home/robot/Software/ROS2/Scrap/scrap_ws/install/test_joy/share/test_joy/hook/ament_prefix_path.ps1'
[2.008s] INFO:colcon.colcon_core.shell:Creating environment descriptor '/home/robot/Software/ROS2/Scrap/scrap_ws/install/test_joy/share/test_joy/hook/ament_prefix_path.dsv'
[2.064s] INFO:colcon.colcon_core.shell:Creating environment hook '/home/robot/Software/ROS2/Scrap/scrap_ws/install/test_joy/share/test_joy/hook/ament_prefix_path.sh'
[2.084s] INFO:colcon.colcon_core.shell:Skip shell extension 'powershell' for command environment: Not usable outside of PowerShell
[2.084s] DEBUG:colcon.colcon_core.shell:Skip shell extension 'dsv' for command environment
[2.112s] DEBUG:colcon.colcon_core.shell:Ignoring prefix path '/opt/ros/foxy'
[3.405s] INFO:colcon.colcon_core.task.python.build:Building Python package in '/home/robot/Software/ROS2/Scrap/scrap_ws/src/py_drive'
[3.409s] INFO:colcon.colcon_core.shell:Skip shell extension 'powershell' for command environment: Not usable outside of PowerShell
[3.409s] DEBUG:colcon.colcon_core.shell:Skip shell extension 'dsv' for command environment
[3.435s] DEBUG:colcon.colcon_core.shell:Ignoring prefix path '/opt/ros/foxy'
[4.477s] INFO:colcon.colcon_core.task.python.build:Building Python package in '/home/robot/Software/ROS2/Scrap/scrap_ws/src/py_srvcli'
[4.480s] INFO:colcon.colcon_core.shell:Skip shell extension 'powershell' for command environment: Not usable outside of PowerShell
[4.481s] DEBUG:colcon.colcon_core.shell:Skip shell extension 'dsv' for command environment
[4.507s] DEBUG:colcon.colcon_core.shell:Ignoring prefix path '/opt/ros/foxy'
[5.565s] INFO:colcon.colcon_core.task.python.build:Building Python package in '/home/robot/Software/ROS2/Scrap/scrap_ws/src/test_joy'
[5.569s] INFO:colcon.colcon_core.shell:Skip shell extension 'powershell' for command environment: Not usable outside of PowerShell
[5.569s] DEBUG:colcon.colcon_core.shell:Skip shell extension 'dsv' for command environment
[5.595s] DEBUG:colcon.colcon_core.shell:Ignoring prefix path '/opt/ros/foxy'
[5.688s] DEBUG:colcon.colcon_core.event_handler.log_command:Invoking command in '/home/robot/Software/ROS2/Scrap/scrap_ws/src/py_drive': PYTHONPATH=/home/robot/Software/ROS2/Scrap/scrap_ws/install/py_drive/lib/python3.8/site-packages:${PYTHONPATH} /usr/bin/python3 setup.py egg_info --egg-base ../../build/py_drive build --build-base /home/robot/Software/ROS2/Scrap/scrap_ws/build/py_drive/build install --prefix /home/robot/Software/ROS2/Scrap/scrap_ws/install/py_drive --record /home/robot/Software/ROS2/Scrap/scrap_ws/build/py_drive/install.log --single-version-externally-managed
[5.735s] DEBUG:colcon.colcon_core.event_handler.log_command:Invoking command in '/home/robot/Software/ROS2/Scrap/scrap_ws/src/py_srvcli': PYTHONPATH=/home/robot/Software/ROS2/Scrap/scrap_ws/install/py_srvcli/lib/python3.8/site-packages:${PYTHONPATH} /usr/bin/python3 setup.py egg_info --egg-base ../../build/py_srvcli build --build-base /home/robot/Software/ROS2/Scrap/scrap_ws/build/py_srvcli/build install --prefix /home/robot/Software/ROS2/Scrap/scrap_ws/install/py_srvcli --record /home/robot/Software/ROS2/Scrap/scrap_ws/build/py_srvcli/install.log --single-version-externally-managed
[5.784s] DEBUG:colcon.colcon_core.event_handler.log_command:Invoking command in '/home/robot/Software/ROS2/Scrap/scrap_ws/src/test_joy': PYTHONPATH=/home/robot/Software/ROS2/Scrap/scrap_ws/install/test_joy/lib/python3.8/site-packages:${PYTHONPATH} /usr/bin/python3 setup.py egg_info --egg-base ../../build/test_joy build --build-base /home/robot/Software/ROS2/Scrap/scrap_ws/build/test_joy/build install --prefix /home/robot/Software/ROS2/Scrap/scrap_ws/install/test_joy --record /home/robot/Software/ROS2/Scrap/scrap_ws/build/test_joy/install.log --single-version-externally-managed
[7.461s] DEBUG:colcon.colcon_core.event_handler.log_command:Invoked command in '/home/robot/Software/ROS2/Scrap/scrap_ws/src/py_drive' returned '0': PYTHONPATH=/home/robot/Software/ROS2/Scrap/scrap_ws/install/py_drive/lib/python3.8/site-packages:${PYTHONPATH} /usr/bin/python3 setup.py egg_info --egg-base ../../build/py_drive build --build-base /home/robot/Software/ROS2/Scrap/scrap_ws/build/py_drive/build install --prefix /home/robot/Software/ROS2/Scrap/scrap_ws/install/py_drive --record /home/robot/Software/ROS2/Scrap/scrap_ws/build/py_drive/install.log --single-version-externally-managed
[7.484s] Level 1:colcon.colcon_core.environment:checking '/home/robot/Software/ROS2/Scrap/scrap_ws/install/py_drive' for CMake module files
[7.501s] Level 1:colcon.colcon_core.environment:checking '/home/robot/Software/ROS2/Scrap/scrap_ws/install/py_drive' for CMake config files
[7.548s] Level 1:colcon.colcon_core.environment:checking '/home/robot/Software/ROS2/Scrap/scrap_ws/install/py_drive/lib'
[7.551s] Level 1:colcon.colcon_core.environment:checking '/home/robot/Software/ROS2/Scrap/scrap_ws/install/py_drive/bin'
[7.551s] Level 1:colcon.colcon_core.environment:checking '/home/robot/Software/ROS2/Scrap/scrap_ws/install/py_drive/lib/pkgconfig/py_drive.pc'
[7.552s] Level 1:colcon.colcon_core.environment:checking '/home/robot/Software/ROS2/Scrap/scrap_ws/install/py_drive/lib/python3.8/site-packages'
[7.552s] Level 1:colcon.colcon_core.shell:create_environment_hook('py_drive', 'pythonpath')
[7.555s] INFO:colcon.colcon_core.shell:Creating environment hook '/home/robot/Software/ROS2/Scrap/scrap_ws/install/py_drive/share/py_drive/hook/pythonpath.ps1'
[7.572s] INFO:colcon.colcon_core.shell:Creating environment descriptor '/home/robot/Software/ROS2/Scrap/scrap_ws/install/py_drive/share/py_drive/hook/pythonpath.dsv'
[7.586s] INFO:colcon.colcon_core.shell:Creating environment hook '/home/robot/Software/ROS2/Scrap/scrap_ws/install/py_drive/share/py_drive/hook/pythonpath.sh'
[7.605s] Level 1:colcon.colcon_core.environment:create_environment_scripts_only(py_drive)
[7.609s] INFO:colcon.colcon_core.shell:Creating package script '/home/robot/Software/ROS2/Scrap/scrap_ws/install/py_drive/share/py_drive/package.ps1'
[7.624s] INFO:colcon.colcon_core.shell:Creating package descriptor '/home/robot/Software/ROS2/Scrap/scrap_ws/install/py_drive/share/py_drive/package.dsv'
[7.638s] INFO:colcon.colcon_core.shell:Creating package script '/home/robot/Software/ROS2/Scrap/scrap_ws/install/py_drive/share/py_drive/package.sh'
[7.657s] INFO:colcon.colcon_core.shell:Creating package script '/home/robot/Software/ROS2/Scrap/scrap_ws/install/py_drive/share/py_drive/package.bash'
[7.673s] INFO:colcon.colcon_core.shell:Creating package script '/home/robot/Software/ROS2/Scrap/scrap_ws/install/py_drive/share/py_drive/package.zsh'
[7.688s] Level 1:colcon.colcon_core.environment:create_file_with_runtime_dependencies(/home/robot/Software/ROS2/Scrap/scrap_ws/install/py_drive/share/colcon-core/packages/py_drive)
[7.709s] Level 1:colcon.colcon_core.environment:checking '/home/robot/Software/ROS2/Scrap/scrap_ws/install/py_srvcli' for CMake module files
[7.727s] Level 1:colcon.colcon_core.environment:checking '/home/robot/Software/ROS2/Scrap/scrap_ws/install/py_srvcli' for CMake config files
[7.749s] DEBUG:colcon.colcon_core.event_handler.log_command:Invoked command in '/home/robot/Software/ROS2/Scrap/scrap_ws/src/py_srvcli' returned '0': PYTHONPATH=/home/robot/Software/ROS2/Scrap/scrap_ws/install/py_srvcli/lib/python3.8/site-packages:${PYTHONPATH} /usr/bin/python3 setup.py egg_info --egg-base ../../build/py_srvcli build --build-base /home/robot/Software/ROS2/Scrap/scrap_ws/build/py_srvcli/build install --prefix /home/robot/Software/ROS2/Scrap/scrap_ws/install/py_srvcli --record /home/robot/Software/ROS2/Scrap/scrap_ws/build/py_srvcli/install.log --single-version-externally-managed
[7.767s] Level 1:colcon.colcon_core.environment:checking '/home/robot/Software/ROS2/Scrap/scrap_ws/install/py_srvcli/lib'
[7.769s] Level 1:colcon.colcon_core.environment:checking '/home/robot/Software/ROS2/Scrap/scrap_ws/install/py_srvcli/bin'
[7.770s] Level 1:colcon.colcon_core.environment:checking '/home/robot/Software/ROS2/Scrap/scrap_ws/install/py_srvcli/lib/pkgconfig/py_srvcli.pc'
[7.770s] Level 1:colcon.colcon_core.environment:checking '/home/robot/Software/ROS2/Scrap/scrap_ws/install/py_srvcli/lib/python3.8/site-packages'
[7.771s] Level 1:colcon.colcon_core.shell:create_environment_hook('py_srvcli', 'pythonpath')
[7.774s] INFO:colcon.colcon_core.shell:Creating environment hook '/home/robot/Software/ROS2/Scrap/scrap_ws/install/py_srvcli/share/py_srvcli/hook/pythonpath.ps1'
[7.789s] INFO:colcon.colcon_core.shell:Creating environment descriptor '/home/robot/Software/ROS2/Scrap/scrap_ws/install/py_srvcli/share/py_srvcli/hook/pythonpath.dsv'
[7.806s] INFO:colcon.colcon_core.shell:Creating environment hook '/home/robot/Software/ROS2/Scrap/scrap_ws/install/py_srvcli/share/py_srvcli/hook/pythonpath.sh'
[7.822s] Level 1:colcon.colcon_core.environment:create_environment_scripts_only(py_srvcli)
[7.825s] INFO:colcon.colcon_core.shell:Creating package script '/home/robot/Software/ROS2/Scrap/scrap_ws/install/py_srvcli/share/py_srvcli/package.ps1'
[7.838s] INFO:colcon.colcon_core.shell:Creating package descriptor '/home/robot/Software/ROS2/Scrap/scrap_ws/install/py_srvcli/share/py_srvcli/package.dsv'
[7.850s] INFO:colcon.colcon_core.shell:Creating package script '/home/robot/Software/ROS2/Scrap/scrap_ws/install/py_srvcli/share/py_srvcli/package.sh'
[7.868s] INFO:colcon.colcon_core.shell:Creating package script '/home/robot/Software/ROS2/Scrap/scrap_ws/install/py_srvcli/share/py_srvcli/package.bash'
[7.881s] INFO:colcon.colcon_core.shell:Creating package script '/home/robot/Software/ROS2/Scrap/scrap_ws/install/py_srvcli/share/py_srvcli/package.zsh'
[7.893s] Level 1:colcon.colcon_core.environment:create_file_with_runtime_dependencies(/home/robot/Software/ROS2/Scrap/scrap_ws/install/py_srvcli/share/colcon-core/packages/py_srvcli)
[7.910s] Level 1:colcon.colcon_core.environment:checking '/home/robot/Software/ROS2/Scrap/scrap_ws/install/test_joy' for CMake module files
[7.927s] Level 1:colcon.colcon_core.environment:checking '/home/robot/Software/ROS2/Scrap/scrap_ws/install/test_joy' for CMake config files
[7.953s] DEBUG:colcon.colcon_core.event_handler.log_command:Invoked command in '/home/robot/Software/ROS2/Scrap/scrap_ws/src/test_joy' returned '0': PYTHONPATH=/home/robot/Software/ROS2/Scrap/scrap_ws/install/test_joy/lib/python3.8/site-packages:${PYTHONPATH} /usr/bin/python3 setup.py egg_info --egg-base ../../build/test_joy build --build-base /home/robot/Software/ROS2/Scrap/scrap_ws/build/test_joy/build install --prefix /home/robot/Software/ROS2/Scrap/scrap_ws/install/test_joy --record /home/robot/Software/ROS2/Scrap/scrap_ws/build/test_joy/install.log --single-version-externally-managed
[7.976s] Level 1:colcon.colcon_core.environment:checking '/home/robot/Software/ROS2/Scrap/scrap_ws/install/test_joy/lib'
[7.978s] Level 1:colcon.colcon_core.environment:checking '/home/robot/Software/ROS2/Scrap/scrap_ws/install/test_joy/bin'
[7.978s] Level 1:colcon.colcon_core.environment:checking '/home/robot/Software/ROS2/Scrap/scrap_ws/install/test_joy/lib/pkgconfig/test_joy.pc'
[7.979s] Level 1:colcon.colcon_core.environment:checking '/home/robot/Software/ROS2/Scrap/scrap_ws/install/test_joy/lib/python3.8/site-packages'
[7.979s] Level 1:colcon.colcon_core.shell:create_environment_hook('test_joy', 'pythonpath')
[7.982s] INFO:colcon.colcon_core.shell:Creating environment hook '/home/robot/Software/ROS2/Scrap/scrap_ws/install/test_joy/share/test_joy/hook/pythonpath.ps1'
[8.002s] INFO:colcon.colcon_core.shell:Creating environment descriptor '/home/robot/Software/ROS2/Scrap/scrap_ws/install/test_joy/share/test_joy/hook/pythonpath.dsv'
[8.016s] INFO:colcon.colcon_core.shell:Creating environment hook '/home/robot/Software/ROS2/Scrap/scrap_ws/install/test_joy/share/test_joy/hook/pythonpath.sh'
[8.031s] Level 1:colcon.colcon_core.environment:create_environment_scripts_only(test_joy)
[8.035s] INFO:colcon.colcon_core.shell:Creating package script '/home/robot/Software/ROS2/Scrap/scrap_ws/install/test_joy/share/test_joy/package.ps1'
[8.049s] INFO:colcon.colcon_core.shell:Creating package descriptor '/home/robot/Software/ROS2/Scrap/scrap_ws/install/test_joy/share/test_joy/package.dsv'
[8.065s] INFO:colcon.colcon_core.shell:Creating package script '/home/robot/Software/ROS2/Scrap/scrap_ws/install/test_joy/share/test_joy/package.sh'
[8.079s] INFO:colcon.colcon_core.shell:Creating package script '/home/robot/Software/ROS2/Scrap/scrap_ws/install/test_joy/share/test_joy/package.bash'
[8.091s] INFO:colcon.colcon_core.shell:Creating package script '/home/robot/Software/ROS2/Scrap/scrap_ws/install/test_joy/share/test_joy/package.zsh'
[8.103s] Level 1:colcon.colcon_core.environment:create_file_with_runtime_dependencies(/home/robot/Software/ROS2/Scrap/scrap_ws/install/test_joy/share/colcon-core/packages/test_joy)
[8.110s] DEBUG:colcon.colcon_parallel_executor.executor.parallel:closing loop
[8.111s] DEBUG:colcon.colcon_parallel_executor.executor.parallel:loop closed
[8.112s] DEBUG:colcon.colcon_parallel_executor.executor.parallel:run_until_complete finished with '0'
[8.112s] DEBUG:colcon.colcon_core.event_reactor:joining thread
[8.202s] INFO:colcon.colcon_core.plugin_system:Skipping extension 'colcon_notification.desktop_notification.terminal_notifier': Not used on non-Darwin systems
[8.203s] INFO:colcon.colcon_core.plugin_system:Skipping extension 'colcon_notification.desktop_notification.win32': Not used on non-Windows systems
[8.203s] INFO:colcon.colcon_notification.desktop_notification:Sending desktop notification using 'notify2'
[33.216s] DEBUG:colcon.colcon_notification.desktop_notification.notify2:Failed to initialize notify2: org.freedesktop.DBus.Error.NoReply: Did not receive a reply. Possible causes include: the remote application did not send a reply, the message bus security policy blocked the reply, the reply timeout expired, or the network connection was broken.
[33.218s] DEBUG:colcon.colcon_core.event_reactor:joined thread
[33.222s] INFO:colcon.colcon_core.shell:Creating prefix script '/home/robot/Software/ROS2/Scrap/scrap_ws/install/local_setup.ps1'
[33.241s] INFO:colcon.colcon_core.shell:Creating prefix util module '/home/robot/Software/ROS2/Scrap/scrap_ws/install/_local_setup_util_ps1.py'
[33.267s] INFO:colcon.colcon_core.shell:Creating prefix chain script '/home/robot/Software/ROS2/Scrap/scrap_ws/install/setup.ps1'
[33.308s] INFO:colcon.colcon_core.shell:Creating prefix script '/home/robot/Software/ROS2/Scrap/scrap_ws/install/local_setup.sh'
[33.326s] INFO:colcon.colcon_core.shell:Creating prefix util module '/home/robot/Software/ROS2/Scrap/scrap_ws/install/_local_setup_util_sh.py'
[33.342s] INFO:colcon.colcon_core.shell:Creating prefix chain script '/home/robot/Software/ROS2/Scrap/scrap_ws/install/setup.sh'
[33.383s] INFO:colcon.colcon_core.shell:Creating prefix script '/home/robot/Software/ROS2/Scrap/scrap_ws/install/local_setup.bash'
[33.402s] INFO:colcon.colcon_core.shell:Creating prefix chain script '/home/robot/Software/ROS2/Scrap/scrap_ws/install/setup.bash'
[33.440s] INFO:colcon.colcon_core.shell:Creating prefix script '/home/robot/Software/ROS2/Scrap/scrap_ws/install/local_setup.zsh'
[33.455s] INFO:colcon.colcon_core.shell:Creating prefix chain script '/home/robot/Software/ROS2/Scrap/scrap_ws/install/setup.zsh'
