[35m[1mScanning dependencies of target ros2_imu_node[0m
[ 50%] [32mBuilding CXX object CMakeFiles/ros2_imu_node.dir/src/imu.cpp.o[0m
[01m[K/home/robot/Software/ROS2/Madox/madox_ws/src/ros2_IMU/src/imu.cpp:81:4:[m[K [01;31m[Kerror: [m[KISO C++ forbids declaration of ‘[01m[Kimu[m[K’ with no type [[01;31m[K-fpermissive[m[K]
   81 |   *[01;31m[Kimu[m[K->IMUInit();
      |    [01;31m[K^~~[m[K
[01m[K/home/robot/Software/ROS2/Madox/madox_ws/src/ros2_IMU/src/imu.cpp:81:4:[m[K [01;31m[Kerror: [m[Kexpected ‘[01m[K;[m[K’ at end of member declaration
   81 |   *[01;31m[Kimu[m[K->IMUInit();
      |    [01;31m[K^~~[m[K
      |       [32m[K;[m[K
[01m[K/home/robot/Software/ROS2/Madox/madox_ws/src/ros2_IMU/src/imu.cpp:81:4:[m[K [01;31m[Kerror: [m[Kredeclaration of ‘[01m[Kint* ImuNode::imu[m[K’
[01m[K/home/robot/Software/ROS2/Madox/madox_ws/src/ros2_IMU/src/imu.cpp:66:10:[m[K [01;36m[Knote: [m[Kprevious declaration ‘[01m[KRTIMU* ImuNode::imu[m[K’
   66 |   RTIMU *[01;36m[Kimu[m[K              = RTIMU::createIMU(settings);
      |          [01;36m[K^~~[m[K
[01m[K/home/robot/Software/ROS2/Madox/madox_ws/src/ros2_IMU/src/imu.cpp:81:7:[m[K [01;31m[Kerror: [m[Kexpected unqualified-id before ‘[01m[K->[m[K’ token
   81 |   *imu[01;31m[K->[m[KIMUInit();
      |       [01;31m[K^~[m[K
[01m[K/home/robot/Software/ROS2/Madox/madox_ws/src/ros2_IMU/src/imu.cpp:85:4:[m[K [01;31m[Kerror: [m[KISO C++ forbids declaration of ‘[01m[Kimu[m[K’ with no type [[01;31m[K-fpermissive[m[K]
   85 |   *[01;31m[Kimu[m[K->setSlerpPower(0.02);
      |    [01;31m[K^~~[m[K
[01m[K/home/robot/Software/ROS2/Madox/madox_ws/src/ros2_IMU/src/imu.cpp:85:4:[m[K [01;31m[Kerror: [m[Kexpected ‘[01m[K;[m[K’ at end of member declaration
   85 |   *[01;31m[Kimu[m[K->setSlerpPower(0.02);
      |    [01;31m[K^~~[m[K
      |       [32m[K;[m[K
[01m[K/home/robot/Software/ROS2/Madox/madox_ws/src/ros2_IMU/src/imu.cpp:85:4:[m[K [01;31m[Kerror: [m[Kredeclaration of ‘[01m[Kint* ImuNode::imu[m[K’
[01m[K/home/robot/Software/ROS2/Madox/madox_ws/src/ros2_IMU/src/imu.cpp:66:10:[m[K [01;36m[Knote: [m[Kprevious declaration ‘[01m[KRTIMU* ImuNode::imu[m[K’
   66 |   RTIMU *[01;36m[Kimu[m[K              = RTIMU::createIMU(settings);
      |          [01;36m[K^~~[m[K
[01m[K/home/robot/Software/ROS2/Madox/madox_ws/src/ros2_IMU/src/imu.cpp:85:7:[m[K [01;31m[Kerror: [m[Kexpected unqualified-id before ‘[01m[K->[m[K’ token
   85 |   *imu[01;31m[K->[m[KsetSlerpPower(0.02);
      |       [01;31m[K^~[m[K
[01m[K/home/robot/Software/ROS2/Madox/madox_ws/src/ros2_IMU/src/imu.cpp:86:4:[m[K [01;31m[Kerror: [m[KISO C++ forbids declaration of ‘[01m[Kimu[m[K’ with no type [[01;31m[K-fpermissive[m[K]
   86 |   *[01;31m[Kimu[m[K->setGyroEnable(true);
      |    [01;31m[K^~~[m[K
[01m[K/home/robot/Software/ROS2/Madox/madox_ws/src/ros2_IMU/src/imu.cpp:86:4:[m[K [01;31m[Kerror: [m[Kexpected ‘[01m[K;[m[K’ at end of member declaration
   86 |   *[01;31m[Kimu[m[K->setGyroEnable(true);
      |    [01;31m[K^~~[m[K
      |       [32m[K;[m[K
[01m[K/home/robot/Software/ROS2/Madox/madox_ws/src/ros2_IMU/src/imu.cpp:86:4:[m[K [01;31m[Kerror: [m[Kredeclaration of ‘[01m[Kint* ImuNode::imu[m[K’
[01m[K/home/robot/Software/ROS2/Madox/madox_ws/src/ros2_IMU/src/imu.cpp:66:10:[m[K [01;36m[Knote: [m[Kprevious declaration ‘[01m[KRTIMU* ImuNode::imu[m[K’
   66 |   RTIMU *[01;36m[Kimu[m[K              = RTIMU::createIMU(settings);
      |          [01;36m[K^~~[m[K
[01m[K/home/robot/Software/ROS2/Madox/madox_ws/src/ros2_IMU/src/imu.cpp:86:7:[m[K [01;31m[Kerror: [m[Kexpected unqualified-id before ‘[01m[K->[m[K’ token
   86 |   *imu[01;31m[K->[m[KsetGyroEnable(true);
      |       [01;31m[K^~[m[K
[01m[K/home/robot/Software/ROS2/Madox/madox_ws/src/ros2_IMU/src/imu.cpp:87:4:[m[K [01;31m[Kerror: [m[KISO C++ forbids declaration of ‘[01m[Kimu[m[K’ with no type [[01;31m[K-fpermissive[m[K]
   87 |   *[01;31m[Kimu[m[K->setCompassEnable(true);
      |    [01;31m[K^~~[m[K
[01m[K/home/robot/Software/ROS2/Madox/madox_ws/src/ros2_IMU/src/imu.cpp:87:4:[m[K [01;31m[Kerror: [m[Kexpected ‘[01m[K;[m[K’ at end of member declaration
   87 |   *[01;31m[Kimu[m[K->setCompassEnable(true);
      |    [01;31m[K^~~[m[K
      |       [32m[K;[m[K
[01m[K/home/robot/Software/ROS2/Madox/madox_ws/src/ros2_IMU/src/imu.cpp:87:4:[m[K [01;31m[Kerror: [m[Kredeclaration of ‘[01m[Kint* ImuNode::imu[m[K’
[01m[K/home/robot/Software/ROS2/Madox/madox_ws/src/ros2_IMU/src/imu.cpp:66:10:[m[K [01;36m[Knote: [m[Kprevious declaration ‘[01m[KRTIMU* ImuNode::imu[m[K’
   66 |   RTIMU *[01;36m[Kimu[m[K              = RTIMU::createIMU(settings);
      |          [01;36m[K^~~[m[K
[01m[K/home/robot/Software/ROS2/Madox/madox_ws/src/ros2_IMU/src/imu.cpp:87:7:[m[K [01;31m[Kerror: [m[Kexpected unqualified-id before ‘[01m[K->[m[K’ token
   87 |   *imu[01;31m[K->[m[KsetCompassEnable(true);
      |       [01;31m[K^~[m[K
[01m[K/home/robot/Software/ROS2/Madox/madox_ws/src/ros2_IMU/src/imu.cpp:88:4:[m[K [01;31m[Kerror: [m[KISO C++ forbids declaration of ‘[01m[Kimu[m[K’ with no type [[01;31m[K-fpermissive[m[K]
   88 |   *[01;31m[Kimu[m[K->setAccelEnable(true);
      |    [01;31m[K^~~[m[K
[01m[K/home/robot/Software/ROS2/Madox/madox_ws/src/ros2_IMU/src/imu.cpp:88:4:[m[K [01;31m[Kerror: [m[Kexpected ‘[01m[K;[m[K’ at end of member declaration
   88 |   *[01;31m[Kimu[m[K->setAccelEnable(true);
      |    [01;31m[K^~~[m[K
      |       [32m[K;[m[K
[01m[K/home/robot/Software/ROS2/Madox/madox_ws/src/ros2_IMU/src/imu.cpp:88:4:[m[K [01;31m[Kerror: [m[Kredeclaration of ‘[01m[Kint* ImuNode::imu[m[K’
[01m[K/home/robot/Software/ROS2/Madox/madox_ws/src/ros2_IMU/src/imu.cpp:66:10:[m[K [01;36m[Knote: [m[Kprevious declaration ‘[01m[KRTIMU* ImuNode::imu[m[K’
   66 |   RTIMU *[01;36m[Kimu[m[K              = RTIMU::createIMU(settings);
      |          [01;36m[K^~~[m[K
[01m[K/home/robot/Software/ROS2/Madox/madox_ws/src/ros2_IMU/src/imu.cpp:88:7:[m[K [01;31m[Kerror: [m[Kexpected unqualified-id before ‘[01m[K->[m[K’ token
   88 |   *imu[01;31m[K->[m[KsetAccelEnable(true);
      |       [01;31m[K^~[m[K
[01m[K/home/robot/Software/ROS2/Madox/madox_ws/src/ros2_IMU/src/imu.cpp:[m[K In member function ‘[01m[Kvoid ImuNode::PrintErrorCode(const int&)[m[K’:
[01m[K/home/robot/Software/ROS2/Madox/madox_ws/src/ros2_IMU/src/imu.cpp:243:34:[m[K [01;35m[Kwarning: [m[Kunused parameter ‘[01m[Kcode[m[K’ [[01;35m[K-Wunused-parameter[m[K]
  243 |   void PrintErrorCode([01;35m[Kconst int& code[m[K) {
      |                       [01;35m[K~~~~~~~~~~~^~~~[m[K
make[2]: *** [CMakeFiles/ros2_imu_node.dir/build.make:63: CMakeFiles/ros2_imu_node.dir/src/imu.cpp.o] Error 1
make[1]: *** [CMakeFiles/Makefile2:78: CMakeFiles/ros2_imu_node.dir/all] Error 2
make: *** [Makefile:141: all] Error 2
