[1.760s] Invoking command in '/home/paolo/NAS/Software/ROS2/Madox/madox_ws/src/ros2_rtimulib': PYTHONPATH=/home/paolo/NAS/Software/ROS2/Madox/madox_ws/install/ros2_rtimulib/lib/python3.8/site-packages:${PYTHONPATH} /usr/bin/python3 setup.py egg_info --egg-base ../../build/ros2_rtimulib build --build-base /home/paolo/NAS/Software/ROS2/Madox/madox_ws/build/ros2_rtimulib/build install --prefix /home/paolo/NAS/Software/ROS2/Madox/madox_ws/install/ros2_rtimulib --record /home/paolo/NAS/Software/ROS2/Madox/madox_ws/build/ros2_rtimulib/install.log --single-version-externally-managed
[2.147s] running egg_info
[2.150s] creating ../../build/ros2_rtimulib/ros2_rtimulib.egg-info
[2.154s] writing ../../build/ros2_rtimulib/ros2_rtimulib.egg-info/PKG-INFO
[2.182s] writing dependency_links to ../../build/ros2_rtimulib/ros2_rtimulib.egg-info/dependency_links.txt
[2.195s] writing entry points to ../../build/ros2_rtimulib/ros2_rtimulib.egg-info/entry_points.txt
[2.208s] writing requirements to ../../build/ros2_rtimulib/ros2_rtimulib.egg-info/requires.txt
[2.219s] writing top-level names to ../../build/ros2_rtimulib/ros2_rtimulib.egg-info/top_level.txt
[2.233s] writing manifest file '../../build/ros2_rtimulib/ros2_rtimulib.egg-info/SOURCES.txt'
[2.358s] reading manifest file '../../build/ros2_rtimulib/ros2_rtimulib.egg-info/SOURCES.txt'
[2.372s] writing manifest file '../../build/ros2_rtimulib/ros2_rtimulib.egg-info/SOURCES.txt'
[2.382s] running build
[2.384s] running build_py
[2.391s] creating /home/paolo/NAS/Software/ROS2/Madox/madox_ws/build/ros2_rtimulib/build
[2.395s] creating /home/paolo/NAS/Software/ROS2/Madox/madox_ws/build/ros2_rtimulib/build/lib
[2.397s] creating /home/paolo/NAS/Software/ROS2/Madox/madox_ws/build/ros2_rtimulib/build/lib/ros2_rtimulib
[2.408s] copying ros2_rtimulib/imu_Lib.py -> /home/paolo/NAS/Software/ROS2/Madox/madox_ws/build/ros2_rtimulib/build/lib/ros2_rtimulib
[2.435s] copying ros2_rtimulib/imu_utils.py -> /home/paolo/NAS/Software/ROS2/Madox/madox_ws/build/ros2_rtimulib/build/lib/ros2_rtimulib
[2.465s] copying ros2_rtimulib/__init__.py -> /home/paolo/NAS/Software/ROS2/Madox/madox_ws/build/ros2_rtimulib/build/lib/ros2_rtimulib
[2.521s] copying ros2_rtimulib/imu_node.py -> /home/paolo/NAS/Software/ROS2/Madox/madox_ws/build/ros2_rtimulib/build/lib/ros2_rtimulib
[2.522s] running install
[2.523s] running install_lib
[2.536s] creating /home/paolo/NAS/Software/ROS2/Madox/madox_ws/install/ros2_rtimulib/lib/python3.8/site-packages/ros2_rtimulib
[2.543s] copying /home/paolo/NAS/Software/ROS2/Madox/madox_ws/build/ros2_rtimulib/build/lib/ros2_rtimulib/imu_utils.py -> /home/paolo/NAS/Software/ROS2/Madox/madox_ws/install/ros2_rtimulib/lib/python3.8/site-packages/ros2_rtimulib
[2.569s] copying /home/paolo/NAS/Software/ROS2/Madox/madox_ws/build/ros2_rtimulib/build/lib/ros2_rtimulib/imu_Lib.py -> /home/paolo/NAS/Software/ROS2/Madox/madox_ws/install/ros2_rtimulib/lib/python3.8/site-packages/ros2_rtimulib
[2.595s] copying /home/paolo/NAS/Software/ROS2/Madox/madox_ws/build/ros2_rtimulib/build/lib/ros2_rtimulib/imu_node.py -> /home/paolo/NAS/Software/ROS2/Madox/madox_ws/install/ros2_rtimulib/lib/python3.8/site-packages/ros2_rtimulib
[2.623s] copying /home/paolo/NAS/Software/ROS2/Madox/madox_ws/build/ros2_rtimulib/build/lib/ros2_rtimulib/__init__.py -> /home/paolo/NAS/Software/ROS2/Madox/madox_ws/install/ros2_rtimulib/lib/python3.8/site-packages/ros2_rtimulib
[2.661s] byte-compiling /home/paolo/NAS/Software/ROS2/Madox/madox_ws/install/ros2_rtimulib/lib/python3.8/site-packages/ros2_rtimulib/imu_utils.py to imu_utils.cpython-38.pyc
[2.701s] byte-compiling /home/paolo/NAS/Software/ROS2/Madox/madox_ws/install/ros2_rtimulib/lib/python3.8/site-packages/ros2_rtimulib/imu_Lib.py to imu_Lib.cpython-38.pyc
[2.738s] byte-compiling /home/paolo/NAS/Software/ROS2/Madox/madox_ws/install/ros2_rtimulib/lib/python3.8/site-packages/ros2_rtimulib/imu_node.py to imu_node.cpython-38.pyc
[2.775s] byte-compiling /home/paolo/NAS/Software/ROS2/Madox/madox_ws/install/ros2_rtimulib/lib/python3.8/site-packages/ros2_rtimulib/__init__.py to __init__.cpython-38.pyc
[2.806s] running install_data
[2.812s] creating /home/paolo/NAS/Software/ROS2/Madox/madox_ws/install/ros2_rtimulib/share/ament_index
[2.814s] creating /home/paolo/NAS/Software/ROS2/Madox/madox_ws/install/ros2_rtimulib/share/ament_index/resource_index
[2.822s] creating /home/paolo/NAS/Software/ROS2/Madox/madox_ws/install/ros2_rtimulib/share/ament_index/resource_index/packages
[2.830s] copying resource/ros2_rtimulib -> /home/paolo/NAS/Software/ROS2/Madox/madox_ws/install/ros2_rtimulib/share/ament_index/resource_index/packages
[2.849s] copying package.xml -> /home/paolo/NAS/Software/ROS2/Madox/madox_ws/install/ros2_rtimulib/share/ros2_rtimulib
[3.361s] creating /home/paolo/NAS/Software/ROS2/Madox/madox_ws/install/ros2_rtimulib/share/ros2_rtimulib/launch
[3.368s] copying launch/rtimulib.launch.py -> /home/paolo/NAS/Software/ROS2/Madox/madox_ws/install/ros2_rtimulib/share/ros2_rtimulib/launch
[3.411s] creating /home/paolo/NAS/Software/ROS2/Madox/madox_ws/install/ros2_rtimulib/share/ros2_rtimulib/config
[3.420s] copying config/imu.yaml -> /home/paolo/NAS/Software/ROS2/Madox/madox_ws/install/ros2_rtimulib/share/ros2_rtimulib/config
[3.449s] copying config/RTIMULib.ini -> /home/paolo/NAS/Software/ROS2/Madox/madox_ws/install/ros2_rtimulib/share/ros2_rtimulib
[3.470s] running install_egg_info
[3.478s] Copying ../../build/ros2_rtimulib/ros2_rtimulib.egg-info to /home/paolo/NAS/Software/ROS2/Madox/madox_ws/install/ros2_rtimulib/lib/python3.8/site-packages/ros2_rtimulib-1.1.3-py3.8.egg-info
[3.698s] running install_scripts
[3.755s] Installing imu_node script to /home/paolo/NAS/Software/ROS2/Madox/madox_ws/install/ros2_rtimulib/lib/ros2_rtimulib
[3.815s] writing list of installed files to '/home/paolo/NAS/Software/ROS2/Madox/madox_ws/build/ros2_rtimulib/install.log'
[4.083s] Invoked command in '/home/paolo/NAS/Software/ROS2/Madox/madox_ws/src/ros2_rtimulib' returned '0': PYTHONPATH=/home/paolo/NAS/Software/ROS2/Madox/madox_ws/install/ros2_rtimulib/lib/python3.8/site-packages:${PYTHONPATH} /usr/bin/python3 setup.py egg_info --egg-base ../../build/ros2_rtimulib build --build-base /home/paolo/NAS/Software/ROS2/Madox/madox_ws/build/ros2_rtimulib/build install --prefix /home/paolo/NAS/Software/ROS2/Madox/madox_ws/install/ros2_rtimulib --record /home/paolo/NAS/Software/ROS2/Madox/madox_ws/build/ros2_rtimulib/install.log --single-version-externally-managed
