[4.448s] Invoking command in '/home/robot/Software/ROS2/Madox/madox_ws/src/py_drive': PYTHONPATH=/home/robot/Software/ROS2/Madox/madox_ws/install/py_drive/lib/python3.8/site-packages:${PYTHONPATH} /usr/bin/python3 setup.py egg_info --egg-base ../../build/py_drive build --build-base /home/robot/Software/ROS2/Madox/madox_ws/build/py_drive/build install --prefix /home/robot/Software/ROS2/Madox/madox_ws/install/py_drive --record /home/robot/Software/ROS2/Madox/madox_ws/build/py_drive/install.log --single-version-externally-managed
[5.348s] /home/robot/.local/lib/python3.8/site-packages/setuptools/dist.py:642: UserWarning: Usage of dash-separated 'script-dir' will not be supported in future versions. Please use the underscore name 'script_dir' instead
[5.349s]   warnings.warn(
[5.349s] /home/robot/.local/lib/python3.8/site-packages/setuptools/dist.py:642: UserWarning: Usage of dash-separated 'install-scripts' will not be supported in future versions. Please use the underscore name 'install_scripts' instead
[5.350s]   warnings.warn(
[5.518s] running egg_info
[5.522s] creating ../../build/py_drive/py_drive.egg-info
[5.526s] writing ../../build/py_drive/py_drive.egg-info/PKG-INFO
[5.556s] writing dependency_links to ../../build/py_drive/py_drive.egg-info/dependency_links.txt
[5.573s] writing entry points to ../../build/py_drive/py_drive.egg-info/entry_points.txt
[5.585s] writing requirements to ../../build/py_drive/py_drive.egg-info/requires.txt
[5.594s] writing top-level names to ../../build/py_drive/py_drive.egg-info/top_level.txt
[5.611s] writing manifest file '../../build/py_drive/py_drive.egg-info/SOURCES.txt'
[5.803s] reading manifest file '../../build/py_drive/py_drive.egg-info/SOURCES.txt'
[5.814s] writing manifest file '../../build/py_drive/py_drive.egg-info/SOURCES.txt'
[5.826s] running build
[5.827s] running build_py
[5.830s] creating /home/robot/Software/ROS2/Madox/madox_ws/build/py_drive/build
[5.832s] creating /home/robot/Software/ROS2/Madox/madox_ws/build/py_drive/build/lib
[5.836s] creating /home/robot/Software/ROS2/Madox/madox_ws/build/py_drive/build/lib/py_drive
[5.848s] copying py_drive/drive.py -> /home/robot/Software/ROS2/Madox/madox_ws/build/py_drive/build/lib/py_drive
[5.865s] copying py_drive/motor_class.py -> /home/robot/Software/ROS2/Madox/madox_ws/build/py_drive/build/lib/py_drive
[5.889s] copying py_drive/publisher_member_function.py -> /home/robot/Software/ROS2/Madox/madox_ws/build/py_drive/build/lib/py_drive
[5.907s] copying py_drive/motors.py -> /home/robot/Software/ROS2/Madox/madox_ws/build/py_drive/build/lib/py_drive
[5.928s] copying py_drive/__init__.py -> /home/robot/Software/ROS2/Madox/madox_ws/build/py_drive/build/lib/py_drive
[5.940s] running install
[5.945s] running install_lib
[5.963s] creating /home/robot/Software/ROS2/Madox/madox_ws/install/py_drive/lib/python3.8/site-packages/py_drive
[5.968s] copying /home/robot/Software/ROS2/Madox/madox_ws/build/py_drive/build/lib/py_drive/motors.py -> /home/robot/Software/ROS2/Madox/madox_ws/install/py_drive/lib/python3.8/site-packages/py_drive
[5.988s] copying /home/robot/Software/ROS2/Madox/madox_ws/build/py_drive/build/lib/py_drive/publisher_member_function.py -> /home/robot/Software/ROS2/Madox/madox_ws/install/py_drive/lib/python3.8/site-packages/py_drive
[6.006s] copying /home/robot/Software/ROS2/Madox/madox_ws/build/py_drive/build/lib/py_drive/drive.py -> /home/robot/Software/ROS2/Madox/madox_ws/install/py_drive/lib/python3.8/site-packages/py_drive
[6.025s] copying /home/robot/Software/ROS2/Madox/madox_ws/build/py_drive/build/lib/py_drive/__init__.py -> /home/robot/Software/ROS2/Madox/madox_ws/install/py_drive/lib/python3.8/site-packages/py_drive
[6.036s] copying /home/robot/Software/ROS2/Madox/madox_ws/build/py_drive/build/lib/py_drive/motor_class.py -> /home/robot/Software/ROS2/Madox/madox_ws/install/py_drive/lib/python3.8/site-packages/py_drive
[6.064s] byte-compiling /home/robot/Software/ROS2/Madox/madox_ws/install/py_drive/lib/python3.8/site-packages/py_drive/motors.py to motors.cpython-38.pyc
[6.091s] byte-compiling /home/robot/Software/ROS2/Madox/madox_ws/install/py_drive/lib/python3.8/site-packages/py_drive/publisher_member_function.py to publisher_member_function.cpython-38.pyc
[6.112s] byte-compiling /home/robot/Software/ROS2/Madox/madox_ws/install/py_drive/lib/python3.8/site-packages/py_drive/drive.py to drive.cpython-38.pyc
[6.124s]   File "/home/robot/Software/ROS2/Madox/madox_ws/install/py_drive/lib/python3.8/site-packages/py_drive/drive.py", line 80
[6.125s]     continue
[6.125s]     ^
[6.126s] SyntaxError: 'continue' not properly in loop
[6.126s] 
[6.126s] byte-compiling /home/robot/Software/ROS2/Madox/madox_ws/install/py_drive/lib/python3.8/site-packages/py_drive/__init__.py to __init__.cpython-38.pyc
[6.146s] byte-compiling /home/robot/Software/ROS2/Madox/madox_ws/install/py_drive/lib/python3.8/site-packages/py_drive/motor_class.py to motor_class.cpython-38.pyc
[6.165s] running install_data
[6.170s] creating /home/robot/Software/ROS2/Madox/madox_ws/install/py_drive/share/ament_index
[6.171s] creating /home/robot/Software/ROS2/Madox/madox_ws/install/py_drive/share/ament_index/resource_index
[6.175s] creating /home/robot/Software/ROS2/Madox/madox_ws/install/py_drive/share/ament_index/resource_index/packages
[6.183s] copying resource/py_drive -> /home/robot/Software/ROS2/Madox/madox_ws/install/py_drive/share/ament_index/resource_index/packages
[6.197s] copying package.xml -> /home/robot/Software/ROS2/Madox/madox_ws/install/py_drive/share/py_drive
[6.210s] running install_egg_info
[6.224s] Copying ../../build/py_drive/py_drive.egg-info to /home/robot/Software/ROS2/Madox/madox_ws/install/py_drive/lib/python3.8/site-packages/py_drive-0.0.0-py3.8.egg-info
[6.371s] running install_scripts
[6.460s] Installing listener script to /home/robot/Software/ROS2/Madox/madox_ws/install/py_drive/lib/py_drive
[6.478s] Installing talker script to /home/robot/Software/ROS2/Madox/madox_ws/install/py_drive/lib/py_drive
[6.497s] writing list of installed files to '/home/robot/Software/ROS2/Madox/madox_ws/build/py_drive/install.log'
[7.563s] Invoked command in '/home/robot/Software/ROS2/Madox/madox_ws/src/py_drive' returned '0': PYTHONPATH=/home/robot/Software/ROS2/Madox/madox_ws/install/py_drive/lib/python3.8/site-packages:${PYTHONPATH} /usr/bin/python3 setup.py egg_info --egg-base ../../build/py_drive build --build-base /home/robot/Software/ROS2/Madox/madox_ws/build/py_drive/build install --prefix /home/robot/Software/ROS2/Madox/madox_ws/install/py_drive --record /home/robot/Software/ROS2/Madox/madox_ws/build/py_drive/install.log --single-version-externally-managed
