[1.573s] Invoking command in '/home/robot/Software/ROS2/Madox/madox_ws/src/camera': PYTHONPATH=/home/robot/Software/ROS2/Madox/madox_ws/install/camera/lib/python3.8/site-packages:${PYTHONPATH} /usr/bin/python3 setup.py egg_info --egg-base ../../build/camera build --build-base /home/robot/Software/ROS2/Madox/madox_ws/build/camera/build install --prefix /home/robot/Software/ROS2/Madox/madox_ws/install/camera --record /home/robot/Software/ROS2/Madox/madox_ws/build/camera/install.log --single-version-externally-managed
[2.571s] /home/robot/.local/lib/python3.8/site-packages/setuptools/dist.py:642: UserWarning: Usage of dash-separated 'script-dir' will not be supported in future versions. Please use the underscore name 'script_dir' instead
[2.571s]   warnings.warn(
[2.571s] /home/robot/.local/lib/python3.8/site-packages/setuptools/dist.py:642: UserWarning: Usage of dash-separated 'install-scripts' will not be supported in future versions. Please use the underscore name 'install_scripts' instead
[2.572s]   warnings.warn(
[2.702s] running egg_info
[2.706s] writing ../../build/camera/camera.egg-info/PKG-INFO
[2.722s] writing dependency_links to ../../build/camera/camera.egg-info/dependency_links.txt
[2.731s] writing entry points to ../../build/camera/camera.egg-info/entry_points.txt
[2.741s] writing requirements to ../../build/camera/camera.egg-info/requires.txt
[2.750s] writing top-level names to ../../build/camera/camera.egg-info/top_level.txt
[2.963s] reading manifest file '../../build/camera/camera.egg-info/SOURCES.txt'
[2.974s] writing manifest file '../../build/camera/camera.egg-info/SOURCES.txt'
[2.983s] running build
[2.983s] running build_py
[2.995s] copying camera/server.py -> /home/robot/Software/ROS2/Madox/madox_ws/build/camera/build/lib/camera
[3.033s] running install
[3.037s] running install_lib
[3.052s] copying /home/robot/Software/ROS2/Madox/madox_ws/build/camera/build/lib/camera/server.py -> /home/robot/Software/ROS2/Madox/madox_ws/install/camera/lib/python3.8/site-packages/camera
[3.081s] byte-compiling /home/robot/Software/ROS2/Madox/madox_ws/install/camera/lib/python3.8/site-packages/camera/server.py to server.cpython-38.pyc
[3.109s] running install_data
[3.113s] running install_egg_info
[3.120s] removing '/home/robot/Software/ROS2/Madox/madox_ws/install/camera/lib/python3.8/site-packages/camera-1.0.0-py3.8.egg-info' (and everything under it)
[3.153s] Copying ../../build/camera/camera.egg-info to /home/robot/Software/ROS2/Madox/madox_ws/install/camera/lib/python3.8/site-packages/camera-1.0.0-py3.8.egg-info
[3.287s] running install_scripts
[3.365s] Installing ros2_camera script to /home/robot/Software/ROS2/Madox/madox_ws/install/camera/lib/camera
[3.383s] writing list of installed files to '/home/robot/Software/ROS2/Madox/madox_ws/build/camera/install.log'
[3.488s] Invoked command in '/home/robot/Software/ROS2/Madox/madox_ws/src/camera' returned '0': PYTHONPATH=/home/robot/Software/ROS2/Madox/madox_ws/install/camera/lib/python3.8/site-packages:${PYTHONPATH} /usr/bin/python3 setup.py egg_info --egg-base ../../build/camera build --build-base /home/robot/Software/ROS2/Madox/madox_ws/build/camera/build install --prefix /home/robot/Software/ROS2/Madox/madox_ws/install/camera --record /home/robot/Software/ROS2/Madox/madox_ws/build/camera/install.log --single-version-externally-managed
