[2.216s] Invoking command in '/home/paolo/NAS/Software/ROS2/service_client_ws/src/drive': PYTHONPATH=/home/paolo/NAS/Software/ROS2/service_client_ws/install/drive/lib/python3.8/site-packages:${PYTHONPATH} /usr/bin/python3 setup.py egg_info --egg-base ../../build/drive build --build-base /home/paolo/NAS/Software/ROS2/service_client_ws/build/drive/build install --prefix /home/paolo/NAS/Software/ROS2/service_client_ws/install/drive --record /home/paolo/NAS/Software/ROS2/service_client_ws/build/drive/install.log --single-version-externally-managed
[2.618s] running egg_info
[2.621s] writing ../../build/drive/drive.egg-info/PKG-INFO
[2.640s] writing dependency_links to ../../build/drive/drive.egg-info/dependency_links.txt
[2.661s] writing entry points to ../../build/drive/drive.egg-info/entry_points.txt
[2.678s] writing requirements to ../../build/drive/drive.egg-info/requires.txt
[2.693s] writing top-level names to ../../build/drive/drive.egg-info/top_level.txt
[2.783s] reading manifest file '../../build/drive/drive.egg-info/SOURCES.txt'
[2.808s] writing manifest file '../../build/drive/drive.egg-info/SOURCES.txt'
[2.826s] running build
[2.826s] running build_py
[2.845s] running install
[2.853s] running install_lib
[2.883s] running install_data
[2.896s] running install_egg_info
[2.903s] removing '/home/paolo/NAS/Software/ROS2/service_client_ws/install/drive/lib/python3.8/site-packages/drive-0.0.0-py3.8.egg-info' (and everything under it)
[2.948s] Copying ../../build/drive/drive.egg-info to /home/paolo/NAS/Software/ROS2/service_client_ws/install/drive/lib/python3.8/site-packages/drive-0.0.0-py3.8.egg-info
[3.195s] running install_scripts
[3.295s] Installing client script to /home/paolo/NAS/Software/ROS2/service_client_ws/install/drive/lib/drive
[3.312s] Installing service script to /home/paolo/NAS/Software/ROS2/service_client_ws/install/drive/lib/drive
[3.333s] writing list of installed files to '/home/paolo/NAS/Software/ROS2/service_client_ws/build/drive/install.log'
[3.435s] Invoked command in '/home/paolo/NAS/Software/ROS2/service_client_ws/src/drive' returned '0': PYTHONPATH=/home/paolo/NAS/Software/ROS2/service_client_ws/install/drive/lib/python3.8/site-packages:${PYTHONPATH} /usr/bin/python3 setup.py egg_info --egg-base ../../build/drive build --build-base /home/paolo/NAS/Software/ROS2/service_client_ws/build/drive/build install --prefix /home/paolo/NAS/Software/ROS2/service_client_ws/install/drive --record /home/paolo/NAS/Software/ROS2/service_client_ws/build/drive/install.log --single-version-externally-managed
