[1.881s] Invoking command in '/home/robot/Software/ROS2/Madox/madox_ws/build/camera': PYTHONPATH=/home/robot/Software/ROS2/Madox/madox_ws/install/camera/lib/python3.8/site-packages:${PYTHONPATH} /usr/bin/python3 setup.py develop --prefix /home/robot/Software/ROS2/Madox/madox_ws/install/camera --editable --build-directory /home/robot/Software/ROS2/Madox/madox_ws/build/camera/build --no-deps install_data --install-dir /home/robot/Software/ROS2/Madox/madox_ws/install/camera
[2.873s] /home/robot/.local/lib/python3.8/site-packages/setuptools/dist.py:642: UserWarning: Usage of dash-separated 'script-dir' will not be supported in future versions. Please use the underscore name 'script_dir' instead
[2.873s]   warnings.warn(
[2.874s] /home/robot/.local/lib/python3.8/site-packages/setuptools/dist.py:642: UserWarning: Usage of dash-separated 'install-scripts' will not be supported in future versions. Please use the underscore name 'install_scripts' instead
[2.874s]   warnings.warn(
[3.072s] running develop
[3.759s] running egg_info
[3.761s] writing camera.egg-info/PKG-INFO
[3.775s] writing dependency_links to camera.egg-info/dependency_links.txt
[3.785s] writing entry points to camera.egg-info/entry_points.txt
[3.794s] writing requirements to camera.egg-info/requires.txt
[3.805s] writing top-level names to camera.egg-info/top_level.txt
[4.035s] reading manifest file 'camera.egg-info/SOURCES.txt'
[4.052s] writing manifest file 'camera.egg-info/SOURCES.txt'
[4.228s] running build_ext
[4.228s] Creating /home/robot/Software/ROS2/Madox/madox_ws/install/camera/lib/python3.8/site-packages/camera.egg-link (link to .)
[4.253s] Installing ros2_camera script to /home/robot/Software/ROS2/Madox/madox_ws/install/camera/lib/camera
[4.273s] 
[4.274s] Installed /home/robot/Software/ROS2/Madox/madox_ws/build/camera
[4.275s] running install_data
[4.393s] Invoked command in '/home/robot/Software/ROS2/Madox/madox_ws/build/camera' returned '0': PYTHONPATH=/home/robot/Software/ROS2/Madox/madox_ws/install/camera/lib/python3.8/site-packages:${PYTHONPATH} /usr/bin/python3 setup.py develop --prefix /home/robot/Software/ROS2/Madox/madox_ws/install/camera --editable --build-directory /home/robot/Software/ROS2/Madox/madox_ws/build/camera/build --no-deps install_data --install-dir /home/robot/Software/ROS2/Madox/madox_ws/install/camera
