running egg_info
creating ../../build/drive/drive.egg-info
writing ../../build/drive/drive.egg-info/PKG-INFO
writing dependency_links to ../../build/drive/drive.egg-info/dependency_links.txt
writing entry points to ../../build/drive/drive.egg-info/entry_points.txt
writing requirements to ../../build/drive/drive.egg-info/requires.txt
writing top-level names to ../../build/drive/drive.egg-info/top_level.txt
writing manifest file '../../build/drive/drive.egg-info/SOURCES.txt'
reading manifest file '../../build/drive/drive.egg-info/SOURCES.txt'
writing manifest file '../../build/drive/drive.egg-info/SOURCES.txt'
running build
running build_py
creating /home/paolo/NAS/Software/ROS2/service_client_ws/build/drive/build
creating /home/paolo/NAS/Software/ROS2/service_client_ws/build/drive/build/lib
creating /home/paolo/NAS/Software/ROS2/service_client_ws/build/drive/build/lib/drive
copying drive/service_drive.py -> /home/paolo/NAS/Software/ROS2/service_client_ws/build/drive/build/lib/drive
copying drive/__init__.py -> /home/paolo/NAS/Software/ROS2/service_client_ws/build/drive/build/lib/drive
copying drive/client_drive.py -> /home/paolo/NAS/Software/ROS2/service_client_ws/build/drive/build/lib/drive
running install
running install_lib
creating /home/paolo/NAS/Software/ROS2/service_client_ws/install/drive/lib/python3.8/site-packages/drive
copying /home/paolo/NAS/Software/ROS2/service_client_ws/build/drive/build/lib/drive/__init__.py -> /home/paolo/NAS/Software/ROS2/service_client_ws/install/drive/lib/python3.8/site-packages/drive
copying /home/paolo/NAS/Software/ROS2/service_client_ws/build/drive/build/lib/drive/client_drive.py -> /home/paolo/NAS/Software/ROS2/service_client_ws/install/drive/lib/python3.8/site-packages/drive
copying /home/paolo/NAS/Software/ROS2/service_client_ws/build/drive/build/lib/drive/service_drive.py -> /home/paolo/NAS/Software/ROS2/service_client_ws/install/drive/lib/python3.8/site-packages/drive
byte-compiling /home/paolo/NAS/Software/ROS2/service_client_ws/install/drive/lib/python3.8/site-packages/drive/__init__.py to __init__.cpython-38.pyc
byte-compiling /home/paolo/NAS/Software/ROS2/service_client_ws/install/drive/lib/python3.8/site-packages/drive/client_drive.py to client_drive.cpython-38.pyc
byte-compiling /home/paolo/NAS/Software/ROS2/service_client_ws/install/drive/lib/python3.8/site-packages/drive/service_drive.py to service_drive.cpython-38.pyc
running install_data
creating /home/paolo/NAS/Software/ROS2/service_client_ws/install/drive/share/ament_index
creating /home/paolo/NAS/Software/ROS2/service_client_ws/install/drive/share/ament_index/resource_index
creating /home/paolo/NAS/Software/ROS2/service_client_ws/install/drive/share/ament_index/resource_index/packages
error: can't copy 'resource/drive': doesn't exist or not a regular file
