[0.910s] Invoking command in '/home/paolo/NAS/Software/ROS2/Scrap/scrap_ws/src/py_srvcli': PYTHONPATH=/home/paolo/NAS/Software/ROS2/Scrap/scrap_ws/install/py_srvcli/lib/python3.8/site-packages:${PYTHONPATH} /usr/bin/python3 setup.py egg_info --egg-base ../../build/py_srvcli build --build-base /home/paolo/NAS/Software/ROS2/Scrap/scrap_ws/build/py_srvcli/build install --prefix /home/paolo/NAS/Software/ROS2/Scrap/scrap_ws/install/py_srvcli --record /home/paolo/NAS/Software/ROS2/Scrap/scrap_ws/build/py_srvcli/install.log --single-version-externally-managed
[1.198s] running egg_info
[1.200s] writing ../../build/py_srvcli/py_srvcli.egg-info/PKG-INFO
[1.614s] writing dependency_links to ../../build/py_srvcli/py_srvcli.egg-info/dependency_links.txt
[1.662s] writing entry points to ../../build/py_srvcli/py_srvcli.egg-info/entry_points.txt
[1.682s] writing requirements to ../../build/py_srvcli/py_srvcli.egg-info/requires.txt
[1.699s] writing top-level names to ../../build/py_srvcli/py_srvcli.egg-info/top_level.txt
[1.827s] reading manifest file '../../build/py_srvcli/py_srvcli.egg-info/SOURCES.txt'
[1.850s] writing manifest file '../../build/py_srvcli/py_srvcli.egg-info/SOURCES.txt'
[1.862s] running build
[1.862s] running build_py
[1.866s] running install
[1.867s] running install_lib
[1.875s] running install_data
[1.876s] running install_egg_info
[1.878s] removing '/home/paolo/NAS/Software/ROS2/Scrap/scrap_ws/install/py_srvcli/lib/python3.8/site-packages/py_srvcli-0.0.0-py3.8.egg-info' (and everything under it)
[1.925s] Copying ../../build/py_srvcli/py_srvcli.egg-info to /home/paolo/NAS/Software/ROS2/Scrap/scrap_ws/install/py_srvcli/lib/python3.8/site-packages/py_srvcli-0.0.0-py3.8.egg-info
[2.156s] running install_scripts
[2.315s] Installing client script to /home/paolo/NAS/Software/ROS2/Scrap/scrap_ws/install/py_srvcli/lib/py_srvcli
[2.315s] Installing service script to /home/paolo/NAS/Software/ROS2/Scrap/scrap_ws/install/py_srvcli/lib/py_srvcli
[2.315s] writing list of installed files to '/home/paolo/NAS/Software/ROS2/Scrap/scrap_ws/build/py_srvcli/install.log'
