[1.824s] Invoking command in '/home/paolo/NAS/Software/ROS2/Madox/madox_ws/src/jetbot_drive': PYTHONPATH=/home/paolo/NAS/Software/ROS2/Madox/madox_ws/install/jetbot_drive/lib/python3.8/site-packages:${PYTHONPATH} /usr/bin/python3 setup.py egg_info --egg-base ../../build/jetbot_drive build --build-base /home/paolo/NAS/Software/ROS2/Madox/madox_ws/build/jetbot_drive/build install --prefix /home/paolo/NAS/Software/ROS2/Madox/madox_ws/install/jetbot_drive --record /home/paolo/NAS/Software/ROS2/Madox/madox_ws/build/jetbot_drive/install.log --single-version-externally-managed
[2.273s] running egg_info
[2.276s] creating ../../build/jetbot_drive/jetbot_drive.egg-info
[2.280s] writing ../../build/jetbot_drive/jetbot_drive.egg-info/PKG-INFO
[2.304s] writing dependency_links to ../../build/jetbot_drive/jetbot_drive.egg-info/dependency_links.txt
[2.317s] writing entry points to ../../build/jetbot_drive/jetbot_drive.egg-info/entry_points.txt
[2.329s] writing requirements to ../../build/jetbot_drive/jetbot_drive.egg-info/requires.txt
[2.341s] writing top-level names to ../../build/jetbot_drive/jetbot_drive.egg-info/top_level.txt
[2.363s] writing manifest file '../../build/jetbot_drive/jetbot_drive.egg-info/SOURCES.txt'
[2.544s] reading manifest file '../../build/jetbot_drive/jetbot_drive.egg-info/SOURCES.txt'
[2.560s] writing manifest file '../../build/jetbot_drive/jetbot_drive.egg-info/SOURCES.txt'
[2.570s] running build
[2.570s] running build_py
[2.575s] creating /home/paolo/NAS/Software/ROS2/Madox/madox_ws/build/jetbot_drive/build
[2.579s] creating /home/paolo/NAS/Software/ROS2/Madox/madox_ws/build/jetbot_drive/build/lib
[2.584s] creating /home/paolo/NAS/Software/ROS2/Madox/madox_ws/build/jetbot_drive/build/lib/jetbot_drive
[2.593s] copying jetbot_drive/motor_class.py -> /home/paolo/NAS/Software/ROS2/Madox/madox_ws/build/jetbot_drive/build/lib/jetbot_drive
[2.624s] copying jetbot_drive/debounce.py -> /home/paolo/NAS/Software/ROS2/Madox/madox_ws/build/jetbot_drive/build/lib/jetbot_drive
[2.655s] copying jetbot_drive/publisher_member_function.py -> /home/paolo/NAS/Software/ROS2/Madox/madox_ws/build/jetbot_drive/build/lib/jetbot_drive
[2.690s] copying jetbot_drive/motors.py -> /home/paolo/NAS/Software/ROS2/Madox/madox_ws/build/jetbot_drive/build/lib/jetbot_drive
[2.724s] copying jetbot_drive/__init__.py -> /home/paolo/NAS/Software/ROS2/Madox/madox_ws/build/jetbot_drive/build/lib/jetbot_drive
[2.745s] copying jetbot_drive/jetbot_drive.py -> /home/paolo/NAS/Software/ROS2/Madox/madox_ws/build/jetbot_drive/build/lib/jetbot_drive
[2.773s] running install
[2.777s] running install_lib
[2.795s] creating /home/paolo/NAS/Software/ROS2/Madox/madox_ws/install/jetbot_drive/lib/python3.8/site-packages/jetbot_drive
[2.801s] copying /home/paolo/NAS/Software/ROS2/Madox/madox_ws/build/jetbot_drive/build/lib/jetbot_drive/motor_class.py -> /home/paolo/NAS/Software/ROS2/Madox/madox_ws/install/jetbot_drive/lib/python3.8/site-packages/jetbot_drive
[2.831s] copying /home/paolo/NAS/Software/ROS2/Madox/madox_ws/build/jetbot_drive/build/lib/jetbot_drive/__init__.py -> /home/paolo/NAS/Software/ROS2/Madox/madox_ws/install/jetbot_drive/lib/python3.8/site-packages/jetbot_drive
[2.849s] copying /home/paolo/NAS/Software/ROS2/Madox/madox_ws/build/jetbot_drive/build/lib/jetbot_drive/jetbot_drive.py -> /home/paolo/NAS/Software/ROS2/Madox/madox_ws/install/jetbot_drive/lib/python3.8/site-packages/jetbot_drive
[2.879s] copying /home/paolo/NAS/Software/ROS2/Madox/madox_ws/build/jetbot_drive/build/lib/jetbot_drive/motors.py -> /home/paolo/NAS/Software/ROS2/Madox/madox_ws/install/jetbot_drive/lib/python3.8/site-packages/jetbot_drive
[2.908s] copying /home/paolo/NAS/Software/ROS2/Madox/madox_ws/build/jetbot_drive/build/lib/jetbot_drive/publisher_member_function.py -> /home/paolo/NAS/Software/ROS2/Madox/madox_ws/install/jetbot_drive/lib/python3.8/site-packages/jetbot_drive
[2.936s] copying /home/paolo/NAS/Software/ROS2/Madox/madox_ws/build/jetbot_drive/build/lib/jetbot_drive/debounce.py -> /home/paolo/NAS/Software/ROS2/Madox/madox_ws/install/jetbot_drive/lib/python3.8/site-packages/jetbot_drive
[2.973s] byte-compiling /home/paolo/NAS/Software/ROS2/Madox/madox_ws/install/jetbot_drive/lib/python3.8/site-packages/jetbot_drive/motor_class.py to motor_class.cpython-38.pyc
[3.009s] byte-compiling /home/paolo/NAS/Software/ROS2/Madox/madox_ws/install/jetbot_drive/lib/python3.8/site-packages/jetbot_drive/__init__.py to __init__.cpython-38.pyc
[3.045s] byte-compiling /home/paolo/NAS/Software/ROS2/Madox/madox_ws/install/jetbot_drive/lib/python3.8/site-packages/jetbot_drive/jetbot_drive.py to jetbot_drive.cpython-38.pyc
[3.083s] byte-compiling /home/paolo/NAS/Software/ROS2/Madox/madox_ws/install/jetbot_drive/lib/python3.8/site-packages/jetbot_drive/motors.py to motors.cpython-38.pyc
[3.120s] byte-compiling /home/paolo/NAS/Software/ROS2/Madox/madox_ws/install/jetbot_drive/lib/python3.8/site-packages/jetbot_drive/publisher_member_function.py to publisher_member_function.cpython-38.pyc
[3.154s] byte-compiling /home/paolo/NAS/Software/ROS2/Madox/madox_ws/install/jetbot_drive/lib/python3.8/site-packages/jetbot_drive/debounce.py to debounce.cpython-38.pyc
[3.184s] running install_data
[3.192s] creating /home/paolo/NAS/Software/ROS2/Madox/madox_ws/install/jetbot_drive/share/ament_index
[3.195s] creating /home/paolo/NAS/Software/ROS2/Madox/madox_ws/install/jetbot_drive/share/ament_index/resource_index
[3.200s] creating /home/paolo/NAS/Software/ROS2/Madox/madox_ws/install/jetbot_drive/share/ament_index/resource_index/packages
[3.216s] copying resource/jetbot_drive -> /home/paolo/NAS/Software/ROS2/Madox/madox_ws/install/jetbot_drive/share/ament_index/resource_index/packages
[3.235s] copying package.xml -> /home/paolo/NAS/Software/ROS2/Madox/madox_ws/install/jetbot_drive/share/jetbot_drive
[3.308s] running install_egg_info
[3.313s] Copying ../../build/jetbot_drive/jetbot_drive.egg-info to /home/paolo/NAS/Software/ROS2/Madox/madox_ws/install/jetbot_drive/lib/python3.8/site-packages/jetbot_drive-1.0.0-py3.8.egg-info
[3.506s] running install_scripts
[3.558s] Installing ros2_jetbot_drive script to /home/paolo/NAS/Software/ROS2/Madox/madox_ws/install/jetbot_drive/lib/jetbot_drive
[3.577s] writing list of installed files to '/home/paolo/NAS/Software/ROS2/Madox/madox_ws/build/jetbot_drive/install.log'
[3.909s] Invoked command in '/home/paolo/NAS/Software/ROS2/Madox/madox_ws/src/jetbot_drive' returned '0': PYTHONPATH=/home/paolo/NAS/Software/ROS2/Madox/madox_ws/install/jetbot_drive/lib/python3.8/site-packages:${PYTHONPATH} /usr/bin/python3 setup.py egg_info --egg-base ../../build/jetbot_drive build --build-base /home/paolo/NAS/Software/ROS2/Madox/madox_ws/build/jetbot_drive/build install --prefix /home/paolo/NAS/Software/ROS2/Madox/madox_ws/install/jetbot_drive --record /home/paolo/NAS/Software/ROS2/Madox/madox_ws/build/jetbot_drive/install.log --single-version-externally-managed
