[1.286s] DEBUG:colcon:Command line arguments: ['/usr/bin/colcon', 'build', '--packages-select', 'ros2_rtimulib']
[1.286s] DEBUG:colcon:Parsed command line arguments: Namespace(ament_cmake_args=None, base_paths=['.'], build_base='build', catkin_cmake_args=None, catkin_skip_building_tests=False, cmake_args=None, cmake_clean_cache=False, cmake_clean_first=False, cmake_force_configure=False, cmake_target=None, cmake_target_skip_unavailable=False, continue_on_error=False, event_handlers=None, executor='parallel', ignore_user_meta=False, install_base='install', log_base=None, log_level=None, main=<bound method BuildVerb.main of <colcon_core.verb.build.BuildVerb object at 0x7f864ea7f0>>, merge_install=False, metas=['./colcon.meta'], packages_above=None, packages_above_and_dependencies=None, packages_above_depth=None, packages_end=None, packages_ignore=None, packages_ignore_regex=None, packages_select=['ros2_rtimulib'], packages_select_build_failed=False, packages_select_by_dep=None, packages_select_regex=None, packages_select_test_failures=False, packages_skip=None, packages_skip_build_finished=False, packages_skip_by_dep=None, packages_skip_regex=None, packages_skip_test_passed=False, packages_skip_up_to=None, packages_start=None, packages_up_to=None, packages_up_to_regex=None, parallel_workers=4, paths=None, symlink_install=False, test_result_base=None, verb_extension=<colcon_core.verb.build.BuildVerb object at 0x7f864ea7f0>, verb_name='build', verb_parser=<colcon_defaults.argument_parser.defaults.DefaultArgumentsDecorator object at 0x7f864ead60>)
[1.330s] Level 1:colcon.colcon_core.package_discovery:discover_packages(colcon_meta) check parameters
[1.331s] Level 1:colcon.colcon_core.package_discovery:discover_packages(recursive) check parameters
[1.331s] Level 1:colcon.colcon_core.package_discovery:discover_packages(ignore) check parameters
[1.331s] Level 1:colcon.colcon_core.package_discovery:discover_packages(path) check parameters
[1.331s] Level 1:colcon.colcon_core.package_discovery:discover_packages(colcon_meta) discover
[1.332s] Level 1:colcon.colcon_core.package_discovery:discover_packages(recursive) discover
[1.332s] INFO:colcon.colcon_core.package_discovery:Crawling recursively for packages in '/home/robot/Software/ROS2/Madox/madox_ws'
[1.337s] Level 1:colcon.colcon_core.package_identification:_identify(.) by extensions ['ignore', 'ignore_ament_install']
[1.338s] Level 1:colcon.colcon_core.package_identification:_identify(.) by extension 'ignore'
[1.339s] Level 1:colcon.colcon_core.package_identification:_identify(.) by extension 'ignore_ament_install'
[1.339s] Level 1:colcon.colcon_core.package_identification:_identify(.) by extensions ['colcon_pkg']
[1.339s] Level 1:colcon.colcon_core.package_identification:_identify(.) by extension 'colcon_pkg'
[1.339s] Level 1:colcon.colcon_core.package_identification:_identify(.) by extensions ['colcon_meta']
[1.339s] Level 1:colcon.colcon_core.package_identification:_identify(.) by extension 'colcon_meta'
[1.339s] Level 1:colcon.colcon_core.package_identification:_identify(.) by extensions ['ros']
[1.340s] Level 1:colcon.colcon_core.package_identification:_identify(.) by extension 'ros'
[1.387s] Level 1:colcon.colcon_core.package_identification:_identify(.) by extensions ['cmake', 'python']
[1.387s] Level 1:colcon.colcon_core.package_identification:_identify(.) by extension 'cmake'
[1.387s] Level 1:colcon.colcon_core.package_identification:_identify(.) by extension 'python'
[1.388s] Level 1:colcon.colcon_core.package_identification:_identify(.) by extensions ['python_setup_py']
[1.388s] Level 1:colcon.colcon_core.package_identification:_identify(.) by extension 'python_setup_py'
[1.394s] Level 1:colcon.colcon_core.package_identification:_identify(build) by extensions ['ignore', 'ignore_ament_install']
[1.395s] Level 1:colcon.colcon_core.package_identification:_identify(build) by extension 'ignore'
[1.395s] Level 1:colcon.colcon_core.package_identification:_identify(build) ignored
[1.398s] Level 1:colcon.colcon_core.package_identification:_identify(install) by extensions ['ignore', 'ignore_ament_install']
[1.398s] Level 1:colcon.colcon_core.package_identification:_identify(install) by extension 'ignore'
[1.398s] Level 1:colcon.colcon_core.package_identification:_identify(install) ignored
[1.409s] Level 1:colcon.colcon_core.package_identification:_identify(log) by extensions ['ignore', 'ignore_ament_install']
[1.409s] Level 1:colcon.colcon_core.package_identification:_identify(log) by extension 'ignore'
[1.409s] Level 1:colcon.colcon_core.package_identification:_identify(log) ignored
[1.412s] Level 1:colcon.colcon_core.package_identification:_identify(snapshots) by extensions ['ignore', 'ignore_ament_install']
[1.412s] Level 1:colcon.colcon_core.package_identification:_identify(snapshots) by extension 'ignore'
[1.412s] Level 1:colcon.colcon_core.package_identification:_identify(snapshots) by extension 'ignore_ament_install'
[1.412s] Level 1:colcon.colcon_core.package_identification:_identify(snapshots) by extensions ['colcon_pkg']
[1.412s] Level 1:colcon.colcon_core.package_identification:_identify(snapshots) by extension 'colcon_pkg'
[1.413s] Level 1:colcon.colcon_core.package_identification:_identify(snapshots) by extensions ['colcon_meta']
[1.413s] Level 1:colcon.colcon_core.package_identification:_identify(snapshots) by extension 'colcon_meta'
[1.413s] Level 1:colcon.colcon_core.package_identification:_identify(snapshots) by extensions ['ros']
[1.413s] Level 1:colcon.colcon_core.package_identification:_identify(snapshots) by extension 'ros'
[1.413s] Level 1:colcon.colcon_core.package_identification:_identify(snapshots) by extensions ['cmake', 'python']
[1.414s] Level 1:colcon.colcon_core.package_identification:_identify(snapshots) by extension 'cmake'
[1.414s] Level 1:colcon.colcon_core.package_identification:_identify(snapshots) by extension 'python'
[1.414s] Level 1:colcon.colcon_core.package_identification:_identify(snapshots) by extensions ['python_setup_py']
[1.414s] Level 1:colcon.colcon_core.package_identification:_identify(snapshots) by extension 'python_setup_py'
[1.418s] Level 1:colcon.colcon_core.package_identification:_identify(src) by extensions ['ignore', 'ignore_ament_install']
[1.418s] Level 1:colcon.colcon_core.package_identification:_identify(src) by extension 'ignore'
[1.419s] Level 1:colcon.colcon_core.package_identification:_identify(src) by extension 'ignore_ament_install'
[1.419s] Level 1:colcon.colcon_core.package_identification:_identify(src) by extensions ['colcon_pkg']
[1.419s] Level 1:colcon.colcon_core.package_identification:_identify(src) by extension 'colcon_pkg'
[1.419s] Level 1:colcon.colcon_core.package_identification:_identify(src) by extensions ['colcon_meta']
[1.419s] Level 1:colcon.colcon_core.package_identification:_identify(src) by extension 'colcon_meta'
[1.420s] Level 1:colcon.colcon_core.package_identification:_identify(src) by extensions ['ros']
[1.420s] Level 1:colcon.colcon_core.package_identification:_identify(src) by extension 'ros'
[1.420s] Level 1:colcon.colcon_core.package_identification:_identify(src) by extensions ['cmake', 'python']
[1.420s] Level 1:colcon.colcon_core.package_identification:_identify(src) by extension 'cmake'
[1.420s] Level 1:colcon.colcon_core.package_identification:_identify(src) by extension 'python'
[1.421s] Level 1:colcon.colcon_core.package_identification:_identify(src) by extensions ['python_setup_py']
[1.421s] Level 1:colcon.colcon_core.package_identification:_identify(src) by extension 'python_setup_py'
[1.424s] Level 1:colcon.colcon_core.package_identification:_identify(src/camera_pan_tilt) by extensions ['ignore', 'ignore_ament_install']
[1.426s] Level 1:colcon.colcon_core.package_identification:_identify(src/camera_pan_tilt) by extension 'ignore'
[1.426s] Level 1:colcon.colcon_core.package_identification:_identify(src/camera_pan_tilt) by extension 'ignore_ament_install'
[1.426s] Level 1:colcon.colcon_core.package_identification:_identify(src/camera_pan_tilt) by extensions ['colcon_pkg']
[1.426s] Level 1:colcon.colcon_core.package_identification:_identify(src/camera_pan_tilt) by extension 'colcon_pkg'
[1.426s] Level 1:colcon.colcon_core.package_identification:_identify(src/camera_pan_tilt) by extensions ['colcon_meta']
[1.427s] Level 1:colcon.colcon_core.package_identification:_identify(src/camera_pan_tilt) by extension 'colcon_meta'
[1.427s] Level 1:colcon.colcon_core.package_identification:_identify(src/camera_pan_tilt) by extensions ['ros']
[1.427s] Level 1:colcon.colcon_core.package_identification:_identify(src/camera_pan_tilt) by extension 'ros'
[1.458s] DEBUG:colcon.colcon_core.package_identification:Package 'src/camera_pan_tilt' with type 'ros.ament_python' and name 'camera_pan_tilt'
[1.461s] Level 1:colcon.colcon_core.package_identification:_identify(src/imu_OLD) by extensions ['ignore', 'ignore_ament_install']
[1.461s] Level 1:colcon.colcon_core.package_identification:_identify(src/imu_OLD) by extension 'ignore'
[1.461s] Level 1:colcon.colcon_core.package_identification:_identify(src/imu_OLD) by extension 'ignore_ament_install'
[1.462s] Level 1:colcon.colcon_core.package_identification:_identify(src/imu_OLD) by extensions ['colcon_pkg']
[1.462s] Level 1:colcon.colcon_core.package_identification:_identify(src/imu_OLD) by extension 'colcon_pkg'
[1.462s] Level 1:colcon.colcon_core.package_identification:_identify(src/imu_OLD) by extensions ['colcon_meta']
[1.462s] Level 1:colcon.colcon_core.package_identification:_identify(src/imu_OLD) by extension 'colcon_meta'
[1.462s] Level 1:colcon.colcon_core.package_identification:_identify(src/imu_OLD) by extensions ['ros']
[1.462s] Level 1:colcon.colcon_core.package_identification:_identify(src/imu_OLD) by extension 'ros'
[1.482s] DEBUG:colcon.colcon_core.package_identification:Package 'src/imu_OLD' with type 'ros.ament_python' and name 'imu'
[1.488s] Level 1:colcon.colcon_core.package_identification:_identify(src/jetbot_camera) by extensions ['ignore', 'ignore_ament_install']
[1.489s] Level 1:colcon.colcon_core.package_identification:_identify(src/jetbot_camera) by extension 'ignore'
[1.490s] Level 1:colcon.colcon_core.package_identification:_identify(src/jetbot_camera) by extension 'ignore_ament_install'
[1.490s] Level 1:colcon.colcon_core.package_identification:_identify(src/jetbot_camera) by extensions ['colcon_pkg']
[1.490s] Level 1:colcon.colcon_core.package_identification:_identify(src/jetbot_camera) by extension 'colcon_pkg'
[1.490s] Level 1:colcon.colcon_core.package_identification:_identify(src/jetbot_camera) by extensions ['colcon_meta']
[1.491s] Level 1:colcon.colcon_core.package_identification:_identify(src/jetbot_camera) by extension 'colcon_meta'
[1.491s] Level 1:colcon.colcon_core.package_identification:_identify(src/jetbot_camera) by extensions ['ros']
[1.491s] Level 1:colcon.colcon_core.package_identification:_identify(src/jetbot_camera) by extension 'ros'
[1.512s] DEBUG:colcon.colcon_core.package_identification:Package 'src/jetbot_camera' with type 'ros.ament_python' and name 'jetbot_camera'
[1.517s] Level 1:colcon.colcon_core.package_identification:_identify(src/jetbot_drive) by extensions ['ignore', 'ignore_ament_install']
[1.518s] Level 1:colcon.colcon_core.package_identification:_identify(src/jetbot_drive) by extension 'ignore'
[1.518s] Level 1:colcon.colcon_core.package_identification:_identify(src/jetbot_drive) by extension 'ignore_ament_install'
[1.519s] Level 1:colcon.colcon_core.package_identification:_identify(src/jetbot_drive) by extensions ['colcon_pkg']
[1.519s] Level 1:colcon.colcon_core.package_identification:_identify(src/jetbot_drive) by extension 'colcon_pkg'
[1.519s] Level 1:colcon.colcon_core.package_identification:_identify(src/jetbot_drive) by extensions ['colcon_meta']
[1.519s] Level 1:colcon.colcon_core.package_identification:_identify(src/jetbot_drive) by extension 'colcon_meta'
[1.520s] Level 1:colcon.colcon_core.package_identification:_identify(src/jetbot_drive) by extensions ['ros']
[1.520s] Level 1:colcon.colcon_core.package_identification:_identify(src/jetbot_drive) by extension 'ros'
[1.538s] DEBUG:colcon.colcon_core.package_identification:Package 'src/jetbot_drive' with type 'ros.ament_python' and name 'jetbot_drive'
[1.542s] Level 1:colcon.colcon_core.package_identification:_identify(src/jetbot_oled_display) by extensions ['ignore', 'ignore_ament_install']
[1.544s] Level 1:colcon.colcon_core.package_identification:_identify(src/jetbot_oled_display) by extension 'ignore'
[1.545s] Level 1:colcon.colcon_core.package_identification:_identify(src/jetbot_oled_display) by extension 'ignore_ament_install'
[1.546s] Level 1:colcon.colcon_core.package_identification:_identify(src/jetbot_oled_display) by extensions ['colcon_pkg']
[1.546s] Level 1:colcon.colcon_core.package_identification:_identify(src/jetbot_oled_display) by extension 'colcon_pkg'
[1.546s] Level 1:colcon.colcon_core.package_identification:_identify(src/jetbot_oled_display) by extensions ['colcon_meta']
[1.547s] Level 1:colcon.colcon_core.package_identification:_identify(src/jetbot_oled_display) by extension 'colcon_meta'
[1.547s] Level 1:colcon.colcon_core.package_identification:_identify(src/jetbot_oled_display) by extensions ['ros']
[1.547s] Level 1:colcon.colcon_core.package_identification:_identify(src/jetbot_oled_display) by extension 'ros'
[1.568s] DEBUG:colcon.colcon_core.package_identification:Package 'src/jetbot_oled_display' with type 'ros.ament_python' and name 'jetbot_oled_display'
[1.572s] Level 1:colcon.colcon_core.package_identification:_identify(src/jetbot_sys_info) by extensions ['ignore', 'ignore_ament_install']
[1.572s] Level 1:colcon.colcon_core.package_identification:_identify(src/jetbot_sys_info) by extension 'ignore'
[1.573s] Level 1:colcon.colcon_core.package_identification:_identify(src/jetbot_sys_info) by extension 'ignore_ament_install'
[1.573s] Level 1:colcon.colcon_core.package_identification:_identify(src/jetbot_sys_info) by extensions ['colcon_pkg']
[1.574s] Level 1:colcon.colcon_core.package_identification:_identify(src/jetbot_sys_info) by extension 'colcon_pkg'
[1.574s] Level 1:colcon.colcon_core.package_identification:_identify(src/jetbot_sys_info) by extensions ['colcon_meta']
[1.574s] Level 1:colcon.colcon_core.package_identification:_identify(src/jetbot_sys_info) by extension 'colcon_meta'
[1.575s] Level 1:colcon.colcon_core.package_identification:_identify(src/jetbot_sys_info) by extensions ['ros']
[1.575s] Level 1:colcon.colcon_core.package_identification:_identify(src/jetbot_sys_info) by extension 'ros'
[1.595s] DEBUG:colcon.colcon_core.package_identification:Package 'src/jetbot_sys_info' with type 'ros.ament_python' and name 'jetbot_sys_info'
[1.603s] Level 1:colcon.colcon_core.package_identification:_identify(src/py_test_node) by extensions ['ignore', 'ignore_ament_install']
[1.604s] Level 1:colcon.colcon_core.package_identification:_identify(src/py_test_node) by extension 'ignore'
[1.604s] Level 1:colcon.colcon_core.package_identification:_identify(src/py_test_node) by extension 'ignore_ament_install'
[1.605s] Level 1:colcon.colcon_core.package_identification:_identify(src/py_test_node) by extensions ['colcon_pkg']
[1.605s] Level 1:colcon.colcon_core.package_identification:_identify(src/py_test_node) by extension 'colcon_pkg'
[1.605s] Level 1:colcon.colcon_core.package_identification:_identify(src/py_test_node) by extensions ['colcon_meta']
[1.605s] Level 1:colcon.colcon_core.package_identification:_identify(src/py_test_node) by extension 'colcon_meta'
[1.606s] Level 1:colcon.colcon_core.package_identification:_identify(src/py_test_node) by extensions ['ros']
[1.606s] Level 1:colcon.colcon_core.package_identification:_identify(src/py_test_node) by extension 'ros'
[1.631s] DEBUG:colcon.colcon_core.package_identification:Package 'src/py_test_node' with type 'ros.ament_python' and name 'py_test_node'
[1.634s] Level 1:colcon.colcon_core.package_identification:_identify(src/ros2_rtimulib) by extensions ['ignore', 'ignore_ament_install']
[1.634s] Level 1:colcon.colcon_core.package_identification:_identify(src/ros2_rtimulib) by extension 'ignore'
[1.635s] Level 1:colcon.colcon_core.package_identification:_identify(src/ros2_rtimulib) by extension 'ignore_ament_install'
[1.635s] Level 1:colcon.colcon_core.package_identification:_identify(src/ros2_rtimulib) by extensions ['colcon_pkg']
[1.636s] Level 1:colcon.colcon_core.package_identification:_identify(src/ros2_rtimulib) by extension 'colcon_pkg'
[1.636s] Level 1:colcon.colcon_core.package_identification:_identify(src/ros2_rtimulib) by extensions ['colcon_meta']
[1.636s] Level 1:colcon.colcon_core.package_identification:_identify(src/ros2_rtimulib) by extension 'colcon_meta'
[1.637s] Level 1:colcon.colcon_core.package_identification:_identify(src/ros2_rtimulib) by extensions ['ros']
[1.637s] Level 1:colcon.colcon_core.package_identification:_identify(src/ros2_rtimulib) by extension 'ros'
[1.656s] DEBUG:colcon.colcon_core.package_identification:Package 'src/ros2_rtimulib' with type 'ros.ament_python' and name 'ros2_rtimulib'
[1.658s] Level 1:colcon.colcon_core.package_discovery:discover_packages(recursive) using defaults
[1.658s] Level 1:colcon.colcon_core.package_discovery:discover_packages(ignore) discover
[1.659s] Level 1:colcon.colcon_core.package_discovery:discover_packages(ignore) using defaults
[1.659s] Level 1:colcon.colcon_core.package_discovery:discover_packages(path) discover
[1.659s] Level 1:colcon.colcon_core.package_discovery:discover_packages(path) using defaults
[1.748s] INFO:colcon.colcon_core.package_selection:Skipping not selected package 'camera_pan_tilt' in 'src/camera_pan_tilt'
[1.748s] INFO:colcon.colcon_core.package_selection:Skipping not selected package 'imu' in 'src/imu_OLD'
[1.748s] INFO:colcon.colcon_core.package_selection:Skipping not selected package 'jetbot_camera' in 'src/jetbot_camera'
[1.748s] INFO:colcon.colcon_core.package_selection:Skipping not selected package 'jetbot_drive' in 'src/jetbot_drive'
[1.748s] INFO:colcon.colcon_core.package_selection:Skipping not selected package 'jetbot_oled_display' in 'src/jetbot_oled_display'
[1.749s] INFO:colcon.colcon_core.package_selection:Skipping not selected package 'jetbot_sys_info' in 'src/jetbot_sys_info'
[1.749s] INFO:colcon.colcon_core.package_selection:Skipping not selected package 'py_test_node' in 'src/py_test_node'
[1.763s] Level 5:colcon.colcon_core.verb:set package 'ros2_rtimulib' build argument 'cmake_args' from command line to 'None'
[1.763s] Level 5:colcon.colcon_core.verb:set package 'ros2_rtimulib' build argument 'cmake_target' from command line to 'None'
[1.763s] Level 5:colcon.colcon_core.verb:set package 'ros2_rtimulib' build argument 'cmake_target_skip_unavailable' from command line to 'False'
[1.764s] Level 5:colcon.colcon_core.verb:set package 'ros2_rtimulib' build argument 'cmake_clean_cache' from command line to 'False'
[1.764s] Level 5:colcon.colcon_core.verb:set package 'ros2_rtimulib' build argument 'cmake_clean_first' from command line to 'False'
[1.764s] Level 5:colcon.colcon_core.verb:set package 'ros2_rtimulib' build argument 'cmake_force_configure' from command line to 'False'
[1.764s] Level 5:colcon.colcon_core.verb:set package 'ros2_rtimulib' build argument 'ament_cmake_args' from command line to 'None'
[1.764s] Level 5:colcon.colcon_core.verb:set package 'ros2_rtimulib' build argument 'catkin_cmake_args' from command line to 'None'
[1.764s] Level 5:colcon.colcon_core.verb:set package 'ros2_rtimulib' build argument 'catkin_skip_building_tests' from command line to 'False'
[1.764s] DEBUG:colcon.colcon_core.verb:Building package 'ros2_rtimulib' with the following arguments: {'ament_cmake_args': None, 'build_base': '/home/robot/Software/ROS2/Madox/madox_ws/build/ros2_rtimulib', 'catkin_cmake_args': None, 'catkin_skip_building_tests': False, 'cmake_args': None, 'cmake_clean_cache': False, 'cmake_clean_first': False, 'cmake_force_configure': False, 'cmake_target': None, 'cmake_target_skip_unavailable': False, 'install_base': '/home/robot/Software/ROS2/Madox/madox_ws/install/ros2_rtimulib', 'merge_install': False, 'path': '/home/robot/Software/ROS2/Madox/madox_ws/src/ros2_rtimulib', 'symlink_install': False, 'test_result_base': None}
[1.766s] INFO:colcon.colcon_core.executor:Executing jobs using 'parallel' executor
[1.774s] DEBUG:colcon.colcon_parallel_executor.executor.parallel:run_until_complete
[1.775s] INFO:colcon.colcon_ros.task.ament_python.build:Building ROS package in '/home/robot/Software/ROS2/Madox/madox_ws/src/ros2_rtimulib' with build type 'ament_python'
[1.775s] Level 1:colcon.colcon_core.shell:create_environment_hook('ros2_rtimulib', 'ament_prefix_path')
[1.790s] INFO:colcon.colcon_core.plugin_system:Skipping extension 'colcon_core.shell.bat': Not used on non-Windows systems
[1.791s] INFO:colcon.colcon_core.shell:Creating environment hook '/home/robot/Software/ROS2/Madox/madox_ws/install/ros2_rtimulib/share/ros2_rtimulib/hook/ament_prefix_path.ps1'
[1.815s] INFO:colcon.colcon_core.shell:Creating environment descriptor '/home/robot/Software/ROS2/Madox/madox_ws/install/ros2_rtimulib/share/ros2_rtimulib/hook/ament_prefix_path.dsv'
[1.829s] INFO:colcon.colcon_core.shell:Creating environment hook '/home/robot/Software/ROS2/Madox/madox_ws/install/ros2_rtimulib/share/ros2_rtimulib/hook/ament_prefix_path.sh'
[1.848s] INFO:colcon.colcon_core.shell:Skip shell extension 'powershell' for command environment: Not usable outside of PowerShell
[1.848s] DEBUG:colcon.colcon_core.shell:Skip shell extension 'dsv' for command environment
[1.900s] DEBUG:colcon.colcon_core.shell:Ignoring prefix path '/opt/ros/foxy'
[2.959s] INFO:colcon.colcon_core.task.python.build:Building Python package in '/home/robot/Software/ROS2/Madox/madox_ws/src/ros2_rtimulib'
[2.963s] INFO:colcon.colcon_core.shell:Skip shell extension 'powershell' for command environment: Not usable outside of PowerShell
[2.963s] DEBUG:colcon.colcon_core.shell:Skip shell extension 'dsv' for command environment
[2.991s] DEBUG:colcon.colcon_core.shell:Ignoring prefix path '/opt/ros/foxy'
[3.281s] DEBUG:colcon.colcon_core.event_handler.log_command:Invoking command in '/home/robot/Software/ROS2/Madox/madox_ws/src/ros2_rtimulib': PYTHONPATH=/home/robot/Software/ROS2/Madox/madox_ws/install/ros2_rtimulib/lib/python3.8/site-packages:${PYTHONPATH} /usr/bin/python3 setup.py egg_info --egg-base ../../build/ros2_rtimulib build --build-base /home/robot/Software/ROS2/Madox/madox_ws/build/ros2_rtimulib/build install --prefix /home/robot/Software/ROS2/Madox/madox_ws/install/ros2_rtimulib --record /home/robot/Software/ROS2/Madox/madox_ws/build/ros2_rtimulib/install.log --single-version-externally-managed
[5.118s] DEBUG:colcon.colcon_core.event_handler.log_command:Invoked command in '/home/robot/Software/ROS2/Madox/madox_ws/src/ros2_rtimulib' returned '0': PYTHONPATH=/home/robot/Software/ROS2/Madox/madox_ws/install/ros2_rtimulib/lib/python3.8/site-packages:${PYTHONPATH} /usr/bin/python3 setup.py egg_info --egg-base ../../build/ros2_rtimulib build --build-base /home/robot/Software/ROS2/Madox/madox_ws/build/ros2_rtimulib/build install --prefix /home/robot/Software/ROS2/Madox/madox_ws/install/ros2_rtimulib --record /home/robot/Software/ROS2/Madox/madox_ws/build/ros2_rtimulib/install.log --single-version-externally-managed
[5.140s] Level 1:colcon.colcon_core.environment:checking '/home/robot/Software/ROS2/Madox/madox_ws/install/ros2_rtimulib' for CMake module files
[5.161s] Level 1:colcon.colcon_core.environment:checking '/home/robot/Software/ROS2/Madox/madox_ws/install/ros2_rtimulib' for CMake config files
[5.220s] Level 1:colcon.colcon_core.environment:checking '/home/robot/Software/ROS2/Madox/madox_ws/install/ros2_rtimulib/lib'
[5.224s] Level 1:colcon.colcon_core.environment:checking '/home/robot/Software/ROS2/Madox/madox_ws/install/ros2_rtimulib/bin'
[5.226s] Level 1:colcon.colcon_core.environment:checking '/home/robot/Software/ROS2/Madox/madox_ws/install/ros2_rtimulib/lib/pkgconfig/ros2_rtimulib.pc'
[5.226s] Level 1:colcon.colcon_core.environment:checking '/home/robot/Software/ROS2/Madox/madox_ws/install/ros2_rtimulib/lib/python3.8/site-packages'
[5.227s] Level 1:colcon.colcon_core.shell:create_environment_hook('ros2_rtimulib', 'pythonpath')
[5.232s] INFO:colcon.colcon_core.shell:Creating environment hook '/home/robot/Software/ROS2/Madox/madox_ws/install/ros2_rtimulib/share/ros2_rtimulib/hook/pythonpath.ps1'
[5.247s] INFO:colcon.colcon_core.shell:Creating environment descriptor '/home/robot/Software/ROS2/Madox/madox_ws/install/ros2_rtimulib/share/ros2_rtimulib/hook/pythonpath.dsv'
[5.266s] INFO:colcon.colcon_core.shell:Creating environment hook '/home/robot/Software/ROS2/Madox/madox_ws/install/ros2_rtimulib/share/ros2_rtimulib/hook/pythonpath.sh'
[5.285s] Level 1:colcon.colcon_core.environment:create_environment_scripts_only(ros2_rtimulib)
[5.293s] INFO:colcon.colcon_core.shell:Creating package script '/home/robot/Software/ROS2/Madox/madox_ws/install/ros2_rtimulib/share/ros2_rtimulib/package.ps1'
[5.310s] INFO:colcon.colcon_core.shell:Creating package descriptor '/home/robot/Software/ROS2/Madox/madox_ws/install/ros2_rtimulib/share/ros2_rtimulib/package.dsv'
[5.329s] INFO:colcon.colcon_core.shell:Creating package script '/home/robot/Software/ROS2/Madox/madox_ws/install/ros2_rtimulib/share/ros2_rtimulib/package.sh'
[5.349s] INFO:colcon.colcon_core.shell:Creating package script '/home/robot/Software/ROS2/Madox/madox_ws/install/ros2_rtimulib/share/ros2_rtimulib/package.bash'
[5.366s] INFO:colcon.colcon_core.shell:Creating package script '/home/robot/Software/ROS2/Madox/madox_ws/install/ros2_rtimulib/share/ros2_rtimulib/package.zsh'
[5.382s] Level 1:colcon.colcon_core.environment:create_file_with_runtime_dependencies(/home/robot/Software/ROS2/Madox/madox_ws/install/ros2_rtimulib/share/colcon-core/packages/ros2_rtimulib)
[5.394s] DEBUG:colcon.colcon_parallel_executor.executor.parallel:closing loop
[5.396s] DEBUG:colcon.colcon_parallel_executor.executor.parallel:loop closed
[5.396s] DEBUG:colcon.colcon_parallel_executor.executor.parallel:run_until_complete finished with '0'
[5.397s] DEBUG:colcon.colcon_core.event_reactor:joining thread
[5.487s] INFO:colcon.colcon_core.plugin_system:Skipping extension 'colcon_notification.desktop_notification.terminal_notifier': Not used on non-Darwin systems
[5.487s] INFO:colcon.colcon_core.plugin_system:Skipping extension 'colcon_notification.desktop_notification.win32': Not used on non-Windows systems
[5.487s] INFO:colcon.colcon_notification.desktop_notification:Sending desktop notification using 'notify2'
[30.518s] DEBUG:colcon.colcon_notification.desktop_notification.notify2:Failed to initialize notify2: org.freedesktop.DBus.Error.NoReply: Did not receive a reply. Possible causes include: the remote application did not send a reply, the message bus security policy blocked the reply, the reply timeout expired, or the network connection was broken.
[30.528s] DEBUG:colcon.colcon_core.event_reactor:joined thread
[30.544s] INFO:colcon.colcon_core.shell:Creating prefix script '/home/robot/Software/ROS2/Madox/madox_ws/install/local_setup.ps1'
[30.569s] INFO:colcon.colcon_core.shell:Creating prefix util module '/home/robot/Software/ROS2/Madox/madox_ws/install/_local_setup_util_ps1.py'
[30.599s] INFO:colcon.colcon_core.shell:Creating prefix chain script '/home/robot/Software/ROS2/Madox/madox_ws/install/setup.ps1'
[30.643s] INFO:colcon.colcon_core.shell:Creating prefix script '/home/robot/Software/ROS2/Madox/madox_ws/install/local_setup.sh'
[30.666s] INFO:colcon.colcon_core.shell:Creating prefix util module '/home/robot/Software/ROS2/Madox/madox_ws/install/_local_setup_util_sh.py'
[30.690s] INFO:colcon.colcon_core.shell:Creating prefix chain script '/home/robot/Software/ROS2/Madox/madox_ws/install/setup.sh'
[30.737s] INFO:colcon.colcon_core.shell:Creating prefix script '/home/robot/Software/ROS2/Madox/madox_ws/install/local_setup.bash'
[30.758s] INFO:colcon.colcon_core.shell:Creating prefix chain script '/home/robot/Software/ROS2/Madox/madox_ws/install/setup.bash'
[30.804s] INFO:colcon.colcon_core.shell:Creating prefix script '/home/robot/Software/ROS2/Madox/madox_ws/install/local_setup.zsh'
[30.826s] INFO:colcon.colcon_core.shell:Creating prefix chain script '/home/robot/Software/ROS2/Madox/madox_ws/install/setup.zsh'
