[2.305s] Invoking command in '/home/robot/Software/ROS2/Madox/madox_ws/src/py_drive': PYTHONPATH=/home/robot/Software/ROS2/Madox/madox_ws/install/py_drive/lib/python3.8/site-packages:${PYTHONPATH} /usr/bin/python3 setup.py egg_info --egg-base ../../build/py_drive build --build-base /home/robot/Software/ROS2/Madox/madox_ws/build/py_drive/build install --prefix /home/robot/Software/ROS2/Madox/madox_ws/install/py_drive --record /home/robot/Software/ROS2/Madox/madox_ws/build/py_drive/install.log --single-version-externally-managed
[3.103s] /home/robot/.local/lib/python3.8/site-packages/setuptools/dist.py:642: UserWarning: Usage of dash-separated 'script-dir' will not be supported in future versions. Please use the underscore name 'script_dir' instead
[3.104s]   warnings.warn(
[3.104s] /home/robot/.local/lib/python3.8/site-packages/setuptools/dist.py:642: UserWarning: Usage of dash-separated 'install-scripts' will not be supported in future versions. Please use the underscore name 'install_scripts' instead
[3.105s]   warnings.warn(
[3.241s] running egg_info
[3.245s] creating ../../build/py_drive/py_drive.egg-info
[3.249s] writing ../../build/py_drive/py_drive.egg-info/PKG-INFO
[3.272s] writing dependency_links to ../../build/py_drive/py_drive.egg-info/dependency_links.txt
[3.287s] writing entry points to ../../build/py_drive/py_drive.egg-info/entry_points.txt
[3.299s] writing requirements to ../../build/py_drive/py_drive.egg-info/requires.txt
[3.309s] writing top-level names to ../../build/py_drive/py_drive.egg-info/top_level.txt
[3.328s] writing manifest file '../../build/py_drive/py_drive.egg-info/SOURCES.txt'
[3.516s] reading manifest file '../../build/py_drive/py_drive.egg-info/SOURCES.txt'
[3.529s] writing manifest file '../../build/py_drive/py_drive.egg-info/SOURCES.txt'
[3.539s] running build
[3.540s] running build_py
[3.545s] creating /home/robot/Software/ROS2/Madox/madox_ws/build/py_drive/build
[3.546s] creating /home/robot/Software/ROS2/Madox/madox_ws/build/py_drive/build/lib
[3.550s] creating /home/robot/Software/ROS2/Madox/madox_ws/build/py_drive/build/lib/py_drive
[3.560s] copying py_drive/drive.py -> /home/robot/Software/ROS2/Madox/madox_ws/build/py_drive/build/lib/py_drive
[3.576s] copying py_drive/motor_class.py -> /home/robot/Software/ROS2/Madox/madox_ws/build/py_drive/build/lib/py_drive
[3.590s] copying py_drive/publisher_member_function.py -> /home/robot/Software/ROS2/Madox/madox_ws/build/py_drive/build/lib/py_drive
[3.603s] copying py_drive/motors.py -> /home/robot/Software/ROS2/Madox/madox_ws/build/py_drive/build/lib/py_drive
[3.619s] copying py_drive/__init__.py -> /home/robot/Software/ROS2/Madox/madox_ws/build/py_drive/build/lib/py_drive
[3.628s] running install
[3.637s] running install_lib
[3.655s] creating /home/robot/Software/ROS2/Madox/madox_ws/install/py_drive/lib/python3.8/site-packages/py_drive
[3.662s] copying /home/robot/Software/ROS2/Madox/madox_ws/build/py_drive/build/lib/py_drive/motor_class.py -> /home/robot/Software/ROS2/Madox/madox_ws/install/py_drive/lib/python3.8/site-packages/py_drive
[3.683s] copying /home/robot/Software/ROS2/Madox/madox_ws/build/py_drive/build/lib/py_drive/motors.py -> /home/robot/Software/ROS2/Madox/madox_ws/install/py_drive/lib/python3.8/site-packages/py_drive
[3.709s] copying /home/robot/Software/ROS2/Madox/madox_ws/build/py_drive/build/lib/py_drive/publisher_member_function.py -> /home/robot/Software/ROS2/Madox/madox_ws/install/py_drive/lib/python3.8/site-packages/py_drive
[3.736s] copying /home/robot/Software/ROS2/Madox/madox_ws/build/py_drive/build/lib/py_drive/drive.py -> /home/robot/Software/ROS2/Madox/madox_ws/install/py_drive/lib/python3.8/site-packages/py_drive
[3.760s] copying /home/robot/Software/ROS2/Madox/madox_ws/build/py_drive/build/lib/py_drive/__init__.py -> /home/robot/Software/ROS2/Madox/madox_ws/install/py_drive/lib/python3.8/site-packages/py_drive
[3.784s] byte-compiling /home/robot/Software/ROS2/Madox/madox_ws/install/py_drive/lib/python3.8/site-packages/py_drive/motor_class.py to motor_class.cpython-38.pyc
[3.815s] byte-compiling /home/robot/Software/ROS2/Madox/madox_ws/install/py_drive/lib/python3.8/site-packages/py_drive/motors.py to motors.cpython-38.pyc
[3.838s] byte-compiling /home/robot/Software/ROS2/Madox/madox_ws/install/py_drive/lib/python3.8/site-packages/py_drive/publisher_member_function.py to publisher_member_function.cpython-38.pyc
[3.867s] byte-compiling /home/robot/Software/ROS2/Madox/madox_ws/install/py_drive/lib/python3.8/site-packages/py_drive/drive.py to drive.cpython-38.pyc
[3.897s] byte-compiling /home/robot/Software/ROS2/Madox/madox_ws/install/py_drive/lib/python3.8/site-packages/py_drive/__init__.py to __init__.cpython-38.pyc
[3.919s] running install_data
[3.929s] creating /home/robot/Software/ROS2/Madox/madox_ws/install/py_drive/share/ament_index
[3.931s] creating /home/robot/Software/ROS2/Madox/madox_ws/install/py_drive/share/ament_index/resource_index
[3.938s] creating /home/robot/Software/ROS2/Madox/madox_ws/install/py_drive/share/ament_index/resource_index/packages
[3.949s] copying resource/py_drive -> /home/robot/Software/ROS2/Madox/madox_ws/install/py_drive/share/ament_index/resource_index/packages
[3.961s] copying package.xml -> /home/robot/Software/ROS2/Madox/madox_ws/install/py_drive/share/py_drive
[3.975s] running install_egg_info
[4.002s] Copying ../../build/py_drive/py_drive.egg-info to /home/robot/Software/ROS2/Madox/madox_ws/install/py_drive/lib/python3.8/site-packages/py_drive-0.0.0-py3.8.egg-info
[4.149s] running install_scripts
[4.231s] Installing listener script to /home/robot/Software/ROS2/Madox/madox_ws/install/py_drive/lib/py_drive
[4.247s] Installing talker script to /home/robot/Software/ROS2/Madox/madox_ws/install/py_drive/lib/py_drive
[4.262s] writing list of installed files to '/home/robot/Software/ROS2/Madox/madox_ws/build/py_drive/install.log'
[4.498s] Invoked command in '/home/robot/Software/ROS2/Madox/madox_ws/src/py_drive' returned '0': PYTHONPATH=/home/robot/Software/ROS2/Madox/madox_ws/install/py_drive/lib/python3.8/site-packages:${PYTHONPATH} /usr/bin/python3 setup.py egg_info --egg-base ../../build/py_drive build --build-base /home/robot/Software/ROS2/Madox/madox_ws/build/py_drive/build install --prefix /home/robot/Software/ROS2/Madox/madox_ws/install/py_drive --record /home/robot/Software/ROS2/Madox/madox_ws/build/py_drive/install.log --single-version-externally-managed
