[5.408s] Invoking command in '/home/robot/Software/ROS2/Madox/madox_ws/src/py_camera': PYTHONPATH=/home/robot/Software/ROS2/Madox/madox_ws/install/py_camera/lib/python3.8/site-packages:${PYTHONPATH} /usr/bin/python3 setup.py egg_info --egg-base ../../build/py_camera build --build-base /home/robot/Software/ROS2/Madox/madox_ws/build/py_camera/build install --prefix /home/robot/Software/ROS2/Madox/madox_ws/install/py_camera --record /home/robot/Software/ROS2/Madox/madox_ws/build/py_camera/install.log --single-version-externally-managed
[6.443s] /home/robot/.local/lib/python3.8/site-packages/setuptools/dist.py:642: UserWarning: Usage of dash-separated 'script-dir' will not be supported in future versions. Please use the underscore name 'script_dir' instead
[6.444s]   warnings.warn(
[6.444s] /home/robot/.local/lib/python3.8/site-packages/setuptools/dist.py:642: UserWarning: Usage of dash-separated 'install-scripts' will not be supported in future versions. Please use the underscore name 'install_scripts' instead
[6.445s]   warnings.warn(
[6.601s] running egg_info
[6.607s] writing ../../build/py_camera/py_camera.egg-info/PKG-INFO
[6.675s] writing dependency_links to ../../build/py_camera/py_camera.egg-info/dependency_links.txt
[6.692s] writing entry points to ../../build/py_camera/py_camera.egg-info/entry_points.txt
[6.710s] writing requirements to ../../build/py_camera/py_camera.egg-info/requires.txt
[6.726s] writing top-level names to ../../build/py_camera/py_camera.egg-info/top_level.txt
[6.955s] reading manifest file '../../build/py_camera/py_camera.egg-info/SOURCES.txt'
[6.977s] writing manifest file '../../build/py_camera/py_camera.egg-info/SOURCES.txt'
[6.988s] running build
[6.988s] running build_py
[7.018s] running install
[7.021s] running install_lib
[7.115s] running install_data
[7.117s] running install_egg_info
[7.118s] removing '/home/robot/Software/ROS2/Madox/madox_ws/install/py_camera/lib/python3.8/site-packages/py_camera-0.0.0-py3.8.egg-info' (and everything under it)
[7.131s] Copying ../../build/py_camera/py_camera.egg-info to /home/robot/Software/ROS2/Madox/madox_ws/install/py_camera/lib/python3.8/site-packages/py_camera-0.0.0-py3.8.egg-info
[7.269s] running install_scripts
[7.364s] Installing camera script to /home/robot/Software/ROS2/Madox/madox_ws/install/py_camera/lib/py_camera
[7.382s] writing list of installed files to '/home/robot/Software/ROS2/Madox/madox_ws/build/py_camera/install.log'
