[2.581s] Invoking command in '/home/robot/Software/ROS2/Scrap/scrap_ws/src/py_srvcli': PYTHONPATH=/home/robot/Software/ROS2/Scrap/scrap_ws/src/install/py_srvcli/lib/python3.8/site-packages:${PYTHONPATH} /usr/bin/python3 setup.py egg_info --egg-base ../build/py_srvcli build --build-base /home/robot/Software/ROS2/Scrap/scrap_ws/src/build/py_srvcli/build install --prefix /home/robot/Software/ROS2/Scrap/scrap_ws/src/install/py_srvcli --record /home/robot/Software/ROS2/Scrap/scrap_ws/src/build/py_srvcli/install.log --single-version-externally-managed
[3.462s] running egg_info
[3.465s] creating ../build/py_srvcli/py_srvcli.egg-info
[3.469s] writing ../build/py_srvcli/py_srvcli.egg-info/PKG-INFO
[3.491s] writing dependency_links to ../build/py_srvcli/py_srvcli.egg-info/dependency_links.txt
[3.505s] writing entry points to ../build/py_srvcli/py_srvcli.egg-info/entry_points.txt
[3.517s] writing requirements to ../build/py_srvcli/py_srvcli.egg-info/requires.txt
[3.526s] writing top-level names to ../build/py_srvcli/py_srvcli.egg-info/top_level.txt
[3.544s] writing manifest file '../build/py_srvcli/py_srvcli.egg-info/SOURCES.txt'
[3.727s] reading manifest file '../build/py_srvcli/py_srvcli.egg-info/SOURCES.txt'
[3.741s] writing manifest file '../build/py_srvcli/py_srvcli.egg-info/SOURCES.txt'
[3.753s] running build
[3.753s] running build_py
[3.757s] creating /home/robot/Software/ROS2/Scrap/scrap_ws/src/build/py_srvcli/build
[3.759s] creating /home/robot/Software/ROS2/Scrap/scrap_ws/src/build/py_srvcli/build/lib
[3.763s] creating /home/robot/Software/ROS2/Scrap/scrap_ws/src/build/py_srvcli/build/lib/py_srvcli
[3.774s] copying py_srvcli/client_member_function.py -> /home/robot/Software/ROS2/Scrap/scrap_ws/src/build/py_srvcli/build/lib/py_srvcli
[3.793s] copying py_srvcli/service_member_function.py -> /home/robot/Software/ROS2/Scrap/scrap_ws/src/build/py_srvcli/build/lib/py_srvcli
[3.812s] copying py_srvcli/__init__.py -> /home/robot/Software/ROS2/Scrap/scrap_ws/src/build/py_srvcli/build/lib/py_srvcli
[3.821s] running install
[3.824s] running install_lib
[3.840s] creating /home/robot/Software/ROS2/Scrap/scrap_ws/src/install/py_srvcli/lib/python3.8/site-packages/py_srvcli
[3.846s] copying /home/robot/Software/ROS2/Scrap/scrap_ws/src/build/py_srvcli/build/lib/py_srvcli/__init__.py -> /home/robot/Software/ROS2/Scrap/scrap_ws/src/install/py_srvcli/lib/python3.8/site-packages/py_srvcli
[3.858s] copying /home/robot/Software/ROS2/Scrap/scrap_ws/src/build/py_srvcli/build/lib/py_srvcli/client_member_function.py -> /home/robot/Software/ROS2/Scrap/scrap_ws/src/install/py_srvcli/lib/python3.8/site-packages/py_srvcli
[3.875s] copying /home/robot/Software/ROS2/Scrap/scrap_ws/src/build/py_srvcli/build/lib/py_srvcli/service_member_function.py -> /home/robot/Software/ROS2/Scrap/scrap_ws/src/install/py_srvcli/lib/python3.8/site-packages/py_srvcli
[3.901s] byte-compiling /home/robot/Software/ROS2/Scrap/scrap_ws/src/install/py_srvcli/lib/python3.8/site-packages/py_srvcli/__init__.py to __init__.cpython-38.pyc
[3.930s] byte-compiling /home/robot/Software/ROS2/Scrap/scrap_ws/src/install/py_srvcli/lib/python3.8/site-packages/py_srvcli/client_member_function.py to client_member_function.cpython-38.pyc
[3.953s] byte-compiling /home/robot/Software/ROS2/Scrap/scrap_ws/src/install/py_srvcli/lib/python3.8/site-packages/py_srvcli/service_member_function.py to service_member_function.cpython-38.pyc
[3.971s] running install_data
[3.975s] creating /home/robot/Software/ROS2/Scrap/scrap_ws/src/install/py_srvcli/share/ament_index
[3.976s] creating /home/robot/Software/ROS2/Scrap/scrap_ws/src/install/py_srvcli/share/ament_index/resource_index
[3.981s] creating /home/robot/Software/ROS2/Scrap/scrap_ws/src/install/py_srvcli/share/ament_index/resource_index/packages
[3.988s] copying resource/py_srvcli -> /home/robot/Software/ROS2/Scrap/scrap_ws/src/install/py_srvcli/share/ament_index/resource_index/packages
[4.000s] copying package.xml -> /home/robot/Software/ROS2/Scrap/scrap_ws/src/install/py_srvcli/share/py_srvcli
[4.013s] running install_egg_info
[4.023s] Copying ../build/py_srvcli/py_srvcli.egg-info to /home/robot/Software/ROS2/Scrap/scrap_ws/src/install/py_srvcli/lib/python3.8/site-packages/py_srvcli-0.0.0-py3.8.egg-info
[4.165s] running install_scripts
[4.241s] Installing client script to /home/robot/Software/ROS2/Scrap/scrap_ws/src/install/py_srvcli/lib/py_srvcli
[4.261s] Installing service script to /home/robot/Software/ROS2/Scrap/scrap_ws/src/install/py_srvcli/lib/py_srvcli
[4.277s] writing list of installed files to '/home/robot/Software/ROS2/Scrap/scrap_ws/src/build/py_srvcli/install.log'
[4.641s] Invoked command in '/home/robot/Software/ROS2/Scrap/scrap_ws/src/py_srvcli' returned '0': PYTHONPATH=/home/robot/Software/ROS2/Scrap/scrap_ws/src/install/py_srvcli/lib/python3.8/site-packages:${PYTHONPATH} /usr/bin/python3 setup.py egg_info --egg-base ../build/py_srvcli build --build-base /home/robot/Software/ROS2/Scrap/scrap_ws/src/build/py_srvcli/build install --prefix /home/robot/Software/ROS2/Scrap/scrap_ws/src/install/py_srvcli --record /home/robot/Software/ROS2/Scrap/scrap_ws/src/build/py_srvcli/install.log --single-version-externally-managed
