[2.037s] Invoking command in '/home/paolo/NAS/Software/ROS2/service_client_ws/src/py_pubsub': PYTHONPATH=/home/paolo/NAS/Software/ROS2/service_client_ws/install/py_pubsub/lib/python3.8/site-packages:${PYTHONPATH} /usr/bin/python3 setup.py egg_info --egg-base ../../build/py_pubsub build --build-base /home/paolo/NAS/Software/ROS2/service_client_ws/build/py_pubsub/build install --prefix /home/paolo/NAS/Software/ROS2/service_client_ws/install/py_pubsub --record /home/paolo/NAS/Software/ROS2/service_client_ws/build/py_pubsub/install.log --single-version-externally-managed
[2.442s] running egg_info
[2.448s] writing ../../build/py_pubsub/py_pubsub.egg-info/PKG-INFO
[2.469s] writing dependency_links to ../../build/py_pubsub/py_pubsub.egg-info/dependency_links.txt
[2.498s] writing entry points to ../../build/py_pubsub/py_pubsub.egg-info/entry_points.txt
[2.515s] writing requirements to ../../build/py_pubsub/py_pubsub.egg-info/requires.txt
[2.533s] writing top-level names to ../../build/py_pubsub/py_pubsub.egg-info/top_level.txt
[2.680s] reading manifest file '../../build/py_pubsub/py_pubsub.egg-info/SOURCES.txt'
[2.705s] writing manifest file '../../build/py_pubsub/py_pubsub.egg-info/SOURCES.txt'
[2.721s] running build
[2.722s] running build_py
[2.741s] copying py_pubsub/subscriber_member_function.py -> /home/paolo/NAS/Software/ROS2/service_client_ws/build/py_pubsub/build/lib/py_pubsub
[2.772s] running install
[2.783s] running install_lib
[2.790s] copying /home/paolo/NAS/Software/ROS2/service_client_ws/build/py_pubsub/build/lib/py_pubsub/subscriber_member_function.py -> /home/paolo/NAS/Software/ROS2/service_client_ws/install/py_pubsub/lib/python3.8/site-packages/py_pubsub
[2.835s] byte-compiling /home/paolo/NAS/Software/ROS2/service_client_ws/install/py_pubsub/lib/python3.8/site-packages/py_pubsub/subscriber_member_function.py to subscriber_member_function.cpython-38.pyc
[2.879s] running install_data
[2.895s] running install_egg_info
[2.916s] removing '/home/paolo/NAS/Software/ROS2/service_client_ws/install/py_pubsub/lib/python3.8/site-packages/py_pubsub-0.0.0-py3.8.egg-info' (and everything under it)
[2.966s] Copying ../../build/py_pubsub/py_pubsub.egg-info to /home/paolo/NAS/Software/ROS2/service_client_ws/install/py_pubsub/lib/python3.8/site-packages/py_pubsub-0.0.0-py3.8.egg-info
[3.200s] running install_scripts
[3.247s] Installing listener script to /home/paolo/NAS/Software/ROS2/service_client_ws/install/py_pubsub/lib/py_pubsub
[3.261s] Installing talker script to /home/paolo/NAS/Software/ROS2/service_client_ws/install/py_pubsub/lib/py_pubsub
[3.278s] writing list of installed files to '/home/paolo/NAS/Software/ROS2/service_client_ws/build/py_pubsub/install.log'
[3.811s] Invoked command in '/home/paolo/NAS/Software/ROS2/service_client_ws/src/py_pubsub' returned '0': PYTHONPATH=/home/paolo/NAS/Software/ROS2/service_client_ws/install/py_pubsub/lib/python3.8/site-packages:${PYTHONPATH} /usr/bin/python3 setup.py egg_info --egg-base ../../build/py_pubsub build --build-base /home/paolo/NAS/Software/ROS2/service_client_ws/build/py_pubsub/build install --prefix /home/paolo/NAS/Software/ROS2/service_client_ws/install/py_pubsub --record /home/paolo/NAS/Software/ROS2/service_client_ws/build/py_pubsub/install.log --single-version-externally-managed
