[01m[K/home/paolo/NAS/Software/ROS2/Madox/madox_ws/src/ros2_IMU/src/imu.cpp:[m[K In constructor ‘[01m[KImuNode::ImuNode(const rclcpp::NodeOptions&)[m[K’:
[01m[K/home/paolo/NAS/Software/ROS2/Madox/madox_ws/src/ros2_IMU/src/imu.cpp:43:9:[m[K [01;35m[Kwarning: [m[Kunused variable ‘[01m[Kx[m[K’ [[01;35m[K-Wunused-variable[m[K]
   43 |     int [01;35m[Kx[m[K = init_imu();
      |         [01;35m[K^[m[K
[01m[K/home/paolo/NAS/Software/ROS2/Madox/madox_ws/src/ros2_IMU/src/imu.cpp:[m[K In member function ‘[01m[Kint ImuNode::init_imu()[m[K’:
[01m[K/home/paolo/NAS/Software/ROS2/Madox/madox_ws/src/ros2_IMU/src/imu.cpp:72:9:[m[K [01;35m[Kwarning: [m[Kunused variable ‘[01m[KsampleCount[m[K’ [[01;35m[K-Wunused-variable[m[K]
   72 |     int [01;35m[KsampleCount[m[K = 0;
      |         [01;35m[K^~~~~~~~~~~[m[K
[01m[K/home/paolo/NAS/Software/ROS2/Madox/madox_ws/src/ros2_IMU/src/imu.cpp:73:9:[m[K [01;35m[Kwarning: [m[Kunused variable ‘[01m[KsampleRate[m[K’ [[01;35m[K-Wunused-variable[m[K]
   73 |     int [01;35m[KsampleRate[m[K  = 0;
      |         [01;35m[K^~~~~~~~~~[m[K
[01m[K/home/paolo/NAS/Software/ROS2/Madox/madox_ws/src/ros2_IMU/src/imu.cpp:74:14:[m[K [01;35m[Kwarning: [m[Kvariable ‘[01m[KrateTimer[m[K’ set but not used [[01;35m[K-Wunused-but-set-variable[m[K]
   74 |     uint64_t [01;35m[KrateTimer[m[K;
      |              [01;35m[K^~~~~~~~~[m[K
[01m[K/home/paolo/NAS/Software/ROS2/Madox/madox_ws/src/ros2_IMU/src/imu.cpp:76:14:[m[K [01;35m[Kwarning: [m[Kunused variable ‘[01m[Know[m[K’ [[01;35m[K-Wunused-variable[m[K]
   76 |     uint64_t [01;35m[Know[m[K;
      |              [01;35m[K^~~[m[K
[01m[K/home/paolo/NAS/Software/ROS2/Madox/madox_ws/src/ros2_IMU/src/imu.cpp:[m[K In member function ‘[01m[Kvoid ImuNode::PubImuData()[m[K’:
[01m[K/home/paolo/NAS/Software/ROS2/Madox/madox_ws/src/ros2_IMU/src/imu.cpp:109:12:[m[K [01;35m[Kwarning: [m[Kunused variable ‘[01m[Kframe_id[m[K’ [[01;35m[K-Wunused-variable[m[K]
  109 |     size_t [01;35m[Kframe_id[m[K = 0;
      |            [01;35m[K^~~~~~~~[m[K
