[0.928s] Invoking command in '/home/paolo/NAS/Software/ROS2/Scrap/scrap_ws/src/py_srvcli': PYTHONPATH=/home/paolo/NAS/Software/ROS2/Scrap/scrap_ws/install/py_srvcli/lib/python3.8/site-packages:${PYTHONPATH} /usr/bin/python3 setup.py egg_info --egg-base ../../build/py_srvcli build --build-base /home/paolo/NAS/Software/ROS2/Scrap/scrap_ws/build/py_srvcli/build install --prefix /home/paolo/NAS/Software/ROS2/Scrap/scrap_ws/install/py_srvcli --record /home/paolo/NAS/Software/ROS2/Scrap/scrap_ws/build/py_srvcli/install.log --single-version-externally-managed
[1.250s] running egg_info
[1.253s] writing ../../build/py_srvcli/py_srvcli.egg-info/PKG-INFO
[1.276s] writing dependency_links to ../../build/py_srvcli/py_srvcli.egg-info/dependency_links.txt
[1.298s] writing entry points to ../../build/py_srvcli/py_srvcli.egg-info/entry_points.txt
[1.318s] writing requirements to ../../build/py_srvcli/py_srvcli.egg-info/requires.txt
[1.335s] writing top-level names to ../../build/py_srvcli/py_srvcli.egg-info/top_level.txt
[1.406s] reading manifest file '../../build/py_srvcli/py_srvcli.egg-info/SOURCES.txt'
[1.430s] writing manifest file '../../build/py_srvcli/py_srvcli.egg-info/SOURCES.txt'
[1.440s] running build
[1.440s] running build_py
[1.452s] running install
[1.453s] running install_lib
[1.480s] running install_data
[1.486s] running install_egg_info
[1.493s] removing '/home/paolo/NAS/Software/ROS2/Scrap/scrap_ws/install/py_srvcli/lib/python3.8/site-packages/py_srvcli-0.0.0-py3.8.egg-info' (and everything under it)
[1.539s] Copying ../../build/py_srvcli/py_srvcli.egg-info to /home/paolo/NAS/Software/ROS2/Scrap/scrap_ws/install/py_srvcli/lib/python3.8/site-packages/py_srvcli-0.0.0-py3.8.egg-info
[1.781s] running install_scripts
[1.851s] Installing client script to /home/paolo/NAS/Software/ROS2/Scrap/scrap_ws/install/py_srvcli/lib/py_srvcli
[1.869s] Installing service script to /home/paolo/NAS/Software/ROS2/Scrap/scrap_ws/install/py_srvcli/lib/py_srvcli
[1.888s] writing list of installed files to '/home/paolo/NAS/Software/ROS2/Scrap/scrap_ws/build/py_srvcli/install.log'
[2.260s] Invoked command in '/home/paolo/NAS/Software/ROS2/Scrap/scrap_ws/src/py_srvcli' returned '0': PYTHONPATH=/home/paolo/NAS/Software/ROS2/Scrap/scrap_ws/install/py_srvcli/lib/python3.8/site-packages:${PYTHONPATH} /usr/bin/python3 setup.py egg_info --egg-base ../../build/py_srvcli build --build-base /home/paolo/NAS/Software/ROS2/Scrap/scrap_ws/build/py_srvcli/build install --prefix /home/paolo/NAS/Software/ROS2/Scrap/scrap_ws/install/py_srvcli --record /home/paolo/NAS/Software/ROS2/Scrap/scrap_ws/build/py_srvcli/install.log --single-version-externally-managed
