[2.187s] Invoking command in '/home/robot/Software/ROS2/Scrap/scrap_ws/src/py_srvcli': PYTHONPATH=/home/robot/Software/ROS2/Scrap/scrap_ws/install/py_srvcli/lib/python3.8/site-packages:${PYTHONPATH} /usr/bin/python3 setup.py egg_info --egg-base ../../build/py_srvcli build --build-base /home/robot/Software/ROS2/Scrap/scrap_ws/build/py_srvcli/build install --prefix /home/robot/Software/ROS2/Scrap/scrap_ws/install/py_srvcli --record /home/robot/Software/ROS2/Scrap/scrap_ws/build/py_srvcli/install.log --single-version-externally-managed
[3.044s] running egg_info
[3.049s] writing ../../build/py_srvcli/py_srvcli.egg-info/PKG-INFO
[3.065s] writing dependency_links to ../../build/py_srvcli/py_srvcli.egg-info/dependency_links.txt
[3.076s] writing entry points to ../../build/py_srvcli/py_srvcli.egg-info/entry_points.txt
[3.086s] writing requirements to ../../build/py_srvcli/py_srvcli.egg-info/requires.txt
[3.097s] writing top-level names to ../../build/py_srvcli/py_srvcli.egg-info/top_level.txt
[3.286s] reading manifest file '../../build/py_srvcli/py_srvcli.egg-info/SOURCES.txt'
[3.298s] writing manifest file '../../build/py_srvcli/py_srvcli.egg-info/SOURCES.txt'
[3.311s] running build
[3.311s] running build_py
[3.335s] running install
[3.339s] running install_lib
[3.369s] running install_data
[3.384s] running install_egg_info
[3.392s] removing '/home/robot/Software/ROS2/Scrap/scrap_ws/install/py_srvcli/lib/python3.8/site-packages/py_srvcli-0.0.0-py3.8.egg-info' (and everything under it)
[3.432s] Copying ../../build/py_srvcli/py_srvcli.egg-info to /home/robot/Software/ROS2/Scrap/scrap_ws/install/py_srvcli/lib/python3.8/site-packages/py_srvcli-0.0.0-py3.8.egg-info
[3.608s] running install_scripts
[3.700s] Installing client script to /home/robot/Software/ROS2/Scrap/scrap_ws/install/py_srvcli/lib/py_srvcli
[3.723s] Installing service script to /home/robot/Software/ROS2/Scrap/scrap_ws/install/py_srvcli/lib/py_srvcli
[3.742s] writing list of installed files to '/home/robot/Software/ROS2/Scrap/scrap_ws/build/py_srvcli/install.log'
[3.857s] Invoked command in '/home/robot/Software/ROS2/Scrap/scrap_ws/src/py_srvcli' returned '0': PYTHONPATH=/home/robot/Software/ROS2/Scrap/scrap_ws/install/py_srvcli/lib/python3.8/site-packages:${PYTHONPATH} /usr/bin/python3 setup.py egg_info --egg-base ../../build/py_srvcli build --build-base /home/robot/Software/ROS2/Scrap/scrap_ws/build/py_srvcli/build install --prefix /home/robot/Software/ROS2/Scrap/scrap_ws/install/py_srvcli --record /home/robot/Software/ROS2/Scrap/scrap_ws/build/py_srvcli/install.log --single-version-externally-managed
