[5.331s] Invoking command in '/home/robot/Software/ROS2/Madox/madox_ws/src/py_drive': PYTHONPATH=/home/robot/Software/ROS2/Madox/madox_ws/install/py_drive/lib/python3.8/site-packages:${PYTHONPATH} /usr/bin/python3 setup.py egg_info --egg-base ../../build/py_drive build --build-base /home/robot/Software/ROS2/Madox/madox_ws/build/py_drive/build install --prefix /home/robot/Software/ROS2/Madox/madox_ws/install/py_drive --record /home/robot/Software/ROS2/Madox/madox_ws/build/py_drive/install.log --single-version-externally-managed
[6.398s] /home/robot/.local/lib/python3.8/site-packages/setuptools/dist.py:642: UserWarning: Usage of dash-separated 'script-dir' will not be supported in future versions. Please use the underscore name 'script_dir' instead
[6.399s]   warnings.warn(
[6.399s] /home/robot/.local/lib/python3.8/site-packages/setuptools/dist.py:642: UserWarning: Usage of dash-separated 'install-scripts' will not be supported in future versions. Please use the underscore name 'install_scripts' instead
[6.400s]   warnings.warn(
[6.540s] running egg_info
[6.549s] writing ../../build/py_drive/py_drive.egg-info/PKG-INFO
[6.573s] writing dependency_links to ../../build/py_drive/py_drive.egg-info/dependency_links.txt
[6.589s] writing entry points to ../../build/py_drive/py_drive.egg-info/entry_points.txt
[6.604s] writing requirements to ../../build/py_drive/py_drive.egg-info/requires.txt
[6.616s] writing top-level names to ../../build/py_drive/py_drive.egg-info/top_level.txt
[6.862s] reading manifest file '../../build/py_drive/py_drive.egg-info/SOURCES.txt'
[6.879s] writing manifest file '../../build/py_drive/py_drive.egg-info/SOURCES.txt'
[6.890s] running build
[6.891s] running build_py
[6.967s] running install
[6.967s] running install_lib
[6.970s] running install_data
[6.981s] running install_egg_info
[6.997s] removing '/home/robot/Software/ROS2/Madox/madox_ws/install/py_drive/lib/python3.8/site-packages/py_drive-0.0.0-py3.8.egg-info' (and everything under it)
[7.035s] Copying ../../build/py_drive/py_drive.egg-info to /home/robot/Software/ROS2/Madox/madox_ws/install/py_drive/lib/python3.8/site-packages/py_drive-0.0.0-py3.8.egg-info
[7.177s] running install_scripts
[7.256s] Installing listener script to /home/robot/Software/ROS2/Madox/madox_ws/install/py_drive/lib/py_drive
[7.269s] Installing talker script to /home/robot/Software/ROS2/Madox/madox_ws/install/py_drive/lib/py_drive
[7.288s] writing list of installed files to '/home/robot/Software/ROS2/Madox/madox_ws/build/py_drive/install.log'
