[3.709s] Invoking command in '/home/robot/Software/ROS2/Madox/madox_ws/build/py_drive': PYTHONPATH=/home/robot/Software/ROS2/Madox/madox_ws/install/py_drive/lib/python3.8/site-packages:${PYTHONPATH} /usr/bin/python3 setup.py develop --prefix /home/robot/Software/ROS2/Madox/madox_ws/install/py_drive --uninstall --editable --build-directory /home/robot/Software/ROS2/Madox/madox_ws/build/py_drive/build
[4.610s] /home/robot/.local/lib/python3.8/site-packages/setuptools/dist.py:642: UserWarning: Usage of dash-separated 'script-dir' will not be supported in future versions. Please use the underscore name 'script_dir' instead
[4.611s]   warnings.warn(
[4.611s] /home/robot/.local/lib/python3.8/site-packages/setuptools/dist.py:642: UserWarning: Usage of dash-separated 'install-scripts' will not be supported in future versions. Please use the underscore name 'install_scripts' instead
[4.612s]   warnings.warn(
[4.836s] running develop
[5.599s] Invoked command in '/home/robot/Software/ROS2/Madox/madox_ws/build/py_drive' returned '0': PYTHONPATH=/home/robot/Software/ROS2/Madox/madox_ws/install/py_drive/lib/python3.8/site-packages:${PYTHONPATH} /usr/bin/python3 setup.py develop --prefix /home/robot/Software/ROS2/Madox/madox_ws/install/py_drive --uninstall --editable --build-directory /home/robot/Software/ROS2/Madox/madox_ws/build/py_drive/build
[5.609s] Invoking command in '/home/robot/Software/ROS2/Madox/madox_ws/src/py_drive': PYTHONPATH=/home/robot/Software/ROS2/Madox/madox_ws/install/py_drive/lib/python3.8/site-packages:${PYTHONPATH} /usr/bin/python3 setup.py egg_info --egg-base ../../build/py_drive build --build-base /home/robot/Software/ROS2/Madox/madox_ws/build/py_drive/build install --prefix /home/robot/Software/ROS2/Madox/madox_ws/install/py_drive --record /home/robot/Software/ROS2/Madox/madox_ws/build/py_drive/install.log --single-version-externally-managed
[6.501s] /home/robot/.local/lib/python3.8/site-packages/setuptools/dist.py:642: UserWarning: Usage of dash-separated 'script-dir' will not be supported in future versions. Please use the underscore name 'script_dir' instead
[6.501s]   warnings.warn(
[6.502s] /home/robot/.local/lib/python3.8/site-packages/setuptools/dist.py:642: UserWarning: Usage of dash-separated 'install-scripts' will not be supported in future versions. Please use the underscore name 'install_scripts' instead
[6.503s]   warnings.warn(
[6.646s] running egg_info
[6.651s] writing ../../build/py_drive/py_drive.egg-info/PKG-INFO
[6.667s] writing dependency_links to ../../build/py_drive/py_drive.egg-info/dependency_links.txt
[6.678s] writing entry points to ../../build/py_drive/py_drive.egg-info/entry_points.txt
[6.688s] writing requirements to ../../build/py_drive/py_drive.egg-info/requires.txt
[6.700s] writing top-level names to ../../build/py_drive/py_drive.egg-info/top_level.txt
[6.906s] reading manifest file '../../build/py_drive/py_drive.egg-info/SOURCES.txt'
[6.914s] writing manifest file '../../build/py_drive/py_drive.egg-info/SOURCES.txt'
[6.924s] running build
[6.924s] running build_py
[6.946s] running install
[6.949s] running install_lib
[6.983s] running install_data
[6.996s] running install_egg_info
[7.004s] removing '/home/robot/Software/ROS2/Madox/madox_ws/install/py_drive/lib/python3.8/site-packages/py_drive-0.0.0-py3.8.egg-info' (and everything under it)
[7.037s] Copying ../../build/py_drive/py_drive.egg-info to /home/robot/Software/ROS2/Madox/madox_ws/install/py_drive/lib/python3.8/site-packages/py_drive-0.0.0-py3.8.egg-info
[7.170s] running install_scripts
[7.257s] Installing listener script to /home/robot/Software/ROS2/Madox/madox_ws/install/py_drive/lib/py_drive
[7.275s] Installing talker script to /home/robot/Software/ROS2/Madox/madox_ws/install/py_drive/lib/py_drive
[7.292s] writing list of installed files to '/home/robot/Software/ROS2/Madox/madox_ws/build/py_drive/install.log'
[7.414s] Invoked command in '/home/robot/Software/ROS2/Madox/madox_ws/src/py_drive' returned '0': PYTHONPATH=/home/robot/Software/ROS2/Madox/madox_ws/install/py_drive/lib/python3.8/site-packages:${PYTHONPATH} /usr/bin/python3 setup.py egg_info --egg-base ../../build/py_drive build --build-base /home/robot/Software/ROS2/Madox/madox_ws/build/py_drive/build install --prefix /home/robot/Software/ROS2/Madox/madox_ws/install/py_drive --record /home/robot/Software/ROS2/Madox/madox_ws/build/py_drive/install.log --single-version-externally-managed
