[1.652s] Invoking command in '/home/robot/Software/ROS2/Madox/madox_ws/src/camera': PYTHONPATH=/home/robot/Software/ROS2/Madox/madox_ws/install/camera/lib/python3.8/site-packages:${PYTHONPATH} /usr/bin/python3 setup.py egg_info --egg-base ../../build/camera build --build-base /home/robot/Software/ROS2/Madox/madox_ws/build/camera/build install --prefix /home/robot/Software/ROS2/Madox/madox_ws/install/camera --record /home/robot/Software/ROS2/Madox/madox_ws/build/camera/install.log --single-version-externally-managed
[2.581s] /home/robot/.local/lib/python3.8/site-packages/setuptools/dist.py:642: UserWarning: Usage of dash-separated 'script-dir' will not be supported in future versions. Please use the underscore name 'script_dir' instead
[2.581s]   warnings.warn(
[2.581s] /home/robot/.local/lib/python3.8/site-packages/setuptools/dist.py:642: UserWarning: Usage of dash-separated 'install-scripts' will not be supported in future versions. Please use the underscore name 'install_scripts' instead
[2.582s]   warnings.warn(
[2.712s] running egg_info
[2.714s] creating ../../build/camera/camera.egg-info
[2.719s] writing ../../build/camera/camera.egg-info/PKG-INFO
[2.744s] writing dependency_links to ../../build/camera/camera.egg-info/dependency_links.txt
[2.761s] writing entry points to ../../build/camera/camera.egg-info/entry_points.txt
[2.772s] writing requirements to ../../build/camera/camera.egg-info/requires.txt
[2.783s] writing top-level names to ../../build/camera/camera.egg-info/top_level.txt
[2.801s] writing manifest file '../../build/camera/camera.egg-info/SOURCES.txt'
[2.993s] reading manifest file '../../build/camera/camera.egg-info/SOURCES.txt'
[3.005s] writing manifest file '../../build/camera/camera.egg-info/SOURCES.txt'
[3.020s] running build
[3.021s] running build_py
[3.024s] creating /home/robot/Software/ROS2/Madox/madox_ws/build/camera/build
[3.026s] creating /home/robot/Software/ROS2/Madox/madox_ws/build/camera/build/lib
[3.031s] creating /home/robot/Software/ROS2/Madox/madox_ws/build/camera/build/lib/camera
[3.040s] copying camera/server.py -> /home/robot/Software/ROS2/Madox/madox_ws/build/camera/build/lib/camera
[3.061s] copying camera/__init__.py -> /home/robot/Software/ROS2/Madox/madox_ws/build/camera/build/lib/camera
[3.068s] copying camera/camera.py -> /home/robot/Software/ROS2/Madox/madox_ws/build/camera/build/lib/camera
[3.086s] copying camera/debounce.py -> /home/robot/Software/ROS2/Madox/madox_ws/build/camera/build/lib/camera
[3.105s] copying camera/log.py -> /home/robot/Software/ROS2/Madox/madox_ws/build/camera/build/lib/camera
[3.125s] running install
[3.131s] running install_lib
[3.150s] creating /home/robot/Software/ROS2/Madox/madox_ws/install/camera/lib/python3.8/site-packages/camera
[3.158s] copying /home/robot/Software/ROS2/Madox/madox_ws/build/camera/build/lib/camera/camera.py -> /home/robot/Software/ROS2/Madox/madox_ws/install/camera/lib/python3.8/site-packages/camera
[3.183s] copying /home/robot/Software/ROS2/Madox/madox_ws/build/camera/build/lib/camera/debounce.py -> /home/robot/Software/ROS2/Madox/madox_ws/install/camera/lib/python3.8/site-packages/camera
[3.206s] copying /home/robot/Software/ROS2/Madox/madox_ws/build/camera/build/lib/camera/log.py -> /home/robot/Software/ROS2/Madox/madox_ws/install/camera/lib/python3.8/site-packages/camera
[3.229s] copying /home/robot/Software/ROS2/Madox/madox_ws/build/camera/build/lib/camera/server.py -> /home/robot/Software/ROS2/Madox/madox_ws/install/camera/lib/python3.8/site-packages/camera
[3.258s] copying /home/robot/Software/ROS2/Madox/madox_ws/build/camera/build/lib/camera/__init__.py -> /home/robot/Software/ROS2/Madox/madox_ws/install/camera/lib/python3.8/site-packages/camera
[3.285s] byte-compiling /home/robot/Software/ROS2/Madox/madox_ws/install/camera/lib/python3.8/site-packages/camera/camera.py to camera.cpython-38.pyc
[3.331s] byte-compiling /home/robot/Software/ROS2/Madox/madox_ws/install/camera/lib/python3.8/site-packages/camera/debounce.py to debounce.cpython-38.pyc
[3.359s] byte-compiling /home/robot/Software/ROS2/Madox/madox_ws/install/camera/lib/python3.8/site-packages/camera/log.py to log.cpython-38.pyc
[3.386s] byte-compiling /home/robot/Software/ROS2/Madox/madox_ws/install/camera/lib/python3.8/site-packages/camera/server.py to server.cpython-38.pyc
[3.423s] byte-compiling /home/robot/Software/ROS2/Madox/madox_ws/install/camera/lib/python3.8/site-packages/camera/__init__.py to __init__.cpython-38.pyc
[3.444s] running install_data
[3.453s] creating /home/robot/Software/ROS2/Madox/madox_ws/install/camera/share/ament_index
[3.455s] creating /home/robot/Software/ROS2/Madox/madox_ws/install/camera/share/ament_index/resource_index
[3.460s] creating /home/robot/Software/ROS2/Madox/madox_ws/install/camera/share/ament_index/resource_index/packages
[3.470s] copying resource/camera -> /home/robot/Software/ROS2/Madox/madox_ws/install/camera/share/ament_index/resource_index/packages
[3.484s] copying package.xml -> /home/robot/Software/ROS2/Madox/madox_ws/install/camera/share/camera
[3.501s] running install_egg_info
[3.522s] Copying ../../build/camera/camera.egg-info to /home/robot/Software/ROS2/Madox/madox_ws/install/camera/lib/python3.8/site-packages/camera-1.0.0-py3.8.egg-info
[3.692s] running install_scripts
[3.776s] Installing ros2_camera script to /home/robot/Software/ROS2/Madox/madox_ws/install/camera/lib/camera
[3.795s] writing list of installed files to '/home/robot/Software/ROS2/Madox/madox_ws/build/camera/install.log'
[3.907s] Invoked command in '/home/robot/Software/ROS2/Madox/madox_ws/src/camera' returned '0': PYTHONPATH=/home/robot/Software/ROS2/Madox/madox_ws/install/camera/lib/python3.8/site-packages:${PYTHONPATH} /usr/bin/python3 setup.py egg_info --egg-base ../../build/camera build --build-base /home/robot/Software/ROS2/Madox/madox_ws/build/camera/build install --prefix /home/robot/Software/ROS2/Madox/madox_ws/install/camera --record /home/robot/Software/ROS2/Madox/madox_ws/build/camera/install.log --single-version-externally-managed
