[1.772s] Invoking command in '/home/robot/Software/ROS2/Madox/madox_ws/src/py_camera': PYTHONPATH=/home/robot/Software/ROS2/Madox/madox_ws/install/py_camera/lib/python3.8/site-packages:${PYTHONPATH} /usr/bin/python3 setup.py egg_info --egg-base ../../build/py_camera build --build-base /home/robot/Software/ROS2/Madox/madox_ws/build/py_camera/build install --prefix /home/robot/Software/ROS2/Madox/madox_ws/install/py_camera --record /home/robot/Software/ROS2/Madox/madox_ws/build/py_camera/install.log --single-version-externally-managed
[2.530s] /home/robot/.local/lib/python3.8/site-packages/setuptools/dist.py:642: UserWarning: Usage of dash-separated 'script-dir' will not be supported in future versions. Please use the underscore name 'script_dir' instead
[2.531s]   warnings.warn(
[2.531s] /home/robot/.local/lib/python3.8/site-packages/setuptools/dist.py:642: UserWarning: Usage of dash-separated 'install-scripts' will not be supported in future versions. Please use the underscore name 'install_scripts' instead
[2.532s]   warnings.warn(
[2.656s] running egg_info
[2.660s] creating ../../build/py_camera/py_camera.egg-info
[2.664s] writing ../../build/py_camera/py_camera.egg-info/PKG-INFO
[2.699s] writing dependency_links to ../../build/py_camera/py_camera.egg-info/dependency_links.txt
[2.718s] writing entry points to ../../build/py_camera/py_camera.egg-info/entry_points.txt
[2.733s] writing requirements to ../../build/py_camera/py_camera.egg-info/requires.txt
[2.742s] writing top-level names to ../../build/py_camera/py_camera.egg-info/top_level.txt
[2.761s] writing manifest file '../../build/py_camera/py_camera.egg-info/SOURCES.txt'
[2.939s] reading manifest file '../../build/py_camera/py_camera.egg-info/SOURCES.txt'
[2.958s] writing manifest file '../../build/py_camera/py_camera.egg-info/SOURCES.txt'
[2.965s] running build
[2.965s] running build_py
[2.970s] creating /home/robot/Software/ROS2/Madox/madox_ws/build/py_camera/build
[2.972s] creating /home/robot/Software/ROS2/Madox/madox_ws/build/py_camera/build/lib
[2.976s] creating /home/robot/Software/ROS2/Madox/madox_ws/build/py_camera/build/lib/py_camera
[2.985s] copying py_camera/camera.py -> /home/robot/Software/ROS2/Madox/madox_ws/build/py_camera/build/lib/py_camera
[3.000s] copying py_camera/server.py -> /home/robot/Software/ROS2/Madox/madox_ws/build/py_camera/build/lib/py_camera
[3.016s] copying py_camera/log.py -> /home/robot/Software/ROS2/Madox/madox_ws/build/py_camera/build/lib/py_camera
[3.035s] copying py_camera/server2.py -> /home/robot/Software/ROS2/Madox/madox_ws/build/py_camera/build/lib/py_camera
[3.056s] copying py_camera/__init__.py -> /home/robot/Software/ROS2/Madox/madox_ws/build/py_camera/build/lib/py_camera
[3.067s] running install
[3.073s] running install_lib
[3.089s] creating /home/robot/Software/ROS2/Madox/madox_ws/install/py_camera/lib/python3.8/site-packages/py_camera
[3.099s] copying /home/robot/Software/ROS2/Madox/madox_ws/build/py_camera/build/lib/py_camera/server.py -> /home/robot/Software/ROS2/Madox/madox_ws/install/py_camera/lib/python3.8/site-packages/py_camera
[3.126s] copying /home/robot/Software/ROS2/Madox/madox_ws/build/py_camera/build/lib/py_camera/log.py -> /home/robot/Software/ROS2/Madox/madox_ws/install/py_camera/lib/python3.8/site-packages/py_camera
[3.152s] copying /home/robot/Software/ROS2/Madox/madox_ws/build/py_camera/build/lib/py_camera/server2.py -> /home/robot/Software/ROS2/Madox/madox_ws/install/py_camera/lib/python3.8/site-packages/py_camera
[3.178s] copying /home/robot/Software/ROS2/Madox/madox_ws/build/py_camera/build/lib/py_camera/camera.py -> /home/robot/Software/ROS2/Madox/madox_ws/install/py_camera/lib/python3.8/site-packages/py_camera
[3.201s] copying /home/robot/Software/ROS2/Madox/madox_ws/build/py_camera/build/lib/py_camera/__init__.py -> /home/robot/Software/ROS2/Madox/madox_ws/install/py_camera/lib/python3.8/site-packages/py_camera
[3.238s] byte-compiling /home/robot/Software/ROS2/Madox/madox_ws/install/py_camera/lib/python3.8/site-packages/py_camera/server.py to server.cpython-38.pyc
[3.276s] byte-compiling /home/robot/Software/ROS2/Madox/madox_ws/install/py_camera/lib/python3.8/site-packages/py_camera/log.py to log.cpython-38.pyc
[3.309s] byte-compiling /home/robot/Software/ROS2/Madox/madox_ws/install/py_camera/lib/python3.8/site-packages/py_camera/server2.py to server2.cpython-38.pyc
[3.345s] byte-compiling /home/robot/Software/ROS2/Madox/madox_ws/install/py_camera/lib/python3.8/site-packages/py_camera/camera.py to camera.cpython-38.pyc
[3.385s] byte-compiling /home/robot/Software/ROS2/Madox/madox_ws/install/py_camera/lib/python3.8/site-packages/py_camera/__init__.py to __init__.cpython-38.pyc
[3.406s] running install_data
[3.413s] creating /home/robot/Software/ROS2/Madox/madox_ws/install/py_camera/share/ament_index
[3.417s] creating /home/robot/Software/ROS2/Madox/madox_ws/install/py_camera/share/ament_index/resource_index
[3.422s] creating /home/robot/Software/ROS2/Madox/madox_ws/install/py_camera/share/ament_index/resource_index/packages
[3.435s] copying resource/py_camera -> /home/robot/Software/ROS2/Madox/madox_ws/install/py_camera/share/ament_index/resource_index/packages
[3.451s] copying package.xml -> /home/robot/Software/ROS2/Madox/madox_ws/install/py_camera/share/py_camera
[3.468s] running install_egg_info
[3.489s] Copying ../../build/py_camera/py_camera.egg-info to /home/robot/Software/ROS2/Madox/madox_ws/install/py_camera/lib/python3.8/site-packages/py_camera-0.0.0-py3.8.egg-info
[3.673s] running install_scripts
[3.749s] Installing camera script to /home/robot/Software/ROS2/Madox/madox_ws/install/py_camera/lib/py_camera
[3.771s] writing list of installed files to '/home/robot/Software/ROS2/Madox/madox_ws/build/py_camera/install.log'
[3.885s] Invoked command in '/home/robot/Software/ROS2/Madox/madox_ws/src/py_camera' returned '0': PYTHONPATH=/home/robot/Software/ROS2/Madox/madox_ws/install/py_camera/lib/python3.8/site-packages:${PYTHONPATH} /usr/bin/python3 setup.py egg_info --egg-base ../../build/py_camera build --build-base /home/robot/Software/ROS2/Madox/madox_ws/build/py_camera/build install --prefix /home/robot/Software/ROS2/Madox/madox_ws/install/py_camera --record /home/robot/Software/ROS2/Madox/madox_ws/build/py_camera/install.log --single-version-externally-managed
