[2.983s] Invoking command in '/home/robot/Software/ROS2/Madox/madox_ws/src/py_camera': PYTHONPATH=/home/robot/Software/ROS2/Madox/madox_ws/install/py_camera/lib/python3.8/site-packages:${PYTHONPATH} /usr/bin/python3 setup.py egg_info --egg-base ../../build/py_camera build --build-base /home/robot/Software/ROS2/Madox/madox_ws/build/py_camera/build install --prefix /home/robot/Software/ROS2/Madox/madox_ws/install/py_camera --record /home/robot/Software/ROS2/Madox/madox_ws/build/py_camera/install.log --single-version-externally-managed
[3.862s] /home/robot/.local/lib/python3.8/site-packages/setuptools/dist.py:642: UserWarning: Usage of dash-separated 'script-dir' will not be supported in future versions. Please use the underscore name 'script_dir' instead
[3.862s]   warnings.warn(
[3.863s] /home/robot/.local/lib/python3.8/site-packages/setuptools/dist.py:642: UserWarning: Usage of dash-separated 'install-scripts' will not be supported in future versions. Please use the underscore name 'install_scripts' instead
[3.863s]   warnings.warn(
[4.003s] running egg_info
[4.008s] writing ../../build/py_camera/py_camera.egg-info/PKG-INFO
[4.023s] writing dependency_links to ../../build/py_camera/py_camera.egg-info/dependency_links.txt
[4.032s] writing entry points to ../../build/py_camera/py_camera.egg-info/entry_points.txt
[4.042s] writing requirements to ../../build/py_camera/py_camera.egg-info/requires.txt
[4.051s] writing top-level names to ../../build/py_camera/py_camera.egg-info/top_level.txt
[4.250s] reading manifest file '../../build/py_camera/py_camera.egg-info/SOURCES.txt'
[4.261s] writing manifest file '../../build/py_camera/py_camera.egg-info/SOURCES.txt'
[4.270s] running build
[4.270s] running build_py
[4.285s] copying py_camera/server.py -> /home/robot/Software/ROS2/Madox/madox_ws/build/py_camera/build/lib/py_camera
[4.311s] running install
[4.314s] running install_lib
[4.323s] copying /home/robot/Software/ROS2/Madox/madox_ws/build/py_camera/build/lib/py_camera/server.py -> /home/robot/Software/ROS2/Madox/madox_ws/install/py_camera/lib/python3.8/site-packages/py_camera
[4.350s] byte-compiling /home/robot/Software/ROS2/Madox/madox_ws/install/py_camera/lib/python3.8/site-packages/py_camera/server.py to server.cpython-38.pyc
[4.371s] running install_data
[4.375s] running install_egg_info
[4.381s] removing '/home/robot/Software/ROS2/Madox/madox_ws/install/py_camera/lib/python3.8/site-packages/py_camera-0.0.0-py3.8.egg-info' (and everything under it)
[4.413s] Copying ../../build/py_camera/py_camera.egg-info to /home/robot/Software/ROS2/Madox/madox_ws/install/py_camera/lib/python3.8/site-packages/py_camera-0.0.0-py3.8.egg-info
[4.551s] running install_scripts
[4.635s] Installing camera script to /home/robot/Software/ROS2/Madox/madox_ws/install/py_camera/lib/py_camera
[4.656s] writing list of installed files to '/home/robot/Software/ROS2/Madox/madox_ws/build/py_camera/install.log'
[4.780s] Invoked command in '/home/robot/Software/ROS2/Madox/madox_ws/src/py_camera' returned '0': PYTHONPATH=/home/robot/Software/ROS2/Madox/madox_ws/install/py_camera/lib/python3.8/site-packages:${PYTHONPATH} /usr/bin/python3 setup.py egg_info --egg-base ../../build/py_camera build --build-base /home/robot/Software/ROS2/Madox/madox_ws/build/py_camera/build install --prefix /home/robot/Software/ROS2/Madox/madox_ws/install/py_camera --record /home/robot/Software/ROS2/Madox/madox_ws/build/py_camera/install.log --single-version-externally-managed
