[2.165s] Invoking command in '/home/robot/Software/ROS2/Scrap/scrap_ws/src/py_srvcli': PYTHONPATH=/home/robot/Software/ROS2/Scrap/scrap_ws/install/py_srvcli/lib/python3.8/site-packages:${PYTHONPATH} /usr/bin/python3 setup.py egg_info --egg-base ../../build/py_srvcli build --build-base /home/robot/Software/ROS2/Scrap/scrap_ws/build/py_srvcli/build install --prefix /home/robot/Software/ROS2/Scrap/scrap_ws/install/py_srvcli --record /home/robot/Software/ROS2/Scrap/scrap_ws/build/py_srvcli/install.log --single-version-externally-managed
[3.017s] running egg_info
[3.024s] writing ../../build/py_srvcli/py_srvcli.egg-info/PKG-INFO
[3.036s] writing dependency_links to ../../build/py_srvcli/py_srvcli.egg-info/dependency_links.txt
[3.045s] writing entry points to ../../build/py_srvcli/py_srvcli.egg-info/entry_points.txt
[3.054s] writing requirements to ../../build/py_srvcli/py_srvcli.egg-info/requires.txt
[3.065s] writing top-level names to ../../build/py_srvcli/py_srvcli.egg-info/top_level.txt
[3.247s] reading manifest file '../../build/py_srvcli/py_srvcli.egg-info/SOURCES.txt'
[3.258s] writing manifest file '../../build/py_srvcli/py_srvcli.egg-info/SOURCES.txt'
[3.269s] running build
[3.269s] running build_py
[3.289s] running install
[3.292s] running install_lib
[3.319s] running install_data
[3.332s] running install_egg_info
[3.338s] removing '/home/robot/Software/ROS2/Scrap/scrap_ws/install/py_srvcli/lib/python3.8/site-packages/py_srvcli-0.0.0-py3.8.egg-info' (and everything under it)
[3.369s] Copying ../../build/py_srvcli/py_srvcli.egg-info to /home/robot/Software/ROS2/Scrap/scrap_ws/install/py_srvcli/lib/python3.8/site-packages/py_srvcli-0.0.0-py3.8.egg-info
[3.532s] running install_scripts
[3.627s] Installing client script to /home/robot/Software/ROS2/Scrap/scrap_ws/install/py_srvcli/lib/py_srvcli
[3.643s] Installing service script to /home/robot/Software/ROS2/Scrap/scrap_ws/install/py_srvcli/lib/py_srvcli
[3.662s] writing list of installed files to '/home/robot/Software/ROS2/Scrap/scrap_ws/build/py_srvcli/install.log'
[3.786s] Invoked command in '/home/robot/Software/ROS2/Scrap/scrap_ws/src/py_srvcli' returned '0': PYTHONPATH=/home/robot/Software/ROS2/Scrap/scrap_ws/install/py_srvcli/lib/python3.8/site-packages:${PYTHONPATH} /usr/bin/python3 setup.py egg_info --egg-base ../../build/py_srvcli build --build-base /home/robot/Software/ROS2/Scrap/scrap_ws/build/py_srvcli/build install --prefix /home/robot/Software/ROS2/Scrap/scrap_ws/install/py_srvcli --record /home/robot/Software/ROS2/Scrap/scrap_ws/build/py_srvcli/install.log --single-version-externally-managed
