[0.429s] Invoking command in '/home/robot/Software/ROS2/Madox/madox_ws/build/ros2_IMU': CMAKE_PREFIX_PATH=${CMAKE_PREFIX_PATH}:/home/robot/Software/ROS2/Madox/madox_ws/install/ros2_rtimulib:/home/robot/Software/ROS2/Madox/madox_ws/install/pid_node:/home/robot/Software/ROS2/Madox/madox_ws/install/jetbot_sys_info:/home/robot/Software/ROS2/Madox/madox_ws/install/jetbot_oled_display:/home/robot/Software/ROS2/Madox/madox_ws/install/jetbot_launch:/home/robot/Software/ROS2/Madox/madox_ws/install/jetbot_drive:/home/robot/Software/ROS2/Madox/madox_ws/install/camera_pan_tilt:/home/robot/Software/ROS2/Madox/madox_ws/install/camera:/opt/ros/foxy /usr/bin/cmake --build /home/robot/Software/ROS2/Madox/madox_ws/build/ros2_IMU -- -j4 -l4
[0.817s] [35m[1mScanning dependencies of target ros2_imu_node[0m
[1.089s] [ 50%] [32mBuilding CXX object CMakeFiles/ros2_imu_node.dir/src/imu.cpp.o[0m
[6.861s] [01m[K/home/robot/Software/ROS2/Madox/madox_ws/src/ros2_IMU/src/imu.cpp:[m[K In constructor ‘[01m[KImuNode::ImuNode(const rclcpp::NodeOptions&)[m[K’:
[6.861s] [01m[K/home/robot/Software/ROS2/Madox/madox_ws/src/ros2_IMU/src/imu.cpp:42:9:[m[K [01;35m[Kwarning: [m[Kunused variable ‘[01m[Kx[m[K’ [[01;35m[K-Wunused-variable[m[K]
[6.862s]    42 |     int [01;35m[Kx[m[K = InitParam();
[6.864s]       |         [01;35m[K^[m[K
[6.869s] [01m[K/home/robot/Software/ROS2/Madox/madox_ws/src/ros2_IMU/src/imu.cpp:[m[K In member function ‘[01m[Kint ImuNode::InitParam()[m[K’:
[6.870s] [01m[K/home/robot/Software/ROS2/Madox/madox_ws/src/ros2_IMU/src/imu.cpp:61:9:[m[K [01;35m[Kwarning: [m[Kunused variable ‘[01m[KsampleCount[m[K’ [[01;35m[K-Wunused-variable[m[K]
[6.870s]    61 |     int [01;35m[KsampleCount[m[K = 0;
[6.871s]       |         [01;35m[K^~~~~~~~~~~[m[K
[6.871s] [01m[K/home/robot/Software/ROS2/Madox/madox_ws/src/ros2_IMU/src/imu.cpp:62:9:[m[K [01;35m[Kwarning: [m[Kunused variable ‘[01m[KsampleRate[m[K’ [[01;35m[K-Wunused-variable[m[K]
[6.871s]    62 |     int [01;35m[KsampleRate[m[K  = 0;
[6.872s]       |         [01;35m[K^~~~~~~~~~[m[K
[6.872s] [01m[K/home/robot/Software/ROS2/Madox/madox_ws/src/ros2_IMU/src/imu.cpp:63:14:[m[K [01;35m[Kwarning: [m[Kvariable ‘[01m[KrateTimer[m[K’ set but not used [[01;35m[K-Wunused-but-set-variable[m[K]
[6.872s]    63 |     uint64_t [01;35m[KrateTimer[m[K;
[6.873s]       |              [01;35m[K^~~~~~~~~[m[K
[6.873s] [01m[K/home/robot/Software/ROS2/Madox/madox_ws/src/ros2_IMU/src/imu.cpp:65:14:[m[K [01;35m[Kwarning: [m[Kunused variable ‘[01m[Know[m[K’ [[01;35m[K-Wunused-variable[m[K]
[6.874s]    65 |     uint64_t [01;35m[Know[m[K;
[6.874s]       |              [01;35m[K^~~[m[K
[10.110s] [100%] [32m[1mLinking CXX executable ros2_imu_node[0m
[10.656s] [100%] Built target ros2_imu_node
[10.723s] Invoked command in '/home/robot/Software/ROS2/Madox/madox_ws/build/ros2_IMU' returned '0': CMAKE_PREFIX_PATH=${CMAKE_PREFIX_PATH}:/home/robot/Software/ROS2/Madox/madox_ws/install/ros2_rtimulib:/home/robot/Software/ROS2/Madox/madox_ws/install/pid_node:/home/robot/Software/ROS2/Madox/madox_ws/install/jetbot_sys_info:/home/robot/Software/ROS2/Madox/madox_ws/install/jetbot_oled_display:/home/robot/Software/ROS2/Madox/madox_ws/install/jetbot_launch:/home/robot/Software/ROS2/Madox/madox_ws/install/jetbot_drive:/home/robot/Software/ROS2/Madox/madox_ws/install/camera_pan_tilt:/home/robot/Software/ROS2/Madox/madox_ws/install/camera:/opt/ros/foxy /usr/bin/cmake --build /home/robot/Software/ROS2/Madox/madox_ws/build/ros2_IMU -- -j4 -l4
[10.899s] Invoking command in '/home/robot/Software/ROS2/Madox/madox_ws/build/ros2_IMU': CMAKE_PREFIX_PATH=${CMAKE_PREFIX_PATH}:/home/robot/Software/ROS2/Madox/madox_ws/install/ros2_rtimulib:/home/robot/Software/ROS2/Madox/madox_ws/install/pid_node:/home/robot/Software/ROS2/Madox/madox_ws/install/jetbot_sys_info:/home/robot/Software/ROS2/Madox/madox_ws/install/jetbot_oled_display:/home/robot/Software/ROS2/Madox/madox_ws/install/jetbot_launch:/home/robot/Software/ROS2/Madox/madox_ws/install/jetbot_drive:/home/robot/Software/ROS2/Madox/madox_ws/install/camera_pan_tilt:/home/robot/Software/ROS2/Madox/madox_ws/install/camera:/opt/ros/foxy /usr/bin/cmake --install /home/robot/Software/ROS2/Madox/madox_ws/build/ros2_IMU
[10.928s] -- Install configuration: ""
[10.939s] -- Installing: /home/robot/Software/ROS2/Madox/madox_ws/install/ros2_IMU/lib/ros2_IMU/ros2_imu_node
[11.013s] -- Set runtime path of "/home/robot/Software/ROS2/Madox/madox_ws/install/ros2_IMU/lib/ros2_IMU/ros2_imu_node" to ""
[11.024s] -- Up-to-date: /home/robot/Software/ROS2/Madox/madox_ws/install/ros2_IMU/share/ament_index/resource_index/package_run_dependencies/ros2_IMU
[11.030s] -- Up-to-date: /home/robot/Software/ROS2/Madox/madox_ws/install/ros2_IMU/share/ament_index/resource_index/parent_prefix_path/ros2_IMU
[11.043s] -- Up-to-date: /home/robot/Software/ROS2/Madox/madox_ws/install/ros2_IMU/share/ros2_IMU/environment/ament_prefix_path.sh
[11.052s] -- Up-to-date: /home/robot/Software/ROS2/Madox/madox_ws/install/ros2_IMU/share/ros2_IMU/environment/ament_prefix_path.dsv
[11.057s] -- Up-to-date: /home/robot/Software/ROS2/Madox/madox_ws/install/ros2_IMU/share/ros2_IMU/environment/path.sh
[11.065s] -- Up-to-date: /home/robot/Software/ROS2/Madox/madox_ws/install/ros2_IMU/share/ros2_IMU/environment/path.dsv
[11.070s] -- Up-to-date: /home/robot/Software/ROS2/Madox/madox_ws/install/ros2_IMU/share/ros2_IMU/local_setup.bash
[11.077s] -- Up-to-date: /home/robot/Software/ROS2/Madox/madox_ws/install/ros2_IMU/share/ros2_IMU/local_setup.sh
[11.083s] -- Up-to-date: /home/robot/Software/ROS2/Madox/madox_ws/install/ros2_IMU/share/ros2_IMU/local_setup.zsh
[11.091s] -- Up-to-date: /home/robot/Software/ROS2/Madox/madox_ws/install/ros2_IMU/share/ros2_IMU/local_setup.dsv
[11.103s] -- Installing: /home/robot/Software/ROS2/Madox/madox_ws/install/ros2_IMU/share/ros2_IMU/package.dsv
[11.140s] -- Up-to-date: /home/robot/Software/ROS2/Madox/madox_ws/install/ros2_IMU/share/ament_index/resource_index/packages/ros2_IMU
[11.148s] -- Up-to-date: /home/robot/Software/ROS2/Madox/madox_ws/install/ros2_IMU/share/ros2_IMU/cmake/ros2_IMUConfig.cmake
[11.154s] -- Up-to-date: /home/robot/Software/ROS2/Madox/madox_ws/install/ros2_IMU/share/ros2_IMU/cmake/ros2_IMUConfig-version.cmake
[11.159s] -- Up-to-date: /home/robot/Software/ROS2/Madox/madox_ws/install/ros2_IMU/share/ros2_IMU/package.xml
[11.189s] Invoked command in '/home/robot/Software/ROS2/Madox/madox_ws/build/ros2_IMU' returned '0': CMAKE_PREFIX_PATH=${CMAKE_PREFIX_PATH}:/home/robot/Software/ROS2/Madox/madox_ws/install/ros2_rtimulib:/home/robot/Software/ROS2/Madox/madox_ws/install/pid_node:/home/robot/Software/ROS2/Madox/madox_ws/install/jetbot_sys_info:/home/robot/Software/ROS2/Madox/madox_ws/install/jetbot_oled_display:/home/robot/Software/ROS2/Madox/madox_ws/install/jetbot_launch:/home/robot/Software/ROS2/Madox/madox_ws/install/jetbot_drive:/home/robot/Software/ROS2/Madox/madox_ws/install/camera_pan_tilt:/home/robot/Software/ROS2/Madox/madox_ws/install/camera:/opt/ros/foxy /usr/bin/cmake --install /home/robot/Software/ROS2/Madox/madox_ws/build/ros2_IMU
