[0.953s] Invoking command in '/home/paolo/NAS/Software/ROS2/service_client_ws/src/py_srvcli': PYTHONPATH=/home/paolo/NAS/Software/ROS2/service_client_ws/install/py_srvcli/lib/python3.8/site-packages:${PYTHONPATH} /usr/bin/python3 setup.py egg_info --egg-base ../../build/py_srvcli build --build-base /home/paolo/NAS/Software/ROS2/service_client_ws/build/py_srvcli/build install --prefix /home/paolo/NAS/Software/ROS2/service_client_ws/install/py_srvcli --record /home/paolo/NAS/Software/ROS2/service_client_ws/build/py_srvcli/install.log --single-version-externally-managed
[1.305s] running egg_info
[1.308s] writing ../../build/py_srvcli/py_srvcli.egg-info/PKG-INFO
[1.328s] writing dependency_links to ../../build/py_srvcli/py_srvcli.egg-info/dependency_links.txt
[1.352s] writing entry points to ../../build/py_srvcli/py_srvcli.egg-info/entry_points.txt
[1.369s] writing requirements to ../../build/py_srvcli/py_srvcli.egg-info/requires.txt
[1.385s] writing top-level names to ../../build/py_srvcli/py_srvcli.egg-info/top_level.txt
[1.474s] reading manifest file '../../build/py_srvcli/py_srvcli.egg-info/SOURCES.txt'
[1.494s] writing manifest file '../../build/py_srvcli/py_srvcli.egg-info/SOURCES.txt'
[1.507s] running build
[1.508s] running build_py
[1.514s] running install
[1.517s] running install_lib
[1.527s] running install_data
[1.529s] running install_egg_info
[1.538s] removing '/home/paolo/NAS/Software/ROS2/service_client_ws/install/py_srvcli/lib/python3.8/site-packages/py_srvcli-0.0.0-py3.8.egg-info' (and everything under it)
[1.586s] Copying ../../build/py_srvcli/py_srvcli.egg-info to /home/paolo/NAS/Software/ROS2/service_client_ws/install/py_srvcli/lib/python3.8/site-packages/py_srvcli-0.0.0-py3.8.egg-info
[1.809s] running install_scripts
[1.863s] Installing client script to /home/paolo/NAS/Software/ROS2/service_client_ws/install/py_srvcli/lib/py_srvcli
[1.879s] Installing service script to /home/paolo/NAS/Software/ROS2/service_client_ws/install/py_srvcli/lib/py_srvcli
[1.898s] writing list of installed files to '/home/paolo/NAS/Software/ROS2/service_client_ws/build/py_srvcli/install.log'
[1.951s] Invoked command in '/home/paolo/NAS/Software/ROS2/service_client_ws/src/py_srvcli' returned '0': PYTHONPATH=/home/paolo/NAS/Software/ROS2/service_client_ws/install/py_srvcli/lib/python3.8/site-packages:${PYTHONPATH} /usr/bin/python3 setup.py egg_info --egg-base ../../build/py_srvcli build --build-base /home/paolo/NAS/Software/ROS2/service_client_ws/build/py_srvcli/build install --prefix /home/paolo/NAS/Software/ROS2/service_client_ws/install/py_srvcli --record /home/paolo/NAS/Software/ROS2/service_client_ws/build/py_srvcli/install.log --single-version-externally-managed
