[1.049s] Invoking command in '/home/paolo/NAS/Software/ROS2/Scrap/scrap_ws/src/py_drive': PYTHONPATH=/home/paolo/NAS/Software/ROS2/Scrap/scrap_ws/install/py_drive/lib/python3.8/site-packages:${PYTHONPATH} /usr/bin/python3 setup.py egg_info --egg-base ../../build/py_drive build --build-base /home/paolo/NAS/Software/ROS2/Scrap/scrap_ws/build/py_drive/build install --prefix /home/paolo/NAS/Software/ROS2/Scrap/scrap_ws/install/py_drive --record /home/paolo/NAS/Software/ROS2/Scrap/scrap_ws/build/py_drive/install.log --single-version-externally-managed
[1.351s] running egg_info
[1.362s] writing ../../build/py_drive/py_drive.egg-info/PKG-INFO
[1.384s] writing dependency_links to ../../build/py_drive/py_drive.egg-info/dependency_links.txt
[1.407s] writing entry points to ../../build/py_drive/py_drive.egg-info/entry_points.txt
[1.429s] writing requirements to ../../build/py_drive/py_drive.egg-info/requires.txt
[1.455s] writing top-level names to ../../build/py_drive/py_drive.egg-info/top_level.txt
[1.624s] reading manifest file '../../build/py_drive/py_drive.egg-info/SOURCES.txt'
[1.644s] writing manifest file '../../build/py_drive/py_drive.egg-info/SOURCES.txt'
[1.656s] running build
[1.656s] running build_py
[1.673s] running install
[1.674s] running install_lib
[1.695s] running install_data
[1.707s] running install_egg_info
[1.710s] removing '/home/paolo/NAS/Software/ROS2/Scrap/scrap_ws/install/py_drive/lib/python3.8/site-packages/py_drive-0.0.0-py3.8.egg-info' (and everything under it)
[1.758s] Copying ../../build/py_drive/py_drive.egg-info to /home/paolo/NAS/Software/ROS2/Scrap/scrap_ws/install/py_drive/lib/python3.8/site-packages/py_drive-0.0.0-py3.8.egg-info
[1.991s] running install_scripts
[2.090s] Installing listener script to /home/paolo/NAS/Software/ROS2/Scrap/scrap_ws/install/py_drive/lib/py_drive
[2.108s] Installing talker script to /home/paolo/NAS/Software/ROS2/Scrap/scrap_ws/install/py_drive/lib/py_drive
[2.127s] writing list of installed files to '/home/paolo/NAS/Software/ROS2/Scrap/scrap_ws/build/py_drive/install.log'
[2.470s] Invoked command in '/home/paolo/NAS/Software/ROS2/Scrap/scrap_ws/src/py_drive' returned '0': PYTHONPATH=/home/paolo/NAS/Software/ROS2/Scrap/scrap_ws/install/py_drive/lib/python3.8/site-packages:${PYTHONPATH} /usr/bin/python3 setup.py egg_info --egg-base ../../build/py_drive build --build-base /home/paolo/NAS/Software/ROS2/Scrap/scrap_ws/build/py_drive/build install --prefix /home/paolo/NAS/Software/ROS2/Scrap/scrap_ws/install/py_drive --record /home/paolo/NAS/Software/ROS2/Scrap/scrap_ws/build/py_drive/install.log --single-version-externally-managed
