[1.780s] Invoking command in '/home/robot/Software/ROS2/Madox/madox_ws/src/camera': PYTHONPATH=/home/robot/Software/ROS2/Madox/madox_ws/install/camera/lib/python3.8/site-packages:${PYTHONPATH} /usr/bin/python3 setup.py egg_info --egg-base ../../build/camera build --build-base /home/robot/Software/ROS2/Madox/madox_ws/build/camera/build install --prefix /home/robot/Software/ROS2/Madox/madox_ws/install/camera --record /home/robot/Software/ROS2/Madox/madox_ws/build/camera/install.log --single-version-externally-managed
[2.701s] /home/robot/.local/lib/python3.8/site-packages/setuptools/dist.py:642: UserWarning: Usage of dash-separated 'script-dir' will not be supported in future versions. Please use the underscore name 'script_dir' instead
[2.702s]   warnings.warn(
[2.702s] /home/robot/.local/lib/python3.8/site-packages/setuptools/dist.py:642: UserWarning: Usage of dash-separated 'install-scripts' will not be supported in future versions. Please use the underscore name 'install_scripts' instead
[2.702s]   warnings.warn(
[2.829s] running egg_info
[2.833s] writing ../../build/camera/camera.egg-info/PKG-INFO
[2.850s] writing dependency_links to ../../build/camera/camera.egg-info/dependency_links.txt
[2.858s] writing entry points to ../../build/camera/camera.egg-info/entry_points.txt
[2.871s] writing requirements to ../../build/camera/camera.egg-info/requires.txt
[2.885s] writing top-level names to ../../build/camera/camera.egg-info/top_level.txt
[3.123s] reading manifest file '../../build/camera/camera.egg-info/SOURCES.txt'
[3.132s] writing manifest file '../../build/camera/camera.egg-info/SOURCES.txt'
[3.143s] running build
[3.144s] running build_py
[3.158s] copying camera/server.py -> /home/robot/Software/ROS2/Madox/madox_ws/build/camera/build/lib/camera
[3.195s] running install
[3.200s] running install_lib
[3.221s] copying /home/robot/Software/ROS2/Madox/madox_ws/build/camera/build/lib/camera/server.py -> /home/robot/Software/ROS2/Madox/madox_ws/install/camera/lib/python3.8/site-packages/camera
[3.263s] byte-compiling /home/robot/Software/ROS2/Madox/madox_ws/install/camera/lib/python3.8/site-packages/camera/server.py to server.cpython-38.pyc
[3.297s] running install_data
[3.310s] running install_egg_info
[3.318s] removing '/home/robot/Software/ROS2/Madox/madox_ws/install/camera/lib/python3.8/site-packages/camera-1.0.0-py3.8.egg-info' (and everything under it)
[3.353s] Copying ../../build/camera/camera.egg-info to /home/robot/Software/ROS2/Madox/madox_ws/install/camera/lib/python3.8/site-packages/camera-1.0.0-py3.8.egg-info
[3.512s] running install_scripts
[3.591s] Installing ros2_camera script to /home/robot/Software/ROS2/Madox/madox_ws/install/camera/lib/camera
[3.609s] writing list of installed files to '/home/robot/Software/ROS2/Madox/madox_ws/build/camera/install.log'
[3.720s] Invoked command in '/home/robot/Software/ROS2/Madox/madox_ws/src/camera' returned '0': PYTHONPATH=/home/robot/Software/ROS2/Madox/madox_ws/install/camera/lib/python3.8/site-packages:${PYTHONPATH} /usr/bin/python3 setup.py egg_info --egg-base ../../build/camera build --build-base /home/robot/Software/ROS2/Madox/madox_ws/build/camera/build install --prefix /home/robot/Software/ROS2/Madox/madox_ws/install/camera --record /home/robot/Software/ROS2/Madox/madox_ws/build/camera/install.log --single-version-externally-managed
