[1.705s] Invoking command in '/home/paolo/NAS/Software/ROS2/service_client_ws/src/py_pubsub': PYTHONPATH=/home/paolo/NAS/Software/ROS2/service_client_ws/install/py_pubsub/lib/python3.8/site-packages:${PYTHONPATH} /usr/bin/python3 setup.py egg_info --egg-base ../../build/py_pubsub build --build-base /home/paolo/NAS/Software/ROS2/service_client_ws/build/py_pubsub/build install --prefix /home/paolo/NAS/Software/ROS2/service_client_ws/install/py_pubsub --record /home/paolo/NAS/Software/ROS2/service_client_ws/build/py_pubsub/install.log --single-version-externally-managed
[2.147s] running egg_info
[2.150s] creating ../../build/py_pubsub/py_pubsub.egg-info
[2.155s] writing ../../build/py_pubsub/py_pubsub.egg-info/PKG-INFO
[2.185s] writing dependency_links to ../../build/py_pubsub/py_pubsub.egg-info/dependency_links.txt
[2.204s] writing entry points to ../../build/py_pubsub/py_pubsub.egg-info/entry_points.txt
[2.219s] writing requirements to ../../build/py_pubsub/py_pubsub.egg-info/requires.txt
[2.231s] writing top-level names to ../../build/py_pubsub/py_pubsub.egg-info/top_level.txt
[2.248s] writing manifest file '../../build/py_pubsub/py_pubsub.egg-info/SOURCES.txt'
[2.347s] reading manifest file '../../build/py_pubsub/py_pubsub.egg-info/SOURCES.txt'
[2.357s] writing manifest file '../../build/py_pubsub/py_pubsub.egg-info/SOURCES.txt'
[2.364s] running build
[2.364s] running build_py
[2.371s] creating /home/paolo/NAS/Software/ROS2/service_client_ws/build/py_pubsub/build
[2.373s] creating /home/paolo/NAS/Software/ROS2/service_client_ws/build/py_pubsub/build/lib
[2.377s] creating /home/paolo/NAS/Software/ROS2/service_client_ws/build/py_pubsub/build/lib/py_pubsub
[2.391s] copying py_pubsub/__init__.py -> /home/paolo/NAS/Software/ROS2/service_client_ws/build/py_pubsub/build/lib/py_pubsub
[2.407s] copying py_pubsub/subscriber_member_function.py -> /home/paolo/NAS/Software/ROS2/service_client_ws/build/py_pubsub/build/lib/py_pubsub
[2.433s] copying py_pubsub/publisher_member_function.py -> /home/paolo/NAS/Software/ROS2/service_client_ws/build/py_pubsub/build/lib/py_pubsub
[2.453s] running install
[2.457s] running install_lib
[2.474s] creating /home/paolo/NAS/Software/ROS2/service_client_ws/install/py_pubsub/lib/python3.8/site-packages/py_pubsub
[2.480s] copying /home/paolo/NAS/Software/ROS2/service_client_ws/build/py_pubsub/build/lib/py_pubsub/__init__.py -> /home/paolo/NAS/Software/ROS2/service_client_ws/install/py_pubsub/lib/python3.8/site-packages/py_pubsub
[2.501s] copying /home/paolo/NAS/Software/ROS2/service_client_ws/build/py_pubsub/build/lib/py_pubsub/subscriber_member_function.py -> /home/paolo/NAS/Software/ROS2/service_client_ws/install/py_pubsub/lib/python3.8/site-packages/py_pubsub
[2.532s] copying /home/paolo/NAS/Software/ROS2/service_client_ws/build/py_pubsub/build/lib/py_pubsub/publisher_member_function.py -> /home/paolo/NAS/Software/ROS2/service_client_ws/install/py_pubsub/lib/python3.8/site-packages/py_pubsub
[2.581s] byte-compiling /home/paolo/NAS/Software/ROS2/service_client_ws/install/py_pubsub/lib/python3.8/site-packages/py_pubsub/__init__.py to __init__.cpython-38.pyc
[2.625s] byte-compiling /home/paolo/NAS/Software/ROS2/service_client_ws/install/py_pubsub/lib/python3.8/site-packages/py_pubsub/subscriber_member_function.py to subscriber_member_function.cpython-38.pyc
[2.663s] byte-compiling /home/paolo/NAS/Software/ROS2/service_client_ws/install/py_pubsub/lib/python3.8/site-packages/py_pubsub/publisher_member_function.py to publisher_member_function.cpython-38.pyc
[2.695s] running install_data
[2.700s] creating /home/paolo/NAS/Software/ROS2/service_client_ws/install/py_pubsub/share/ament_index
[2.702s] creating /home/paolo/NAS/Software/ROS2/service_client_ws/install/py_pubsub/share/ament_index/resource_index
[2.708s] creating /home/paolo/NAS/Software/ROS2/service_client_ws/install/py_pubsub/share/ament_index/resource_index/packages
[2.723s] copying resource/py_pubsub -> /home/paolo/NAS/Software/ROS2/service_client_ws/install/py_pubsub/share/ament_index/resource_index/packages
[2.743s] copying package.xml -> /home/paolo/NAS/Software/ROS2/service_client_ws/install/py_pubsub/share/py_pubsub
[2.765s] running install_egg_info
[2.782s] Copying ../../build/py_pubsub/py_pubsub.egg-info to /home/paolo/NAS/Software/ROS2/service_client_ws/install/py_pubsub/lib/python3.8/site-packages/py_pubsub-0.0.0-py3.8.egg-info
[3.015s] running install_scripts
[3.070s] Installing listener script to /home/paolo/NAS/Software/ROS2/service_client_ws/install/py_pubsub/lib/py_pubsub
[3.086s] Installing talker script to /home/paolo/NAS/Software/ROS2/service_client_ws/install/py_pubsub/lib/py_pubsub
[3.109s] writing list of installed files to '/home/paolo/NAS/Software/ROS2/service_client_ws/build/py_pubsub/install.log'
[3.508s] Invoked command in '/home/paolo/NAS/Software/ROS2/service_client_ws/src/py_pubsub' returned '0': PYTHONPATH=/home/paolo/NAS/Software/ROS2/service_client_ws/install/py_pubsub/lib/python3.8/site-packages:${PYTHONPATH} /usr/bin/python3 setup.py egg_info --egg-base ../../build/py_pubsub build --build-base /home/paolo/NAS/Software/ROS2/service_client_ws/build/py_pubsub/build install --prefix /home/paolo/NAS/Software/ROS2/service_client_ws/install/py_pubsub --record /home/paolo/NAS/Software/ROS2/service_client_ws/build/py_pubsub/install.log --single-version-externally-managed
