[3.132s] Invoking command in '/home/paolo/NAS/Software/ROS2/Madox/madox_ws/src/jetbot_sys_info': PYTHONPATH=/home/paolo/NAS/Software/ROS2/Madox/madox_ws/install/jetbot_sys_info/lib/python3.8/site-packages:${PYTHONPATH} /usr/bin/python3 setup.py egg_info --egg-base ../../build/jetbot_sys_info build --build-base /home/paolo/NAS/Software/ROS2/Madox/madox_ws/build/jetbot_sys_info/build install --prefix /home/paolo/NAS/Software/ROS2/Madox/madox_ws/install/jetbot_sys_info --record /home/paolo/NAS/Software/ROS2/Madox/madox_ws/build/jetbot_sys_info/install.log --single-version-externally-managed
[3.672s] running egg_info
[3.675s] creating ../../build/jetbot_sys_info/jetbot_sys_info.egg-info
[3.679s] writing ../../build/jetbot_sys_info/jetbot_sys_info.egg-info/PKG-INFO
[3.707s] writing dependency_links to ../../build/jetbot_sys_info/jetbot_sys_info.egg-info/dependency_links.txt
[3.720s] writing entry points to ../../build/jetbot_sys_info/jetbot_sys_info.egg-info/entry_points.txt
[3.733s] writing requirements to ../../build/jetbot_sys_info/jetbot_sys_info.egg-info/requires.txt
[3.742s] writing top-level names to ../../build/jetbot_sys_info/jetbot_sys_info.egg-info/top_level.txt
[3.762s] writing manifest file '../../build/jetbot_sys_info/jetbot_sys_info.egg-info/SOURCES.txt'
[3.936s] reading manifest file '../../build/jetbot_sys_info/jetbot_sys_info.egg-info/SOURCES.txt'
[3.951s] writing manifest file '../../build/jetbot_sys_info/jetbot_sys_info.egg-info/SOURCES.txt'
[3.961s] running build
[3.961s] running build_py
[3.968s] creating /home/paolo/NAS/Software/ROS2/Madox/madox_ws/build/jetbot_sys_info/build
[3.970s] creating /home/paolo/NAS/Software/ROS2/Madox/madox_ws/build/jetbot_sys_info/build/lib
[3.974s] creating /home/paolo/NAS/Software/ROS2/Madox/madox_ws/build/jetbot_sys_info/build/lib/jetbot_sys_info
[3.982s] copying jetbot_sys_info/ads1115.py -> /home/paolo/NAS/Software/ROS2/Madox/madox_ws/build/jetbot_sys_info/build/lib/jetbot_sys_info
[4.011s] copying jetbot_sys_info/jetbot_sys_info.py -> /home/paolo/NAS/Software/ROS2/Madox/madox_ws/build/jetbot_sys_info/build/lib/jetbot_sys_info
[4.040s] copying jetbot_sys_info/ina219.py -> /home/paolo/NAS/Software/ROS2/Madox/madox_ws/build/jetbot_sys_info/build/lib/jetbot_sys_info
[4.070s] copying jetbot_sys_info/__init__.py -> /home/paolo/NAS/Software/ROS2/Madox/madox_ws/build/jetbot_sys_info/build/lib/jetbot_sys_info
[4.084s] running install
[4.090s] running install_lib
[4.104s] creating /home/paolo/NAS/Software/ROS2/Madox/madox_ws/install/jetbot_sys_info/lib/python3.8/site-packages/jetbot_sys_info
[4.111s] copying /home/paolo/NAS/Software/ROS2/Madox/madox_ws/build/jetbot_sys_info/build/lib/jetbot_sys_info/jetbot_sys_info.py -> /home/paolo/NAS/Software/ROS2/Madox/madox_ws/install/jetbot_sys_info/lib/python3.8/site-packages/jetbot_sys_info
[4.142s] copying /home/paolo/NAS/Software/ROS2/Madox/madox_ws/build/jetbot_sys_info/build/lib/jetbot_sys_info/__init__.py -> /home/paolo/NAS/Software/ROS2/Madox/madox_ws/install/jetbot_sys_info/lib/python3.8/site-packages/jetbot_sys_info
[4.160s] copying /home/paolo/NAS/Software/ROS2/Madox/madox_ws/build/jetbot_sys_info/build/lib/jetbot_sys_info/ads1115.py -> /home/paolo/NAS/Software/ROS2/Madox/madox_ws/install/jetbot_sys_info/lib/python3.8/site-packages/jetbot_sys_info
[4.187s] copying /home/paolo/NAS/Software/ROS2/Madox/madox_ws/build/jetbot_sys_info/build/lib/jetbot_sys_info/ina219.py -> /home/paolo/NAS/Software/ROS2/Madox/madox_ws/install/jetbot_sys_info/lib/python3.8/site-packages/jetbot_sys_info
[4.228s] byte-compiling /home/paolo/NAS/Software/ROS2/Madox/madox_ws/install/jetbot_sys_info/lib/python3.8/site-packages/jetbot_sys_info/jetbot_sys_info.py to jetbot_sys_info.cpython-38.pyc
[4.276s] byte-compiling /home/paolo/NAS/Software/ROS2/Madox/madox_ws/install/jetbot_sys_info/lib/python3.8/site-packages/jetbot_sys_info/__init__.py to __init__.cpython-38.pyc
[4.310s] byte-compiling /home/paolo/NAS/Software/ROS2/Madox/madox_ws/install/jetbot_sys_info/lib/python3.8/site-packages/jetbot_sys_info/ads1115.py to ads1115.cpython-38.pyc
[4.352s] byte-compiling /home/paolo/NAS/Software/ROS2/Madox/madox_ws/install/jetbot_sys_info/lib/python3.8/site-packages/jetbot_sys_info/ina219.py to ina219.cpython-38.pyc
[4.383s] running install_data
[4.389s] creating /home/paolo/NAS/Software/ROS2/Madox/madox_ws/install/jetbot_sys_info/share/ament_index
[4.391s] creating /home/paolo/NAS/Software/ROS2/Madox/madox_ws/install/jetbot_sys_info/share/ament_index/resource_index
[4.395s] creating /home/paolo/NAS/Software/ROS2/Madox/madox_ws/install/jetbot_sys_info/share/ament_index/resource_index/packages
[4.410s] copying resource/jetbot_sys_info -> /home/paolo/NAS/Software/ROS2/Madox/madox_ws/install/jetbot_sys_info/share/ament_index/resource_index/packages
[4.429s] copying package.xml -> /home/paolo/NAS/Software/ROS2/Madox/madox_ws/install/jetbot_sys_info/share/jetbot_sys_info
[4.451s] running install_egg_info
[4.462s] Copying ../../build/jetbot_sys_info/jetbot_sys_info.egg-info to /home/paolo/NAS/Software/ROS2/Madox/madox_ws/install/jetbot_sys_info/lib/python3.8/site-packages/jetbot_sys_info-1.0.0-py3.8.egg-info
[4.678s] running install_scripts
[4.731s] Installing ros2_jetbot_sys_info script to /home/paolo/NAS/Software/ROS2/Madox/madox_ws/install/jetbot_sys_info/lib/jetbot_sys_info
[4.754s] writing list of installed files to '/home/paolo/NAS/Software/ROS2/Madox/madox_ws/build/jetbot_sys_info/install.log'
[4.952s] Invoked command in '/home/paolo/NAS/Software/ROS2/Madox/madox_ws/src/jetbot_sys_info' returned '0': PYTHONPATH=/home/paolo/NAS/Software/ROS2/Madox/madox_ws/install/jetbot_sys_info/lib/python3.8/site-packages:${PYTHONPATH} /usr/bin/python3 setup.py egg_info --egg-base ../../build/jetbot_sys_info build --build-base /home/paolo/NAS/Software/ROS2/Madox/madox_ws/build/jetbot_sys_info/build install --prefix /home/paolo/NAS/Software/ROS2/Madox/madox_ws/install/jetbot_sys_info --record /home/paolo/NAS/Software/ROS2/Madox/madox_ws/build/jetbot_sys_info/install.log --single-version-externally-managed
