[1.692s] Invoking command in '/home/paolo/NAS/Software/ROS2/service_client_ws/src/py_srvcli': PYTHONPATH=/home/paolo/NAS/Software/ROS2/service_client_ws/install/py_srvcli/lib/python3.8/site-packages:${PYTHONPATH} /usr/bin/python3 setup.py egg_info --egg-base ../../build/py_srvcli build --build-base /home/paolo/NAS/Software/ROS2/service_client_ws/build/py_srvcli/build install --prefix /home/paolo/NAS/Software/ROS2/service_client_ws/install/py_srvcli --record /home/paolo/NAS/Software/ROS2/service_client_ws/build/py_srvcli/install.log --single-version-externally-managed
[2.153s] running egg_info
[2.157s] writing ../../build/py_srvcli/py_srvcli.egg-info/PKG-INFO
[2.178s] writing dependency_links to ../../build/py_srvcli/py_srvcli.egg-info/dependency_links.txt
[2.201s] writing entry points to ../../build/py_srvcli/py_srvcli.egg-info/entry_points.txt
[2.218s] writing requirements to ../../build/py_srvcli/py_srvcli.egg-info/requires.txt
[2.235s] writing top-level names to ../../build/py_srvcli/py_srvcli.egg-info/top_level.txt
[2.353s] reading manifest file '../../build/py_srvcli/py_srvcli.egg-info/SOURCES.txt'
[2.372s] writing manifest file '../../build/py_srvcli/py_srvcli.egg-info/SOURCES.txt'
[2.383s] running build
[2.383s] running build_py
[2.400s] running install
[2.406s] running install_lib
[2.432s] running install_data
[2.445s] running install_egg_info
[2.453s] removing '/home/paolo/NAS/Software/ROS2/service_client_ws/install/py_srvcli/lib/python3.8/site-packages/py_srvcli-0.0.0-py3.8.egg-info' (and everything under it)
[2.496s] Copying ../../build/py_srvcli/py_srvcli.egg-info to /home/paolo/NAS/Software/ROS2/service_client_ws/install/py_srvcli/lib/python3.8/site-packages/py_srvcli-0.0.0-py3.8.egg-info
[2.725s] running install_scripts
[2.757s] Installing client script to /home/paolo/NAS/Software/ROS2/service_client_ws/install/py_srvcli/lib/py_srvcli
[2.772s] Installing service script to /home/paolo/NAS/Software/ROS2/service_client_ws/install/py_srvcli/lib/py_srvcli
[2.792s] writing list of installed files to '/home/paolo/NAS/Software/ROS2/service_client_ws/build/py_srvcli/install.log'
[3.255s] Invoked command in '/home/paolo/NAS/Software/ROS2/service_client_ws/src/py_srvcli' returned '0': PYTHONPATH=/home/paolo/NAS/Software/ROS2/service_client_ws/install/py_srvcli/lib/python3.8/site-packages:${PYTHONPATH} /usr/bin/python3 setup.py egg_info --egg-base ../../build/py_srvcli build --build-base /home/paolo/NAS/Software/ROS2/service_client_ws/build/py_srvcli/build install --prefix /home/paolo/NAS/Software/ROS2/service_client_ws/install/py_srvcli --record /home/paolo/NAS/Software/ROS2/service_client_ws/build/py_srvcli/install.log --single-version-externally-managed
