running egg_info
writing ../../build/py_drive/py_drive.egg-info/PKG-INFO
writing dependency_links to ../../build/py_drive/py_drive.egg-info/dependency_links.txt
writing entry points to ../../build/py_drive/py_drive.egg-info/entry_points.txt
writing requirements to ../../build/py_drive/py_drive.egg-info/requires.txt
writing top-level names to ../../build/py_drive/py_drive.egg-info/top_level.txt
reading manifest file '../../build/py_drive/py_drive.egg-info/SOURCES.txt'
writing manifest file '../../build/py_drive/py_drive.egg-info/SOURCES.txt'
running build
running build_py
copying py_drive/drive.py -> /home/robot/Software/ROS2/Scrap/scrap_ws/build/py_drive/build/lib/py_drive
running install
running install_lib
copying /home/robot/Software/ROS2/Scrap/scrap_ws/build/py_drive/build/lib/py_drive/drive.py -> /home/robot/Software/ROS2/Scrap/scrap_ws/install/py_drive/lib/python3.8/site-packages/py_drive
byte-compiling /home/robot/Software/ROS2/Scrap/scrap_ws/install/py_drive/lib/python3.8/site-packages/py_drive/drive.py to drive.cpython-38.pyc
running install_data
running install_egg_info
removing '/home/robot/Software/ROS2/Scrap/scrap_ws/install/py_drive/lib/python3.8/site-packages/py_drive-0.0.1-py3.8.egg-info' (and everything under it)
Copying ../../build/py_drive/py_drive.egg-info to /home/robot/Software/ROS2/Scrap/scrap_ws/install/py_drive/lib/python3.8/site-packages/py_drive-0.0.1-py3.8.egg-info
running install_scripts
Installing listener script to /home/robot/Software/ROS2/Scrap/scrap_ws/install/py_drive/lib/py_drive
Installing talker script to /home/robot/Software/ROS2/Scrap/scrap_ws/install/py_drive/lib/py_drive
writing list of installed files to '/home/robot/Software/ROS2/Scrap/scrap_ws/build/py_drive/install.log'
