[2.188s] Invoking command in '/home/robot/Software/ROS2/Scrap/scrap_ws/src/py_drive': PYTHONPATH=/home/robot/Software/ROS2/Scrap/scrap_ws/install/py_drive/lib/python3.8/site-packages:${PYTHONPATH} /usr/bin/python3 setup.py egg_info --egg-base ../../build/py_drive build --build-base /home/robot/Software/ROS2/Scrap/scrap_ws/build/py_drive/build install --prefix /home/robot/Software/ROS2/Scrap/scrap_ws/install/py_drive --record /home/robot/Software/ROS2/Scrap/scrap_ws/build/py_drive/install.log --single-version-externally-managed
[3.710s] /home/robot/.local/lib/python3.8/site-packages/setuptools/dist.py:642: UserWarning: Usage of dash-separated 'script-dir' will not be supported in future versions. Please use the underscore name 'script_dir' instead
[3.710s]   warnings.warn(
[3.711s] /home/robot/.local/lib/python3.8/site-packages/setuptools/dist.py:642: UserWarning: Usage of dash-separated 'install-scripts' will not be supported in future versions. Please use the underscore name 'install_scripts' instead
[3.711s]   warnings.warn(
[4.016s] running egg_info
[4.029s] writing ../../build/py_drive/py_drive.egg-info/PKG-INFO
[4.043s] writing dependency_links to ../../build/py_drive/py_drive.egg-info/dependency_links.txt
[4.053s] writing entry points to ../../build/py_drive/py_drive.egg-info/entry_points.txt
[4.065s] writing requirements to ../../build/py_drive/py_drive.egg-info/requires.txt
[4.075s] writing top-level names to ../../build/py_drive/py_drive.egg-info/top_level.txt
[4.457s] reading manifest file '../../build/py_drive/py_drive.egg-info/SOURCES.txt'
[4.468s] writing manifest file '../../build/py_drive/py_drive.egg-info/SOURCES.txt'
[4.481s] running build
[4.482s] running build_py
[4.496s] copying py_drive/drive.py -> /home/robot/Software/ROS2/Scrap/scrap_ws/build/py_drive/build/lib/py_drive
[4.528s] running install
[4.529s] running install_lib
[4.539s] copying /home/robot/Software/ROS2/Scrap/scrap_ws/build/py_drive/build/lib/py_drive/drive.py -> /home/robot/Software/ROS2/Scrap/scrap_ws/install/py_drive/lib/python3.8/site-packages/py_drive
[4.570s] byte-compiling /home/robot/Software/ROS2/Scrap/scrap_ws/install/py_drive/lib/python3.8/site-packages/py_drive/drive.py to drive.cpython-38.pyc
[4.597s] running install_data
[4.613s] running install_egg_info
[4.615s] removing '/home/robot/Software/ROS2/Scrap/scrap_ws/install/py_drive/lib/python3.8/site-packages/py_drive-0.0.1-py3.8.egg-info' (and everything under it)
[4.649s] Copying ../../build/py_drive/py_drive.egg-info to /home/robot/Software/ROS2/Scrap/scrap_ws/install/py_drive/lib/python3.8/site-packages/py_drive-0.0.1-py3.8.egg-info
[4.788s] running install_scripts
[4.934s] Installing listener script to /home/robot/Software/ROS2/Scrap/scrap_ws/install/py_drive/lib/py_drive
[4.949s] Installing talker script to /home/robot/Software/ROS2/Scrap/scrap_ws/install/py_drive/lib/py_drive
[4.965s] writing list of installed files to '/home/robot/Software/ROS2/Scrap/scrap_ws/build/py_drive/install.log'
[5.191s] Invoked command in '/home/robot/Software/ROS2/Scrap/scrap_ws/src/py_drive' returned '0': PYTHONPATH=/home/robot/Software/ROS2/Scrap/scrap_ws/install/py_drive/lib/python3.8/site-packages:${PYTHONPATH} /usr/bin/python3 setup.py egg_info --egg-base ../../build/py_drive build --build-base /home/robot/Software/ROS2/Scrap/scrap_ws/build/py_drive/build install --prefix /home/robot/Software/ROS2/Scrap/scrap_ws/install/py_drive --record /home/robot/Software/ROS2/Scrap/scrap_ws/build/py_drive/install.log --single-version-externally-managed
