running egg_info
creating ../../build/sys_variables/sys_variables.egg-info
writing ../../build/sys_variables/sys_variables.egg-info/PKG-INFO
writing dependency_links to ../../build/sys_variables/sys_variables.egg-info/dependency_links.txt
writing entry points to ../../build/sys_variables/sys_variables.egg-info/entry_points.txt
writing requirements to ../../build/sys_variables/sys_variables.egg-info/requires.txt
writing top-level names to ../../build/sys_variables/sys_variables.egg-info/top_level.txt
writing manifest file '../../build/sys_variables/sys_variables.egg-info/SOURCES.txt'
reading manifest file '../../build/sys_variables/sys_variables.egg-info/SOURCES.txt'
writing manifest file '../../build/sys_variables/sys_variables.egg-info/SOURCES.txt'
running build
running build_py
creating /home/robot/Software/ROS2/Madox/madox_ws/build/sys_variables/build
creating /home/robot/Software/ROS2/Madox/madox_ws/build/sys_variables/build/lib
creating /home/robot/Software/ROS2/Madox/madox_ws/build/sys_variables/build/lib/sys_variables
copying sys_variables/sys_variables.py -> /home/robot/Software/ROS2/Madox/madox_ws/build/sys_variables/build/lib/sys_variables
copying sys_variables/ina219.py -> /home/robot/Software/ROS2/Madox/madox_ws/build/sys_variables/build/lib/sys_variables
copying sys_variables/ads1115.py -> /home/robot/Software/ROS2/Madox/madox_ws/build/sys_variables/build/lib/sys_variables
copying sys_variables/__init__.py -> /home/robot/Software/ROS2/Madox/madox_ws/build/sys_variables/build/lib/sys_variables
running install
running install_lib
creating /home/robot/Software/ROS2/Madox/madox_ws/install/sys_variables/lib/python3.8/site-packages/sys_variables
copying /home/robot/Software/ROS2/Madox/madox_ws/build/sys_variables/build/lib/sys_variables/ina219.py -> /home/robot/Software/ROS2/Madox/madox_ws/install/sys_variables/lib/python3.8/site-packages/sys_variables
copying /home/robot/Software/ROS2/Madox/madox_ws/build/sys_variables/build/lib/sys_variables/ads1115.py -> /home/robot/Software/ROS2/Madox/madox_ws/install/sys_variables/lib/python3.8/site-packages/sys_variables
copying /home/robot/Software/ROS2/Madox/madox_ws/build/sys_variables/build/lib/sys_variables/sys_variables.py -> /home/robot/Software/ROS2/Madox/madox_ws/install/sys_variables/lib/python3.8/site-packages/sys_variables
copying /home/robot/Software/ROS2/Madox/madox_ws/build/sys_variables/build/lib/sys_variables/__init__.py -> /home/robot/Software/ROS2/Madox/madox_ws/install/sys_variables/lib/python3.8/site-packages/sys_variables
byte-compiling /home/robot/Software/ROS2/Madox/madox_ws/install/sys_variables/lib/python3.8/site-packages/sys_variables/ina219.py to ina219.cpython-38.pyc
byte-compiling /home/robot/Software/ROS2/Madox/madox_ws/install/sys_variables/lib/python3.8/site-packages/sys_variables/ads1115.py to ads1115.cpython-38.pyc
byte-compiling /home/robot/Software/ROS2/Madox/madox_ws/install/sys_variables/lib/python3.8/site-packages/sys_variables/sys_variables.py to sys_variables.cpython-38.pyc
byte-compiling /home/robot/Software/ROS2/Madox/madox_ws/install/sys_variables/lib/python3.8/site-packages/sys_variables/__init__.py to __init__.cpython-38.pyc
running install_data
creating /home/robot/Software/ROS2/Madox/madox_ws/install/sys_variables/share/ament_index
creating /home/robot/Software/ROS2/Madox/madox_ws/install/sys_variables/share/ament_index/resource_index
creating /home/robot/Software/ROS2/Madox/madox_ws/install/sys_variables/share/ament_index/resource_index/packages
copying resource/sys_variables -> /home/robot/Software/ROS2/Madox/madox_ws/install/sys_variables/share/ament_index/resource_index/packages
copying package.xml -> /home/robot/Software/ROS2/Madox/madox_ws/install/sys_variables/share/sys_variables
running install_egg_info
Copying ../../build/sys_variables/sys_variables.egg-info to /home/robot/Software/ROS2/Madox/madox_ws/install/sys_variables/lib/python3.8/site-packages/sys_variables-0.0.0-py3.8.egg-info
running install_scripts
Installing sys_info script to /home/robot/Software/ROS2/Madox/madox_ws/install/sys_variables/lib/sys_variables
writing list of installed files to '/home/robot/Software/ROS2/Madox/madox_ws/build/sys_variables/install.log'
