[01m[K/home/robot/Software/ROS2/Madox/madox_ws/src/ros2_IMU/src/imu.cpp:[m[K In constructor ‘[01m[KImuNode::ImuNode(const rclcpp::NodeOptions&)[m[K’:
[01m[K/home/robot/Software/ROS2/Madox/madox_ws/src/ros2_IMU/src/imu.cpp:45:9:[m[K [01;35m[Kwarning: [m[Kunused variable ‘[01m[KsampleCount[m[K’ [[01;35m[K-Wunused-variable[m[K]
   45 |     int [01;35m[KsampleCount[m[K = 0;
      |         [01;35m[K^~~~~~~~~~~[m[K
[01m[K/home/robot/Software/ROS2/Madox/madox_ws/src/ros2_IMU/src/imu.cpp:46:9:[m[K [01;35m[Kwarning: [m[Kunused variable ‘[01m[KsampleRate[m[K’ [[01;35m[K-Wunused-variable[m[K]
   46 |     int [01;35m[KsampleRate[m[K  = 0;
      |         [01;35m[K^~~~~~~~~~[m[K
[01m[K/home/robot/Software/ROS2/Madox/madox_ws/src/ros2_IMU/src/imu.cpp:47:14:[m[K [01;35m[Kwarning: [m[Kvariable ‘[01m[KrateTimer[m[K’ set but not used [[01;35m[K-Wunused-but-set-variable[m[K]
   47 |     uint64_t [01;35m[KrateTimer[m[K;
      |              [01;35m[K^~~~~~~~~[m[K
[01m[K/home/robot/Software/ROS2/Madox/madox_ws/src/ros2_IMU/src/imu.cpp:49:14:[m[K [01;35m[Kwarning: [m[Kvariable ‘[01m[Know[m[K’ set but not used [[01;35m[K-Wunused-but-set-variable[m[K]
   49 |     uint64_t [01;35m[Know[m[K;
      |              [01;35m[K^~~[m[K
[01m[K/home/robot/Software/ROS2/Madox/madox_ws/src/ros2_IMU/src/imu.cpp:[m[K In member function ‘[01m[Kint ImuNode::InitParam()[m[K’:
[01m[K/home/robot/Software/ROS2/Madox/madox_ws/src/ros2_IMU/src/imu.cpp:110:9:[m[K [01;35m[Kwarning: [m[Kunused variable ‘[01m[KsampleCount[m[K’ [[01;35m[K-Wunused-variable[m[K]
  110 |     int [01;35m[KsampleCount[m[K = 0;
      |         [01;35m[K^~~~~~~~~~~[m[K
[01m[K/home/robot/Software/ROS2/Madox/madox_ws/src/ros2_IMU/src/imu.cpp:111:9:[m[K [01;35m[Kwarning: [m[Kunused variable ‘[01m[KsampleRate[m[K’ [[01;35m[K-Wunused-variable[m[K]
  111 |     int [01;35m[KsampleRate[m[K  = 0;
      |         [01;35m[K^~~~~~~~~~[m[K
[01m[K/home/robot/Software/ROS2/Madox/madox_ws/src/ros2_IMU/src/imu.cpp:112:14:[m[K [01;35m[Kwarning: [m[Kvariable ‘[01m[KrateTimer[m[K’ set but not used [[01;35m[K-Wunused-but-set-variable[m[K]
  112 |     uint64_t [01;35m[KrateTimer[m[K;
      |              [01;35m[K^~~~~~~~~[m[K
[01m[K/home/robot/Software/ROS2/Madox/madox_ws/src/ros2_IMU/src/imu.cpp:114:14:[m[K [01;35m[Kwarning: [m[Kvariable ‘[01m[Know[m[K’ set but not used [[01;35m[K-Wunused-but-set-variable[m[K]
  114 |     uint64_t [01;35m[Know[m[K;
      |              [01;35m[K^~~[m[K
