[3.742s] Invoking command in '/home/robot/Software/ROS2/Madox/madox_ws/src/jetbot_sys_info': PYTHONPATH=/home/robot/Software/ROS2/Madox/madox_ws/install/jetbot_sys_info/lib/python3.8/site-packages:${PYTHONPATH} /usr/bin/python3 setup.py egg_info --egg-base ../../build/jetbot_sys_info build --build-base /home/robot/Software/ROS2/Madox/madox_ws/build/jetbot_sys_info/build install --prefix /home/robot/Software/ROS2/Madox/madox_ws/install/jetbot_sys_info --record /home/robot/Software/ROS2/Madox/madox_ws/build/jetbot_sys_info/install.log --single-version-externally-managed
[4.653s] /home/robot/.local/lib/python3.8/site-packages/setuptools/dist.py:642: UserWarning: Usage of dash-separated 'script-dir' will not be supported in future versions. Please use the underscore name 'script_dir' instead
[4.653s]   warnings.warn(
[4.654s] /home/robot/.local/lib/python3.8/site-packages/setuptools/dist.py:642: UserWarning: Usage of dash-separated 'install-scripts' will not be supported in future versions. Please use the underscore name 'install_scripts' instead
[4.654s]   warnings.warn(
[4.789s] running egg_info
[4.793s] creating ../../build/jetbot_sys_info/jetbot_sys_info.egg-info
[4.799s] writing ../../build/jetbot_sys_info/jetbot_sys_info.egg-info/PKG-INFO
[4.826s] writing dependency_links to ../../build/jetbot_sys_info/jetbot_sys_info.egg-info/dependency_links.txt
[4.846s] writing entry points to ../../build/jetbot_sys_info/jetbot_sys_info.egg-info/entry_points.txt
[4.865s] writing requirements to ../../build/jetbot_sys_info/jetbot_sys_info.egg-info/requires.txt
[4.874s] writing top-level names to ../../build/jetbot_sys_info/jetbot_sys_info.egg-info/top_level.txt
[4.902s] writing manifest file '../../build/jetbot_sys_info/jetbot_sys_info.egg-info/SOURCES.txt'
[5.098s] reading manifest file '../../build/jetbot_sys_info/jetbot_sys_info.egg-info/SOURCES.txt'
[5.113s] writing manifest file '../../build/jetbot_sys_info/jetbot_sys_info.egg-info/SOURCES.txt'
[5.126s] running build
[5.126s] running build_py
[5.133s] creating /home/robot/Software/ROS2/Madox/madox_ws/build/jetbot_sys_info/build
[5.137s] creating /home/robot/Software/ROS2/Madox/madox_ws/build/jetbot_sys_info/build/lib
[5.143s] creating /home/robot/Software/ROS2/Madox/madox_ws/build/jetbot_sys_info/build/lib/jetbot_sys_info
[5.158s] copying jetbot_sys_info/ads1115.py -> /home/robot/Software/ROS2/Madox/madox_ws/build/jetbot_sys_info/build/lib/jetbot_sys_info
[5.176s] copying jetbot_sys_info/jetbot_sys_info.py -> /home/robot/Software/ROS2/Madox/madox_ws/build/jetbot_sys_info/build/lib/jetbot_sys_info
[5.196s] copying jetbot_sys_info/ina219.py -> /home/robot/Software/ROS2/Madox/madox_ws/build/jetbot_sys_info/build/lib/jetbot_sys_info
[5.217s] copying jetbot_sys_info/__init__.py -> /home/robot/Software/ROS2/Madox/madox_ws/build/jetbot_sys_info/build/lib/jetbot_sys_info
[5.232s] running install
[5.237s] running install_lib
[5.254s] creating /home/robot/Software/ROS2/Madox/madox_ws/install/jetbot_sys_info/lib/python3.8/site-packages/jetbot_sys_info
[5.260s] copying /home/robot/Software/ROS2/Madox/madox_ws/build/jetbot_sys_info/build/lib/jetbot_sys_info/__init__.py -> /home/robot/Software/ROS2/Madox/madox_ws/install/jetbot_sys_info/lib/python3.8/site-packages/jetbot_sys_info
[5.281s] copying /home/robot/Software/ROS2/Madox/madox_ws/build/jetbot_sys_info/build/lib/jetbot_sys_info/jetbot_sys_info.py -> /home/robot/Software/ROS2/Madox/madox_ws/install/jetbot_sys_info/lib/python3.8/site-packages/jetbot_sys_info
[5.308s] copying /home/robot/Software/ROS2/Madox/madox_ws/build/jetbot_sys_info/build/lib/jetbot_sys_info/ads1115.py -> /home/robot/Software/ROS2/Madox/madox_ws/install/jetbot_sys_info/lib/python3.8/site-packages/jetbot_sys_info
[5.342s] copying /home/robot/Software/ROS2/Madox/madox_ws/build/jetbot_sys_info/build/lib/jetbot_sys_info/ina219.py -> /home/robot/Software/ROS2/Madox/madox_ws/install/jetbot_sys_info/lib/python3.8/site-packages/jetbot_sys_info
[5.379s] byte-compiling /home/robot/Software/ROS2/Madox/madox_ws/install/jetbot_sys_info/lib/python3.8/site-packages/jetbot_sys_info/__init__.py to __init__.cpython-38.pyc
[5.420s] byte-compiling /home/robot/Software/ROS2/Madox/madox_ws/install/jetbot_sys_info/lib/python3.8/site-packages/jetbot_sys_info/jetbot_sys_info.py to jetbot_sys_info.cpython-38.pyc
[5.449s] byte-compiling /home/robot/Software/ROS2/Madox/madox_ws/install/jetbot_sys_info/lib/python3.8/site-packages/jetbot_sys_info/ads1115.py to ads1115.cpython-38.pyc
[5.482s] byte-compiling /home/robot/Software/ROS2/Madox/madox_ws/install/jetbot_sys_info/lib/python3.8/site-packages/jetbot_sys_info/ina219.py to ina219.cpython-38.pyc
[5.514s] running install_data
[5.520s] creating /home/robot/Software/ROS2/Madox/madox_ws/install/jetbot_sys_info/share/ament_index
[5.527s] creating /home/robot/Software/ROS2/Madox/madox_ws/install/jetbot_sys_info/share/ament_index/resource_index
[5.531s] creating /home/robot/Software/ROS2/Madox/madox_ws/install/jetbot_sys_info/share/ament_index/resource_index/packages
[5.542s] copying resource/jetbot_sys_info -> /home/robot/Software/ROS2/Madox/madox_ws/install/jetbot_sys_info/share/ament_index/resource_index/packages
[5.558s] copying package.xml -> /home/robot/Software/ROS2/Madox/madox_ws/install/jetbot_sys_info/share/jetbot_sys_info
[5.578s] running install_egg_info
[5.595s] Copying ../../build/jetbot_sys_info/jetbot_sys_info.egg-info to /home/robot/Software/ROS2/Madox/madox_ws/install/jetbot_sys_info/lib/python3.8/site-packages/jetbot_sys_info-0.0.0-py3.8.egg-info
[5.770s] running install_scripts
[5.847s] Installing ros2_jetbot_sys_info script to /home/robot/Software/ROS2/Madox/madox_ws/install/jetbot_sys_info/lib/jetbot_sys_info
[5.866s] writing list of installed files to '/home/robot/Software/ROS2/Madox/madox_ws/build/jetbot_sys_info/install.log'
[6.231s] Invoked command in '/home/robot/Software/ROS2/Madox/madox_ws/src/jetbot_sys_info' returned '0': PYTHONPATH=/home/robot/Software/ROS2/Madox/madox_ws/install/jetbot_sys_info/lib/python3.8/site-packages:${PYTHONPATH} /usr/bin/python3 setup.py egg_info --egg-base ../../build/jetbot_sys_info build --build-base /home/robot/Software/ROS2/Madox/madox_ws/build/jetbot_sys_info/build install --prefix /home/robot/Software/ROS2/Madox/madox_ws/install/jetbot_sys_info --record /home/robot/Software/ROS2/Madox/madox_ws/build/jetbot_sys_info/install.log --single-version-externally-managed
