[3.523s] Invoking command in '/home/robot/Software/ROS2/Scrap/scrap_ws/src/py_drive': PYTHONPATH=/home/robot/Software/ROS2/Scrap/scrap_ws/install/py_drive/lib/python3.8/site-packages:${PYTHONPATH} /usr/bin/python3 setup.py egg_info --egg-base ../../build/py_drive build --build-base /home/robot/Software/ROS2/Scrap/scrap_ws/build/py_drive/build install --prefix /home/robot/Software/ROS2/Scrap/scrap_ws/install/py_drive --record /home/robot/Software/ROS2/Scrap/scrap_ws/build/py_drive/install.log --single-version-externally-managed
[4.360s] /home/robot/.local/lib/python3.8/site-packages/setuptools/dist.py:642: UserWarning: Usage of dash-separated 'script-dir' will not be supported in future versions. Please use the underscore name 'script_dir' instead
[4.361s]   warnings.warn(
[4.361s] /home/robot/.local/lib/python3.8/site-packages/setuptools/dist.py:642: UserWarning: Usage of dash-separated 'install-scripts' will not be supported in future versions. Please use the underscore name 'install_scripts' instead
[4.362s]   warnings.warn(
[4.524s] running egg_info
[4.531s] writing ../../build/py_drive/py_drive.egg-info/PKG-INFO
[4.551s] writing dependency_links to ../../build/py_drive/py_drive.egg-info/dependency_links.txt
[4.570s] writing entry points to ../../build/py_drive/py_drive.egg-info/entry_points.txt
[4.590s] writing requirements to ../../build/py_drive/py_drive.egg-info/requires.txt
[4.599s] writing top-level names to ../../build/py_drive/py_drive.egg-info/top_level.txt
[4.835s] reading manifest file '../../build/py_drive/py_drive.egg-info/SOURCES.txt'
[4.849s] writing manifest file '../../build/py_drive/py_drive.egg-info/SOURCES.txt'
[4.860s] running build
[4.860s] running build_py
[4.876s] copying py_drive/drive.py -> /home/robot/Software/ROS2/Scrap/scrap_ws/build/py_drive/build/lib/py_drive
[4.906s] running install
[4.913s] running install_lib
[4.932s] copying /home/robot/Software/ROS2/Scrap/scrap_ws/build/py_drive/build/lib/py_drive/drive.py -> /home/robot/Software/ROS2/Scrap/scrap_ws/install/py_drive/lib/python3.8/site-packages/py_drive
[4.969s] byte-compiling /home/robot/Software/ROS2/Scrap/scrap_ws/install/py_drive/lib/python3.8/site-packages/py_drive/drive.py to drive.cpython-38.pyc
[5.001s] running install_data
[5.019s] running install_egg_info
[5.025s] removing '/home/robot/Software/ROS2/Scrap/scrap_ws/install/py_drive/lib/python3.8/site-packages/py_drive-0.0.0-py3.8.egg-info' (and everything under it)
[5.051s] Copying ../../build/py_drive/py_drive.egg-info to /home/robot/Software/ROS2/Scrap/scrap_ws/install/py_drive/lib/python3.8/site-packages/py_drive-0.0.0-py3.8.egg-info
[5.207s] running install_scripts
[5.286s] Installing listener script to /home/robot/Software/ROS2/Scrap/scrap_ws/install/py_drive/lib/py_drive
[5.305s] Installing talker script to /home/robot/Software/ROS2/Scrap/scrap_ws/install/py_drive/lib/py_drive
[5.325s] writing list of installed files to '/home/robot/Software/ROS2/Scrap/scrap_ws/build/py_drive/install.log'
[5.772s] Invoked command in '/home/robot/Software/ROS2/Scrap/scrap_ws/src/py_drive' returned '0': PYTHONPATH=/home/robot/Software/ROS2/Scrap/scrap_ws/install/py_drive/lib/python3.8/site-packages:${PYTHONPATH} /usr/bin/python3 setup.py egg_info --egg-base ../../build/py_drive build --build-base /home/robot/Software/ROS2/Scrap/scrap_ws/build/py_drive/build install --prefix /home/robot/Software/ROS2/Scrap/scrap_ws/install/py_drive --record /home/robot/Software/ROS2/Scrap/scrap_ws/build/py_drive/install.log --single-version-externally-managed
