[01m[K/home/robot/Software/ROS2/Madox/madox_ws/src/ros2_IMU/src/imu.cpp:[m[K In constructor ‘[01m[KImuNode::ImuNode(const rclcpp::NodeOptions&)[m[K’:
[01m[K/home/robot/Software/ROS2/Madox/madox_ws/src/ros2_IMU/src/imu.cpp:42:9:[m[K [01;35m[Kwarning: [m[Kunused variable ‘[01m[Kx[m[K’ [[01;35m[K-Wunused-variable[m[K]
   42 |     int [01;35m[Kx[m[K = InitParam();
      |         [01;35m[K^[m[K
[01m[K/home/robot/Software/ROS2/Madox/madox_ws/src/ros2_IMU/src/imu.cpp:[m[K In member function ‘[01m[Kint ImuNode::InitParam()[m[K’:
[01m[K/home/robot/Software/ROS2/Madox/madox_ws/src/ros2_IMU/src/imu.cpp:96:9:[m[K [01;35m[Kwarning: [m[Kunused variable ‘[01m[KsampleCount[m[K’ [[01;35m[K-Wunused-variable[m[K]
   96 |     int [01;35m[KsampleCount[m[K = 0;
      |         [01;35m[K^~~~~~~~~~~[m[K
[01m[K/home/robot/Software/ROS2/Madox/madox_ws/src/ros2_IMU/src/imu.cpp:97:9:[m[K [01;35m[Kwarning: [m[Kunused variable ‘[01m[KsampleRate[m[K’ [[01;35m[K-Wunused-variable[m[K]
   97 |     int [01;35m[KsampleRate[m[K  = 0;
      |         [01;35m[K^~~~~~~~~~[m[K
[01m[K/home/robot/Software/ROS2/Madox/madox_ws/src/ros2_IMU/src/imu.cpp:98:14:[m[K [01;35m[Kwarning: [m[Kvariable ‘[01m[KrateTimer[m[K’ set but not used [[01;35m[K-Wunused-but-set-variable[m[K]
   98 |     uint64_t [01;35m[KrateTimer[m[K;
      |              [01;35m[K^~~~~~~~~[m[K
[01m[K/home/robot/Software/ROS2/Madox/madox_ws/src/ros2_IMU/src/imu.cpp:100:14:[m[K [01;35m[Kwarning: [m[Kunused variable ‘[01m[Know[m[K’ [[01;35m[K-Wunused-variable[m[K]
  100 |     uint64_t [01;35m[Know[m[K;
      |              [01;35m[K^~~[m[K
[01m[K/home/robot/Software/ROS2/Madox/madox_ws/src/ros2_IMU/src/imu.cpp:[m[K In member function ‘[01m[Kvoid ImuNode::PrintErrorCode(const int&)[m[K’:
[01m[K/home/robot/Software/ROS2/Madox/madox_ws/src/ros2_IMU/src/imu.cpp:238:34:[m[K [01;35m[Kwarning: [m[Kunused parameter ‘[01m[Kcode[m[K’ [[01;35m[K-Wunused-parameter[m[K]
  238 |   void PrintErrorCode([01;35m[Kconst int& code[m[K) {
      |                       [01;35m[K~~~~~~~~~~~^~~~[m[K
