[0.253s] Invoking command in '/home/robot/Software/ROS2/Madox/madox_ws/build/ros2_IMU': CMAKE_PREFIX_PATH=${CMAKE_PREFIX_PATH}:/home/robot/Software/ROS2/Madox/madox_ws/install/ros2_rtimulib:/home/robot/Software/ROS2/Madox/madox_ws/install/pid_node:/home/robot/Software/ROS2/Madox/madox_ws/install/jetbot_sys_info:/home/robot/Software/ROS2/Madox/madox_ws/install/jetbot_oled_display:/home/robot/Software/ROS2/Madox/madox_ws/install/jetbot_launch:/home/robot/Software/ROS2/Madox/madox_ws/install/jetbot_drive:/home/robot/Software/ROS2/Madox/madox_ws/install/camera_pan_tilt:/home/robot/Software/ROS2/Madox/madox_ws/install/camera:/opt/ros/foxy /usr/bin/cmake --build /home/robot/Software/ROS2/Madox/madox_ws/build/ros2_IMU -- -j4 -l4
[0.484s] [35m[1mScanning dependencies of target ros2_imu_node[0m
[0.711s] [ 50%] [32mBuilding CXX object CMakeFiles/ros2_imu_node.dir/src/imu.cpp.o[0m
[6.456s] [01m[K/home/robot/Software/ROS2/Madox/madox_ws/src/ros2_IMU/src/imu.cpp:[m[K In constructor ‘[01m[KImuNode::ImuNode(const rclcpp::NodeOptions&)[m[K’:
[6.456s] [01m[K/home/robot/Software/ROS2/Madox/madox_ws/src/ros2_IMU/src/imu.cpp:42:9:[m[K [01;35m[Kwarning: [m[Kunused variable ‘[01m[Kx[m[K’ [[01;35m[K-Wunused-variable[m[K]
[6.457s]    42 |     int [01;35m[Kx[m[K = InitParam();
[6.457s]       |         [01;35m[K^[m[K
[6.468s] [01m[K/home/robot/Software/ROS2/Madox/madox_ws/src/ros2_IMU/src/imu.cpp:[m[K In member function ‘[01m[Kint ImuNode::InitParam()[m[K’:
[6.468s] [01m[K/home/robot/Software/ROS2/Madox/madox_ws/src/ros2_IMU/src/imu.cpp:96:9:[m[K [01;35m[Kwarning: [m[Kunused variable ‘[01m[KsampleCount[m[K’ [[01;35m[K-Wunused-variable[m[K]
[6.468s]    96 |     int [01;35m[KsampleCount[m[K = 0;
[6.469s]       |         [01;35m[K^~~~~~~~~~~[m[K
[6.469s] [01m[K/home/robot/Software/ROS2/Madox/madox_ws/src/ros2_IMU/src/imu.cpp:97:9:[m[K [01;35m[Kwarning: [m[Kunused variable ‘[01m[KsampleRate[m[K’ [[01;35m[K-Wunused-variable[m[K]
[6.469s]    97 |     int [01;35m[KsampleRate[m[K  = 0;
[6.470s]       |         [01;35m[K^~~~~~~~~~[m[K
[6.470s] [01m[K/home/robot/Software/ROS2/Madox/madox_ws/src/ros2_IMU/src/imu.cpp:98:14:[m[K [01;35m[Kwarning: [m[Kvariable ‘[01m[KrateTimer[m[K’ set but not used [[01;35m[K-Wunused-but-set-variable[m[K]
[6.471s]    98 |     uint64_t [01;35m[KrateTimer[m[K;
[6.471s]       |              [01;35m[K^~~~~~~~~[m[K
[6.471s] [01m[K/home/robot/Software/ROS2/Madox/madox_ws/src/ros2_IMU/src/imu.cpp:100:14:[m[K [01;35m[Kwarning: [m[Kunused variable ‘[01m[Know[m[K’ [[01;35m[K-Wunused-variable[m[K]
[6.472s]   100 |     uint64_t [01;35m[Know[m[K;
[6.472s]       |              [01;35m[K^~~[m[K
[6.472s] [01m[K/home/robot/Software/ROS2/Madox/madox_ws/src/ros2_IMU/src/imu.cpp:[m[K In member function ‘[01m[Kvoid ImuNode::PrintErrorCode(const int&)[m[K’:
[6.473s] [01m[K/home/robot/Software/ROS2/Madox/madox_ws/src/ros2_IMU/src/imu.cpp:238:34:[m[K [01;35m[Kwarning: [m[Kunused parameter ‘[01m[Kcode[m[K’ [[01;35m[K-Wunused-parameter[m[K]
[6.473s]   238 |   void PrintErrorCode([01;35m[Kconst int& code[m[K) {
[6.473s]       |                       [01;35m[K~~~~~~~~~~~^~~~[m[K
[9.835s] [100%] [32m[1mLinking CXX executable ros2_imu_node[0m
[10.538s] [100%] Built target ros2_imu_node
[10.603s] Invoked command in '/home/robot/Software/ROS2/Madox/madox_ws/build/ros2_IMU' returned '0': CMAKE_PREFIX_PATH=${CMAKE_PREFIX_PATH}:/home/robot/Software/ROS2/Madox/madox_ws/install/ros2_rtimulib:/home/robot/Software/ROS2/Madox/madox_ws/install/pid_node:/home/robot/Software/ROS2/Madox/madox_ws/install/jetbot_sys_info:/home/robot/Software/ROS2/Madox/madox_ws/install/jetbot_oled_display:/home/robot/Software/ROS2/Madox/madox_ws/install/jetbot_launch:/home/robot/Software/ROS2/Madox/madox_ws/install/jetbot_drive:/home/robot/Software/ROS2/Madox/madox_ws/install/camera_pan_tilt:/home/robot/Software/ROS2/Madox/madox_ws/install/camera:/opt/ros/foxy /usr/bin/cmake --build /home/robot/Software/ROS2/Madox/madox_ws/build/ros2_IMU -- -j4 -l4
[11.161s] Invoking command in '/home/robot/Software/ROS2/Madox/madox_ws/build/ros2_IMU': CMAKE_PREFIX_PATH=${CMAKE_PREFIX_PATH}:/home/robot/Software/ROS2/Madox/madox_ws/install/ros2_rtimulib:/home/robot/Software/ROS2/Madox/madox_ws/install/pid_node:/home/robot/Software/ROS2/Madox/madox_ws/install/jetbot_sys_info:/home/robot/Software/ROS2/Madox/madox_ws/install/jetbot_oled_display:/home/robot/Software/ROS2/Madox/madox_ws/install/jetbot_launch:/home/robot/Software/ROS2/Madox/madox_ws/install/jetbot_drive:/home/robot/Software/ROS2/Madox/madox_ws/install/camera_pan_tilt:/home/robot/Software/ROS2/Madox/madox_ws/install/camera:/opt/ros/foxy /usr/bin/cmake --install /home/robot/Software/ROS2/Madox/madox_ws/build/ros2_IMU
[11.194s] -- Install configuration: ""
[11.212s] -- Installing: /home/robot/Software/ROS2/Madox/madox_ws/install/ros2_IMU/lib/ros2_IMU/ros2_imu_node
[11.284s] -- Set runtime path of "/home/robot/Software/ROS2/Madox/madox_ws/install/ros2_IMU/lib/ros2_IMU/ros2_imu_node" to ""
[11.303s] -- Up-to-date: /home/robot/Software/ROS2/Madox/madox_ws/install/ros2_IMU/share/ament_index/resource_index/package_run_dependencies/ros2_IMU
[11.313s] -- Up-to-date: /home/robot/Software/ROS2/Madox/madox_ws/install/ros2_IMU/share/ament_index/resource_index/parent_prefix_path/ros2_IMU
[11.317s] -- Up-to-date: /home/robot/Software/ROS2/Madox/madox_ws/install/ros2_IMU/share/ros2_IMU/environment/ament_prefix_path.sh
[11.326s] -- Up-to-date: /home/robot/Software/ROS2/Madox/madox_ws/install/ros2_IMU/share/ros2_IMU/environment/ament_prefix_path.dsv
[11.331s] -- Up-to-date: /home/robot/Software/ROS2/Madox/madox_ws/install/ros2_IMU/share/ros2_IMU/environment/path.sh
[11.341s] -- Up-to-date: /home/robot/Software/ROS2/Madox/madox_ws/install/ros2_IMU/share/ros2_IMU/environment/path.dsv
[11.343s] -- Up-to-date: /home/robot/Software/ROS2/Madox/madox_ws/install/ros2_IMU/share/ros2_IMU/local_setup.bash
[11.346s] -- Up-to-date: /home/robot/Software/ROS2/Madox/madox_ws/install/ros2_IMU/share/ros2_IMU/local_setup.sh
[11.352s] -- Up-to-date: /home/robot/Software/ROS2/Madox/madox_ws/install/ros2_IMU/share/ros2_IMU/local_setup.zsh
[11.360s] -- Up-to-date: /home/robot/Software/ROS2/Madox/madox_ws/install/ros2_IMU/share/ros2_IMU/local_setup.dsv
[11.369s] -- Installing: /home/robot/Software/ROS2/Madox/madox_ws/install/ros2_IMU/share/ros2_IMU/package.dsv
[11.417s] -- Up-to-date: /home/robot/Software/ROS2/Madox/madox_ws/install/ros2_IMU/share/ament_index/resource_index/packages/ros2_IMU
[11.420s] -- Up-to-date: /home/robot/Software/ROS2/Madox/madox_ws/install/ros2_IMU/share/ros2_IMU/cmake/ros2_IMUConfig.cmake
[11.422s] -- Up-to-date: /home/robot/Software/ROS2/Madox/madox_ws/install/ros2_IMU/share/ros2_IMU/cmake/ros2_IMUConfig-version.cmake
[11.425s] -- Up-to-date: /home/robot/Software/ROS2/Madox/madox_ws/install/ros2_IMU/share/ros2_IMU/package.xml
[11.459s] Invoked command in '/home/robot/Software/ROS2/Madox/madox_ws/build/ros2_IMU' returned '0': CMAKE_PREFIX_PATH=${CMAKE_PREFIX_PATH}:/home/robot/Software/ROS2/Madox/madox_ws/install/ros2_rtimulib:/home/robot/Software/ROS2/Madox/madox_ws/install/pid_node:/home/robot/Software/ROS2/Madox/madox_ws/install/jetbot_sys_info:/home/robot/Software/ROS2/Madox/madox_ws/install/jetbot_oled_display:/home/robot/Software/ROS2/Madox/madox_ws/install/jetbot_launch:/home/robot/Software/ROS2/Madox/madox_ws/install/jetbot_drive:/home/robot/Software/ROS2/Madox/madox_ws/install/camera_pan_tilt:/home/robot/Software/ROS2/Madox/madox_ws/install/camera:/opt/ros/foxy /usr/bin/cmake --install /home/robot/Software/ROS2/Madox/madox_ws/build/ros2_IMU
