[2.421s] Invoking command in '/home/robot/Software/ROS2/Scrap/scrap_ws/src/py_srvcli': PYTHONPATH=/home/robot/Software/ROS2/Scrap/scrap_ws/install/py_srvcli/lib/python3.8/site-packages:${PYTHONPATH} /usr/bin/python3 setup.py egg_info --egg-base ../../build/py_srvcli build --build-base /home/robot/Software/ROS2/Scrap/scrap_ws/build/py_srvcli/build install --prefix /home/robot/Software/ROS2/Scrap/scrap_ws/install/py_srvcli --record /home/robot/Software/ROS2/Scrap/scrap_ws/build/py_srvcli/install.log --single-version-externally-managed
[3.328s] /home/robot/.local/lib/python3.8/site-packages/setuptools/dist.py:642: UserWarning: Usage of dash-separated 'script-dir' will not be supported in future versions. Please use the underscore name 'script_dir' instead
[3.328s]   warnings.warn(
[3.330s] /home/robot/.local/lib/python3.8/site-packages/setuptools/dist.py:642: UserWarning: Usage of dash-separated 'install-scripts' will not be supported in future versions. Please use the underscore name 'install_scripts' instead
[3.330s]   warnings.warn(
[3.489s] running egg_info
[3.493s] creating ../../build/py_srvcli/py_srvcli.egg-info
[3.497s] writing ../../build/py_srvcli/py_srvcli.egg-info/PKG-INFO
[3.520s] writing dependency_links to ../../build/py_srvcli/py_srvcli.egg-info/dependency_links.txt
[3.533s] writing entry points to ../../build/py_srvcli/py_srvcli.egg-info/entry_points.txt
[3.545s] writing requirements to ../../build/py_srvcli/py_srvcli.egg-info/requires.txt
[3.554s] writing top-level names to ../../build/py_srvcli/py_srvcli.egg-info/top_level.txt
[3.575s] writing manifest file '../../build/py_srvcli/py_srvcli.egg-info/SOURCES.txt'
[3.770s] reading manifest file '../../build/py_srvcli/py_srvcli.egg-info/SOURCES.txt'
[3.782s] writing manifest file '../../build/py_srvcli/py_srvcli.egg-info/SOURCES.txt'
[3.791s] running build
[3.792s] running build_py
[3.796s] creating /home/robot/Software/ROS2/Scrap/scrap_ws/build/py_srvcli/build
[3.798s] creating /home/robot/Software/ROS2/Scrap/scrap_ws/build/py_srvcli/build/lib
[3.804s] creating /home/robot/Software/ROS2/Scrap/scrap_ws/build/py_srvcli/build/lib/py_srvcli
[3.812s] copying py_srvcli/service_member_function.py -> /home/robot/Software/ROS2/Scrap/scrap_ws/build/py_srvcli/build/lib/py_srvcli
[3.828s] copying py_srvcli/client_member_function.py -> /home/robot/Software/ROS2/Scrap/scrap_ws/build/py_srvcli/build/lib/py_srvcli
[3.850s] copying py_srvcli/__init__.py -> /home/robot/Software/ROS2/Scrap/scrap_ws/build/py_srvcli/build/lib/py_srvcli
[3.861s] running install
[3.865s] running install_lib
[3.879s] creating /home/robot/Software/ROS2/Scrap/scrap_ws/install/py_srvcli/lib/python3.8/site-packages/py_srvcli
[3.885s] copying /home/robot/Software/ROS2/Scrap/scrap_ws/build/py_srvcli/build/lib/py_srvcli/client_member_function.py -> /home/robot/Software/ROS2/Scrap/scrap_ws/install/py_srvcli/lib/python3.8/site-packages/py_srvcli
[3.904s] copying /home/robot/Software/ROS2/Scrap/scrap_ws/build/py_srvcli/build/lib/py_srvcli/__init__.py -> /home/robot/Software/ROS2/Scrap/scrap_ws/install/py_srvcli/lib/python3.8/site-packages/py_srvcli
[3.915s] copying /home/robot/Software/ROS2/Scrap/scrap_ws/build/py_srvcli/build/lib/py_srvcli/service_member_function.py -> /home/robot/Software/ROS2/Scrap/scrap_ws/install/py_srvcli/lib/python3.8/site-packages/py_srvcli
[3.941s] byte-compiling /home/robot/Software/ROS2/Scrap/scrap_ws/install/py_srvcli/lib/python3.8/site-packages/py_srvcli/client_member_function.py to client_member_function.cpython-38.pyc
[3.965s] byte-compiling /home/robot/Software/ROS2/Scrap/scrap_ws/install/py_srvcli/lib/python3.8/site-packages/py_srvcli/__init__.py to __init__.cpython-38.pyc
[3.985s] byte-compiling /home/robot/Software/ROS2/Scrap/scrap_ws/install/py_srvcli/lib/python3.8/site-packages/py_srvcli/service_member_function.py to service_member_function.cpython-38.pyc
[4.004s] running install_data
[4.008s] creating /home/robot/Software/ROS2/Scrap/scrap_ws/install/py_srvcli/share/ament_index
[4.010s] creating /home/robot/Software/ROS2/Scrap/scrap_ws/install/py_srvcli/share/ament_index/resource_index
[4.014s] creating /home/robot/Software/ROS2/Scrap/scrap_ws/install/py_srvcli/share/ament_index/resource_index/packages
[4.022s] copying resource/py_srvcli -> /home/robot/Software/ROS2/Scrap/scrap_ws/install/py_srvcli/share/ament_index/resource_index/packages
[4.037s] copying package.xml -> /home/robot/Software/ROS2/Scrap/scrap_ws/install/py_srvcli/share/py_srvcli
[4.050s] running install_egg_info
[4.066s] Copying ../../build/py_srvcli/py_srvcli.egg-info to /home/robot/Software/ROS2/Scrap/scrap_ws/install/py_srvcli/lib/python3.8/site-packages/py_srvcli-0.0.0-py3.8.egg-info
[4.210s] running install_scripts
[4.296s] Installing client script to /home/robot/Software/ROS2/Scrap/scrap_ws/install/py_srvcli/lib/py_srvcli
[4.314s] Installing service script to /home/robot/Software/ROS2/Scrap/scrap_ws/install/py_srvcli/lib/py_srvcli
[4.330s] writing list of installed files to '/home/robot/Software/ROS2/Scrap/scrap_ws/build/py_srvcli/install.log'
[4.660s] Invoked command in '/home/robot/Software/ROS2/Scrap/scrap_ws/src/py_srvcli' returned '0': PYTHONPATH=/home/robot/Software/ROS2/Scrap/scrap_ws/install/py_srvcli/lib/python3.8/site-packages:${PYTHONPATH} /usr/bin/python3 setup.py egg_info --egg-base ../../build/py_srvcli build --build-base /home/robot/Software/ROS2/Scrap/scrap_ws/build/py_srvcli/build install --prefix /home/robot/Software/ROS2/Scrap/scrap_ws/install/py_srvcli --record /home/robot/Software/ROS2/Scrap/scrap_ws/build/py_srvcli/install.log --single-version-externally-managed
