[0.000000] (-) TimerEvent: {}
[0.000456] (-) JobUnselected: {'identifier': 'camera_pan_tilt'}
[0.000651] (-) JobUnselected: {'identifier': 'jetbot_camera'}
[0.000799] (-) JobUnselected: {'identifier': 'jetbot_drive'}
[0.000927] (-) JobUnselected: {'identifier': 'jetbot_sys_info'}
[0.001052] (-) JobUnselected: {'identifier': 'py_test_node'}
[0.001176] (jetbot_oled_display) JobQueued: {'identifier': 'jetbot_oled_display', 'dependencies': OrderedDict()}
[0.001301] (jetbot_oled_display) JobStarted: {'identifier': 'jetbot_oled_display'}
[0.093883] (-) TimerEvent: {}
[0.196136] (-) TimerEvent: {}
[0.296955] (-) TimerEvent: {}
[0.397776] (-) TimerEvent: {}
[0.498401] (-) TimerEvent: {}
[0.598996] (-) TimerEvent: {}
[0.699584] (-) TimerEvent: {}
[0.800135] (-) TimerEvent: {}
[0.900743] (-) TimerEvent: {}
[1.001363] (-) TimerEvent: {}
[1.101982] (-) TimerEvent: {}
[1.202597] (-) TimerEvent: {}
[1.272755] (jetbot_oled_display) StderrLine: {'line': b'Traceback (most recent call last):\n  File "/usr/lib/python3/dist-packages/colcon_core/executor/__init__.py", line 91, in __call__\n    rc = await self.task(*args, **kwargs)\n  File "/usr/lib/python3/dist-packages/colcon_core/task/__init__.py", line 93, in __call__\n    return await task_method(*args, **kwargs)\n  File "/usr/lib/python3/dist-packages/colcon_ros/task/ament_python/build.py", line 51, in build\n    setup_py_data = get_setup_data(self.context.pkg, env)\n  File "/usr/lib/python3/dist-packages/colcon_core/task/python/__init__.py", line 20, in get_setup_data\n    return dict(pkg.metadata[key](env))\n  File "/usr/lib/python3/dist-packages/colcon_ros/package_identification/ros.py", line 129, in getter\n    return get_setup_information(\n  File "/usr/lib/python3/dist-packages/colcon_python_setup_py/package_identification/python_setup_py.py", line 241, in get_setup_information\n    _setup_information_cache[hashable_env] = _get_setup_information(\n  File "/usr/lib/python3/dist-packages/colcon_python_setup_py/package_identification/python_setup_py.py", line 281, in _get_setup_information\n    result = subprocess.run(\n  File "/usr/lib/python3.8/subprocess.py", line 512, in run\n    raise CalledProcessError(retcode, process.args,\nsubprocess.CalledProcessError: Command \'[\'/usr/bin/python3\', \'-c\', "import sys;from setuptools.extern.packaging.specifiers import SpecifierSet;from distutils.core import run_setup;dist = run_setup(    \'setup.py\', script_args=(\'--dry-run\',), stop_after=\'config\');skip_keys = (\'cmdclass\', \'distclass\', \'ext_modules\', \'metadata\');data = {    key: value for key, value in dist.__dict__.items()     if (        not key.startswith(\'_\') and         not callable(value) and         key not in skip_keys and         key not in dist.display_option_names    )};data[\'metadata\'] = {    k: v for k, v in dist.metadata.__dict__.items()     if k not in (\'license_files\', \'provides_extras\')};sys.stdout.buffer.write(repr(data).encode(\'utf-8\'))"]\' returned non-zero exit status 1.\n'}
[1.305507] (-) TimerEvent: {}
[1.307686] (jetbot_oled_display) JobEnded: {'identifier': 'jetbot_oled_display', 'rc': 1}
[1.351601] (-) EventReactorShutdown: {}
