running egg_info
writing ../../build/imu/imu.egg-info/PKG-INFO
writing dependency_links to ../../build/imu/imu.egg-info/dependency_links.txt
writing entry points to ../../build/imu/imu.egg-info/entry_points.txt
writing requirements to ../../build/imu/imu.egg-info/requires.txt
writing top-level names to ../../build/imu/imu.egg-info/top_level.txt
reading manifest file '../../build/imu/imu.egg-info/SOURCES.txt'
writing manifest file '../../build/imu/imu.egg-info/SOURCES.txt'
running build
running build_py
copying imu/imu.py -> /home/robot/Software/ROS2/Madox/madox_ws/build/imu/build/lib/imu
running install
running install_lib
copying /home/robot/Software/ROS2/Madox/madox_ws/build/imu/build/lib/imu/imu.py -> /home/robot/Software/ROS2/Madox/madox_ws/install/imu/lib/python3.8/site-packages/imu
byte-compiling /home/robot/Software/ROS2/Madox/madox_ws/install/imu/lib/python3.8/site-packages/imu/imu.py to imu.cpython-38.pyc
running install_data
running install_egg_info
removing '/home/robot/Software/ROS2/Madox/madox_ws/install/imu/lib/python3.8/site-packages/imu-0.0.1-py3.8.egg-info' (and everything under it)
Copying ../../build/imu/imu.egg-info to /home/robot/Software/ROS2/Madox/madox_ws/install/imu/lib/python3.8/site-packages/imu-0.0.1-py3.8.egg-info
running install_scripts
Installing ros2_imu script to /home/robot/Software/ROS2/Madox/madox_ws/install/imu/lib/imu
writing list of installed files to '/home/robot/Software/ROS2/Madox/madox_ws/build/imu/install.log'
