[1.273s] Invoking command in '/home/robot/Software/ROS2/Madox/madox_ws/src/imu': PYTHONPATH=/home/robot/Software/ROS2/Madox/madox_ws/install/imu/lib/python3.8/site-packages:${PYTHONPATH} /usr/bin/python3 setup.py egg_info --egg-base ../../build/imu build --build-base /home/robot/Software/ROS2/Madox/madox_ws/build/imu/build install --prefix /home/robot/Software/ROS2/Madox/madox_ws/install/imu --record /home/robot/Software/ROS2/Madox/madox_ws/build/imu/install.log --single-version-externally-managed
[2.055s] /home/robot/.local/lib/python3.8/site-packages/setuptools/dist.py:642: UserWarning: Usage of dash-separated 'script-dir' will not be supported in future versions. Please use the underscore name 'script_dir' instead
[2.056s]   warnings.warn(
[2.056s] /home/robot/.local/lib/python3.8/site-packages/setuptools/dist.py:642: UserWarning: Usage of dash-separated 'install-scripts' will not be supported in future versions. Please use the underscore name 'install_scripts' instead
[2.057s]   warnings.warn(
[2.182s] running egg_info
[2.186s] writing ../../build/imu/imu.egg-info/PKG-INFO
[2.197s] writing dependency_links to ../../build/imu/imu.egg-info/dependency_links.txt
[2.206s] writing entry points to ../../build/imu/imu.egg-info/entry_points.txt
[2.218s] writing requirements to ../../build/imu/imu.egg-info/requires.txt
[2.227s] writing top-level names to ../../build/imu/imu.egg-info/top_level.txt
[2.427s] reading manifest file '../../build/imu/imu.egg-info/SOURCES.txt'
[2.436s] writing manifest file '../../build/imu/imu.egg-info/SOURCES.txt'
[2.447s] running build
[2.448s] running build_py
[2.459s] copying imu/imu.py -> /home/robot/Software/ROS2/Madox/madox_ws/build/imu/build/lib/imu
[2.486s] running install
[2.490s] running install_lib
[2.503s] copying /home/robot/Software/ROS2/Madox/madox_ws/build/imu/build/lib/imu/imu.py -> /home/robot/Software/ROS2/Madox/madox_ws/install/imu/lib/python3.8/site-packages/imu
[2.540s] byte-compiling /home/robot/Software/ROS2/Madox/madox_ws/install/imu/lib/python3.8/site-packages/imu/imu.py to imu.cpython-38.pyc
[2.579s] running install_data
[2.593s] running install_egg_info
[2.602s] removing '/home/robot/Software/ROS2/Madox/madox_ws/install/imu/lib/python3.8/site-packages/imu-0.0.1-py3.8.egg-info' (and everything under it)
[2.636s] Copying ../../build/imu/imu.egg-info to /home/robot/Software/ROS2/Madox/madox_ws/install/imu/lib/python3.8/site-packages/imu-0.0.1-py3.8.egg-info
[2.816s] running install_scripts
[2.902s] Installing ros2_imu script to /home/robot/Software/ROS2/Madox/madox_ws/install/imu/lib/imu
[2.924s] writing list of installed files to '/home/robot/Software/ROS2/Madox/madox_ws/build/imu/install.log'
[3.039s] Invoked command in '/home/robot/Software/ROS2/Madox/madox_ws/src/imu' returned '0': PYTHONPATH=/home/robot/Software/ROS2/Madox/madox_ws/install/imu/lib/python3.8/site-packages:${PYTHONPATH} /usr/bin/python3 setup.py egg_info --egg-base ../../build/imu build --build-base /home/robot/Software/ROS2/Madox/madox_ws/build/imu/build install --prefix /home/robot/Software/ROS2/Madox/madox_ws/install/imu --record /home/robot/Software/ROS2/Madox/madox_ws/build/imu/install.log --single-version-externally-managed
