[1.881s] Invoking command in '/home/robot/Software/ROS2/Madox/madox_ws/src/camera': PYTHONPATH=/home/robot/Software/ROS2/Madox/madox_ws/install/camera/lib/python3.8/site-packages:${PYTHONPATH} /usr/bin/python3 setup.py egg_info --egg-base ../../build/camera build --build-base /home/robot/Software/ROS2/Madox/madox_ws/build/camera/build install --prefix /home/robot/Software/ROS2/Madox/madox_ws/install/camera --record /home/robot/Software/ROS2/Madox/madox_ws/build/camera/install.log --single-version-externally-managed
[2.930s] /home/robot/.local/lib/python3.8/site-packages/setuptools/dist.py:642: UserWarning: Usage of dash-separated 'script-dir' will not be supported in future versions. Please use the underscore name 'script_dir' instead
[2.931s]   warnings.warn(
[2.931s] /home/robot/.local/lib/python3.8/site-packages/setuptools/dist.py:642: UserWarning: Usage of dash-separated 'install-scripts' will not be supported in future versions. Please use the underscore name 'install_scripts' instead
[2.931s]   warnings.warn(
[3.057s] running egg_info
[3.062s] writing ../../build/camera/camera.egg-info/PKG-INFO
[3.080s] writing dependency_links to ../../build/camera/camera.egg-info/dependency_links.txt
[3.097s] writing entry points to ../../build/camera/camera.egg-info/entry_points.txt
[3.112s] writing requirements to ../../build/camera/camera.egg-info/requires.txt
[3.125s] writing top-level names to ../../build/camera/camera.egg-info/top_level.txt
[3.351s] reading manifest file '../../build/camera/camera.egg-info/SOURCES.txt'
[3.365s] writing manifest file '../../build/camera/camera.egg-info/SOURCES.txt'
[3.375s] running build
[3.375s] running build_py
[3.408s] running install
[3.412s] running install_lib
[3.454s] running install_data
[3.469s] running install_egg_info
[3.478s] removing '/home/robot/Software/ROS2/Madox/madox_ws/install/camera/lib/python3.8/site-packages/camera-1.0.0-py3.8.egg-info' (and everything under it)
[3.519s] Copying ../../build/camera/camera.egg-info to /home/robot/Software/ROS2/Madox/madox_ws/install/camera/lib/python3.8/site-packages/camera-1.0.0-py3.8.egg-info
[3.719s] running install_scripts
[3.799s] Installing ros2_camera script to /home/robot/Software/ROS2/Madox/madox_ws/install/camera/lib/camera
[3.821s] writing list of installed files to '/home/robot/Software/ROS2/Madox/madox_ws/build/camera/install.log'
[3.934s] Invoked command in '/home/robot/Software/ROS2/Madox/madox_ws/src/camera' returned '0': PYTHONPATH=/home/robot/Software/ROS2/Madox/madox_ws/install/camera/lib/python3.8/site-packages:${PYTHONPATH} /usr/bin/python3 setup.py egg_info --egg-base ../../build/camera build --build-base /home/robot/Software/ROS2/Madox/madox_ws/build/camera/build install --prefix /home/robot/Software/ROS2/Madox/madox_ws/install/camera --record /home/robot/Software/ROS2/Madox/madox_ws/build/camera/install.log --single-version-externally-managed
