running egg_info
writing ../../build/py_drive/py_drive.egg-info/PKG-INFO
writing dependency_links to ../../build/py_drive/py_drive.egg-info/dependency_links.txt
writing entry points to ../../build/py_drive/py_drive.egg-info/entry_points.txt
writing requirements to ../../build/py_drive/py_drive.egg-info/requires.txt
writing top-level names to ../../build/py_drive/py_drive.egg-info/top_level.txt
reading manifest file '../../build/py_drive/py_drive.egg-info/SOURCES.txt'
writing manifest file '../../build/py_drive/py_drive.egg-info/SOURCES.txt'
running build
running build_py
creating /home/paolo/NAS/Software/ROS2/Scrap/scrap_ws/build/py_drive/build
creating /home/paolo/NAS/Software/ROS2/Scrap/scrap_ws/build/py_drive/build/lib
creating /home/paolo/NAS/Software/ROS2/Scrap/scrap_ws/build/py_drive/build/lib/py_drive
copying py_drive/__init__.py -> /home/paolo/NAS/Software/ROS2/Scrap/scrap_ws/build/py_drive/build/lib/py_drive
copying py_drive/subscriber_member_function.py -> /home/paolo/NAS/Software/ROS2/Scrap/scrap_ws/build/py_drive/build/lib/py_drive
copying py_drive/publisher_member_function.py -> /home/paolo/NAS/Software/ROS2/Scrap/scrap_ws/build/py_drive/build/lib/py_drive
running install
running install_lib
creating /home/paolo/NAS/Software/ROS2/Scrap/scrap_ws/install/py_drive/lib/python3.8/site-packages/py_drive
copying /home/paolo/NAS/Software/ROS2/Scrap/scrap_ws/build/py_drive/build/lib/py_drive/__init__.py -> /home/paolo/NAS/Software/ROS2/Scrap/scrap_ws/install/py_drive/lib/python3.8/site-packages/py_drive
copying /home/paolo/NAS/Software/ROS2/Scrap/scrap_ws/build/py_drive/build/lib/py_drive/publisher_member_function.py -> /home/paolo/NAS/Software/ROS2/Scrap/scrap_ws/install/py_drive/lib/python3.8/site-packages/py_drive
copying /home/paolo/NAS/Software/ROS2/Scrap/scrap_ws/build/py_drive/build/lib/py_drive/subscriber_member_function.py -> /home/paolo/NAS/Software/ROS2/Scrap/scrap_ws/install/py_drive/lib/python3.8/site-packages/py_drive
byte-compiling /home/paolo/NAS/Software/ROS2/Scrap/scrap_ws/install/py_drive/lib/python3.8/site-packages/py_drive/__init__.py to __init__.cpython-38.pyc
byte-compiling /home/paolo/NAS/Software/ROS2/Scrap/scrap_ws/install/py_drive/lib/python3.8/site-packages/py_drive/publisher_member_function.py to publisher_member_function.cpython-38.pyc
byte-compiling /home/paolo/NAS/Software/ROS2/Scrap/scrap_ws/install/py_drive/lib/python3.8/site-packages/py_drive/subscriber_member_function.py to subscriber_member_function.cpython-38.pyc
running install_data
creating /home/paolo/NAS/Software/ROS2/Scrap/scrap_ws/install/py_drive/share/ament_index
creating /home/paolo/NAS/Software/ROS2/Scrap/scrap_ws/install/py_drive/share/ament_index/resource_index
creating /home/paolo/NAS/Software/ROS2/Scrap/scrap_ws/install/py_drive/share/ament_index/resource_index/packages
error: can't copy 'resource/py_drive': doesn't exist or not a regular file
